{"type":"operationStart","subtype":"profile","data":{"_id":"DEI2mtghu1lPYy8r","timestamp":"2023-02-13T16:56:34.944Z","state":"queued","mode":"standard","creationDate":"2023-02-13T16:56:34.946Z","modificationDate":"2023-02-13T16:56:34.946Z","shortid":"T5za8hC","$entitySet":"profiles"},"doDiffs":false,"timestamp":1676307394945,"id":"vm8rfo6rglyx0sc","previousOperationId":null,"operationId":"s607ehkrmr3clyk"}
{"type":"log","level":"info","message":"Render request 104 queued for execution and waiting for available worker","previousOperationId":"s607ehkrmr3clyk","timestamp":1676307394945,"id":"1n245p6v3k6qi4r"}
{"type":"operationStart","subtype":"render","name":"prueba","previousOperationId":"s607ehkrmr3clyk","timestamp":1676307394972,"id":"n0q0q4dgznph1t6","previousEventId":"vm8rfo6rglyx0sc","operationId":"emu7ri1nbm4ejtt"}
{"type":"log","timestamp":1676307394972,"level":"info","message":"Starting rendering request 104","meta":{"rootId":"0c0helxampa92de","id":"0c0helxampa92de"},"id":"ip5lyowaqkwa1h2","previousOperationId":"emu7ri1nbm4ejtt"}
{"type":"log","timestamp":1676307394972,"level":"info","message":"Rendering template { name: prueba, recipe: chrome-pdf, engine: handlebars, preview: true }","meta":{"rootId":"0c0helxampa92de","id":"0c0helxampa92de"},"id":"8rgsxdnlen7k14n","previousOperationId":"emu7ri1nbm4ejtt"}
{"type":"log","timestamp":1676307394973,"level":"debug","message":"Data item not defined for this template.","meta":{"rootId":"0c0helxampa92de","id":"0c0helxampa92de"},"id":"2bz3fc8xwnryebd","previousOperationId":"emu7ri1nbm4ejtt"}
{"type":"log","timestamp":1676307394979,"level":"debug","message":"Executing script script (beforeRender)","meta":{"rootId":"0c0helxampa92de","id":"0c0helxampa92de"},"id":"omw40zyst8ren6k","previousOperationId":"emu7ri1nbm4ejtt"}
{"type":"operationStart","subtype":"scriptsBeforeRender","name":"scripts beforeRender","timestamp":1676307394997,"id":"9foqi7ssgyqax2d","previousEventId":"n0q0q4dgznph1t6","operationId":"ixbaa7qb1x0nonl","previousOperationId":"emu7ri1nbm4ejtt"}
{"type":"operationStart","subtype":"script","name":"scripts script","previousOperationId":"ixbaa7qb1x0nonl","timestamp":1676307394997,"id":"k9z0zpg14rh7hss","previousEventId":"9foqi7ssgyqax2d","operationId":"op59tkzkv5qageo"}
{"type":"operationEnd","operationId":"op59tkzkv5qageo","timestamp":1676307395245,"id":"4huia8opwks8hei","previousEventId":"n0q0q4dgznph1t6","previousOperationId":"emu7ri1nbm4ejtt"}
{"type":"operationEnd","operationId":"ixbaa7qb1x0nonl","timestamp":1676307395245,"id":"el9i2twkmatwvuw","previousEventId":"4huia8opwks8hei","previousOperationId":"emu7ri1nbm4ejtt"}
{"type":"log","timestamp":1676307395245,"level":"debug","message":"Base url not specified, skipping its injection.","meta":{"rootId":"0c0helxampa92de","id":"0c0helxampa92de"},"id":"4cm1doncfwpi8jr","previousOperationId":"ixbaa7qb1x0nonl"}
{"type":"operationStart","subtype":"engine","name":"handlebars","timestamp":1676307395245,"id":"dh0x1seyijc9271","previousEventId":"el9i2twkmatwvuw","operationId":"iwqyy8fugxls6jb","previousOperationId":"ixbaa7qb1x0nonl"}
{"type":"log","timestamp":1676307395245,"level":"debug","message":"Rendering engine handlebars","meta":{"rootId":"0c0helxampa92de","id":"0c0helxampa92de"},"id":"ry40zmjm89d8jy2","previousOperationId":"iwqyy8fugxls6jb"}
{"type":"operationEnd","operationId":"iwqyy8fugxls6jb","timestamp":1676307395256,"id":"jdv12hjkn5pj5rr","previousEventId":"dh0x1seyijc9271","previousOperationId":"iwqyy8fugxls6jb"}
{"type":"operationStart","subtype":"recipe","name":"chrome-pdf","timestamp":1676307395256,"id":"tfso39sumeq4du4","previousEventId":"jdv12hjkn5pj5rr","operationId":"kyu977c2od0kqa4","previousOperationId":"iwqyy8fugxls6jb"}
{"type":"log","timestamp":1676307395256,"level":"debug","message":"Executing recipe chrome-pdf","meta":{"rootId":"0c0helxampa92de","id":"0c0helxampa92de"},"id":"xhyuzqnx0etwo6y","previousOperationId":"kyu977c2od0kqa4"}
{"type":"log","timestamp":1676307395261,"level":"debug","message":"Converting with chrome HeadlessChrome/105.0.5173.0 using chrome-pool strategy","meta":{"rootId":"0c0helxampa92de","id":"0c0helxampa92de"},"id":"5ceitjjnlegr3dw","previousOperationId":"kyu977c2od0kqa4"}
{"type":"log","timestamp":1676307395366,"level":"debug","message":"Page request: GET (document) file:///C:/Users/josei/AppData/Local/Temp/jsreport/autocleanup/1bef316f-6a22-458f-b619-70f91835354b-chrome-pdf.html","meta":{"rootId":"0c0helxampa92de","id":"0c0helxampa92de"},"id":"k4oxh8kbuydd1is","previousOperationId":"kyu977c2od0kqa4"}
{"type":"log","timestamp":1676307395387,"level":"debug","message":"Page request: GET (stylesheet) https://cdnjs.cloudflare.com/ajax/libs/metro/4.1.5/css/metro.min.css","meta":{"rootId":"0c0helxampa92de","id":"0c0helxampa92de"},"id":"l3slus4cmkk5u27","previousOperationId":"kyu977c2od0kqa4"}
{"type":"log","timestamp":1676307395387,"level":"debug","message":"Page request: GET (script) https://cdn.jsdelivr.net/npm/chart.js","meta":{"rootId":"0c0helxampa92de","id":"0c0helxampa92de"},"id":"vnnkwf7ntpsersd","previousOperationId":"kyu977c2od0kqa4"}
{"type":"log","timestamp":1676307395388,"level":"debug","message":"Page request finished: GET (document) 200 file:///C:/Users/josei/AppData/Local/Temp/jsreport/autocleanup/1bef316f-6a22-458f-b619-70f91835354b-chrome-pdf.html","meta":{"rootId":"0c0helxampa92de","id":"0c0helxampa92de"},"id":"1mo6p8kx9qk8e60","previousOperationId":"kyu977c2od0kqa4"}
{"type":"log","timestamp":1676307395395,"level":"debug","message":"Page request finished: GET (script) 200 https://cdn.jsdelivr.net/npm/chart.js","meta":{"rootId":"0c0helxampa92de","id":"0c0helxampa92de"},"id":"8wghm8lzy39j2yq","previousOperationId":"kyu977c2od0kqa4"}
{"type":"log","timestamp":1676307395412,"level":"debug","message":"Page request finished: GET (stylesheet) 200 https://cdnjs.cloudflare.com/ajax/libs/metro/4.1.5/css/metro.min.css","meta":{"rootId":"0c0helxampa92de","id":"0c0helxampa92de"},"id":"ktepf90vgqnknna","previousOperationId":"kyu977c2od0kqa4"}
{"type":"log","timestamp":1676307395418,"level":"debug","message":"(console:error) Invalid scale configuration for scale: yAxes","meta":{"userLevel":true,"rootId":"0c0helxampa92de","id":"0c0helxampa92de"},"id":"kihu9l741kranv7","previousOperationId":"kyu977c2od0kqa4"}
{"type":"log","timestamp":1676307395544,"level":"debug","message":"Running chrome with params {\"printBackground\":true,\"timeout\":59686,\"margin\":{}}","meta":{"rootId":"0c0helxampa92de","id":"0c0helxampa92de"},"id":"jxt2emfg3y1t52q","previousOperationId":"kyu977c2od0kqa4"}
{"type":"operationEnd","operationId":"kyu977c2od0kqa4","timestamp":1676307395671,"id":"2tsv758wasd7dgr","previousEventId":"tfso39sumeq4du4","previousOperationId":"kyu977c2od0kqa4"}
{"type":"log","timestamp":1676307395671,"level":"debug","message":"Skipping storing report.","meta":{"rootId":"0c0helxampa92de","id":"0c0helxampa92de"},"id":"lskwodpt3840y75","previousOperationId":"kyu977c2od0kqa4"}
{"type":"log","timestamp":1676307395671,"level":"info","message":"Rendering request 104 finished in 727 ms","meta":{"rootId":"0c0helxampa92de","id":"0c0helxampa92de"},"id":"5rj4leqfsdk3jiz","previousOperationId":"kyu977c2od0kqa4"}
{"type":"operationEnd","subtype":"render","operationId":"emu7ri1nbm4ejtt","timestamp":1676307395671,"id":"62ewdnkpm1hegz1","previousEventId":"2tsv758wasd7dgr","previousOperationId":"kyu977c2od0kqa4"}
{"type":"operationEnd","doDiffs":false,"previousEventId":"vm8rfo6rglyx0sc","previousOperationId":"s607ehkrmr3clyk","operationId":"s607ehkrmr3clyk","timestamp":1676307395678,"id":"mpmoq7nwp1ypz5d"}
