{"type":"operationStart","subtype":"profile","data":{"_id":"mDbTJ0IMMvTqquJG","timestamp":"2023-02-09T20:04:33.877Z","state":"queued","mode":"standard","creationDate":"2023-02-09T20:04:33.879Z","modificationDate":"2023-02-09T20:04:33.879Z","shortid":"_xjLTk0","$entitySet":"profiles"},"doDiffs":false,"timestamp":1675973073878,"id":"enwyz1qy9muy0p6","previousOperationId":null,"operationId":"c64t5ih8f1pysze"}
{"type":"log","level":"info","message":"Render request 3 queued for execution and waiting for available worker","previousOperationId":"c64t5ih8f1pysze","timestamp":1675973073878,"id":"wz6jnzkoysj8w3o"}
{"type":"operationStart","subtype":"render","name":"prueba","previousOperationId":"c64t5ih8f1pysze","timestamp":1675973073889,"id":"7ufgnw9fw6j1xg8","previousEventId":"enwyz1qy9muy0p6","operationId":"afhji0r4eej3i1o"}
{"type":"log","timestamp":1675973073889,"level":"info","message":"Starting rendering request 3","meta":{"rootId":"0kodo3exznklf0v","id":"0kodo3exznklf0v"},"id":"sbwhx4z69ibz6p8","previousOperationId":"afhji0r4eej3i1o"}
{"type":"log","timestamp":1675973073889,"level":"info","message":"Rendering template { name: prueba, recipe: chrome-pdf, engine: handlebars, preview: true }","meta":{"rootId":"0kodo3exznklf0v","id":"0kodo3exznklf0v"},"id":"875r75ghkxd2nmm","previousOperationId":"afhji0r4eej3i1o"}
{"type":"log","timestamp":1675973073890,"level":"debug","message":"Data item not defined for this template.","meta":{"rootId":"0kodo3exznklf0v","id":"0kodo3exznklf0v"},"id":"vzorlk0zshcgp62","previousOperationId":"afhji0r4eej3i1o"}
{"type":"log","timestamp":1675973073897,"level":"debug","message":"Executing script script (beforeRender)","meta":{"rootId":"0kodo3exznklf0v","id":"0kodo3exznklf0v"},"id":"zv2nsh0jqx2cza5","previousOperationId":"afhji0r4eej3i1o"}
{"type":"operationStart","subtype":"scriptsBeforeRender","name":"scripts beforeRender","timestamp":1675973073920,"id":"6e666nm5p90u1zv","previousEventId":"7ufgnw9fw6j1xg8","operationId":"ii1lw95s6lw4lab","previousOperationId":"afhji0r4eej3i1o"}
{"type":"operationStart","subtype":"script","name":"scripts script","previousOperationId":"ii1lw95s6lw4lab","timestamp":1675973073920,"id":"y143x7rfmsuwgou","previousEventId":"6e666nm5p90u1zv","operationId":"uvc8vj53jmjszwn"}
{"type":"operationEnd","operationId":"uvc8vj53jmjszwn","timestamp":1675973074121,"id":"k6ekmq0vqqvzllw","previousEventId":"7ufgnw9fw6j1xg8","previousOperationId":"afhji0r4eej3i1o"}
{"type":"operationEnd","operationId":"ii1lw95s6lw4lab","timestamp":1675973074122,"id":"km2vrh8bclk0y87","previousEventId":"k6ekmq0vqqvzllw","previousOperationId":"afhji0r4eej3i1o"}
{"type":"log","timestamp":1675973074122,"level":"debug","message":"Base url not specified, skipping its injection.","meta":{"rootId":"0kodo3exznklf0v","id":"0kodo3exznklf0v"},"id":"laway3tbhm0u6jc","previousOperationId":"ii1lw95s6lw4lab"}
{"type":"operationStart","subtype":"engine","name":"handlebars","timestamp":1675973074122,"id":"5dn4ylucpmguh9a","previousEventId":"km2vrh8bclk0y87","operationId":"qmeq02rebd1d2iw","previousOperationId":"ii1lw95s6lw4lab"}
{"type":"log","timestamp":1675973074122,"level":"debug","message":"Rendering engine handlebars","meta":{"rootId":"0kodo3exznklf0v","id":"0kodo3exznklf0v"},"id":"t2sdi530uw1nb27","previousOperationId":"qmeq02rebd1d2iw"}
{"type":"operationEnd","operationId":"qmeq02rebd1d2iw","timestamp":1675973074138,"id":"yu0b2zz7ympn951","previousEventId":"5dn4ylucpmguh9a","previousOperationId":"qmeq02rebd1d2iw"}
{"type":"operationStart","subtype":"recipe","name":"chrome-pdf","timestamp":1675973074138,"id":"yicssu8063or9cw","previousEventId":"yu0b2zz7ympn951","operationId":"8zylpdiaqex2fbl","previousOperationId":"qmeq02rebd1d2iw"}
{"type":"log","timestamp":1675973074138,"level":"debug","message":"Executing recipe chrome-pdf","meta":{"rootId":"0kodo3exznklf0v","id":"0kodo3exznklf0v"},"id":"rd1v7toji0ymj5n","previousOperationId":"8zylpdiaqex2fbl"}
{"type":"log","timestamp":1675973074142,"level":"debug","message":"Converting with chrome HeadlessChrome/105.0.5173.0 using chrome-pool strategy","meta":{"rootId":"0kodo3exznklf0v","id":"0kodo3exznklf0v"},"id":"v0s71ocbdy9bp82","previousOperationId":"8zylpdiaqex2fbl"}
{"type":"log","timestamp":1675973074247,"level":"debug","message":"Page request: GET (document) file:///C:/Users/josei/AppData/Local/Temp/jsreport/autocleanup/12af8f50-eb42-4ed9-85f9-f1792cf7171e-chrome-pdf.html","meta":{"rootId":"0kodo3exznklf0v","id":"0kodo3exznklf0v"},"id":"4lcny774id6az24","previousOperationId":"8zylpdiaqex2fbl"}
{"type":"log","timestamp":1675973074265,"level":"debug","message":"Page request finished: GET (document) 200 file:///C:/Users/josei/AppData/Local/Temp/jsreport/autocleanup/12af8f50-eb42-4ed9-85f9-f1792cf7171e-chrome-pdf.html","meta":{"rootId":"0kodo3exznklf0v","id":"0kodo3exznklf0v"},"id":"84j5d7xz460kapc","previousOperationId":"8zylpdiaqex2fbl"}
{"type":"log","timestamp":1675973074265,"level":"debug","message":"Page request: GET (stylesheet) https://cdnjs.cloudflare.com/ajax/libs/metro/4.1.5/css/metro.min.css","meta":{"rootId":"0kodo3exznklf0v","id":"0kodo3exznklf0v"},"id":"edkgkv3ubyg2njc","previousOperationId":"8zylpdiaqex2fbl"}
{"type":"log","timestamp":1675973074266,"level":"debug","message":"Page request: GET (script) https://cdn.jsdelivr.net/npm/chart.js","meta":{"rootId":"0kodo3exznklf0v","id":"0kodo3exznklf0v"},"id":"bj7dv8n9fnyrsrv","previousOperationId":"8zylpdiaqex2fbl"}
{"type":"log","timestamp":1675973074291,"level":"debug","message":"Page request finished: GET (stylesheet) 200 https://cdnjs.cloudflare.com/ajax/libs/metro/4.1.5/css/metro.min.css","meta":{"rootId":"0kodo3exznklf0v","id":"0kodo3exznklf0v"},"id":"qm0uiazt2x0hb2e","previousOperationId":"8zylpdiaqex2fbl"}
{"type":"log","timestamp":1675973074291,"level":"debug","message":"Page request finished: GET (script) 200 https://cdn.jsdelivr.net/npm/chart.js","meta":{"rootId":"0kodo3exznklf0v","id":"0kodo3exznklf0v"},"id":"69sxhlywv4vovgt","previousOperationId":"8zylpdiaqex2fbl"}
{"type":"log","timestamp":1675973074331,"level":"debug","message":"Running chrome with params {\"printBackground\":true,\"timeout\":59736,\"margin\":{}}","meta":{"rootId":"0kodo3exznklf0v","id":"0kodo3exznklf0v"},"id":"kyymh8k0c40i4s9","previousOperationId":"8zylpdiaqex2fbl"}
{"type":"operationEnd","operationId":"8zylpdiaqex2fbl","timestamp":1675973074406,"id":"u6fma3ywq1n6czt","previousEventId":"yicssu8063or9cw","previousOperationId":"8zylpdiaqex2fbl"}
{"type":"log","timestamp":1675973074406,"level":"debug","message":"Skipping storing report.","meta":{"rootId":"0kodo3exznklf0v","id":"0kodo3exznklf0v"},"id":"4vz40iau0iyw1xz","previousOperationId":"8zylpdiaqex2fbl"}
{"type":"log","timestamp":1675973074406,"level":"info","message":"Rendering request 3 finished in 529 ms","meta":{"rootId":"0kodo3exznklf0v","id":"0kodo3exznklf0v"},"id":"xrxtqw8r2zg9sk6","previousOperationId":"8zylpdiaqex2fbl"}
{"type":"operationEnd","subtype":"render","operationId":"afhji0r4eej3i1o","timestamp":1675973074406,"id":"nok4b5j9d2t65s6","previousEventId":"u6fma3ywq1n6czt","previousOperationId":"8zylpdiaqex2fbl"}
{"type":"operationEnd","doDiffs":false,"previousEventId":"enwyz1qy9muy0p6","previousOperationId":"c64t5ih8f1pysze","operationId":"c64t5ih8f1pysze","timestamp":1675973074413,"id":"2pzh14fhtewbbxm"}
