{"type":"operationStart","subtype":"profile","data":{"_id":"dxpQB2eXR1r6Lvj5","timestamp":"2023-02-13T16:50:33.346Z","state":"queued","mode":"standard","creationDate":"2023-02-13T16:50:33.355Z","modificationDate":"2023-02-13T16:50:33.355Z","shortid":"jCBTi-y","$entitySet":"profiles"},"doDiffs":false,"timestamp":1676307033353,"id":"makwf63t8yn1d5c","previousOperationId":null,"operationId":"b34z5jbs0ur7wyk"}
{"type":"log","level":"info","message":"Render request 93 queued for execution and waiting for available worker","previousOperationId":"b34z5jbs0ur7wyk","timestamp":1676307033353,"id":"5htgv8drs2b5i2i"}
{"type":"operationStart","subtype":"render","name":"prueba","previousOperationId":"b34z5jbs0ur7wyk","timestamp":1676307033371,"id":"glbhmlay7852upe","previousEventId":"makwf63t8yn1d5c","operationId":"7p2ct1iimk5hxna"}
{"type":"log","timestamp":1676307033371,"level":"info","message":"Starting rendering request 93","meta":{"rootId":"0o025ayh0gysfai","id":"0o025ayh0gysfai"},"id":"hes68ww481dkpcz","previousOperationId":"7p2ct1iimk5hxna"}
{"type":"log","timestamp":1676307033371,"level":"info","message":"Rendering template { name: prueba, recipe: chrome-pdf, engine: handlebars, preview: true }","meta":{"rootId":"0o025ayh0gysfai","id":"0o025ayh0gysfai"},"id":"qi9g7nwlv3l0e9o","previousOperationId":"7p2ct1iimk5hxna"}
{"type":"log","timestamp":1676307033372,"level":"debug","message":"Data item not defined for this template.","meta":{"rootId":"0o025ayh0gysfai","id":"0o025ayh0gysfai"},"id":"6uo7dj61y57njvj","previousOperationId":"7p2ct1iimk5hxna"}
{"type":"log","timestamp":1676307033377,"level":"debug","message":"Executing script script (beforeRender)","meta":{"rootId":"0o025ayh0gysfai","id":"0o025ayh0gysfai"},"id":"1iz7598cxlka6ai","previousOperationId":"7p2ct1iimk5hxna"}
{"type":"operationStart","subtype":"scriptsBeforeRender","name":"scripts beforeRender","timestamp":1676307033423,"id":"aekruwhmzp279s4","previousEventId":"glbhmlay7852upe","operationId":"y30qdsbdu0wzcdn","previousOperationId":"7p2ct1iimk5hxna"}
{"type":"operationStart","subtype":"script","name":"scripts script","previousOperationId":"y30qdsbdu0wzcdn","timestamp":1676307033423,"id":"hvs5bbkqw2cb7ku","previousEventId":"aekruwhmzp279s4","operationId":"a50e1m7yiwbbvrb"}
{"type":"operationEnd","operationId":"a50e1m7yiwbbvrb","timestamp":1676307033637,"id":"cuc3olsm7zmv5f0","previousEventId":"glbhmlay7852upe","previousOperationId":"7p2ct1iimk5hxna"}
{"type":"operationEnd","operationId":"y30qdsbdu0wzcdn","timestamp":1676307033637,"id":"ig01thwdj1ncawy","previousEventId":"cuc3olsm7zmv5f0","previousOperationId":"7p2ct1iimk5hxna"}
{"type":"log","timestamp":1676307033637,"level":"debug","message":"Base url not specified, skipping its injection.","meta":{"rootId":"0o025ayh0gysfai","id":"0o025ayh0gysfai"},"id":"66ccd341sm9u9d2","previousOperationId":"y30qdsbdu0wzcdn"}
{"type":"operationStart","subtype":"engine","name":"handlebars","timestamp":1676307033637,"id":"itkjjwn8hrlbcsr","previousEventId":"ig01thwdj1ncawy","operationId":"s546el0yeiv68c0","previousOperationId":"y30qdsbdu0wzcdn"}
{"type":"log","timestamp":1676307033637,"level":"debug","message":"Rendering engine handlebars","meta":{"rootId":"0o025ayh0gysfai","id":"0o025ayh0gysfai"},"id":"4ncbnldv6l50x56","previousOperationId":"s546el0yeiv68c0"}
{"type":"operationEnd","operationId":"s546el0yeiv68c0","timestamp":1676307033647,"id":"fcz8yd8fynbv51c","previousEventId":"itkjjwn8hrlbcsr","previousOperationId":"s546el0yeiv68c0"}
{"type":"operationStart","subtype":"recipe","name":"chrome-pdf","timestamp":1676307033647,"id":"g1y9utu0vpbnmco","previousEventId":"fcz8yd8fynbv51c","operationId":"mdkipqzqjrk1nuy","previousOperationId":"s546el0yeiv68c0"}
{"type":"log","timestamp":1676307033648,"level":"debug","message":"Executing recipe chrome-pdf","meta":{"rootId":"0o025ayh0gysfai","id":"0o025ayh0gysfai"},"id":"044gpg8cmwo5444","previousOperationId":"mdkipqzqjrk1nuy"}
{"type":"log","timestamp":1676307033650,"level":"debug","message":"Converting with chrome HeadlessChrome/105.0.5173.0 using chrome-pool strategy","meta":{"rootId":"0o025ayh0gysfai","id":"0o025ayh0gysfai"},"id":"upn0ak29gfqbhr7","previousOperationId":"mdkipqzqjrk1nuy"}
{"type":"log","timestamp":1676307033744,"level":"debug","message":"Page request: GET (document) file:///C:/Users/josei/AppData/Local/Temp/jsreport/autocleanup/bfcae326-51f3-4bb6-8474-072933b1bb66-chrome-pdf.html","meta":{"rootId":"0o025ayh0gysfai","id":"0o025ayh0gysfai"},"id":"u9y7nfukf3hale2","previousOperationId":"mdkipqzqjrk1nuy"}
{"type":"log","timestamp":1676307033764,"level":"debug","message":"Page request finished: GET (document) 200 file:///C:/Users/josei/AppData/Local/Temp/jsreport/autocleanup/bfcae326-51f3-4bb6-8474-072933b1bb66-chrome-pdf.html","meta":{"rootId":"0o025ayh0gysfai","id":"0o025ayh0gysfai"},"id":"zvzen9ygfmzgx53","previousOperationId":"mdkipqzqjrk1nuy"}
{"type":"log","timestamp":1676307033764,"level":"debug","message":"Page request: GET (stylesheet) https://cdnjs.cloudflare.com/ajax/libs/metro/4.1.5/css/metro.min.css","meta":{"rootId":"0o025ayh0gysfai","id":"0o025ayh0gysfai"},"id":"no9ht96bsenxvcs","previousOperationId":"mdkipqzqjrk1nuy"}
{"type":"log","timestamp":1676307033764,"level":"debug","message":"Page request: GET (script) https://cdn.jsdelivr.net/npm/chart.js","meta":{"rootId":"0o025ayh0gysfai","id":"0o025ayh0gysfai"},"id":"e6yk9tngkog8jro","previousOperationId":"mdkipqzqjrk1nuy"}
{"type":"log","timestamp":1676307033773,"level":"debug","message":"Page request finished: GET (script) 200 https://cdn.jsdelivr.net/npm/chart.js","meta":{"rootId":"0o025ayh0gysfai","id":"0o025ayh0gysfai"},"id":"zy08lrzciimfi0g","previousOperationId":"mdkipqzqjrk1nuy"}
{"type":"log","timestamp":1676307033792,"level":"debug","message":"Page request finished: GET (stylesheet) 200 https://cdnjs.cloudflare.com/ajax/libs/metro/4.1.5/css/metro.min.css","meta":{"rootId":"0o025ayh0gysfai","id":"0o025ayh0gysfai"},"id":"grdoc1772mazagy","previousOperationId":"mdkipqzqjrk1nuy"}
{"type":"log","timestamp":1676307033800,"level":"debug","message":"(console:error) Invalid scale configuration for scale: yAxes","meta":{"userLevel":true,"rootId":"0o025ayh0gysfai","id":"0o025ayh0gysfai"},"id":"q0f79zvfvmfgiuv","previousOperationId":"mdkipqzqjrk1nuy"}
{"type":"log","timestamp":1676307033911,"level":"debug","message":"Running chrome with params {\"printBackground\":true,\"timeout\":59697,\"margin\":{}}","meta":{"rootId":"0o025ayh0gysfai","id":"0o025ayh0gysfai"},"id":"oh57m3wvjwt909u","previousOperationId":"mdkipqzqjrk1nuy"}
{"type":"operationEnd","operationId":"mdkipqzqjrk1nuy","timestamp":1676307034015,"id":"a5vgfk4l2vw6qtn","previousEventId":"g1y9utu0vpbnmco","previousOperationId":"mdkipqzqjrk1nuy"}
{"type":"log","timestamp":1676307034015,"level":"debug","message":"Skipping storing report.","meta":{"rootId":"0o025ayh0gysfai","id":"0o025ayh0gysfai"},"id":"ee97llbompgtixg","previousOperationId":"mdkipqzqjrk1nuy"}
{"type":"log","timestamp":1676307034016,"level":"info","message":"Rendering request 93 finished in 670 ms","meta":{"rootId":"0o025ayh0gysfai","id":"0o025ayh0gysfai"},"id":"sqcw0mvllpk2u8h","previousOperationId":"mdkipqzqjrk1nuy"}
{"type":"operationEnd","subtype":"render","operationId":"7p2ct1iimk5hxna","timestamp":1676307034016,"id":"1il3fb7bec6sfra","previousEventId":"a5vgfk4l2vw6qtn","previousOperationId":"mdkipqzqjrk1nuy"}
{"type":"operationEnd","doDiffs":false,"previousEventId":"makwf63t8yn1d5c","previousOperationId":"b34z5jbs0ur7wyk","operationId":"b34z5jbs0ur7wyk","timestamp":1676307034020,"id":"m1jzginttxnti3p"}
