{"type":"operationStart","subtype":"profile","data":{"_id":"8lvKGhUnASXVulpB","timestamp":"2023-02-13T16:23:09.700Z","state":"queued","mode":"standard","creationDate":"2023-02-13T16:23:09.702Z","modificationDate":"2023-02-13T16:23:09.702Z","shortid":"dsDsAKa","$entitySet":"profiles"},"doDiffs":false,"timestamp":1676305389701,"id":"bgh2dudk5qwgoyo","previousOperationId":null,"operationId":"35x5h8ab91bfn9n"}
{"type":"log","level":"info","message":"Render request 43 queued for execution and waiting for available worker","previousOperationId":"35x5h8ab91bfn9n","timestamp":1676305389701,"id":"8ty6ii9jd5bl4v0"}
{"type":"operationStart","subtype":"render","name":"prueba","previousOperationId":"35x5h8ab91bfn9n","timestamp":1676305389712,"id":"jlkr44tuz61lqhj","previousEventId":"bgh2dudk5qwgoyo","operationId":"n50tzly6e5owzi6"}
{"type":"log","timestamp":1676305389712,"level":"info","message":"Starting rendering request 43","meta":{"rootId":"0uai70clwbfk9ja","id":"0uai70clwbfk9ja"},"id":"s8g3mk2zy7holxz","previousOperationId":"n50tzly6e5owzi6"}
{"type":"log","timestamp":1676305389713,"level":"info","message":"Rendering template { name: prueba, recipe: chrome-pdf, engine: handlebars, preview: true }","meta":{"rootId":"0uai70clwbfk9ja","id":"0uai70clwbfk9ja"},"id":"v05x0yegmko217h","previousOperationId":"n50tzly6e5owzi6"}
{"type":"log","timestamp":1676305389713,"level":"debug","message":"Data item not defined for this template.","meta":{"rootId":"0uai70clwbfk9ja","id":"0uai70clwbfk9ja"},"id":"er7ie4v4zmkwysr","previousOperationId":"n50tzly6e5owzi6"}
{"type":"log","timestamp":1676305389715,"level":"debug","message":"Executing script script (beforeRender)","meta":{"rootId":"0uai70clwbfk9ja","id":"0uai70clwbfk9ja"},"id":"7minvdyaus02y2x","previousOperationId":"n50tzly6e5owzi6"}
{"type":"operationStart","subtype":"scriptsBeforeRender","name":"scripts beforeRender","timestamp":1676305389737,"id":"z7audkwmk7ayrwb","previousEventId":"jlkr44tuz61lqhj","operationId":"kjoca0kxlqkytx1","previousOperationId":"n50tzly6e5owzi6"}
{"type":"operationStart","subtype":"script","name":"scripts script","previousOperationId":"kjoca0kxlqkytx1","timestamp":1676305389737,"id":"qs41a8e8jc5rp4k","previousEventId":"z7audkwmk7ayrwb","operationId":"r69to4yad81727v"}
{"type":"operationEnd","operationId":"r69to4yad81727v","timestamp":1676305389883,"id":"rckg0kn088xr0fo","previousEventId":"jlkr44tuz61lqhj","previousOperationId":"n50tzly6e5owzi6"}
{"type":"operationEnd","operationId":"kjoca0kxlqkytx1","timestamp":1676305389883,"id":"dwt5mbg430vrpby","previousEventId":"rckg0kn088xr0fo","previousOperationId":"n50tzly6e5owzi6"}
{"type":"log","timestamp":1676305389883,"level":"debug","message":"Base url not specified, skipping its injection.","meta":{"rootId":"0uai70clwbfk9ja","id":"0uai70clwbfk9ja"},"id":"cojsbk5ck2iwoum","previousOperationId":"kjoca0kxlqkytx1"}
{"type":"operationStart","subtype":"engine","name":"handlebars","timestamp":1676305389883,"id":"d7365zx4e329fms","previousEventId":"dwt5mbg430vrpby","operationId":"yfkl3ytjbshaoy0","previousOperationId":"kjoca0kxlqkytx1"}
{"type":"log","timestamp":1676305389883,"level":"debug","message":"Rendering engine handlebars","meta":{"rootId":"0uai70clwbfk9ja","id":"0uai70clwbfk9ja"},"id":"8fx85lm6s7o1x4d","previousOperationId":"yfkl3ytjbshaoy0"}
{"type":"operationEnd","operationId":"yfkl3ytjbshaoy0","timestamp":1676305389894,"id":"k65na8izwean2fs","previousEventId":"d7365zx4e329fms","previousOperationId":"yfkl3ytjbshaoy0"}
{"type":"operationStart","subtype":"recipe","name":"chrome-pdf","timestamp":1676305389895,"id":"n341334w76vkac9","previousEventId":"k65na8izwean2fs","operationId":"xh5oml5z3uibjmk","previousOperationId":"yfkl3ytjbshaoy0"}
{"type":"log","timestamp":1676305389895,"level":"debug","message":"Executing recipe chrome-pdf","meta":{"rootId":"0uai70clwbfk9ja","id":"0uai70clwbfk9ja"},"id":"qxn4l3celuuz6pt","previousOperationId":"xh5oml5z3uibjmk"}
{"type":"log","timestamp":1676305389898,"level":"debug","message":"Converting with chrome HeadlessChrome/105.0.5173.0 using chrome-pool strategy","meta":{"rootId":"0uai70clwbfk9ja","id":"0uai70clwbfk9ja"},"id":"3str956c6r2ooei","previousOperationId":"xh5oml5z3uibjmk"}
{"type":"log","timestamp":1676305390000,"level":"debug","message":"Page request: GET (document) file:///C:/Users/josei/AppData/Local/Temp/jsreport/autocleanup/fa3777f0-a213-4eb1-9500-d7a4e72e4bb8-chrome-pdf.html","meta":{"rootId":"0uai70clwbfk9ja","id":"0uai70clwbfk9ja"},"id":"892jkyzdgsccyo0","previousOperationId":"xh5oml5z3uibjmk"}
{"type":"log","timestamp":1676305390014,"level":"debug","message":"Page request finished: GET (document) 200 file:///C:/Users/josei/AppData/Local/Temp/jsreport/autocleanup/fa3777f0-a213-4eb1-9500-d7a4e72e4bb8-chrome-pdf.html","meta":{"rootId":"0uai70clwbfk9ja","id":"0uai70clwbfk9ja"},"id":"vcwppbnk4i97dks","previousOperationId":"xh5oml5z3uibjmk"}
{"type":"log","timestamp":1676305390015,"level":"debug","message":"Page request: GET (stylesheet) https://cdnjs.cloudflare.com/ajax/libs/metro/4.1.5/css/metro.min.css","meta":{"rootId":"0uai70clwbfk9ja","id":"0uai70clwbfk9ja"},"id":"cx8isfrfvnicgd8","previousOperationId":"xh5oml5z3uibjmk"}
{"type":"log","timestamp":1676305390015,"level":"debug","message":"Page request: GET (script) https://cdn.jsdelivr.net/npm/chart.js","meta":{"rootId":"0uai70clwbfk9ja","id":"0uai70clwbfk9ja"},"id":"aqbs5mb8aj80xp1","previousOperationId":"xh5oml5z3uibjmk"}
{"type":"log","timestamp":1676305390021,"level":"debug","message":"Page request finished: GET (script) 200 https://cdn.jsdelivr.net/npm/chart.js","meta":{"rootId":"0uai70clwbfk9ja","id":"0uai70clwbfk9ja"},"id":"jhvfqhdb00ch49p","previousOperationId":"xh5oml5z3uibjmk"}
{"type":"log","timestamp":1676305390040,"level":"debug","message":"Page request finished: GET (stylesheet) 200 https://cdnjs.cloudflare.com/ajax/libs/metro/4.1.5/css/metro.min.css","meta":{"rootId":"0uai70clwbfk9ja","id":"0uai70clwbfk9ja"},"id":"or5nmp3hshpjcdn","previousOperationId":"xh5oml5z3uibjmk"}
{"type":"log","timestamp":1676305390047,"level":"debug","message":"(console:error) Invalid scale configuration for scale: yAxes","meta":{"userLevel":true,"rootId":"0uai70clwbfk9ja","id":"0uai70clwbfk9ja"},"id":"zghhnvfiyagb9gy","previousOperationId":"xh5oml5z3uibjmk"}
{"type":"log","timestamp":1676305390150,"level":"debug","message":"Running chrome with params {\"printBackground\":true,\"timeout\":59804,\"margin\":{}}","meta":{"rootId":"0uai70clwbfk9ja","id":"0uai70clwbfk9ja"},"id":"kvhzhn04yix9we6","previousOperationId":"xh5oml5z3uibjmk"}
{"type":"operationEnd","operationId":"xh5oml5z3uibjmk","timestamp":1676305390233,"id":"ggsau855p2fharx","previousEventId":"n341334w76vkac9","previousOperationId":"xh5oml5z3uibjmk"}
{"type":"log","timestamp":1676305390233,"level":"debug","message":"Skipping storing report.","meta":{"rootId":"0uai70clwbfk9ja","id":"0uai70clwbfk9ja"},"id":"g96t37zduzut7e7","previousOperationId":"xh5oml5z3uibjmk"}
{"type":"log","timestamp":1676305390233,"level":"info","message":"Rendering request 43 finished in 533 ms","meta":{"rootId":"0uai70clwbfk9ja","id":"0uai70clwbfk9ja"},"id":"sngmodi3kq2r6r0","previousOperationId":"xh5oml5z3uibjmk"}
{"type":"operationEnd","subtype":"render","operationId":"n50tzly6e5owzi6","timestamp":1676305390233,"id":"4shk9vip90l0sxh","previousEventId":"ggsau855p2fharx","previousOperationId":"xh5oml5z3uibjmk"}
{"type":"operationEnd","doDiffs":false,"previousEventId":"bgh2dudk5qwgoyo","previousOperationId":"35x5h8ab91bfn9n","operationId":"35x5h8ab91bfn9n","timestamp":1676305390237,"id":"u7c7521res7m89h"}
