{"type":"operationStart","subtype":"profile","data":{"_id":"RvnZ7qup4Trv4biM","timestamp":"2023-02-13T16:16:28.052Z","state":"queued","mode":"standard","creationDate":"2023-02-13T16:16:28.055Z","modificationDate":"2023-02-13T16:16:28.055Z","shortid":"v14QP1B","$entitySet":"profiles"},"doDiffs":false,"timestamp":1676304988053,"id":"cwkdn282n8obfgf","previousOperationId":null,"operationId":"15917411b85wloo"}
{"type":"log","level":"info","message":"Render request 35 queued for execution and waiting for available worker","previousOperationId":"15917411b85wloo","timestamp":1676304988053,"id":"913y6xzl2tokjk6"}
{"type":"operationStart","subtype":"render","name":"prueba","previousOperationId":"15917411b85wloo","timestamp":1676304988061,"id":"n2257xrz3q6o6di","previousEventId":"cwkdn282n8obfgf","operationId":"qrnqa4mlow9w0cb"}
{"type":"log","timestamp":1676304988061,"level":"info","message":"Starting rendering request 35","meta":{"rootId":"0ud1xbibvegjy8z","id":"0ud1xbibvegjy8z"},"id":"n0ids1epgy5p17j","previousOperationId":"qrnqa4mlow9w0cb"}
{"type":"log","timestamp":1676304988062,"level":"info","message":"Rendering template { name: prueba, recipe: chrome-pdf, engine: handlebars, preview: true }","meta":{"rootId":"0ud1xbibvegjy8z","id":"0ud1xbibvegjy8z"},"id":"d6rj6h38hji5uv7","previousOperationId":"qrnqa4mlow9w0cb"}
{"type":"log","timestamp":1676304988062,"level":"debug","message":"Data item not defined for this template.","meta":{"rootId":"0ud1xbibvegjy8z","id":"0ud1xbibvegjy8z"},"id":"qjr8ecx4k9aua3i","previousOperationId":"qrnqa4mlow9w0cb"}
{"type":"log","timestamp":1676304988066,"level":"debug","message":"Executing script script (beforeRender)","meta":{"rootId":"0ud1xbibvegjy8z","id":"0ud1xbibvegjy8z"},"id":"hmzrey61gt9o19m","previousOperationId":"qrnqa4mlow9w0cb"}
{"type":"operationStart","subtype":"scriptsBeforeRender","name":"scripts beforeRender","timestamp":1676304988088,"id":"d9ysd4ck0albwhq","previousEventId":"n2257xrz3q6o6di","operationId":"3csjhojs5cc3xlq","previousOperationId":"qrnqa4mlow9w0cb"}
{"type":"operationStart","subtype":"script","name":"scripts script","previousOperationId":"3csjhojs5cc3xlq","timestamp":1676304988088,"id":"pr2z7w5rd6b7the","previousEventId":"d9ysd4ck0albwhq","operationId":"fi59lmc0q3qace3"}
{"type":"operationEnd","operationId":"fi59lmc0q3qace3","timestamp":1676304988279,"id":"cqg955vo44deaof","previousEventId":"n2257xrz3q6o6di","previousOperationId":"qrnqa4mlow9w0cb"}
{"type":"operationEnd","operationId":"3csjhojs5cc3xlq","timestamp":1676304988279,"id":"jy6nxx8t44szwzr","previousEventId":"cqg955vo44deaof","previousOperationId":"qrnqa4mlow9w0cb"}
{"type":"log","timestamp":1676304988279,"level":"debug","message":"Base url not specified, skipping its injection.","meta":{"rootId":"0ud1xbibvegjy8z","id":"0ud1xbibvegjy8z"},"id":"g06cxbebvc4kvx0","previousOperationId":"3csjhojs5cc3xlq"}
{"type":"operationStart","subtype":"engine","name":"handlebars","timestamp":1676304988279,"id":"r8govhz95iwcsqk","previousEventId":"jy6nxx8t44szwzr","operationId":"eazc0exke3fzar7","previousOperationId":"3csjhojs5cc3xlq"}
{"type":"log","timestamp":1676304988279,"level":"debug","message":"Rendering engine handlebars","meta":{"rootId":"0ud1xbibvegjy8z","id":"0ud1xbibvegjy8z"},"id":"658o1wxtbf6p9ox","previousOperationId":"eazc0exke3fzar7"}
{"type":"operationEnd","operationId":"eazc0exke3fzar7","timestamp":1676304988294,"id":"7dzultciqvkb5eu","previousEventId":"r8govhz95iwcsqk","previousOperationId":"eazc0exke3fzar7"}
{"type":"operationStart","subtype":"recipe","name":"chrome-pdf","timestamp":1676304988294,"id":"vsita4ck1g6nzqb","previousEventId":"7dzultciqvkb5eu","operationId":"bey7t5miec3w0x0","previousOperationId":"eazc0exke3fzar7"}
{"type":"log","timestamp":1676304988294,"level":"debug","message":"Executing recipe chrome-pdf","meta":{"rootId":"0ud1xbibvegjy8z","id":"0ud1xbibvegjy8z"},"id":"shgctihtgnq6jau","previousOperationId":"bey7t5miec3w0x0"}
{"type":"log","timestamp":1676304988296,"level":"debug","message":"Converting with chrome HeadlessChrome/105.0.5173.0 using chrome-pool strategy","meta":{"rootId":"0ud1xbibvegjy8z","id":"0ud1xbibvegjy8z"},"id":"8dzs99xzi7gj59e","previousOperationId":"bey7t5miec3w0x0"}
{"type":"log","timestamp":1676304988394,"level":"debug","message":"Page request: GET (document) file:///C:/Users/josei/AppData/Local/Temp/jsreport/autocleanup/40b72342-4f68-47c1-b016-0046c729348a-chrome-pdf.html","meta":{"rootId":"0ud1xbibvegjy8z","id":"0ud1xbibvegjy8z"},"id":"7tfew1269auillj","previousOperationId":"bey7t5miec3w0x0"}
{"type":"log","timestamp":1676304988413,"level":"debug","message":"Page request finished: GET (document) 200 file:///C:/Users/josei/AppData/Local/Temp/jsreport/autocleanup/40b72342-4f68-47c1-b016-0046c729348a-chrome-pdf.html","meta":{"rootId":"0ud1xbibvegjy8z","id":"0ud1xbibvegjy8z"},"id":"p0ciei8nlkehnh0","previousOperationId":"bey7t5miec3w0x0"}
{"type":"log","timestamp":1676304988413,"level":"debug","message":"Page request: GET (stylesheet) https://cdnjs.cloudflare.com/ajax/libs/metro/4.1.5/css/metro.min.css","meta":{"rootId":"0ud1xbibvegjy8z","id":"0ud1xbibvegjy8z"},"id":"nz8slbiux5uijz9","previousOperationId":"bey7t5miec3w0x0"}
{"type":"log","timestamp":1676304988413,"level":"debug","message":"Page request: GET (script) https://cdn.jsdelivr.net/npm/chart.js","meta":{"rootId":"0ud1xbibvegjy8z","id":"0ud1xbibvegjy8z"},"id":"a3az3ogyqb47b99","previousOperationId":"bey7t5miec3w0x0"}
{"type":"log","timestamp":1676304988421,"level":"debug","message":"Page request finished: GET (script) 200 https://cdn.jsdelivr.net/npm/chart.js","meta":{"rootId":"0ud1xbibvegjy8z","id":"0ud1xbibvegjy8z"},"id":"0jp6sjm3hl2egiu","previousOperationId":"bey7t5miec3w0x0"}
{"type":"log","timestamp":1676304988440,"level":"debug","message":"Page request finished: GET (stylesheet) 200 https://cdnjs.cloudflare.com/ajax/libs/metro/4.1.5/css/metro.min.css","meta":{"rootId":"0ud1xbibvegjy8z","id":"0ud1xbibvegjy8z"},"id":"qbqdee24629sr6u","previousOperationId":"bey7t5miec3w0x0"}
{"type":"log","timestamp":1676304988456,"level":"debug","message":"(console:error) Invalid scale configuration for scale: yAxes","meta":{"userLevel":true,"rootId":"0ud1xbibvegjy8z","id":"0ud1xbibvegjy8z"},"id":"2xqvawz9q3e804z","previousOperationId":"bey7t5miec3w0x0"}
{"type":"log","timestamp":1676304988549,"level":"debug","message":"Running chrome with params {\"printBackground\":true,\"timeout\":59756,\"margin\":{}}","meta":{"rootId":"0ud1xbibvegjy8z","id":"0ud1xbibvegjy8z"},"id":"zobmqo6ivww9bve","previousOperationId":"bey7t5miec3w0x0"}
{"type":"operationEnd","operationId":"bey7t5miec3w0x0","timestamp":1676304988645,"id":"4qrb7xrpxf28duq","previousEventId":"vsita4ck1g6nzqb","previousOperationId":"bey7t5miec3w0x0"}
{"type":"log","timestamp":1676304988645,"level":"debug","message":"Skipping storing report.","meta":{"rootId":"0ud1xbibvegjy8z","id":"0ud1xbibvegjy8z"},"id":"ydzhfek7jofijj4","previousOperationId":"bey7t5miec3w0x0"}
{"type":"log","timestamp":1676304988645,"level":"info","message":"Rendering request 35 finished in 593 ms","meta":{"rootId":"0ud1xbibvegjy8z","id":"0ud1xbibvegjy8z"},"id":"b5aystwb6xmf9u4","previousOperationId":"bey7t5miec3w0x0"}
{"type":"operationEnd","subtype":"render","operationId":"qrnqa4mlow9w0cb","timestamp":1676304988645,"id":"anaubdgryz0f5r0","previousEventId":"4qrb7xrpxf28duq","previousOperationId":"bey7t5miec3w0x0"}
{"type":"operationEnd","doDiffs":false,"previousEventId":"cwkdn282n8obfgf","previousOperationId":"15917411b85wloo","operationId":"15917411b85wloo","timestamp":1676304988654,"id":"pb3vc0lutr2z13n"}
