{"type":"operationStart","subtype":"profile","data":{"_id":"JshMN3Nd1gSFPivS","timestamp":"2023-02-13T16:03:05.479Z","state":"queued","mode":"standard","creationDate":"2023-02-13T16:03:05.481Z","modificationDate":"2023-02-13T16:03:05.481Z","shortid":"Kldwt7e","$entitySet":"profiles"},"doDiffs":false,"timestamp":1676304185480,"id":"st3cr2hdowlk03p","previousOperationId":null,"operationId":"oakr7hv2eglhswl"}
{"type":"log","level":"info","message":"Render request 10 queued for execution and waiting for available worker","previousOperationId":"oakr7hv2eglhswl","timestamp":1676304185481,"id":"xq5rqwr4x0dvxb6"}
{"type":"operationStart","subtype":"render","name":"prueba","previousOperationId":"oakr7hv2eglhswl","timestamp":1676304185491,"id":"w10mltuc0d4fhgd","previousEventId":"st3cr2hdowlk03p","operationId":"fl1j2fw33drc5e2"}
{"type":"log","timestamp":1676304185491,"level":"info","message":"Starting rendering request 10","meta":{"rootId":"0x3xqvzkyu5hzxq","id":"0x3xqvzkyu5hzxq"},"id":"l31ssq7od6f2zfx","previousOperationId":"fl1j2fw33drc5e2"}
{"type":"log","timestamp":1676304185491,"level":"info","message":"Rendering template { name: prueba, recipe: chrome-pdf, engine: handlebars, preview: true }","meta":{"rootId":"0x3xqvzkyu5hzxq","id":"0x3xqvzkyu5hzxq"},"id":"5lp8znyxrjc07il","previousOperationId":"fl1j2fw33drc5e2"}
{"type":"log","timestamp":1676304185491,"level":"debug","message":"Data item not defined for this template.","meta":{"rootId":"0x3xqvzkyu5hzxq","id":"0x3xqvzkyu5hzxq"},"id":"wczuzd1r0j4msw2","previousOperationId":"fl1j2fw33drc5e2"}
{"type":"log","timestamp":1676304185495,"level":"debug","message":"Executing script script (beforeRender)","meta":{"rootId":"0x3xqvzkyu5hzxq","id":"0x3xqvzkyu5hzxq"},"id":"4thp0vcesh4cgd8","previousOperationId":"fl1j2fw33drc5e2"}
{"type":"operationStart","subtype":"scriptsBeforeRender","name":"scripts beforeRender","timestamp":1676304185524,"id":"n2ay787l6z3ihu7","previousEventId":"w10mltuc0d4fhgd","operationId":"qjqqxs85je9690e","previousOperationId":"fl1j2fw33drc5e2"}
{"type":"operationStart","subtype":"script","name":"scripts script","previousOperationId":"qjqqxs85je9690e","timestamp":1676304185524,"id":"2qwbl2y5fjsv74v","previousEventId":"n2ay787l6z3ihu7","operationId":"fiuamesxzdb8pp3"}
{"type":"operationEnd","operationId":"fiuamesxzdb8pp3","timestamp":1676304185749,"id":"uwtkhdbxac9ijb7","previousEventId":"w10mltuc0d4fhgd","previousOperationId":"fl1j2fw33drc5e2"}
{"type":"operationEnd","operationId":"qjqqxs85je9690e","timestamp":1676304185749,"id":"5a1xm9kxg79kpdc","previousEventId":"uwtkhdbxac9ijb7","previousOperationId":"fl1j2fw33drc5e2"}
{"type":"log","timestamp":1676304185749,"level":"debug","message":"Base url not specified, skipping its injection.","meta":{"rootId":"0x3xqvzkyu5hzxq","id":"0x3xqvzkyu5hzxq"},"id":"kkixsrzjxvdmjt7","previousOperationId":"qjqqxs85je9690e"}
{"type":"operationStart","subtype":"engine","name":"handlebars","timestamp":1676304185749,"id":"ylptuyb6m77v56c","previousEventId":"5a1xm9kxg79kpdc","operationId":"5ytg7635sazlw9w","previousOperationId":"qjqqxs85je9690e"}
{"type":"log","timestamp":1676304185749,"level":"debug","message":"Rendering engine handlebars","meta":{"rootId":"0x3xqvzkyu5hzxq","id":"0x3xqvzkyu5hzxq"},"id":"tn7xj9hxyigzou4","previousOperationId":"5ytg7635sazlw9w"}
{"type":"operationEnd","operationId":"5ytg7635sazlw9w","timestamp":1676304185767,"id":"uduhziuhl9vmy21","previousEventId":"ylptuyb6m77v56c","previousOperationId":"5ytg7635sazlw9w"}
{"type":"operationStart","subtype":"recipe","name":"chrome-pdf","timestamp":1676304185767,"id":"k0p6cm9q2pfb0ij","previousEventId":"uduhziuhl9vmy21","operationId":"n7ss6irt6gc0sor","previousOperationId":"5ytg7635sazlw9w"}
{"type":"log","timestamp":1676304185767,"level":"debug","message":"Executing recipe chrome-pdf","meta":{"rootId":"0x3xqvzkyu5hzxq","id":"0x3xqvzkyu5hzxq"},"id":"e5md4fysu9pifyw","previousOperationId":"n7ss6irt6gc0sor"}
{"type":"log","timestamp":1676304185770,"level":"debug","message":"Converting with chrome HeadlessChrome/105.0.5173.0 using chrome-pool strategy","meta":{"rootId":"0x3xqvzkyu5hzxq","id":"0x3xqvzkyu5hzxq"},"id":"g123w8u9g7t7iw6","previousOperationId":"n7ss6irt6gc0sor"}
{"type":"log","timestamp":1676304185866,"level":"debug","message":"Page request: GET (document) file:///C:/Users/josei/AppData/Local/Temp/jsreport/autocleanup/2b8c37b0-575d-4a5a-bbdd-3e4f5890f8f9-chrome-pdf.html","meta":{"rootId":"0x3xqvzkyu5hzxq","id":"0x3xqvzkyu5hzxq"},"id":"fs0i5zmewftqq6z","previousOperationId":"n7ss6irt6gc0sor"}
{"type":"log","timestamp":1676304185886,"level":"debug","message":"Page request finished: GET (document) 200 file:///C:/Users/josei/AppData/Local/Temp/jsreport/autocleanup/2b8c37b0-575d-4a5a-bbdd-3e4f5890f8f9-chrome-pdf.html","meta":{"rootId":"0x3xqvzkyu5hzxq","id":"0x3xqvzkyu5hzxq"},"id":"b5k7wtkesjb7z82","previousOperationId":"n7ss6irt6gc0sor"}
{"type":"log","timestamp":1676304185886,"level":"debug","message":"Page request: GET (stylesheet) https://cdnjs.cloudflare.com/ajax/libs/metro/4.1.5/css/metro.min.css","meta":{"rootId":"0x3xqvzkyu5hzxq","id":"0x3xqvzkyu5hzxq"},"id":"8rs09inrawizxzu","previousOperationId":"n7ss6irt6gc0sor"}
{"type":"log","timestamp":1676304185887,"level":"debug","message":"Page request: GET (script) https://cdn.jsdelivr.net/npm/chart.js","meta":{"rootId":"0x3xqvzkyu5hzxq","id":"0x3xqvzkyu5hzxq"},"id":"tuhw2tku9ins5aq","previousOperationId":"n7ss6irt6gc0sor"}
{"type":"log","timestamp":1676304185892,"level":"debug","message":"Page request finished: GET (script) 200 https://cdn.jsdelivr.net/npm/chart.js","meta":{"rootId":"0x3xqvzkyu5hzxq","id":"0x3xqvzkyu5hzxq"},"id":"qdnhvyh6mssmx2z","previousOperationId":"n7ss6irt6gc0sor"}
{"type":"log","timestamp":1676304185910,"level":"debug","message":"Page request finished: GET (stylesheet) 200 https://cdnjs.cloudflare.com/ajax/libs/metro/4.1.5/css/metro.min.css","meta":{"rootId":"0x3xqvzkyu5hzxq","id":"0x3xqvzkyu5hzxq"},"id":"l1lpk85eqn4lpcf","previousOperationId":"n7ss6irt6gc0sor"}
{"type":"log","timestamp":1676304185918,"level":"debug","message":"(console:error) Invalid scale configuration for scale: yAxes","meta":{"userLevel":true,"rootId":"0x3xqvzkyu5hzxq","id":"0x3xqvzkyu5hzxq"},"id":"mhxkc3f71uqiirp","previousOperationId":"n7ss6irt6gc0sor"}
{"type":"log","timestamp":1676304186011,"level":"debug","message":"Running chrome with params {\"printBackground\":true,\"timeout\":59710,\"margin\":{}}","meta":{"rootId":"0x3xqvzkyu5hzxq","id":"0x3xqvzkyu5hzxq"},"id":"jghj7k4lrrfw4na","previousOperationId":"n7ss6irt6gc0sor"}
{"type":"operationEnd","operationId":"n7ss6irt6gc0sor","timestamp":1676304186096,"id":"zyzr3vn9vgab6fa","previousEventId":"k0p6cm9q2pfb0ij","previousOperationId":"n7ss6irt6gc0sor"}
{"type":"log","timestamp":1676304186097,"level":"debug","message":"Skipping storing report.","meta":{"rootId":"0x3xqvzkyu5hzxq","id":"0x3xqvzkyu5hzxq"},"id":"0brzqafjhukaivc","previousOperationId":"n7ss6irt6gc0sor"}
{"type":"log","timestamp":1676304186097,"level":"info","message":"Rendering request 10 finished in 618 ms","meta":{"rootId":"0x3xqvzkyu5hzxq","id":"0x3xqvzkyu5hzxq"},"id":"2u08j7b5hqtgc7z","previousOperationId":"n7ss6irt6gc0sor"}
{"type":"operationEnd","subtype":"render","operationId":"fl1j2fw33drc5e2","timestamp":1676304186097,"id":"vjtsbpsagixs4pg","previousEventId":"zyzr3vn9vgab6fa","previousOperationId":"n7ss6irt6gc0sor"}
{"type":"operationEnd","doDiffs":false,"previousEventId":"st3cr2hdowlk03p","previousOperationId":"oakr7hv2eglhswl","operationId":"oakr7hv2eglhswl","timestamp":1676304186102,"id":"hwv8ot6v4sjwbc7"}
