{"type":"operationStart","subtype":"profile","data":{"_id":"czBhCnHNAPuoePJc","timestamp":"2023-02-13T16:53:09.953Z","state":"queued","mode":"standard","creationDate":"2023-02-13T16:53:09.955Z","modificationDate":"2023-02-13T16:53:09.955Z","shortid":"K8-gY61","$entitySet":"profiles"},"doDiffs":false,"timestamp":1676307189954,"id":"11vu9rcgre9xww5","previousOperationId":null,"operationId":"lm7n6hv9ykht3oj"}
{"type":"log","level":"info","message":"Render request 102 queued for execution and waiting for available worker","previousOperationId":"lm7n6hv9ykht3oj","timestamp":1676307189954,"id":"h5edbv0qhynux2k"}
{"type":"operationStart","subtype":"render","name":"prueba","previousOperationId":"lm7n6hv9ykht3oj","timestamp":1676307189963,"id":"sfdjyedtv9j2xyu","previousEventId":"11vu9rcgre9xww5","operationId":"616ipwubiesx6o8"}
{"type":"log","timestamp":1676307189963,"level":"info","message":"Starting rendering request 102","meta":{"rootId":"1b9f6edwox39bl9","id":"1b9f6edwox39bl9"},"id":"auoyw6nd1aeb7kp","previousOperationId":"616ipwubiesx6o8"}
{"type":"log","timestamp":1676307189963,"level":"info","message":"Rendering template { name: prueba, recipe: chrome-pdf, engine: handlebars, preview: true }","meta":{"rootId":"1b9f6edwox39bl9","id":"1b9f6edwox39bl9"},"id":"j410bbzb92vaee9","previousOperationId":"616ipwubiesx6o8"}
{"type":"log","timestamp":1676307189964,"level":"debug","message":"Data item not defined for this template.","meta":{"rootId":"1b9f6edwox39bl9","id":"1b9f6edwox39bl9"},"id":"oneunvmywy03ljr","previousOperationId":"616ipwubiesx6o8"}
{"type":"log","timestamp":1676307189969,"level":"debug","message":"Executing script script (beforeRender)","meta":{"rootId":"1b9f6edwox39bl9","id":"1b9f6edwox39bl9"},"id":"qur3cmhyco277mn","previousOperationId":"616ipwubiesx6o8"}
{"type":"operationStart","subtype":"scriptsBeforeRender","name":"scripts beforeRender","timestamp":1676307189986,"id":"rsh1xhfzt3q8dtg","previousEventId":"sfdjyedtv9j2xyu","operationId":"fnew7k7ryu99s9b","previousOperationId":"616ipwubiesx6o8"}
{"type":"operationStart","subtype":"script","name":"scripts script","previousOperationId":"fnew7k7ryu99s9b","timestamp":1676307189986,"id":"6ecssoybjmpsa7b","previousEventId":"rsh1xhfzt3q8dtg","operationId":"jb0vfsm9ahsk8cw"}
{"type":"operationEnd","operationId":"jb0vfsm9ahsk8cw","timestamp":1676307190147,"id":"h7o382tgs5u42vq","previousEventId":"sfdjyedtv9j2xyu","previousOperationId":"616ipwubiesx6o8"}
{"type":"operationEnd","operationId":"fnew7k7ryu99s9b","timestamp":1676307190147,"id":"niiybib8q7syq0r","previousEventId":"h7o382tgs5u42vq","previousOperationId":"616ipwubiesx6o8"}
{"type":"log","timestamp":1676307190147,"level":"debug","message":"Base url not specified, skipping its injection.","meta":{"rootId":"1b9f6edwox39bl9","id":"1b9f6edwox39bl9"},"id":"4flrpoqkv2wyrev","previousOperationId":"fnew7k7ryu99s9b"}
{"type":"operationStart","subtype":"engine","name":"handlebars","timestamp":1676307190147,"id":"3bivxpailyep6to","previousEventId":"niiybib8q7syq0r","operationId":"lg1jmqaw5l1b4ep","previousOperationId":"fnew7k7ryu99s9b"}
{"type":"log","timestamp":1676307190147,"level":"debug","message":"Rendering engine handlebars","meta":{"rootId":"1b9f6edwox39bl9","id":"1b9f6edwox39bl9"},"id":"y1fuc331gnjg7c2","previousOperationId":"lg1jmqaw5l1b4ep"}
{"type":"operationEnd","operationId":"lg1jmqaw5l1b4ep","timestamp":1676307190158,"id":"doml020rlty316k","previousEventId":"3bivxpailyep6to","previousOperationId":"lg1jmqaw5l1b4ep"}
{"type":"operationStart","subtype":"recipe","name":"chrome-pdf","timestamp":1676307190158,"id":"5oqbrfw6w7gcgh3","previousEventId":"doml020rlty316k","operationId":"ccgy8mqvqlkukjk","previousOperationId":"lg1jmqaw5l1b4ep"}
{"type":"log","timestamp":1676307190158,"level":"debug","message":"Executing recipe chrome-pdf","meta":{"rootId":"1b9f6edwox39bl9","id":"1b9f6edwox39bl9"},"id":"2u4z6go8xgdae7k","previousOperationId":"ccgy8mqvqlkukjk"}
{"type":"log","timestamp":1676307190160,"level":"debug","message":"Converting with chrome HeadlessChrome/105.0.5173.0 using chrome-pool strategy","meta":{"rootId":"1b9f6edwox39bl9","id":"1b9f6edwox39bl9"},"id":"jkgxyausspjet0m","previousOperationId":"ccgy8mqvqlkukjk"}
{"type":"log","timestamp":1676307190258,"level":"debug","message":"Page request: GET (document) file:///C:/Users/josei/AppData/Local/Temp/jsreport/autocleanup/2dfd4dac-794f-4651-93f2-78201e18c760-chrome-pdf.html","meta":{"rootId":"1b9f6edwox39bl9","id":"1b9f6edwox39bl9"},"id":"bx7jwvef0cx12fs","previousOperationId":"ccgy8mqvqlkukjk"}
{"type":"log","timestamp":1676307190279,"level":"debug","message":"Page request finished: GET (document) 200 file:///C:/Users/josei/AppData/Local/Temp/jsreport/autocleanup/2dfd4dac-794f-4651-93f2-78201e18c760-chrome-pdf.html","meta":{"rootId":"1b9f6edwox39bl9","id":"1b9f6edwox39bl9"},"id":"8hisdbwmmc5pk0j","previousOperationId":"ccgy8mqvqlkukjk"}
{"type":"log","timestamp":1676307190279,"level":"debug","message":"Page request: GET (stylesheet) https://cdnjs.cloudflare.com/ajax/libs/metro/4.1.5/css/metro.min.css","meta":{"rootId":"1b9f6edwox39bl9","id":"1b9f6edwox39bl9"},"id":"5mph6kpvmwsa3r0","previousOperationId":"ccgy8mqvqlkukjk"}
{"type":"log","timestamp":1676307190280,"level":"debug","message":"Page request: GET (script) https://cdn.jsdelivr.net/npm/chart.js","meta":{"rootId":"1b9f6edwox39bl9","id":"1b9f6edwox39bl9"},"id":"38pl01c485qkequ","previousOperationId":"ccgy8mqvqlkukjk"}
{"type":"log","timestamp":1676307190306,"level":"debug","message":"Page request finished: GET (stylesheet) 200 https://cdnjs.cloudflare.com/ajax/libs/metro/4.1.5/css/metro.min.css","meta":{"rootId":"1b9f6edwox39bl9","id":"1b9f6edwox39bl9"},"id":"8chem35r86lyj07","previousOperationId":"ccgy8mqvqlkukjk"}
{"type":"log","timestamp":1676307190306,"level":"debug","message":"Page request finished: GET (script) 200 https://cdn.jsdelivr.net/npm/chart.js","meta":{"rootId":"1b9f6edwox39bl9","id":"1b9f6edwox39bl9"},"id":"b4o8061az48sty8","previousOperationId":"ccgy8mqvqlkukjk"}
{"type":"log","timestamp":1676307190313,"level":"debug","message":"(console:error) Invalid scale configuration for scale: yAxes","meta":{"userLevel":true,"rootId":"1b9f6edwox39bl9","id":"1b9f6edwox39bl9"},"id":"y5iy4fqlbkmzqdx","previousOperationId":"ccgy8mqvqlkukjk"}
{"type":"log","timestamp":1676307190427,"level":"debug","message":"Running chrome with params {\"printBackground\":true,\"timeout\":59794,\"margin\":{}}","meta":{"rootId":"1b9f6edwox39bl9","id":"1b9f6edwox39bl9"},"id":"0pin0bjacmntwre","previousOperationId":"ccgy8mqvqlkukjk"}
{"type":"operationEnd","operationId":"ccgy8mqvqlkukjk","timestamp":1676307190513,"id":"9uxvrcdeav2euyp","previousEventId":"5oqbrfw6w7gcgh3","previousOperationId":"ccgy8mqvqlkukjk"}
{"type":"log","timestamp":1676307190513,"level":"debug","message":"Skipping storing report.","meta":{"rootId":"1b9f6edwox39bl9","id":"1b9f6edwox39bl9"},"id":"31wilt6iqdmah6k","previousOperationId":"ccgy8mqvqlkukjk"}
{"type":"log","timestamp":1676307190513,"level":"info","message":"Rendering request 102 finished in 560 ms","meta":{"rootId":"1b9f6edwox39bl9","id":"1b9f6edwox39bl9"},"id":"lq72ovl6k193lij","previousOperationId":"ccgy8mqvqlkukjk"}
{"type":"operationEnd","subtype":"render","operationId":"616ipwubiesx6o8","timestamp":1676307190513,"id":"div4aftve4de29h","previousEventId":"9uxvrcdeav2euyp","previousOperationId":"ccgy8mqvqlkukjk"}
{"type":"operationEnd","doDiffs":false,"previousEventId":"11vu9rcgre9xww5","previousOperationId":"lm7n6hv9ykht3oj","operationId":"lm7n6hv9ykht3oj","timestamp":1676307190516,"id":"7difjwcni04j3kz"}
