{"type":"operationStart","subtype":"profile","data":{"_id":"ixprikMMBWi7A4Xm","timestamp":"2023-02-13T16:45:23.825Z","state":"queued","mode":"standard","creationDate":"2023-02-13T16:45:23.840Z","modificationDate":"2023-02-13T16:45:23.840Z","shortid":"PWcrsuN","$entitySet":"profiles"},"doDiffs":false,"timestamp":1676306723828,"id":"cr2t5e6kfzo2vr7","previousOperationId":null,"operationId":"ubdcrik7h0ruhmf"}
{"type":"log","level":"info","message":"Render request 83 queued for execution and waiting for available worker","previousOperationId":"ubdcrik7h0ruhmf","timestamp":1676306723828,"id":"e9vc734p1lqm94k"}
{"type":"operationStart","subtype":"render","name":"prueba","previousOperationId":"ubdcrik7h0ruhmf","timestamp":1676306723847,"id":"ajt75wvygrvqt4t","previousEventId":"cr2t5e6kfzo2vr7","operationId":"vhu5m4qw18wv2im"}
{"type":"log","timestamp":1676306723847,"level":"info","message":"Starting rendering request 83","meta":{"rootId":"1mmxud74fizb6pp","id":"1mmxud74fizb6pp"},"id":"1c4yjbecwl14mww","previousOperationId":"vhu5m4qw18wv2im"}
{"type":"log","timestamp":1676306723847,"level":"info","message":"Rendering template { name: prueba, recipe: chrome-pdf, engine: handlebars, preview: true }","meta":{"rootId":"1mmxud74fizb6pp","id":"1mmxud74fizb6pp"},"id":"9j3c3udnjqg2xdh","previousOperationId":"vhu5m4qw18wv2im"}
{"type":"log","timestamp":1676306723848,"level":"debug","message":"Data item not defined for this template.","meta":{"rootId":"1mmxud74fizb6pp","id":"1mmxud74fizb6pp"},"id":"umev6r0u1cs67ca","previousOperationId":"vhu5m4qw18wv2im"}
{"type":"log","timestamp":1676306723851,"level":"debug","message":"Executing script script (beforeRender)","meta":{"rootId":"1mmxud74fizb6pp","id":"1mmxud74fizb6pp"},"id":"acdhovc63corq7w","previousOperationId":"vhu5m4qw18wv2im"}
{"type":"operationStart","subtype":"scriptsBeforeRender","name":"scripts beforeRender","timestamp":1676306723869,"id":"is6xu6jivkthun8","previousEventId":"ajt75wvygrvqt4t","operationId":"stj1qz3emr3891i","previousOperationId":"vhu5m4qw18wv2im"}
{"type":"operationStart","subtype":"script","name":"scripts script","previousOperationId":"stj1qz3emr3891i","timestamp":1676306723869,"id":"kykt4acgig33d4t","previousEventId":"is6xu6jivkthun8","operationId":"o1lc553l1xkjdwd"}
{"type":"operationEnd","operationId":"o1lc553l1xkjdwd","timestamp":1676306724022,"id":"z13jwh74boo61mx","previousEventId":"ajt75wvygrvqt4t","previousOperationId":"vhu5m4qw18wv2im"}
{"type":"operationEnd","operationId":"stj1qz3emr3891i","timestamp":1676306724022,"id":"5ppvn9naoluwt43","previousEventId":"z13jwh74boo61mx","previousOperationId":"vhu5m4qw18wv2im"}
{"type":"log","timestamp":1676306724022,"level":"debug","message":"Base url not specified, skipping its injection.","meta":{"rootId":"1mmxud74fizb6pp","id":"1mmxud74fizb6pp"},"id":"hpg3q82l5ky4bfh","previousOperationId":"stj1qz3emr3891i"}
{"type":"operationStart","subtype":"engine","name":"handlebars","timestamp":1676306724023,"id":"k8i3kz4y6ujf3t5","previousEventId":"5ppvn9naoluwt43","operationId":"qg9xd1a1ohne1q9","previousOperationId":"stj1qz3emr3891i"}
{"type":"log","timestamp":1676306724023,"level":"debug","message":"Rendering engine handlebars","meta":{"rootId":"1mmxud74fizb6pp","id":"1mmxud74fizb6pp"},"id":"5ideiu4q45bicip","previousOperationId":"qg9xd1a1ohne1q9"}
{"type":"operationEnd","operationId":"qg9xd1a1ohne1q9","timestamp":1676306724035,"id":"plr9omf48wnfp70","previousEventId":"k8i3kz4y6ujf3t5","previousOperationId":"qg9xd1a1ohne1q9"}
{"type":"operationStart","subtype":"recipe","name":"chrome-pdf","timestamp":1676306724035,"id":"vyyx3eywhz7e8wp","previousEventId":"plr9omf48wnfp70","operationId":"wx6u0c8azry7sv2","previousOperationId":"qg9xd1a1ohne1q9"}
{"type":"log","timestamp":1676306724035,"level":"debug","message":"Executing recipe chrome-pdf","meta":{"rootId":"1mmxud74fizb6pp","id":"1mmxud74fizb6pp"},"id":"v8xtvi5heuf2kop","previousOperationId":"wx6u0c8azry7sv2"}
{"type":"log","timestamp":1676306724038,"level":"debug","message":"Converting with chrome HeadlessChrome/105.0.5173.0 using chrome-pool strategy","meta":{"rootId":"1mmxud74fizb6pp","id":"1mmxud74fizb6pp"},"id":"ta2humho1mfntbb","previousOperationId":"wx6u0c8azry7sv2"}
{"type":"log","timestamp":1676306724135,"level":"debug","message":"Page request: GET (document) file:///C:/Users/josei/AppData/Local/Temp/jsreport/autocleanup/31b600e8-dbd5-419e-9048-85a574a99a93-chrome-pdf.html","meta":{"rootId":"1mmxud74fizb6pp","id":"1mmxud74fizb6pp"},"id":"dtj84bp8j0m6di8","previousOperationId":"wx6u0c8azry7sv2"}
{"type":"log","timestamp":1676306724156,"level":"debug","message":"Page request finished: GET (document) 200 file:///C:/Users/josei/AppData/Local/Temp/jsreport/autocleanup/31b600e8-dbd5-419e-9048-85a574a99a93-chrome-pdf.html","meta":{"rootId":"1mmxud74fizb6pp","id":"1mmxud74fizb6pp"},"id":"98ucvlpx57sex2h","previousOperationId":"wx6u0c8azry7sv2"}
{"type":"log","timestamp":1676306724156,"level":"debug","message":"Page request: GET (stylesheet) https://cdnjs.cloudflare.com/ajax/libs/metro/4.1.5/css/metro.min.css","meta":{"rootId":"1mmxud74fizb6pp","id":"1mmxud74fizb6pp"},"id":"vzsubyv8xy0a2mf","previousOperationId":"wx6u0c8azry7sv2"}
{"type":"log","timestamp":1676306724156,"level":"debug","message":"Page request: GET (script) https://cdn.jsdelivr.net/npm/chart.js","meta":{"rootId":"1mmxud74fizb6pp","id":"1mmxud74fizb6pp"},"id":"3r67xhwppiu3uj0","previousOperationId":"wx6u0c8azry7sv2"}
{"type":"log","timestamp":1676306724163,"level":"debug","message":"Page request finished: GET (script) 200 https://cdn.jsdelivr.net/npm/chart.js","meta":{"rootId":"1mmxud74fizb6pp","id":"1mmxud74fizb6pp"},"id":"glxby95s8oko2zd","previousOperationId":"wx6u0c8azry7sv2"}
{"type":"log","timestamp":1676306724181,"level":"debug","message":"Page request finished: GET (stylesheet) 200 https://cdnjs.cloudflare.com/ajax/libs/metro/4.1.5/css/metro.min.css","meta":{"rootId":"1mmxud74fizb6pp","id":"1mmxud74fizb6pp"},"id":"a9uutz3jrpruojc","previousOperationId":"wx6u0c8azry7sv2"}
{"type":"log","timestamp":1676306724188,"level":"debug","message":"(console:error) Invalid scale configuration for scale: yAxes","meta":{"userLevel":true,"rootId":"1mmxud74fizb6pp","id":"1mmxud74fizb6pp"},"id":"gziqicpyomnm24d","previousOperationId":"wx6u0c8azry7sv2"}
{"type":"log","timestamp":1676306724300,"level":"debug","message":"Running chrome with params {\"printBackground\":true,\"timeout\":59788,\"margin\":{}}","meta":{"rootId":"1mmxud74fizb6pp","id":"1mmxud74fizb6pp"},"id":"ttlq24eq3xk834h","previousOperationId":"wx6u0c8azry7sv2"}
{"type":"operationEnd","operationId":"wx6u0c8azry7sv2","timestamp":1676306724395,"id":"dooevmg8xz035aq","previousEventId":"vyyx3eywhz7e8wp","previousOperationId":"wx6u0c8azry7sv2"}
{"type":"log","timestamp":1676306724395,"level":"debug","message":"Skipping storing report.","meta":{"rootId":"1mmxud74fizb6pp","id":"1mmxud74fizb6pp"},"id":"rhjz9db1duez2xw","previousOperationId":"wx6u0c8azry7sv2"}
{"type":"log","timestamp":1676306724395,"level":"info","message":"Rendering request 83 finished in 570 ms","meta":{"rootId":"1mmxud74fizb6pp","id":"1mmxud74fizb6pp"},"id":"kmxcjj0jz87tf8r","previousOperationId":"wx6u0c8azry7sv2"}
{"type":"operationEnd","subtype":"render","operationId":"vhu5m4qw18wv2im","timestamp":1676306724395,"id":"9dflf8cfmzeg7kh","previousEventId":"dooevmg8xz035aq","previousOperationId":"wx6u0c8azry7sv2"}
{"type":"operationEnd","doDiffs":false,"previousEventId":"cr2t5e6kfzo2vr7","previousOperationId":"ubdcrik7h0ruhmf","operationId":"ubdcrik7h0ruhmf","timestamp":1676306724399,"id":"a7d3yf5y79qhkvk"}
