{"type":"operationStart","subtype":"profile","data":{"_id":"UevoXsfk1soVqAKC","timestamp":"2023-02-13T16:14:30.078Z","state":"queued","mode":"standard","creationDate":"2023-02-13T16:14:30.079Z","modificationDate":"2023-02-13T16:14:30.079Z","shortid":"ud-YPVG","$entitySet":"profiles"},"doDiffs":false,"timestamp":1676304870079,"id":"agxueyzzn4dhauu","previousOperationId":null,"operationId":"ce46nzeira7slqz"}
{"type":"log","level":"info","message":"Render request 31 queued for execution and waiting for available worker","previousOperationId":"ce46nzeira7slqz","timestamp":1676304870079,"id":"w5j7yh0s7e6mi1v"}
{"type":"operationStart","subtype":"render","name":"prueba","previousOperationId":"ce46nzeira7slqz","timestamp":1676304870090,"id":"j5e4g78r83hldte","previousEventId":"agxueyzzn4dhauu","operationId":"yp4c9t4kcjkyesm"}
{"type":"log","timestamp":1676304870090,"level":"info","message":"Starting rendering request 31","meta":{"rootId":"1yjsf09ap98lwty","id":"1yjsf09ap98lwty"},"id":"whsqimxxlpay9cz","previousOperationId":"yp4c9t4kcjkyesm"}
{"type":"log","timestamp":1676304870090,"level":"info","message":"Rendering template { name: prueba, recipe: chrome-pdf, engine: handlebars, preview: true }","meta":{"rootId":"1yjsf09ap98lwty","id":"1yjsf09ap98lwty"},"id":"wkkyzk7evhsu1oa","previousOperationId":"yp4c9t4kcjkyesm"}
{"type":"log","timestamp":1676304870090,"level":"debug","message":"Data item not defined for this template.","meta":{"rootId":"1yjsf09ap98lwty","id":"1yjsf09ap98lwty"},"id":"glbrn8jqvuersu6","previousOperationId":"yp4c9t4kcjkyesm"}
{"type":"log","timestamp":1676304870093,"level":"debug","message":"Executing script script (beforeRender)","meta":{"rootId":"1yjsf09ap98lwty","id":"1yjsf09ap98lwty"},"id":"7nmsp8dua1tfhpn","previousOperationId":"yp4c9t4kcjkyesm"}
{"type":"operationStart","subtype":"scriptsBeforeRender","name":"scripts beforeRender","timestamp":1676304870114,"id":"tnjcmgh9pw25m1i","previousEventId":"j5e4g78r83hldte","operationId":"oy8igk22xat059u","previousOperationId":"yp4c9t4kcjkyesm"}
{"type":"operationStart","subtype":"script","name":"scripts script","previousOperationId":"oy8igk22xat059u","timestamp":1676304870114,"id":"r4ubug551s6zdhj","previousEventId":"tnjcmgh9pw25m1i","operationId":"3rzquj7vszmi3jc"}
{"type":"operationEnd","operationId":"3rzquj7vszmi3jc","timestamp":1676304870280,"id":"gv0cz6rtca509by","previousEventId":"j5e4g78r83hldte","previousOperationId":"yp4c9t4kcjkyesm"}
{"type":"operationEnd","operationId":"oy8igk22xat059u","timestamp":1676304870280,"id":"haseycwxmvaotgm","previousEventId":"gv0cz6rtca509by","previousOperationId":"yp4c9t4kcjkyesm"}
{"type":"log","timestamp":1676304870280,"level":"debug","message":"Base url not specified, skipping its injection.","meta":{"rootId":"1yjsf09ap98lwty","id":"1yjsf09ap98lwty"},"id":"4gi2walbjikl0mc","previousOperationId":"oy8igk22xat059u"}
{"type":"operationStart","subtype":"engine","name":"handlebars","timestamp":1676304870280,"id":"5pngozv4spj8a4v","previousEventId":"haseycwxmvaotgm","operationId":"76f0shycv3rq66g","previousOperationId":"oy8igk22xat059u"}
{"type":"log","timestamp":1676304870280,"level":"debug","message":"Rendering engine handlebars","meta":{"rootId":"1yjsf09ap98lwty","id":"1yjsf09ap98lwty"},"id":"nboxe85k7tyd6yr","previousOperationId":"76f0shycv3rq66g"}
{"type":"operationEnd","operationId":"76f0shycv3rq66g","timestamp":1676304870297,"id":"feghulorcbxqa4j","previousEventId":"5pngozv4spj8a4v","previousOperationId":"76f0shycv3rq66g"}
{"type":"operationStart","subtype":"recipe","name":"chrome-pdf","timestamp":1676304870297,"id":"ig5f36o2xybq6vx","previousEventId":"feghulorcbxqa4j","operationId":"z7ruhyuv0evbi8k","previousOperationId":"76f0shycv3rq66g"}
{"type":"log","timestamp":1676304870297,"level":"debug","message":"Executing recipe chrome-pdf","meta":{"rootId":"1yjsf09ap98lwty","id":"1yjsf09ap98lwty"},"id":"qx0t3gv2o6g91qs","previousOperationId":"z7ruhyuv0evbi8k"}
{"type":"log","timestamp":1676304870300,"level":"debug","message":"Converting with chrome HeadlessChrome/105.0.5173.0 using chrome-pool strategy","meta":{"rootId":"1yjsf09ap98lwty","id":"1yjsf09ap98lwty"},"id":"0c0cq6ihgimdi7y","previousOperationId":"z7ruhyuv0evbi8k"}
{"type":"log","timestamp":1676304870415,"level":"debug","message":"Page request: GET (document) file:///C:/Users/josei/AppData/Local/Temp/jsreport/autocleanup/c1d793af-f284-41de-9b38-63a9638f5dda-chrome-pdf.html","meta":{"rootId":"1yjsf09ap98lwty","id":"1yjsf09ap98lwty"},"id":"yhrv7aa5rlvs0a1","previousOperationId":"z7ruhyuv0evbi8k"}
{"type":"log","timestamp":1676304870436,"level":"debug","message":"Page request finished: GET (document) 200 file:///C:/Users/josei/AppData/Local/Temp/jsreport/autocleanup/c1d793af-f284-41de-9b38-63a9638f5dda-chrome-pdf.html","meta":{"rootId":"1yjsf09ap98lwty","id":"1yjsf09ap98lwty"},"id":"pt7gs0d6pqr2a6f","previousOperationId":"z7ruhyuv0evbi8k"}
{"type":"log","timestamp":1676304870436,"level":"debug","message":"Page request: GET (stylesheet) https://cdnjs.cloudflare.com/ajax/libs/metro/4.1.5/css/metro.min.css","meta":{"rootId":"1yjsf09ap98lwty","id":"1yjsf09ap98lwty"},"id":"iwnrhmjqxeqxlr0","previousOperationId":"z7ruhyuv0evbi8k"}
{"type":"log","timestamp":1676304870436,"level":"debug","message":"Page request: GET (script) https://cdn.jsdelivr.net/npm/chart.js","meta":{"rootId":"1yjsf09ap98lwty","id":"1yjsf09ap98lwty"},"id":"apiwj96kdo7rjs0","previousOperationId":"z7ruhyuv0evbi8k"}
{"type":"log","timestamp":1676304870462,"level":"debug","message":"Page request finished: GET (stylesheet) 200 https://cdnjs.cloudflare.com/ajax/libs/metro/4.1.5/css/metro.min.css","meta":{"rootId":"1yjsf09ap98lwty","id":"1yjsf09ap98lwty"},"id":"gmt6y3trm8cuzke","previousOperationId":"z7ruhyuv0evbi8k"}
{"type":"log","timestamp":1676304870462,"level":"debug","message":"Page request finished: GET (script) 200 https://cdn.jsdelivr.net/npm/chart.js","meta":{"rootId":"1yjsf09ap98lwty","id":"1yjsf09ap98lwty"},"id":"7aqbnwou2yvky0v","previousOperationId":"z7ruhyuv0evbi8k"}
{"type":"log","timestamp":1676304870470,"level":"debug","message":"(console:error) Invalid scale configuration for scale: yAxes","meta":{"userLevel":true,"rootId":"1yjsf09ap98lwty","id":"1yjsf09ap98lwty"},"id":"oaqtbgvwxtwbuvz","previousOperationId":"z7ruhyuv0evbi8k"}
{"type":"log","timestamp":1676304870539,"level":"debug","message":"Running chrome with params {\"printBackground\":true,\"timeout\":59780,\"margin\":{}}","meta":{"rootId":"1yjsf09ap98lwty","id":"1yjsf09ap98lwty"},"id":"to28lmc4rfj3r0g","previousOperationId":"z7ruhyuv0evbi8k"}
{"type":"operationEnd","operationId":"z7ruhyuv0evbi8k","timestamp":1676304870618,"id":"wmrte06tap6h4uc","previousEventId":"ig5f36o2xybq6vx","previousOperationId":"z7ruhyuv0evbi8k"}
{"type":"log","timestamp":1676304870618,"level":"debug","message":"Skipping storing report.","meta":{"rootId":"1yjsf09ap98lwty","id":"1yjsf09ap98lwty"},"id":"bbcs8u8qz06bz5v","previousOperationId":"z7ruhyuv0evbi8k"}
{"type":"log","timestamp":1676304870618,"level":"info","message":"Rendering request 31 finished in 540 ms","meta":{"rootId":"1yjsf09ap98lwty","id":"1yjsf09ap98lwty"},"id":"4uui5gwp0sw95t2","previousOperationId":"z7ruhyuv0evbi8k"}
{"type":"operationEnd","subtype":"render","operationId":"yp4c9t4kcjkyesm","timestamp":1676304870618,"id":"y3fxed1tfj2avd8","previousEventId":"wmrte06tap6h4uc","previousOperationId":"z7ruhyuv0evbi8k"}
{"type":"operationEnd","doDiffs":false,"previousEventId":"agxueyzzn4dhauu","previousOperationId":"ce46nzeira7slqz","operationId":"ce46nzeira7slqz","timestamp":1676304870624,"id":"wnh1r3144qltnp9"}
