{"type":"operationStart","subtype":"profile","data":{"_id":"BftZB9V0RcaQlcx1","timestamp":"2023-02-13T16:14:14.461Z","state":"queued","mode":"standard","creationDate":"2023-02-13T16:14:14.482Z","modificationDate":"2023-02-13T16:14:14.482Z","shortid":"jdhfkKb","$entitySet":"profiles"},"doDiffs":false,"timestamp":1676304854462,"id":"op5lzfngas7j2n6","previousOperationId":null,"operationId":"uofgjrngntoud9b"}
{"type":"log","level":"info","message":"Render request 30 queued for execution and waiting for available worker","previousOperationId":"uofgjrngntoud9b","timestamp":1676304854462,"id":"2uubqdwdb5tcywc"}
{"type":"operationStart","subtype":"render","name":"prueba","previousOperationId":"uofgjrngntoud9b","timestamp":1676304854489,"id":"f3xvsog0vmitekh","previousEventId":"op5lzfngas7j2n6","operationId":"w12sztv8a6yxui5"}
{"type":"log","timestamp":1676304854489,"level":"info","message":"Starting rendering request 30","meta":{"rootId":"2100mn0jzmn90yy","id":"2100mn0jzmn90yy"},"id":"0ezny6eusjvf7gy","previousOperationId":"w12sztv8a6yxui5"}
{"type":"log","timestamp":1676304854489,"level":"info","message":"Rendering template { name: prueba, recipe: chrome-pdf, engine: handlebars, preview: true }","meta":{"rootId":"2100mn0jzmn90yy","id":"2100mn0jzmn90yy"},"id":"ec657sx8wbdnycv","previousOperationId":"w12sztv8a6yxui5"}
{"type":"log","timestamp":1676304854490,"level":"debug","message":"Data item not defined for this template.","meta":{"rootId":"2100mn0jzmn90yy","id":"2100mn0jzmn90yy"},"id":"bvthgoxyv5hd5sw","previousOperationId":"w12sztv8a6yxui5"}
{"type":"log","timestamp":1676304854493,"level":"debug","message":"Executing script script (beforeRender)","meta":{"rootId":"2100mn0jzmn90yy","id":"2100mn0jzmn90yy"},"id":"ccyziiyafimoqiv","previousOperationId":"w12sztv8a6yxui5"}
{"type":"operationStart","subtype":"scriptsBeforeRender","name":"scripts beforeRender","timestamp":1676304854514,"id":"2z5ux2veab6l1sh","previousEventId":"f3xvsog0vmitekh","operationId":"2f1jqyymimr7jr9","previousOperationId":"w12sztv8a6yxui5"}
{"type":"operationStart","subtype":"script","name":"scripts script","previousOperationId":"2f1jqyymimr7jr9","timestamp":1676304854514,"id":"qmwnv0pqknbegxd","previousEventId":"2z5ux2veab6l1sh","operationId":"i5wzyq7iubnbfki"}
{"type":"operationEnd","operationId":"i5wzyq7iubnbfki","timestamp":1676304854735,"id":"pew654y1pagr95f","previousEventId":"f3xvsog0vmitekh","previousOperationId":"w12sztv8a6yxui5"}
{"type":"operationEnd","operationId":"2f1jqyymimr7jr9","timestamp":1676304854735,"id":"19ud57za964slq5","previousEventId":"pew654y1pagr95f","previousOperationId":"w12sztv8a6yxui5"}
{"type":"log","timestamp":1676304854736,"level":"debug","message":"Base url not specified, skipping its injection.","meta":{"rootId":"2100mn0jzmn90yy","id":"2100mn0jzmn90yy"},"id":"8jv58ug9u7p30f6","previousOperationId":"2f1jqyymimr7jr9"}
{"type":"operationStart","subtype":"engine","name":"handlebars","timestamp":1676304854736,"id":"8qeys3zs7ontp6x","previousEventId":"19ud57za964slq5","operationId":"qklpjjbps0y31nh","previousOperationId":"2f1jqyymimr7jr9"}
{"type":"log","timestamp":1676304854736,"level":"debug","message":"Rendering engine handlebars","meta":{"rootId":"2100mn0jzmn90yy","id":"2100mn0jzmn90yy"},"id":"gk0r9tvxh9inw8m","previousOperationId":"qklpjjbps0y31nh"}
{"type":"operationEnd","operationId":"qklpjjbps0y31nh","timestamp":1676304854747,"id":"tgw7h5rhfluasp4","previousEventId":"8qeys3zs7ontp6x","previousOperationId":"qklpjjbps0y31nh"}
{"type":"operationStart","subtype":"recipe","name":"chrome-pdf","timestamp":1676304854747,"id":"epiodunq80cqocb","previousEventId":"tgw7h5rhfluasp4","operationId":"d0vmbulv60iqyt0","previousOperationId":"qklpjjbps0y31nh"}
{"type":"log","timestamp":1676304854747,"level":"debug","message":"Executing recipe chrome-pdf","meta":{"rootId":"2100mn0jzmn90yy","id":"2100mn0jzmn90yy"},"id":"4tb2jxla0cat9zd","previousOperationId":"d0vmbulv60iqyt0"}
{"type":"log","timestamp":1676304854749,"level":"debug","message":"Converting with chrome HeadlessChrome/105.0.5173.0 using chrome-pool strategy","meta":{"rootId":"2100mn0jzmn90yy","id":"2100mn0jzmn90yy"},"id":"f3npas5by33m6e7","previousOperationId":"d0vmbulv60iqyt0"}
{"type":"log","timestamp":1676304854850,"level":"debug","message":"Page request: GET (document) file:///C:/Users/josei/AppData/Local/Temp/jsreport/autocleanup/d0348f8a-d763-499a-8154-3bde8bc9c63c-chrome-pdf.html","meta":{"rootId":"2100mn0jzmn90yy","id":"2100mn0jzmn90yy"},"id":"lnka88jk23j20lz","previousOperationId":"d0vmbulv60iqyt0"}
{"type":"log","timestamp":1676304854861,"level":"debug","message":"Page request finished: GET (document) 200 file:///C:/Users/josei/AppData/Local/Temp/jsreport/autocleanup/d0348f8a-d763-499a-8154-3bde8bc9c63c-chrome-pdf.html","meta":{"rootId":"2100mn0jzmn90yy","id":"2100mn0jzmn90yy"},"id":"2qlz7v4kzolgnk4","previousOperationId":"d0vmbulv60iqyt0"}
{"type":"log","timestamp":1676304854867,"level":"debug","message":"Page request: GET (stylesheet) https://cdnjs.cloudflare.com/ajax/libs/metro/4.1.5/css/metro.min.css","meta":{"rootId":"2100mn0jzmn90yy","id":"2100mn0jzmn90yy"},"id":"oq7ftxns3a9v0bk","previousOperationId":"d0vmbulv60iqyt0"}
{"type":"log","timestamp":1676304854872,"level":"debug","message":"Page request: GET (script) https://cdn.jsdelivr.net/npm/chart.js","meta":{"rootId":"2100mn0jzmn90yy","id":"2100mn0jzmn90yy"},"id":"bajablwgv12k18k","previousOperationId":"d0vmbulv60iqyt0"}
{"type":"log","timestamp":1676304854906,"level":"debug","message":"Page request finished: GET (stylesheet) 200 https://cdnjs.cloudflare.com/ajax/libs/metro/4.1.5/css/metro.min.css","meta":{"rootId":"2100mn0jzmn90yy","id":"2100mn0jzmn90yy"},"id":"rt26d072ikvwcl5","previousOperationId":"d0vmbulv60iqyt0"}
{"type":"log","timestamp":1676304854907,"level":"debug","message":"Page request finished: GET (script) 200 https://cdn.jsdelivr.net/npm/chart.js","meta":{"rootId":"2100mn0jzmn90yy","id":"2100mn0jzmn90yy"},"id":"zh78z8jq33kf9qa","previousOperationId":"d0vmbulv60iqyt0"}
{"type":"log","timestamp":1676304854914,"level":"debug","message":"(console:error) Invalid scale configuration for scale: yAxes","meta":{"userLevel":true,"rootId":"2100mn0jzmn90yy","id":"2100mn0jzmn90yy"},"id":"s1zhkrnkzrqvtyv","previousOperationId":"d0vmbulv60iqyt0"}
{"type":"log","timestamp":1676304855022,"level":"debug","message":"Running chrome with params {\"printBackground\":true,\"timeout\":59713,\"margin\":{}}","meta":{"rootId":"2100mn0jzmn90yy","id":"2100mn0jzmn90yy"},"id":"ls6srwmz16tur3i","previousOperationId":"d0vmbulv60iqyt0"}
{"type":"operationEnd","operationId":"d0vmbulv60iqyt0","timestamp":1676304855121,"id":"h483p4jxahn8qwo","previousEventId":"epiodunq80cqocb","previousOperationId":"d0vmbulv60iqyt0"}
{"type":"log","timestamp":1676304855121,"level":"debug","message":"Skipping storing report.","meta":{"rootId":"2100mn0jzmn90yy","id":"2100mn0jzmn90yy"},"id":"p9nenqa003rxqam","previousOperationId":"d0vmbulv60iqyt0"}
{"type":"log","timestamp":1676304855121,"level":"info","message":"Rendering request 30 finished in 660 ms","meta":{"rootId":"2100mn0jzmn90yy","id":"2100mn0jzmn90yy"},"id":"d21vxwidfeq2a9a","previousOperationId":"d0vmbulv60iqyt0"}
{"type":"operationEnd","subtype":"render","operationId":"w12sztv8a6yxui5","timestamp":1676304855121,"id":"ja2femjn3og4lxc","previousEventId":"h483p4jxahn8qwo","previousOperationId":"d0vmbulv60iqyt0"}
{"type":"operationEnd","doDiffs":false,"previousEventId":"op5lzfngas7j2n6","previousOperationId":"uofgjrngntoud9b","operationId":"uofgjrngntoud9b","timestamp":1676304855125,"id":"z14zzu2u8n6brf7"}
