{"type":"operationStart","subtype":"profile","data":{"_id":"Ji88jpGjeowxZ3Fz","timestamp":"2023-02-13T15:56:19.925Z","state":"queued","mode":"standard","creationDate":"2023-02-13T15:56:19.929Z","modificationDate":"2023-02-13T15:56:19.929Z","shortid":"Wn5FsZZ","$entitySet":"profiles"},"doDiffs":false,"timestamp":1676303779927,"id":"lblczhp5qcttiws","previousOperationId":null,"operationId":"025s6e872lgw070"}
{"type":"log","level":"info","message":"Render request 4 queued for execution and waiting for available worker","previousOperationId":"025s6e872lgw070","timestamp":1676303779927,"id":"ap454mue1ch849l"}
{"type":"operationStart","subtype":"render","name":"prueba","previousOperationId":"025s6e872lgw070","timestamp":1676303779936,"id":"1tle25jzs1cfwxe","previousEventId":"lblczhp5qcttiws","operationId":"01v6grlq8w1e10z"}
{"type":"log","timestamp":1676303779936,"level":"info","message":"Starting rendering request 4","meta":{"rootId":"2kyk4o7idx6h4h5","id":"2kyk4o7idx6h4h5"},"id":"jpc2np8p35gtanc","previousOperationId":"01v6grlq8w1e10z"}
{"type":"log","timestamp":1676303779936,"level":"info","message":"Rendering template { name: prueba, recipe: chrome-pdf, engine: handlebars, preview: true }","meta":{"rootId":"2kyk4o7idx6h4h5","id":"2kyk4o7idx6h4h5"},"id":"fwlsozwhbmg5lea","previousOperationId":"01v6grlq8w1e10z"}
{"type":"log","timestamp":1676303779937,"level":"debug","message":"Data item not defined for this template.","meta":{"rootId":"2kyk4o7idx6h4h5","id":"2kyk4o7idx6h4h5"},"id":"una2u3f8zyr4fhi","previousOperationId":"01v6grlq8w1e10z"}
{"type":"log","timestamp":1676303779939,"level":"debug","message":"Executing script script (beforeRender)","meta":{"rootId":"2kyk4o7idx6h4h5","id":"2kyk4o7idx6h4h5"},"id":"69jc0nxiwvo7gp3","previousOperationId":"01v6grlq8w1e10z"}
{"type":"operationStart","subtype":"scriptsBeforeRender","name":"scripts beforeRender","timestamp":1676303779963,"id":"fmh2fs5g6eh52sx","previousEventId":"1tle25jzs1cfwxe","operationId":"lpb8azwy1ph5lir","previousOperationId":"01v6grlq8w1e10z"}
{"type":"operationStart","subtype":"script","name":"scripts script","previousOperationId":"lpb8azwy1ph5lir","timestamp":1676303779963,"id":"rso31i2tqa2xlfb","previousEventId":"fmh2fs5g6eh52sx","operationId":"kpcproelzaskun2"}
{"type":"operationEnd","operationId":"kpcproelzaskun2","timestamp":1676303780197,"id":"mz7ll6o6e0bkbzv","previousEventId":"1tle25jzs1cfwxe","previousOperationId":"01v6grlq8w1e10z"}
{"type":"operationEnd","operationId":"lpb8azwy1ph5lir","timestamp":1676303780197,"id":"r523l1k7qhemqse","previousEventId":"mz7ll6o6e0bkbzv","previousOperationId":"01v6grlq8w1e10z"}
{"type":"log","timestamp":1676303780197,"level":"debug","message":"Base url not specified, skipping its injection.","meta":{"rootId":"2kyk4o7idx6h4h5","id":"2kyk4o7idx6h4h5"},"id":"kkbg9pt0xrsssbi","previousOperationId":"lpb8azwy1ph5lir"}
{"type":"operationStart","subtype":"engine","name":"handlebars","timestamp":1676303780197,"id":"ag0ih3jtwkwslyo","previousEventId":"r523l1k7qhemqse","operationId":"vtfgz61mqjws8mj","previousOperationId":"lpb8azwy1ph5lir"}
{"type":"log","timestamp":1676303780197,"level":"debug","message":"Rendering engine handlebars","meta":{"rootId":"2kyk4o7idx6h4h5","id":"2kyk4o7idx6h4h5"},"id":"nninrr4nxfdnole","previousOperationId":"vtfgz61mqjws8mj"}
{"type":"operationEnd","operationId":"vtfgz61mqjws8mj","timestamp":1676303780211,"id":"o7tbinpwenbv4lv","previousEventId":"ag0ih3jtwkwslyo","previousOperationId":"vtfgz61mqjws8mj"}
{"type":"operationStart","subtype":"recipe","name":"chrome-pdf","timestamp":1676303780212,"id":"cvt9naximn0jg3b","previousEventId":"o7tbinpwenbv4lv","operationId":"kwx2tocrhzb4bhc","previousOperationId":"vtfgz61mqjws8mj"}
{"type":"log","timestamp":1676303780212,"level":"debug","message":"Executing recipe chrome-pdf","meta":{"rootId":"2kyk4o7idx6h4h5","id":"2kyk4o7idx6h4h5"},"id":"x9hvrsk73vz0y2h","previousOperationId":"kwx2tocrhzb4bhc"}
{"type":"log","timestamp":1676303780214,"level":"debug","message":"Converting with chrome HeadlessChrome/105.0.5173.0 using chrome-pool strategy","meta":{"rootId":"2kyk4o7idx6h4h5","id":"2kyk4o7idx6h4h5"},"id":"q2yan8c4cu2dfcl","previousOperationId":"kwx2tocrhzb4bhc"}
{"type":"log","timestamp":1676303780307,"level":"debug","message":"Page request: GET (document) file:///C:/Users/josei/AppData/Local/Temp/jsreport/autocleanup/31fdd4d2-68e4-4a3e-928e-c6fb7e46da8d-chrome-pdf.html","meta":{"rootId":"2kyk4o7idx6h4h5","id":"2kyk4o7idx6h4h5"},"id":"dqfm70b9kvmyorp","previousOperationId":"kwx2tocrhzb4bhc"}
{"type":"log","timestamp":1676303780328,"level":"debug","message":"Page request finished: GET (document) 200 file:///C:/Users/josei/AppData/Local/Temp/jsreport/autocleanup/31fdd4d2-68e4-4a3e-928e-c6fb7e46da8d-chrome-pdf.html","meta":{"rootId":"2kyk4o7idx6h4h5","id":"2kyk4o7idx6h4h5"},"id":"wwc8x0m5xaa5x30","previousOperationId":"kwx2tocrhzb4bhc"}
{"type":"log","timestamp":1676303780329,"level":"debug","message":"Page request: GET (stylesheet) https://cdnjs.cloudflare.com/ajax/libs/metro/4.1.5/css/metro.min.css","meta":{"rootId":"2kyk4o7idx6h4h5","id":"2kyk4o7idx6h4h5"},"id":"igkcb1otyon0b4d","previousOperationId":"kwx2tocrhzb4bhc"}
{"type":"log","timestamp":1676303780330,"level":"debug","message":"Page request: GET (script) https://cdn.jsdelivr.net/npm/chart.js","meta":{"rootId":"2kyk4o7idx6h4h5","id":"2kyk4o7idx6h4h5"},"id":"0h17f2vfa7xywmx","previousOperationId":"kwx2tocrhzb4bhc"}
{"type":"log","timestamp":1676303780354,"level":"debug","message":"Page request finished: GET (stylesheet) 200 https://cdnjs.cloudflare.com/ajax/libs/metro/4.1.5/css/metro.min.css","meta":{"rootId":"2kyk4o7idx6h4h5","id":"2kyk4o7idx6h4h5"},"id":"8l7st5loe8sk42g","previousOperationId":"kwx2tocrhzb4bhc"}
{"type":"log","timestamp":1676303780354,"level":"debug","message":"Page request finished: GET (script) 200 https://cdn.jsdelivr.net/npm/chart.js","meta":{"rootId":"2kyk4o7idx6h4h5","id":"2kyk4o7idx6h4h5"},"id":"8bixe2hmbxwgvw4","previousOperationId":"kwx2tocrhzb4bhc"}
{"type":"log","timestamp":1676303780362,"level":"debug","message":"(console:error) Invalid scale configuration for scale: yAxes","meta":{"userLevel":true,"rootId":"2kyk4o7idx6h4h5","id":"2kyk4o7idx6h4h5"},"id":"7f55ep5pu9u5whb","previousOperationId":"kwx2tocrhzb4bhc"}
{"type":"log","timestamp":1676303780474,"level":"debug","message":"Running chrome with params {\"printBackground\":true,\"timeout\":59712,\"margin\":{}}","meta":{"rootId":"2kyk4o7idx6h4h5","id":"2kyk4o7idx6h4h5"},"id":"9sztgd5w4e7106d","previousOperationId":"kwx2tocrhzb4bhc"}
{"type":"operationEnd","operationId":"kwx2tocrhzb4bhc","timestamp":1676303780557,"id":"hstzr0az5pbhpps","previousEventId":"cvt9naximn0jg3b","previousOperationId":"kwx2tocrhzb4bhc"}
{"type":"log","timestamp":1676303780557,"level":"debug","message":"Skipping storing report.","meta":{"rootId":"2kyk4o7idx6h4h5","id":"2kyk4o7idx6h4h5"},"id":"3u2g1f02u1onn4m","previousOperationId":"kwx2tocrhzb4bhc"}
{"type":"log","timestamp":1676303780558,"level":"info","message":"Rendering request 4 finished in 633 ms","meta":{"rootId":"2kyk4o7idx6h4h5","id":"2kyk4o7idx6h4h5"},"id":"1cqpueoot90h1wf","previousOperationId":"kwx2tocrhzb4bhc"}
{"type":"operationEnd","subtype":"render","operationId":"01v6grlq8w1e10z","timestamp":1676303780558,"id":"43j4ofrrx2qre3l","previousEventId":"hstzr0az5pbhpps","previousOperationId":"kwx2tocrhzb4bhc"}
{"type":"operationEnd","doDiffs":false,"previousEventId":"lblczhp5qcttiws","previousOperationId":"025s6e872lgw070","operationId":"025s6e872lgw070","timestamp":1676303780565,"id":"ix3zomx2ti8frdy"}
