{"type":"operationStart","subtype":"profile","data":{"_id":"yTDD3QoXmqJoEOSl","timestamp":"2023-02-13T16:45:27.753Z","state":"queued","mode":"standard","creationDate":"2023-02-13T16:45:27.755Z","modificationDate":"2023-02-13T16:45:27.755Z","shortid":"0OxE9Xq","$entitySet":"profiles"},"doDiffs":false,"timestamp":1676306727754,"id":"ttsglahlrkg7cq0","previousOperationId":null,"operationId":"3d8va1gjfqtmkej"}
{"type":"log","level":"info","message":"Render request 84 queued for execution and waiting for available worker","previousOperationId":"3d8va1gjfqtmkej","timestamp":1676306727754,"id":"eepaxfpmjaxj8fl"}
{"type":"operationStart","subtype":"render","name":"prueba","previousOperationId":"3d8va1gjfqtmkej","timestamp":1676306727764,"id":"27kvu9dsg3u434b","previousEventId":"ttsglahlrkg7cq0","operationId":"1og7hmpeerg6hn9"}
{"type":"log","timestamp":1676306727764,"level":"info","message":"Starting rendering request 84","meta":{"rootId":"3co621y391852c4","id":"3co621y391852c4"},"id":"ksbhybspcfrzn7h","previousOperationId":"1og7hmpeerg6hn9"}
{"type":"log","timestamp":1676306727764,"level":"info","message":"Rendering template { name: prueba, recipe: chrome-pdf, engine: handlebars, preview: true }","meta":{"rootId":"3co621y391852c4","id":"3co621y391852c4"},"id":"j8v077oncvsgv94","previousOperationId":"1og7hmpeerg6hn9"}
{"type":"log","timestamp":1676306727764,"level":"debug","message":"Data item not defined for this template.","meta":{"rootId":"3co621y391852c4","id":"3co621y391852c4"},"id":"fjx150929c20b66","previousOperationId":"1og7hmpeerg6hn9"}
{"type":"log","timestamp":1676306727767,"level":"debug","message":"Executing script script (beforeRender)","meta":{"rootId":"3co621y391852c4","id":"3co621y391852c4"},"id":"umne8y5pow4tash","previousOperationId":"1og7hmpeerg6hn9"}
{"type":"operationStart","subtype":"scriptsBeforeRender","name":"scripts beforeRender","timestamp":1676306727790,"id":"gumuhaf4sfiorgx","previousEventId":"27kvu9dsg3u434b","operationId":"mtovqo266wuorp2","previousOperationId":"1og7hmpeerg6hn9"}
{"type":"operationStart","subtype":"script","name":"scripts script","previousOperationId":"mtovqo266wuorp2","timestamp":1676306727790,"id":"h85azwd5dix2kpk","previousEventId":"gumuhaf4sfiorgx","operationId":"qw5viwzq76l9f4f"}
{"type":"operationEnd","operationId":"qw5viwzq76l9f4f","timestamp":1676306728030,"id":"w1ibudbfzfgf8ml","previousEventId":"27kvu9dsg3u434b","previousOperationId":"1og7hmpeerg6hn9"}
{"type":"operationEnd","operationId":"mtovqo266wuorp2","timestamp":1676306728030,"id":"ma2qv9nm10wvskg","previousEventId":"w1ibudbfzfgf8ml","previousOperationId":"1og7hmpeerg6hn9"}
{"type":"log","timestamp":1676306728030,"level":"debug","message":"Base url not specified, skipping its injection.","meta":{"rootId":"3co621y391852c4","id":"3co621y391852c4"},"id":"n022yyocm12plfb","previousOperationId":"mtovqo266wuorp2"}
{"type":"operationStart","subtype":"engine","name":"handlebars","timestamp":1676306728030,"id":"mqd3ddh0c3oqcg8","previousEventId":"ma2qv9nm10wvskg","operationId":"xf9uqb3b2efomox","previousOperationId":"mtovqo266wuorp2"}
{"type":"log","timestamp":1676306728031,"level":"debug","message":"Rendering engine handlebars","meta":{"rootId":"3co621y391852c4","id":"3co621y391852c4"},"id":"h1qla9lkuu96qjz","previousOperationId":"xf9uqb3b2efomox"}
{"type":"operationEnd","operationId":"xf9uqb3b2efomox","timestamp":1676306728044,"id":"zzxf3a0ovc3ej64","previousEventId":"mqd3ddh0c3oqcg8","previousOperationId":"xf9uqb3b2efomox"}
{"type":"operationStart","subtype":"recipe","name":"chrome-pdf","timestamp":1676306728044,"id":"uibsx2a0y43n129","previousEventId":"zzxf3a0ovc3ej64","operationId":"r9oh0x326drqcly","previousOperationId":"xf9uqb3b2efomox"}
{"type":"log","timestamp":1676306728044,"level":"debug","message":"Executing recipe chrome-pdf","meta":{"rootId":"3co621y391852c4","id":"3co621y391852c4"},"id":"jabcfd6b3xcaxze","previousOperationId":"r9oh0x326drqcly"}
{"type":"log","timestamp":1676306728048,"level":"debug","message":"Converting with chrome HeadlessChrome/105.0.5173.0 using chrome-pool strategy","meta":{"rootId":"3co621y391852c4","id":"3co621y391852c4"},"id":"p8v6wipm2x9igac","previousOperationId":"r9oh0x326drqcly"}
{"type":"log","timestamp":1676306728175,"level":"debug","message":"Page request: GET (document) file:///C:/Users/josei/AppData/Local/Temp/jsreport/autocleanup/7fbbae6d-31f1-418c-b226-219f56d4e91b-chrome-pdf.html","meta":{"rootId":"3co621y391852c4","id":"3co621y391852c4"},"id":"g7myt275wscq9yy","previousOperationId":"r9oh0x326drqcly"}
{"type":"log","timestamp":1676306728189,"level":"debug","message":"Page request finished: GET (document) 200 file:///C:/Users/josei/AppData/Local/Temp/jsreport/autocleanup/7fbbae6d-31f1-418c-b226-219f56d4e91b-chrome-pdf.html","meta":{"rootId":"3co621y391852c4","id":"3co621y391852c4"},"id":"5pido28bfq2rtyz","previousOperationId":"r9oh0x326drqcly"}
{"type":"log","timestamp":1676306728189,"level":"debug","message":"Page request: GET (stylesheet) https://cdnjs.cloudflare.com/ajax/libs/metro/4.1.5/css/metro.min.css","meta":{"rootId":"3co621y391852c4","id":"3co621y391852c4"},"id":"eqhessg3o0cttvl","previousOperationId":"r9oh0x326drqcly"}
{"type":"log","timestamp":1676306728189,"level":"debug","message":"Page request: GET (script) https://cdn.jsdelivr.net/npm/chart.js","meta":{"rootId":"3co621y391852c4","id":"3co621y391852c4"},"id":"zf9a101dqumjw1k","previousOperationId":"r9oh0x326drqcly"}
{"type":"log","timestamp":1676306728197,"level":"debug","message":"Page request finished: GET (script) 200 https://cdn.jsdelivr.net/npm/chart.js","meta":{"rootId":"3co621y391852c4","id":"3co621y391852c4"},"id":"p0sy789crrmwspn","previousOperationId":"r9oh0x326drqcly"}
{"type":"log","timestamp":1676306728215,"level":"debug","message":"Page request finished: GET (stylesheet) 200 https://cdnjs.cloudflare.com/ajax/libs/metro/4.1.5/css/metro.min.css","meta":{"rootId":"3co621y391852c4","id":"3co621y391852c4"},"id":"wykq336164pw4bz","previousOperationId":"r9oh0x326drqcly"}
{"type":"log","timestamp":1676306728225,"level":"debug","message":"(console:error) Invalid scale configuration for scale: yAxes","meta":{"userLevel":true,"rootId":"3co621y391852c4","id":"3co621y391852c4"},"id":"96kjbrbqfhwseat","previousOperationId":"r9oh0x326drqcly"}
{"type":"log","timestamp":1676306728345,"level":"debug","message":"Running chrome with params {\"printBackground\":true,\"timeout\":59707,\"margin\":{}}","meta":{"rootId":"3co621y391852c4","id":"3co621y391852c4"},"id":"xcnfr9ds9pi7r8f","previousOperationId":"r9oh0x326drqcly"}
{"type":"operationEnd","operationId":"r9oh0x326drqcly","timestamp":1676306728434,"id":"pwtf9wd3sazrfsk","previousEventId":"uibsx2a0y43n129","previousOperationId":"r9oh0x326drqcly"}
{"type":"log","timestamp":1676306728434,"level":"debug","message":"Skipping storing report.","meta":{"rootId":"3co621y391852c4","id":"3co621y391852c4"},"id":"dj8748pu9qnww2z","previousOperationId":"r9oh0x326drqcly"}
{"type":"log","timestamp":1676306728434,"level":"info","message":"Rendering request 84 finished in 682 ms","meta":{"rootId":"3co621y391852c4","id":"3co621y391852c4"},"id":"gy4vkqwb5i93luz","previousOperationId":"r9oh0x326drqcly"}
{"type":"operationEnd","subtype":"render","operationId":"1og7hmpeerg6hn9","timestamp":1676306728434,"id":"tl4vxrl0oe6fg6u","previousEventId":"pwtf9wd3sazrfsk","previousOperationId":"r9oh0x326drqcly"}
{"type":"operationEnd","doDiffs":false,"previousEventId":"ttsglahlrkg7cq0","previousOperationId":"3d8va1gjfqtmkej","operationId":"3d8va1gjfqtmkej","timestamp":1676306728439,"id":"8lp1o9hyw7vuqb1"}
