{"type":"operationStart","subtype":"profile","data":{"_id":"kHcA9Q8rFjNr22Up","timestamp":"2023-02-13T16:28:20.879Z","state":"queued","mode":"standard","creationDate":"2023-02-13T16:28:20.882Z","modificationDate":"2023-02-13T16:28:20.882Z","shortid":"mq9rlZ5","$entitySet":"profiles"},"doDiffs":false,"timestamp":1676305700879,"id":"i3f1xyybnaqaiul","previousOperationId":null,"operationId":"wrdoczjatmt6ltm"}
{"type":"log","level":"info","message":"Render request 47 queued for execution and waiting for available worker","previousOperationId":"wrdoczjatmt6ltm","timestamp":1676305700880,"id":"hqs2sgrnksbb4xx"}
{"type":"operationStart","subtype":"render","name":"prueba","previousOperationId":"wrdoczjatmt6ltm","timestamp":1676305700890,"id":"fipx21jqgpiww7n","previousEventId":"i3f1xyybnaqaiul","operationId":"8r1d9b34n2aw3a6"}
{"type":"log","timestamp":1676305700890,"level":"info","message":"Starting rendering request 47","meta":{"rootId":"3egtz3ytjr5ecvt","id":"3egtz3ytjr5ecvt"},"id":"x78qqwmus1ca8mg","previousOperationId":"8r1d9b34n2aw3a6"}
{"type":"log","timestamp":1676305700890,"level":"info","message":"Rendering template { name: prueba, recipe: chrome-pdf, engine: handlebars, preview: true }","meta":{"rootId":"3egtz3ytjr5ecvt","id":"3egtz3ytjr5ecvt"},"id":"h3k3p0mvgzlug1z","previousOperationId":"8r1d9b34n2aw3a6"}
{"type":"log","timestamp":1676305700891,"level":"debug","message":"Data item not defined for this template.","meta":{"rootId":"3egtz3ytjr5ecvt","id":"3egtz3ytjr5ecvt"},"id":"ru0cwa19s3qa2wd","previousOperationId":"8r1d9b34n2aw3a6"}
{"type":"log","timestamp":1676305700894,"level":"debug","message":"Executing script script (beforeRender)","meta":{"rootId":"3egtz3ytjr5ecvt","id":"3egtz3ytjr5ecvt"},"id":"5xtxopu52xiv1is","previousOperationId":"8r1d9b34n2aw3a6"}
{"type":"operationStart","subtype":"scriptsBeforeRender","name":"scripts beforeRender","timestamp":1676305700914,"id":"9udfcm1xcsvrtey","previousEventId":"fipx21jqgpiww7n","operationId":"purblr61s7eru2v","previousOperationId":"8r1d9b34n2aw3a6"}
{"type":"operationStart","subtype":"script","name":"scripts script","previousOperationId":"purblr61s7eru2v","timestamp":1676305700914,"id":"cdi6f2papkc8c0x","previousEventId":"9udfcm1xcsvrtey","operationId":"4vkxfkue1vxq8iy"}
{"type":"operationEnd","operationId":"4vkxfkue1vxq8iy","timestamp":1676305701117,"id":"trt9qlvic7a5ihm","previousEventId":"fipx21jqgpiww7n","previousOperationId":"8r1d9b34n2aw3a6"}
{"type":"operationEnd","operationId":"purblr61s7eru2v","timestamp":1676305701117,"id":"pzhchoapy11hwn6","previousEventId":"trt9qlvic7a5ihm","previousOperationId":"8r1d9b34n2aw3a6"}
{"type":"log","timestamp":1676305701117,"level":"debug","message":"Base url not specified, skipping its injection.","meta":{"rootId":"3egtz3ytjr5ecvt","id":"3egtz3ytjr5ecvt"},"id":"etno0od3ni5zb5k","previousOperationId":"purblr61s7eru2v"}
{"type":"operationStart","subtype":"engine","name":"handlebars","timestamp":1676305701117,"id":"z1kpikqveoiqdzb","previousEventId":"pzhchoapy11hwn6","operationId":"w2qe6on5p1syics","previousOperationId":"purblr61s7eru2v"}
{"type":"log","timestamp":1676305701117,"level":"debug","message":"Rendering engine handlebars","meta":{"rootId":"3egtz3ytjr5ecvt","id":"3egtz3ytjr5ecvt"},"id":"958cpm7mv9xzd8z","previousOperationId":"w2qe6on5p1syics"}
{"type":"operationEnd","operationId":"w2qe6on5p1syics","timestamp":1676305701127,"id":"stsbgqwprqyiov8","previousEventId":"z1kpikqveoiqdzb","previousOperationId":"w2qe6on5p1syics"}
{"type":"operationStart","subtype":"recipe","name":"chrome-pdf","timestamp":1676305701128,"id":"nfxmk2ki3pebioh","previousEventId":"stsbgqwprqyiov8","operationId":"i5tam1zbnis66pn","previousOperationId":"w2qe6on5p1syics"}
{"type":"log","timestamp":1676305701128,"level":"debug","message":"Executing recipe chrome-pdf","meta":{"rootId":"3egtz3ytjr5ecvt","id":"3egtz3ytjr5ecvt"},"id":"slxcdnt8nnglswd","previousOperationId":"i5tam1zbnis66pn"}
{"type":"log","timestamp":1676305701130,"level":"debug","message":"Converting with chrome HeadlessChrome/105.0.5173.0 using chrome-pool strategy","meta":{"rootId":"3egtz3ytjr5ecvt","id":"3egtz3ytjr5ecvt"},"id":"7jaar8ytgs5m34x","previousOperationId":"i5tam1zbnis66pn"}
{"type":"log","timestamp":1676305701248,"level":"debug","message":"Page request: GET (document) file:///C:/Users/josei/AppData/Local/Temp/jsreport/autocleanup/e938253a-6b79-44b6-8d0c-4149c6166361-chrome-pdf.html","meta":{"rootId":"3egtz3ytjr5ecvt","id":"3egtz3ytjr5ecvt"},"id":"1476901xqp02zze","previousOperationId":"i5tam1zbnis66pn"}
{"type":"log","timestamp":1676305701262,"level":"debug","message":"Page request finished: GET (document) 200 file:///C:/Users/josei/AppData/Local/Temp/jsreport/autocleanup/e938253a-6b79-44b6-8d0c-4149c6166361-chrome-pdf.html","meta":{"rootId":"3egtz3ytjr5ecvt","id":"3egtz3ytjr5ecvt"},"id":"picqvuwmags2e0w","previousOperationId":"i5tam1zbnis66pn"}
{"type":"log","timestamp":1676305701262,"level":"debug","message":"Page request: GET (stylesheet) https://cdnjs.cloudflare.com/ajax/libs/metro/4.1.5/css/metro.min.css","meta":{"rootId":"3egtz3ytjr5ecvt","id":"3egtz3ytjr5ecvt"},"id":"udxr1jm43pru6mp","previousOperationId":"i5tam1zbnis66pn"}
{"type":"log","timestamp":1676305701263,"level":"debug","message":"Page request: GET (script) https://cdn.jsdelivr.net/npm/chart.js","meta":{"rootId":"3egtz3ytjr5ecvt","id":"3egtz3ytjr5ecvt"},"id":"exb50ttwvqtbr71","previousOperationId":"i5tam1zbnis66pn"}
{"type":"log","timestamp":1676305701269,"level":"debug","message":"Page request finished: GET (script) 200 https://cdn.jsdelivr.net/npm/chart.js","meta":{"rootId":"3egtz3ytjr5ecvt","id":"3egtz3ytjr5ecvt"},"id":"fy9s34olrz9ljrd","previousOperationId":"i5tam1zbnis66pn"}
{"type":"log","timestamp":1676305701286,"level":"debug","message":"Page request finished: GET (stylesheet) 200 https://cdnjs.cloudflare.com/ajax/libs/metro/4.1.5/css/metro.min.css","meta":{"rootId":"3egtz3ytjr5ecvt","id":"3egtz3ytjr5ecvt"},"id":"ydgrnzb5ru8hbw2","previousOperationId":"i5tam1zbnis66pn"}
{"type":"log","timestamp":1676305701294,"level":"debug","message":"(console:error) Invalid scale configuration for scale: yAxes","meta":{"userLevel":true,"rootId":"3egtz3ytjr5ecvt","id":"3egtz3ytjr5ecvt"},"id":"jxhh4zlq32n14ii","previousOperationId":"i5tam1zbnis66pn"}
{"type":"log","timestamp":1676305701389,"level":"debug","message":"Running chrome with params {\"printBackground\":true,\"timeout\":59750,\"margin\":{}}","meta":{"rootId":"3egtz3ytjr5ecvt","id":"3egtz3ytjr5ecvt"},"id":"5ot07w4mj3bn795","previousOperationId":"i5tam1zbnis66pn"}
{"type":"operationEnd","operationId":"i5tam1zbnis66pn","timestamp":1676305701465,"id":"6npuj7f44v71l4k","previousEventId":"nfxmk2ki3pebioh","previousOperationId":"i5tam1zbnis66pn"}
{"type":"log","timestamp":1676305701466,"level":"debug","message":"Skipping storing report.","meta":{"rootId":"3egtz3ytjr5ecvt","id":"3egtz3ytjr5ecvt"},"id":"xwvf3wfz384liq4","previousOperationId":"i5tam1zbnis66pn"}
{"type":"log","timestamp":1676305701466,"level":"info","message":"Rendering request 47 finished in 587 ms","meta":{"rootId":"3egtz3ytjr5ecvt","id":"3egtz3ytjr5ecvt"},"id":"8cuinwute0dmrla","previousOperationId":"i5tam1zbnis66pn"}
{"type":"operationEnd","subtype":"render","operationId":"8r1d9b34n2aw3a6","timestamp":1676305701466,"id":"9ostld52918nc32","previousEventId":"6npuj7f44v71l4k","previousOperationId":"i5tam1zbnis66pn"}
{"type":"operationEnd","doDiffs":false,"previousEventId":"i3f1xyybnaqaiul","previousOperationId":"wrdoczjatmt6ltm","operationId":"wrdoczjatmt6ltm","timestamp":1676305701470,"id":"s6lu2dw8auj5hfq"}
