{"type":"operationStart","subtype":"profile","data":{"_id":"R5YIy837yr4BvcGq","timestamp":"2023-02-13T16:12:10.908Z","state":"queued","mode":"standard","creationDate":"2023-02-13T16:12:10.909Z","modificationDate":"2023-02-13T16:12:10.909Z","shortid":"fLw8N7Y","$entitySet":"profiles"},"doDiffs":false,"timestamp":1676304730908,"id":"6rv3o2cj3fhzqzr","previousOperationId":null,"operationId":"01fehcglz8hveth"}
{"type":"log","level":"info","message":"Render request 26 queued for execution and waiting for available worker","previousOperationId":"01fehcglz8hveth","timestamp":1676304730909,"id":"6y5ynu1xbbwfhmx"}
{"type":"operationStart","subtype":"render","name":"prueba","previousOperationId":"01fehcglz8hveth","timestamp":1676304730922,"id":"0czbigeajl2telm","previousEventId":"6rv3o2cj3fhzqzr","operationId":"zwyo4h263nxgcuk"}
{"type":"log","timestamp":1676304730922,"level":"info","message":"Starting rendering request 26","meta":{"rootId":"3gcyb091z2lkjr1","id":"3gcyb091z2lkjr1"},"id":"di08h2pnf92us9t","previousOperationId":"zwyo4h263nxgcuk"}
{"type":"log","timestamp":1676304730922,"level":"info","message":"Rendering template { name: prueba, recipe: chrome-pdf, engine: handlebars, preview: true }","meta":{"rootId":"3gcyb091z2lkjr1","id":"3gcyb091z2lkjr1"},"id":"ag3y4td7hqpqetu","previousOperationId":"zwyo4h263nxgcuk"}
{"type":"log","timestamp":1676304730923,"level":"debug","message":"Data item not defined for this template.","meta":{"rootId":"3gcyb091z2lkjr1","id":"3gcyb091z2lkjr1"},"id":"7tje13t56kaaips","previousOperationId":"zwyo4h263nxgcuk"}
{"type":"log","timestamp":1676304730926,"level":"debug","message":"Executing script script (beforeRender)","meta":{"rootId":"3gcyb091z2lkjr1","id":"3gcyb091z2lkjr1"},"id":"3gngmx2knecsed8","previousOperationId":"zwyo4h263nxgcuk"}
{"type":"operationStart","subtype":"scriptsBeforeRender","name":"scripts beforeRender","timestamp":1676304730956,"id":"r5sm34nfqg52tr8","previousEventId":"0czbigeajl2telm","operationId":"9oh9m7nk700s333","previousOperationId":"zwyo4h263nxgcuk"}
{"type":"operationStart","subtype":"script","name":"scripts script","previousOperationId":"9oh9m7nk700s333","timestamp":1676304730956,"id":"6jyqt3lv2as2k0a","previousEventId":"r5sm34nfqg52tr8","operationId":"dntv5y12hvzts90"}
{"type":"operationEnd","operationId":"dntv5y12hvzts90","timestamp":1676304731142,"id":"br18w7sbkekui7g","previousEventId":"0czbigeajl2telm","previousOperationId":"zwyo4h263nxgcuk"}
{"type":"operationEnd","operationId":"9oh9m7nk700s333","timestamp":1676304731142,"id":"boyrcptuqhns1r4","previousEventId":"br18w7sbkekui7g","previousOperationId":"zwyo4h263nxgcuk"}
{"type":"log","timestamp":1676304731142,"level":"debug","message":"Base url not specified, skipping its injection.","meta":{"rootId":"3gcyb091z2lkjr1","id":"3gcyb091z2lkjr1"},"id":"j54sc56jtfp1hle","previousOperationId":"9oh9m7nk700s333"}
{"type":"operationStart","subtype":"engine","name":"handlebars","timestamp":1676304731142,"id":"jp0t3eowp4sfd5b","previousEventId":"boyrcptuqhns1r4","operationId":"y2kllh9ckaegl8k","previousOperationId":"9oh9m7nk700s333"}
{"type":"log","timestamp":1676304731142,"level":"debug","message":"Rendering engine handlebars","meta":{"rootId":"3gcyb091z2lkjr1","id":"3gcyb091z2lkjr1"},"id":"sc699jo9vtwz8z8","previousOperationId":"y2kllh9ckaegl8k"}
{"type":"operationEnd","operationId":"y2kllh9ckaegl8k","timestamp":1676304731152,"id":"rsg6rugktxeor6b","previousEventId":"jp0t3eowp4sfd5b","previousOperationId":"y2kllh9ckaegl8k"}
{"type":"operationStart","subtype":"recipe","name":"chrome-pdf","timestamp":1676304731152,"id":"kas5zlwcu6a5ehr","previousEventId":"rsg6rugktxeor6b","operationId":"e3q1tw3z4ll94kv","previousOperationId":"y2kllh9ckaegl8k"}
{"type":"log","timestamp":1676304731152,"level":"debug","message":"Executing recipe chrome-pdf","meta":{"rootId":"3gcyb091z2lkjr1","id":"3gcyb091z2lkjr1"},"id":"hdaixf02zrxm9d3","previousOperationId":"e3q1tw3z4ll94kv"}
{"type":"log","timestamp":1676304731155,"level":"debug","message":"Converting with chrome HeadlessChrome/105.0.5173.0 using chrome-pool strategy","meta":{"rootId":"3gcyb091z2lkjr1","id":"3gcyb091z2lkjr1"},"id":"g45baxx0o9bi0ds","previousOperationId":"e3q1tw3z4ll94kv"}
{"type":"log","timestamp":1676304731254,"level":"debug","message":"Page request: GET (document) file:///C:/Users/josei/AppData/Local/Temp/jsreport/autocleanup/2a8908de-b23d-4dbb-be43-63a0f9997980-chrome-pdf.html","meta":{"rootId":"3gcyb091z2lkjr1","id":"3gcyb091z2lkjr1"},"id":"06u7hc1e3od6uto","previousOperationId":"e3q1tw3z4ll94kv"}
{"type":"log","timestamp":1676304731263,"level":"debug","message":"Page request finished: GET (document) 200 file:///C:/Users/josei/AppData/Local/Temp/jsreport/autocleanup/2a8908de-b23d-4dbb-be43-63a0f9997980-chrome-pdf.html","meta":{"rootId":"3gcyb091z2lkjr1","id":"3gcyb091z2lkjr1"},"id":"mt5j5w9vf2tas9z","previousOperationId":"e3q1tw3z4ll94kv"}
{"type":"log","timestamp":1676304731263,"level":"debug","message":"Page request: GET (stylesheet) https://cdnjs.cloudflare.com/ajax/libs/metro/4.1.5/css/metro.min.css","meta":{"rootId":"3gcyb091z2lkjr1","id":"3gcyb091z2lkjr1"},"id":"aj559yhv5tmbmvz","previousOperationId":"e3q1tw3z4ll94kv"}
{"type":"log","timestamp":1676304731264,"level":"debug","message":"Page request: GET (script) https://cdn.jsdelivr.net/npm/chart.js","meta":{"rootId":"3gcyb091z2lkjr1","id":"3gcyb091z2lkjr1"},"id":"wauq3ran4auwwzl","previousOperationId":"e3q1tw3z4ll94kv"}
{"type":"log","timestamp":1676304731287,"level":"debug","message":"Page request finished: GET (stylesheet) 200 https://cdnjs.cloudflare.com/ajax/libs/metro/4.1.5/css/metro.min.css","meta":{"rootId":"3gcyb091z2lkjr1","id":"3gcyb091z2lkjr1"},"id":"dsghouk2s6l0ymx","previousOperationId":"e3q1tw3z4ll94kv"}
{"type":"log","timestamp":1676304731288,"level":"debug","message":"Page request finished: GET (script) 200 https://cdn.jsdelivr.net/npm/chart.js","meta":{"rootId":"3gcyb091z2lkjr1","id":"3gcyb091z2lkjr1"},"id":"24trmbfx9ywo8rw","previousOperationId":"e3q1tw3z4ll94kv"}
{"type":"log","timestamp":1676304731294,"level":"debug","message":"(console:error) Invalid scale configuration for scale: yAxes","meta":{"userLevel":true,"rootId":"3gcyb091z2lkjr1","id":"3gcyb091z2lkjr1"},"id":"k6ux992miifo91d","previousOperationId":"e3q1tw3z4ll94kv"}
{"type":"log","timestamp":1676304731390,"level":"debug","message":"Running chrome with params {\"printBackground\":true,\"timeout\":59754,\"margin\":{}}","meta":{"rootId":"3gcyb091z2lkjr1","id":"3gcyb091z2lkjr1"},"id":"jrftfl9v3towlh1","previousOperationId":"e3q1tw3z4ll94kv"}
{"type":"operationEnd","operationId":"e3q1tw3z4ll94kv","timestamp":1676304731470,"id":"nyfinvrbld8jg1z","previousEventId":"kas5zlwcu6a5ehr","previousOperationId":"e3q1tw3z4ll94kv"}
{"type":"log","timestamp":1676304731470,"level":"debug","message":"Skipping storing report.","meta":{"rootId":"3gcyb091z2lkjr1","id":"3gcyb091z2lkjr1"},"id":"ypbk1eiigqmt5gv","previousOperationId":"e3q1tw3z4ll94kv"}
{"type":"log","timestamp":1676304731470,"level":"info","message":"Rendering request 26 finished in 562 ms","meta":{"rootId":"3gcyb091z2lkjr1","id":"3gcyb091z2lkjr1"},"id":"buofrtujswo2mq4","previousOperationId":"e3q1tw3z4ll94kv"}
{"type":"operationEnd","subtype":"render","operationId":"zwyo4h263nxgcuk","timestamp":1676304731470,"id":"j8yfjbx1tii03fi","previousEventId":"nyfinvrbld8jg1z","previousOperationId":"e3q1tw3z4ll94kv"}
{"type":"operationEnd","doDiffs":false,"previousEventId":"6rv3o2cj3fhzqzr","previousOperationId":"01fehcglz8hveth","operationId":"01fehcglz8hveth","timestamp":1676304731477,"id":"svcclf45kuhzgae"}
