{"type":"operationStart","subtype":"profile","data":{"_id":"vpfzwJTeNxbZNyZF","timestamp":"2023-02-13T16:22:43.318Z","state":"queued","mode":"standard","creationDate":"2023-02-13T16:22:43.320Z","modificationDate":"2023-02-13T16:22:43.320Z","shortid":"FHyjOsi","$entitySet":"profiles"},"doDiffs":false,"timestamp":1676305363319,"id":"ihqu1en1tm1sd0b","previousOperationId":null,"operationId":"do7k68u0z2bc128"}
{"type":"log","level":"info","message":"Render request 41 queued for execution and waiting for available worker","previousOperationId":"do7k68u0z2bc128","timestamp":1676305363319,"id":"zpsdlzqpe4ru7jh"}
{"type":"operationStart","subtype":"render","name":"prueba","previousOperationId":"do7k68u0z2bc128","timestamp":1676305363327,"id":"lxxpy8sfc5rmdxn","previousEventId":"ihqu1en1tm1sd0b","operationId":"mmzv897s00xs6oo"}
{"type":"log","timestamp":1676305363327,"level":"info","message":"Starting rendering request 41","meta":{"rootId":"3nvkpr5ca687hgd","id":"3nvkpr5ca687hgd"},"id":"bb8k6o4qvbb99sg","previousOperationId":"mmzv897s00xs6oo"}
{"type":"log","timestamp":1676305363328,"level":"info","message":"Rendering template { name: prueba, recipe: chrome-pdf, engine: handlebars, preview: true }","meta":{"rootId":"3nvkpr5ca687hgd","id":"3nvkpr5ca687hgd"},"id":"i9ed1albw7iskrt","previousOperationId":"mmzv897s00xs6oo"}
{"type":"log","timestamp":1676305363328,"level":"debug","message":"Data item not defined for this template.","meta":{"rootId":"3nvkpr5ca687hgd","id":"3nvkpr5ca687hgd"},"id":"lr06gfzqok811ed","previousOperationId":"mmzv897s00xs6oo"}
{"type":"log","timestamp":1676305363332,"level":"debug","message":"Executing script script (beforeRender)","meta":{"rootId":"3nvkpr5ca687hgd","id":"3nvkpr5ca687hgd"},"id":"vsswti645rm7yz3","previousOperationId":"mmzv897s00xs6oo"}
{"type":"operationStart","subtype":"scriptsBeforeRender","name":"scripts beforeRender","timestamp":1676305363353,"id":"i5wo5d5rgsklgqe","previousEventId":"lxxpy8sfc5rmdxn","operationId":"in6ogmljluewkti","previousOperationId":"mmzv897s00xs6oo"}
{"type":"operationStart","subtype":"script","name":"scripts script","previousOperationId":"in6ogmljluewkti","timestamp":1676305363353,"id":"ibgrqcdstsa5sqg","previousEventId":"i5wo5d5rgsklgqe","operationId":"3910d93zc3jq5r3"}
{"type":"operationEnd","operationId":"3910d93zc3jq5r3","timestamp":1676305363572,"id":"23vdnovxhvpjzqc","previousEventId":"lxxpy8sfc5rmdxn","previousOperationId":"mmzv897s00xs6oo"}
{"type":"operationEnd","operationId":"in6ogmljluewkti","timestamp":1676305363572,"id":"zqbd24p2micmeu9","previousEventId":"23vdnovxhvpjzqc","previousOperationId":"mmzv897s00xs6oo"}
{"type":"log","timestamp":1676305363572,"level":"debug","message":"Base url not specified, skipping its injection.","meta":{"rootId":"3nvkpr5ca687hgd","id":"3nvkpr5ca687hgd"},"id":"jhh5duaomt1dhlr","previousOperationId":"in6ogmljluewkti"}
{"type":"operationStart","subtype":"engine","name":"handlebars","timestamp":1676305363572,"id":"ctr6swncj2v6aur","previousEventId":"zqbd24p2micmeu9","operationId":"9kofegztjnl0h66","previousOperationId":"in6ogmljluewkti"}
{"type":"log","timestamp":1676305363572,"level":"debug","message":"Rendering engine handlebars","meta":{"rootId":"3nvkpr5ca687hgd","id":"3nvkpr5ca687hgd"},"id":"jqa9g388wiomh10","previousOperationId":"9kofegztjnl0h66"}
{"type":"operationEnd","operationId":"9kofegztjnl0h66","timestamp":1676305363591,"id":"d1ytk7x8pw6gjb6","previousEventId":"ctr6swncj2v6aur","previousOperationId":"9kofegztjnl0h66"}
{"type":"operationStart","subtype":"recipe","name":"chrome-pdf","timestamp":1676305363591,"id":"vm5yckopsnerzg1","previousEventId":"d1ytk7x8pw6gjb6","operationId":"js6nq0t6m7i1try","previousOperationId":"9kofegztjnl0h66"}
{"type":"log","timestamp":1676305363591,"level":"debug","message":"Executing recipe chrome-pdf","meta":{"rootId":"3nvkpr5ca687hgd","id":"3nvkpr5ca687hgd"},"id":"y16i0wyjtmiunmn","previousOperationId":"js6nq0t6m7i1try"}
{"type":"log","timestamp":1676305363595,"level":"debug","message":"Converting with chrome HeadlessChrome/105.0.5173.0 using chrome-pool strategy","meta":{"rootId":"3nvkpr5ca687hgd","id":"3nvkpr5ca687hgd"},"id":"rf2paxilc4wienq","previousOperationId":"js6nq0t6m7i1try"}
{"type":"log","timestamp":1676305363698,"level":"debug","message":"Page request: GET (document) file:///C:/Users/josei/AppData/Local/Temp/jsreport/autocleanup/9ea84f27-9d60-4ac4-a1a3-39982af8d33f-chrome-pdf.html","meta":{"rootId":"3nvkpr5ca687hgd","id":"3nvkpr5ca687hgd"},"id":"a050wq81as5t7w6","previousOperationId":"js6nq0t6m7i1try"}
{"type":"log","timestamp":1676305363707,"level":"debug","message":"Page request finished: GET (document) 200 file:///C:/Users/josei/AppData/Local/Temp/jsreport/autocleanup/9ea84f27-9d60-4ac4-a1a3-39982af8d33f-chrome-pdf.html","meta":{"rootId":"3nvkpr5ca687hgd","id":"3nvkpr5ca687hgd"},"id":"x4xdhvpu88uhr57","previousOperationId":"js6nq0t6m7i1try"}
{"type":"log","timestamp":1676305363707,"level":"debug","message":"Page request: GET (stylesheet) https://cdnjs.cloudflare.com/ajax/libs/metro/4.1.5/css/metro.min.css","meta":{"rootId":"3nvkpr5ca687hgd","id":"3nvkpr5ca687hgd"},"id":"f73fcvp52tzymq7","previousOperationId":"js6nq0t6m7i1try"}
{"type":"log","timestamp":1676305363707,"level":"debug","message":"Page request: GET (script) https://cdn.jsdelivr.net/npm/chart.js","meta":{"rootId":"3nvkpr5ca687hgd","id":"3nvkpr5ca687hgd"},"id":"tb5r8ojc0qivmv4","previousOperationId":"js6nq0t6m7i1try"}
{"type":"log","timestamp":1676305363714,"level":"debug","message":"Page request finished: GET (script) 200 https://cdn.jsdelivr.net/npm/chart.js","meta":{"rootId":"3nvkpr5ca687hgd","id":"3nvkpr5ca687hgd"},"id":"js59vwko9rw0ezg","previousOperationId":"js6nq0t6m7i1try"}
{"type":"log","timestamp":1676305363732,"level":"debug","message":"Page request finished: GET (stylesheet) 200 https://cdnjs.cloudflare.com/ajax/libs/metro/4.1.5/css/metro.min.css","meta":{"rootId":"3nvkpr5ca687hgd","id":"3nvkpr5ca687hgd"},"id":"sk58lo6igwt3kyg","previousOperationId":"js6nq0t6m7i1try"}
{"type":"log","timestamp":1676305363739,"level":"debug","message":"(console:error) Invalid scale configuration for scale: yAxes","meta":{"userLevel":true,"rootId":"3nvkpr5ca687hgd","id":"3nvkpr5ca687hgd"},"id":"qe1bq445zsa73yb","previousOperationId":"js6nq0t6m7i1try"}
{"type":"log","timestamp":1676305363834,"level":"debug","message":"Running chrome with params {\"printBackground\":true,\"timeout\":59725,\"margin\":{}}","meta":{"rootId":"3nvkpr5ca687hgd","id":"3nvkpr5ca687hgd"},"id":"hwgl99ztvopigdq","previousOperationId":"js6nq0t6m7i1try"}
{"type":"operationEnd","operationId":"js6nq0t6m7i1try","timestamp":1676305363914,"id":"rivsbv58wqp8hth","previousEventId":"vm5yckopsnerzg1","previousOperationId":"js6nq0t6m7i1try"}
{"type":"log","timestamp":1676305363914,"level":"debug","message":"Skipping storing report.","meta":{"rootId":"3nvkpr5ca687hgd","id":"3nvkpr5ca687hgd"},"id":"yligmlcfiesmmsu","previousOperationId":"js6nq0t6m7i1try"}
{"type":"log","timestamp":1676305363914,"level":"info","message":"Rendering request 41 finished in 596 ms","meta":{"rootId":"3nvkpr5ca687hgd","id":"3nvkpr5ca687hgd"},"id":"8iesxxlpndhsd0d","previousOperationId":"js6nq0t6m7i1try"}
{"type":"operationEnd","subtype":"render","operationId":"mmzv897s00xs6oo","timestamp":1676305363914,"id":"sca1qaw83uzd8y7","previousEventId":"rivsbv58wqp8hth","previousOperationId":"js6nq0t6m7i1try"}
{"type":"operationEnd","doDiffs":false,"previousEventId":"ihqu1en1tm1sd0b","previousOperationId":"do7k68u0z2bc128","operationId":"do7k68u0z2bc128","timestamp":1676305363919,"id":"u32vjfrdcyf8fad"}
