{"type":"operationStart","subtype":"profile","data":{"_id":"aOWlBK5Qhk6MiEKZ","timestamp":"2023-02-13T15:57:35.031Z","state":"queued","mode":"standard","creationDate":"2023-02-13T15:57:35.033Z","modificationDate":"2023-02-13T15:57:35.033Z","shortid":"POK066z","$entitySet":"profiles"},"doDiffs":false,"timestamp":1676303855032,"id":"rjvto4uztkts74v","previousOperationId":null,"operationId":"crp0q9gg59brtl6"}
{"type":"log","level":"info","message":"Render request 6 queued for execution and waiting for available worker","previousOperationId":"crp0q9gg59brtl6","timestamp":1676303855032,"id":"iqe6u746akesehr"}
{"type":"operationStart","subtype":"render","name":"prueba","previousOperationId":"crp0q9gg59brtl6","timestamp":1676303855044,"id":"dnumg7gmsp12l0l","previousEventId":"rjvto4uztkts74v","operationId":"7041kqa682utpcz"}
{"type":"log","timestamp":1676303855044,"level":"info","message":"Starting rendering request 6","meta":{"rootId":"3rc4x3hjvp3k9g9","id":"3rc4x3hjvp3k9g9"},"id":"yhza4q1g2tano43","previousOperationId":"7041kqa682utpcz"}
{"type":"log","timestamp":1676303855044,"level":"info","message":"Rendering template { name: prueba, recipe: chrome-pdf, engine: handlebars, preview: true }","meta":{"rootId":"3rc4x3hjvp3k9g9","id":"3rc4x3hjvp3k9g9"},"id":"dfss0ukm0a73thl","previousOperationId":"7041kqa682utpcz"}
{"type":"log","timestamp":1676303855045,"level":"debug","message":"Data item not defined for this template.","meta":{"rootId":"3rc4x3hjvp3k9g9","id":"3rc4x3hjvp3k9g9"},"id":"6evxmbyl73x6jg1","previousOperationId":"7041kqa682utpcz"}
{"type":"log","timestamp":1676303855052,"level":"debug","message":"Executing script script (beforeRender)","meta":{"rootId":"3rc4x3hjvp3k9g9","id":"3rc4x3hjvp3k9g9"},"id":"nybiiluvw0xjxvh","previousOperationId":"7041kqa682utpcz"}
{"type":"operationStart","subtype":"scriptsBeforeRender","name":"scripts beforeRender","timestamp":1676303855073,"id":"n5zbupallk4eqz7","previousEventId":"dnumg7gmsp12l0l","operationId":"od6lmxet86peol3","previousOperationId":"7041kqa682utpcz"}
{"type":"operationStart","subtype":"script","name":"scripts script","previousOperationId":"od6lmxet86peol3","timestamp":1676303855073,"id":"4tq15danmz49ktk","previousEventId":"n5zbupallk4eqz7","operationId":"7wsko8ooa9p85hf"}
{"type":"operationEnd","operationId":"7wsko8ooa9p85hf","timestamp":1676303855268,"id":"zgv369dqh3brp24","previousEventId":"dnumg7gmsp12l0l","previousOperationId":"7041kqa682utpcz"}
{"type":"operationEnd","operationId":"od6lmxet86peol3","timestamp":1676303855268,"id":"cu9h7bwjvmzc8a9","previousEventId":"zgv369dqh3brp24","previousOperationId":"7041kqa682utpcz"}
{"type":"log","timestamp":1676303855268,"level":"debug","message":"Base url not specified, skipping its injection.","meta":{"rootId":"3rc4x3hjvp3k9g9","id":"3rc4x3hjvp3k9g9"},"id":"sm2iylpxk747yyt","previousOperationId":"od6lmxet86peol3"}
{"type":"operationStart","subtype":"engine","name":"handlebars","timestamp":1676303855268,"id":"jjka84hjt585yjz","previousEventId":"cu9h7bwjvmzc8a9","operationId":"ozzxpjvly6p5z2m","previousOperationId":"od6lmxet86peol3"}
{"type":"log","timestamp":1676303855268,"level":"debug","message":"Rendering engine handlebars","meta":{"rootId":"3rc4x3hjvp3k9g9","id":"3rc4x3hjvp3k9g9"},"id":"hwr8sf6izkmh2yy","previousOperationId":"ozzxpjvly6p5z2m"}
{"type":"operationEnd","operationId":"ozzxpjvly6p5z2m","timestamp":1676303855280,"id":"yvn2ozldkpthct5","previousEventId":"jjka84hjt585yjz","previousOperationId":"ozzxpjvly6p5z2m"}
{"type":"operationStart","subtype":"recipe","name":"chrome-pdf","timestamp":1676303855280,"id":"cgn26pwekn52bvh","previousEventId":"yvn2ozldkpthct5","operationId":"93ysd2zb83gmoci","previousOperationId":"ozzxpjvly6p5z2m"}
{"type":"log","timestamp":1676303855280,"level":"debug","message":"Executing recipe chrome-pdf","meta":{"rootId":"3rc4x3hjvp3k9g9","id":"3rc4x3hjvp3k9g9"},"id":"61fbmlsi9h8fepj","previousOperationId":"93ysd2zb83gmoci"}
{"type":"log","timestamp":1676303855283,"level":"debug","message":"Converting with chrome HeadlessChrome/105.0.5173.0 using chrome-pool strategy","meta":{"rootId":"3rc4x3hjvp3k9g9","id":"3rc4x3hjvp3k9g9"},"id":"b4w8713u6hv53p3","previousOperationId":"93ysd2zb83gmoci"}
{"type":"log","timestamp":1676303855389,"level":"debug","message":"Page request: GET (document) file:///C:/Users/josei/AppData/Local/Temp/jsreport/autocleanup/18d60695-f858-4c2d-b465-d9271b20a8a8-chrome-pdf.html","meta":{"rootId":"3rc4x3hjvp3k9g9","id":"3rc4x3hjvp3k9g9"},"id":"k3xunsfs6mnj76e","previousOperationId":"93ysd2zb83gmoci"}
{"type":"log","timestamp":1676303855400,"level":"debug","message":"Page request finished: GET (document) 200 file:///C:/Users/josei/AppData/Local/Temp/jsreport/autocleanup/18d60695-f858-4c2d-b465-d9271b20a8a8-chrome-pdf.html","meta":{"rootId":"3rc4x3hjvp3k9g9","id":"3rc4x3hjvp3k9g9"},"id":"zjets57hp2x8c4d","previousOperationId":"93ysd2zb83gmoci"}
{"type":"log","timestamp":1676303855401,"level":"debug","message":"Page request: GET (stylesheet) https://cdnjs.cloudflare.com/ajax/libs/metro/4.1.5/css/metro.min.css","meta":{"rootId":"3rc4x3hjvp3k9g9","id":"3rc4x3hjvp3k9g9"},"id":"c1v5rw5jmvaymxm","previousOperationId":"93ysd2zb83gmoci"}
{"type":"log","timestamp":1676303855402,"level":"debug","message":"Page request: GET (script) https://cdn.jsdelivr.net/npm/chart.js","meta":{"rootId":"3rc4x3hjvp3k9g9","id":"3rc4x3hjvp3k9g9"},"id":"46m314n8xcd8w4m","previousOperationId":"93ysd2zb83gmoci"}
{"type":"log","timestamp":1676303855408,"level":"debug","message":"Page request finished: GET (script) 200 https://cdn.jsdelivr.net/npm/chart.js","meta":{"rootId":"3rc4x3hjvp3k9g9","id":"3rc4x3hjvp3k9g9"},"id":"7rx0rwh6yx2rqu6","previousOperationId":"93ysd2zb83gmoci"}
{"type":"log","timestamp":1676303855427,"level":"debug","message":"Page request finished: GET (stylesheet) 200 https://cdnjs.cloudflare.com/ajax/libs/metro/4.1.5/css/metro.min.css","meta":{"rootId":"3rc4x3hjvp3k9g9","id":"3rc4x3hjvp3k9g9"},"id":"qyfpykwgdk3ndcd","previousOperationId":"93ysd2zb83gmoci"}
{"type":"log","timestamp":1676303855433,"level":"debug","message":"(console:error) Invalid scale configuration for scale: yAxes","meta":{"userLevel":true,"rootId":"3rc4x3hjvp3k9g9","id":"3rc4x3hjvp3k9g9"},"id":"lbwb1allup79ezk","previousOperationId":"93ysd2zb83gmoci"}
{"type":"log","timestamp":1676303855546,"level":"debug","message":"Running chrome with params {\"printBackground\":true,\"timeout\":59749,\"margin\":{}}","meta":{"rootId":"3rc4x3hjvp3k9g9","id":"3rc4x3hjvp3k9g9"},"id":"wlmfvy2j6prcxmt","previousOperationId":"93ysd2zb83gmoci"}
{"type":"operationEnd","operationId":"93ysd2zb83gmoci","timestamp":1676303855624,"id":"ps092hzn7g3i65n","previousEventId":"cgn26pwekn52bvh","previousOperationId":"93ysd2zb83gmoci"}
{"type":"log","timestamp":1676303855624,"level":"debug","message":"Skipping storing report.","meta":{"rootId":"3rc4x3hjvp3k9g9","id":"3rc4x3hjvp3k9g9"},"id":"awhokmp5zxr7v79","previousOperationId":"93ysd2zb83gmoci"}
{"type":"log","timestamp":1676303855624,"level":"info","message":"Rendering request 6 finished in 593 ms","meta":{"rootId":"3rc4x3hjvp3k9g9","id":"3rc4x3hjvp3k9g9"},"id":"me0gx83pdmkl6c1","previousOperationId":"93ysd2zb83gmoci"}
{"type":"operationEnd","subtype":"render","operationId":"7041kqa682utpcz","timestamp":1676303855624,"id":"mhw6dpzb2qzbklf","previousEventId":"ps092hzn7g3i65n","previousOperationId":"93ysd2zb83gmoci"}
{"type":"operationEnd","doDiffs":false,"previousEventId":"rjvto4uztkts74v","previousOperationId":"crp0q9gg59brtl6","operationId":"crp0q9gg59brtl6","timestamp":1676303855628,"id":"d73tq7nnooltmck"}
