{"type":"operationStart","subtype":"profile","data":{"_id":"H8VdIAf8nd7l6UXy","timestamp":"2023-02-13T16:12:24.171Z","state":"queued","mode":"standard","creationDate":"2023-02-13T16:12:24.173Z","modificationDate":"2023-02-13T16:12:24.173Z","shortid":"Mqn-u3W","$entitySet":"profiles"},"doDiffs":false,"timestamp":1676304744172,"id":"r064131b7i4dt4e","previousOperationId":null,"operationId":"p5we2g9919y22wg"}
{"type":"log","level":"info","message":"Render request 27 queued for execution and waiting for available worker","previousOperationId":"p5we2g9919y22wg","timestamp":1676304744172,"id":"bvjd331itpjgwnk"}
{"type":"operationStart","subtype":"render","name":"prueba","previousOperationId":"p5we2g9919y22wg","timestamp":1676304744183,"id":"s4fx7tqsdrlpmgi","previousEventId":"r064131b7i4dt4e","operationId":"nc0coxg543naq3r"}
{"type":"log","timestamp":1676304744184,"level":"info","message":"Starting rendering request 27","meta":{"rootId":"4p9bupt5zsf0fik","id":"4p9bupt5zsf0fik"},"id":"vne394bkuzdhcns","previousOperationId":"nc0coxg543naq3r"}
{"type":"log","timestamp":1676304744184,"level":"info","message":"Rendering template { name: prueba, recipe: chrome-pdf, engine: handlebars, preview: true }","meta":{"rootId":"4p9bupt5zsf0fik","id":"4p9bupt5zsf0fik"},"id":"u7strn642ez0b5h","previousOperationId":"nc0coxg543naq3r"}
{"type":"log","timestamp":1676304744185,"level":"debug","message":"Data item not defined for this template.","meta":{"rootId":"4p9bupt5zsf0fik","id":"4p9bupt5zsf0fik"},"id":"lz5auivm78kf55s","previousOperationId":"nc0coxg543naq3r"}
{"type":"log","timestamp":1676304744188,"level":"debug","message":"Executing script script (beforeRender)","meta":{"rootId":"4p9bupt5zsf0fik","id":"4p9bupt5zsf0fik"},"id":"rv8zyf31goyy6lk","previousOperationId":"nc0coxg543naq3r"}
{"type":"operationStart","subtype":"scriptsBeforeRender","name":"scripts beforeRender","timestamp":1676304744220,"id":"rc1q8lx8tpm6n7i","previousEventId":"s4fx7tqsdrlpmgi","operationId":"rcliwhs1wq1v16c","previousOperationId":"nc0coxg543naq3r"}
{"type":"operationStart","subtype":"script","name":"scripts script","previousOperationId":"rcliwhs1wq1v16c","timestamp":1676304744220,"id":"7757lym6hsbeutz","previousEventId":"rc1q8lx8tpm6n7i","operationId":"o6lm5kko6nzsmy7"}
{"type":"operationEnd","operationId":"o6lm5kko6nzsmy7","timestamp":1676304744391,"id":"nm077fbws5baezv","previousEventId":"s4fx7tqsdrlpmgi","previousOperationId":"nc0coxg543naq3r"}
{"type":"operationEnd","operationId":"rcliwhs1wq1v16c","timestamp":1676304744391,"id":"9cw0tndq8fr7f5l","previousEventId":"nm077fbws5baezv","previousOperationId":"nc0coxg543naq3r"}
{"type":"log","timestamp":1676304744391,"level":"debug","message":"Base url not specified, skipping its injection.","meta":{"rootId":"4p9bupt5zsf0fik","id":"4p9bupt5zsf0fik"},"id":"2xq7x44qgi9pc5b","previousOperationId":"rcliwhs1wq1v16c"}
{"type":"operationStart","subtype":"engine","name":"handlebars","timestamp":1676304744391,"id":"9nuxmazu9nvahp2","previousEventId":"9cw0tndq8fr7f5l","operationId":"8y3qzj0z1f0gttm","previousOperationId":"rcliwhs1wq1v16c"}
{"type":"log","timestamp":1676304744391,"level":"debug","message":"Rendering engine handlebars","meta":{"rootId":"4p9bupt5zsf0fik","id":"4p9bupt5zsf0fik"},"id":"luz9deokd8dpmth","previousOperationId":"8y3qzj0z1f0gttm"}
{"type":"operationEnd","operationId":"8y3qzj0z1f0gttm","timestamp":1676304744409,"id":"kdhdns1l9s6tcj9","previousEventId":"9nuxmazu9nvahp2","previousOperationId":"8y3qzj0z1f0gttm"}
{"type":"operationStart","subtype":"recipe","name":"chrome-pdf","timestamp":1676304744410,"id":"yj9q4u02f4qs1zb","previousEventId":"kdhdns1l9s6tcj9","operationId":"hyo01mq3cqoy75o","previousOperationId":"8y3qzj0z1f0gttm"}
{"type":"log","timestamp":1676304744410,"level":"debug","message":"Executing recipe chrome-pdf","meta":{"rootId":"4p9bupt5zsf0fik","id":"4p9bupt5zsf0fik"},"id":"reddg3bha24g8g6","previousOperationId":"hyo01mq3cqoy75o"}
{"type":"log","timestamp":1676304744412,"level":"debug","message":"Converting with chrome HeadlessChrome/105.0.5173.0 using chrome-pool strategy","meta":{"rootId":"4p9bupt5zsf0fik","id":"4p9bupt5zsf0fik"},"id":"k0iu82fnv3qkvat","previousOperationId":"hyo01mq3cqoy75o"}
{"type":"log","timestamp":1676304744519,"level":"debug","message":"Page request: GET (document) file:///C:/Users/josei/AppData/Local/Temp/jsreport/autocleanup/fa26f52d-f760-456c-afb3-f4e458b0c43a-chrome-pdf.html","meta":{"rootId":"4p9bupt5zsf0fik","id":"4p9bupt5zsf0fik"},"id":"gcoxwhdx28xa44i","previousOperationId":"hyo01mq3cqoy75o"}
{"type":"log","timestamp":1676304744542,"level":"debug","message":"Page request finished: GET (document) 200 file:///C:/Users/josei/AppData/Local/Temp/jsreport/autocleanup/fa26f52d-f760-456c-afb3-f4e458b0c43a-chrome-pdf.html","meta":{"rootId":"4p9bupt5zsf0fik","id":"4p9bupt5zsf0fik"},"id":"5ycefskpxid8sdi","previousOperationId":"hyo01mq3cqoy75o"}
{"type":"log","timestamp":1676304744544,"level":"debug","message":"Page request: GET (stylesheet) https://cdnjs.cloudflare.com/ajax/libs/metro/4.1.5/css/metro.min.css","meta":{"rootId":"4p9bupt5zsf0fik","id":"4p9bupt5zsf0fik"},"id":"wdx2ipqhadgo56y","previousOperationId":"hyo01mq3cqoy75o"}
{"type":"log","timestamp":1676304744545,"level":"debug","message":"Page request: GET (script) https://cdn.jsdelivr.net/npm/chart.js","meta":{"rootId":"4p9bupt5zsf0fik","id":"4p9bupt5zsf0fik"},"id":"eilgb1b3w4lx5t6","previousOperationId":"hyo01mq3cqoy75o"}
{"type":"log","timestamp":1676304744589,"level":"debug","message":"Page request finished: GET (stylesheet) 200 https://cdnjs.cloudflare.com/ajax/libs/metro/4.1.5/css/metro.min.css","meta":{"rootId":"4p9bupt5zsf0fik","id":"4p9bupt5zsf0fik"},"id":"e3if4ytkue02jlt","previousOperationId":"hyo01mq3cqoy75o"}
{"type":"log","timestamp":1676304744589,"level":"debug","message":"Page request finished: GET (script) 200 https://cdn.jsdelivr.net/npm/chart.js","meta":{"rootId":"4p9bupt5zsf0fik","id":"4p9bupt5zsf0fik"},"id":"cyre88o0smclp15","previousOperationId":"hyo01mq3cqoy75o"}
{"type":"log","timestamp":1676304744604,"level":"debug","message":"Page request: GET (document) file:///C:/Users/josei/AppData/Local/Temp/jsreport/autocleanup/bb","meta":{"rootId":"4p9bupt5zsf0fik","id":"4p9bupt5zsf0fik"},"id":"e8vne60smkz5q6d","previousOperationId":"hyo01mq3cqoy75o"}
{"type":"log","timestamp":1676304744611,"level":"warn","message":"Page request failed: GET (document) file:///C:/Users/josei/AppData/Local/Temp/jsreport/autocleanup/bb, failure: net::ERR_FILE_NOT_FOUND","meta":{"rootId":"4p9bupt5zsf0fik","id":"4p9bupt5zsf0fik"},"id":"9rbc7l2r4n11p6j","previousOperationId":"hyo01mq3cqoy75o"}
{"type":"log","timestamp":1676304744699,"level":"debug","message":"Running chrome with params {\"printBackground\":true,\"timeout\":59760,\"margin\":{}}","meta":{"rootId":"4p9bupt5zsf0fik","id":"4p9bupt5zsf0fik"},"id":"wvseb95uxookom6","previousOperationId":"hyo01mq3cqoy75o"}
{"type":"operationEnd","operationId":"hyo01mq3cqoy75o","timestamp":1676304744739,"id":"2614io9vco2t4gb","previousEventId":"yj9q4u02f4qs1zb","previousOperationId":"hyo01mq3cqoy75o"}
{"type":"log","timestamp":1676304744739,"level":"debug","message":"Skipping storing report.","meta":{"rootId":"4p9bupt5zsf0fik","id":"4p9bupt5zsf0fik"},"id":"pftl58rbld2wi7q","previousOperationId":"hyo01mq3cqoy75o"}
{"type":"log","timestamp":1676304744739,"level":"info","message":"Rendering request 27 finished in 568 ms","meta":{"rootId":"4p9bupt5zsf0fik","id":"4p9bupt5zsf0fik"},"id":"d4ie6xlk4x01d93","previousOperationId":"hyo01mq3cqoy75o"}
{"type":"operationEnd","subtype":"render","operationId":"nc0coxg543naq3r","timestamp":1676304744739,"id":"o7wpquy5kta438y","previousEventId":"2614io9vco2t4gb","previousOperationId":"hyo01mq3cqoy75o"}
{"type":"operationEnd","doDiffs":false,"previousEventId":"r064131b7i4dt4e","previousOperationId":"p5we2g9919y22wg","operationId":"p5we2g9919y22wg","timestamp":1676304744746,"id":"zb9bg4fbg3cdg69"}
