{"type":"operationStart","subtype":"profile","data":{"_id":"inmaDPGFeHa60pUz","timestamp":"2023-02-13T16:33:48.940Z","state":"queued","mode":"standard","creationDate":"2023-02-13T16:33:48.942Z","modificationDate":"2023-02-13T16:33:48.942Z","shortid":"w07Un4X","$entitySet":"profiles"},"doDiffs":false,"timestamp":1676306028941,"id":"0oashptt5pgifgj","previousOperationId":null,"operationId":"518gn62om82hypu"}
{"type":"log","level":"info","message":"Render request 54 queued for execution and waiting for available worker","previousOperationId":"518gn62om82hypu","timestamp":1676306028941,"id":"jyvcsw72klki4tw"}
{"type":"operationStart","subtype":"render","name":"prueba","previousOperationId":"518gn62om82hypu","timestamp":1676306028954,"id":"uh4q58m4mdv5482","previousEventId":"0oashptt5pgifgj","operationId":"budjs1cj2jfvp2k"}
{"type":"log","timestamp":1676306028954,"level":"info","message":"Starting rendering request 54","meta":{"rootId":"4u5eer8414925ws","id":"4u5eer8414925ws"},"id":"3hwspqbwjlmd7jx","previousOperationId":"budjs1cj2jfvp2k"}
{"type":"log","timestamp":1676306028954,"level":"info","message":"Rendering template { name: prueba, recipe: chrome-pdf, engine: handlebars, preview: true }","meta":{"rootId":"4u5eer8414925ws","id":"4u5eer8414925ws"},"id":"04afo6g0r5knw8d","previousOperationId":"budjs1cj2jfvp2k"}
{"type":"log","timestamp":1676306028955,"level":"debug","message":"Data item not defined for this template.","meta":{"rootId":"4u5eer8414925ws","id":"4u5eer8414925ws"},"id":"kjsjhcub3mdu6iz","previousOperationId":"budjs1cj2jfvp2k"}
{"type":"log","timestamp":1676306028959,"level":"debug","message":"Executing script script (beforeRender)","meta":{"rootId":"4u5eer8414925ws","id":"4u5eer8414925ws"},"id":"95z0wc52uonkfit","previousOperationId":"budjs1cj2jfvp2k"}
{"type":"operationStart","subtype":"scriptsBeforeRender","name":"scripts beforeRender","timestamp":1676306028999,"id":"tboln7j9eb6lnwt","previousEventId":"uh4q58m4mdv5482","operationId":"ag4yua2ov212j2s","previousOperationId":"budjs1cj2jfvp2k"}
{"type":"operationStart","subtype":"script","name":"scripts script","previousOperationId":"ag4yua2ov212j2s","timestamp":1676306028999,"id":"l1nw38nnqya0vuo","previousEventId":"tboln7j9eb6lnwt","operationId":"9p9ag8zv8ced7wc"}
{"type":"operationEnd","operationId":"9p9ag8zv8ced7wc","timestamp":1676306029149,"id":"advhjrtkso4cplx","previousEventId":"uh4q58m4mdv5482","previousOperationId":"budjs1cj2jfvp2k"}
{"type":"operationEnd","operationId":"ag4yua2ov212j2s","timestamp":1676306029149,"id":"atekx035roijc8i","previousEventId":"advhjrtkso4cplx","previousOperationId":"budjs1cj2jfvp2k"}
{"type":"log","timestamp":1676306029149,"level":"debug","message":"Base url not specified, skipping its injection.","meta":{"rootId":"4u5eer8414925ws","id":"4u5eer8414925ws"},"id":"kcfx91y2cs3gilm","previousOperationId":"ag4yua2ov212j2s"}
{"type":"operationStart","subtype":"engine","name":"handlebars","timestamp":1676306029150,"id":"fmi378qr4m6xqv5","previousEventId":"atekx035roijc8i","operationId":"ta1791f363d8ygh","previousOperationId":"ag4yua2ov212j2s"}
{"type":"log","timestamp":1676306029150,"level":"debug","message":"Rendering engine handlebars","meta":{"rootId":"4u5eer8414925ws","id":"4u5eer8414925ws"},"id":"zv1v16elydotrfa","previousOperationId":"ta1791f363d8ygh"}
{"type":"operationEnd","operationId":"ta1791f363d8ygh","timestamp":1676306029160,"id":"digoubm69f0ipoy","previousEventId":"fmi378qr4m6xqv5","previousOperationId":"ta1791f363d8ygh"}
{"type":"operationStart","subtype":"recipe","name":"chrome-pdf","timestamp":1676306029160,"id":"oginmoe2qkfgo82","previousEventId":"digoubm69f0ipoy","operationId":"ysdilrxoygycveu","previousOperationId":"ta1791f363d8ygh"}
{"type":"log","timestamp":1676306029160,"level":"debug","message":"Executing recipe chrome-pdf","meta":{"rootId":"4u5eer8414925ws","id":"4u5eer8414925ws"},"id":"jnfjpjwvxybfjm8","previousOperationId":"ysdilrxoygycveu"}
{"type":"log","timestamp":1676306029163,"level":"debug","message":"Converting with chrome HeadlessChrome/105.0.5173.0 using chrome-pool strategy","meta":{"rootId":"4u5eer8414925ws","id":"4u5eer8414925ws"},"id":"j7x3779byh0pqnf","previousOperationId":"ysdilrxoygycveu"}
{"type":"log","timestamp":1676306029256,"level":"debug","message":"Page request: GET (document) file:///C:/Users/josei/AppData/Local/Temp/jsreport/autocleanup/391aab86-a7c6-4221-acc0-a0531f62e459-chrome-pdf.html","meta":{"rootId":"4u5eer8414925ws","id":"4u5eer8414925ws"},"id":"utogi3py4gpx9u6","previousOperationId":"ysdilrxoygycveu"}
{"type":"log","timestamp":1676306029267,"level":"debug","message":"Page request finished: GET (document) 200 file:///C:/Users/josei/AppData/Local/Temp/jsreport/autocleanup/391aab86-a7c6-4221-acc0-a0531f62e459-chrome-pdf.html","meta":{"rootId":"4u5eer8414925ws","id":"4u5eer8414925ws"},"id":"j04b89rzrovbsj2","previousOperationId":"ysdilrxoygycveu"}
{"type":"log","timestamp":1676306029267,"level":"debug","message":"Page request: GET (stylesheet) https://cdnjs.cloudflare.com/ajax/libs/metro/4.1.5/css/metro.min.css","meta":{"rootId":"4u5eer8414925ws","id":"4u5eer8414925ws"},"id":"fn0ya2v2dvg3zjm","previousOperationId":"ysdilrxoygycveu"}
{"type":"log","timestamp":1676306029267,"level":"debug","message":"Page request: GET (script) https://cdn.jsdelivr.net/npm/chart.js","meta":{"rootId":"4u5eer8414925ws","id":"4u5eer8414925ws"},"id":"l00d9e1cb14l0nj","previousOperationId":"ysdilrxoygycveu"}
{"type":"log","timestamp":1676306029273,"level":"debug","message":"Page request finished: GET (script) 200 https://cdn.jsdelivr.net/npm/chart.js","meta":{"rootId":"4u5eer8414925ws","id":"4u5eer8414925ws"},"id":"yxpidzzxysj51y1","previousOperationId":"ysdilrxoygycveu"}
{"type":"log","timestamp":1676306029292,"level":"debug","message":"Page request finished: GET (stylesheet) 200 https://cdnjs.cloudflare.com/ajax/libs/metro/4.1.5/css/metro.min.css","meta":{"rootId":"4u5eer8414925ws","id":"4u5eer8414925ws"},"id":"t7tfwdu2u48tt48","previousOperationId":"ysdilrxoygycveu"}
{"type":"log","timestamp":1676306029299,"level":"debug","message":"(console:error) Invalid scale configuration for scale: yAxes","meta":{"userLevel":true,"rootId":"4u5eer8414925ws","id":"4u5eer8414925ws"},"id":"ytn2o5wn17zb4ut","previousOperationId":"ysdilrxoygycveu"}
{"type":"log","timestamp":1676306029402,"level":"debug","message":"Running chrome with params {\"printBackground\":true,\"timeout\":59778,\"margin\":{}}","meta":{"rootId":"4u5eer8414925ws","id":"4u5eer8414925ws"},"id":"d6bjdxnl72l1vjk","previousOperationId":"ysdilrxoygycveu"}
{"type":"operationEnd","operationId":"ysdilrxoygycveu","timestamp":1676306029497,"id":"xhab2nxc0260fiq","previousEventId":"oginmoe2qkfgo82","previousOperationId":"ysdilrxoygycveu"}
{"type":"log","timestamp":1676306029497,"level":"debug","message":"Skipping storing report.","meta":{"rootId":"4u5eer8414925ws","id":"4u5eer8414925ws"},"id":"huugzkah7q7zj91","previousOperationId":"ysdilrxoygycveu"}
{"type":"log","timestamp":1676306029497,"level":"info","message":"Rendering request 54 finished in 557 ms","meta":{"rootId":"4u5eer8414925ws","id":"4u5eer8414925ws"},"id":"vxoyvx36yq5bcyh","previousOperationId":"ysdilrxoygycveu"}
{"type":"operationEnd","subtype":"render","operationId":"budjs1cj2jfvp2k","timestamp":1676306029497,"id":"qwzeapgfrrvd9pr","previousEventId":"xhab2nxc0260fiq","previousOperationId":"ysdilrxoygycveu"}
{"type":"operationEnd","doDiffs":false,"previousEventId":"0oashptt5pgifgj","previousOperationId":"518gn62om82hypu","operationId":"518gn62om82hypu","timestamp":1676306029505,"id":"gtgbk4gj7k0ys5y"}
