{"type":"operationStart","subtype":"profile","data":{"_id":"IcybuQ6PPgkbqjsT","timestamp":"2023-02-13T16:16:14.135Z","state":"queued","mode":"standard","creationDate":"2023-02-13T16:16:14.137Z","modificationDate":"2023-02-13T16:16:14.137Z","shortid":"ouEy5hp","$entitySet":"profiles"},"doDiffs":false,"timestamp":1676304974136,"id":"wyh2593s1l7j0j2","previousOperationId":null,"operationId":"vnkwmhm1bd5gx7o"}
{"type":"log","level":"info","message":"Render request 34 queued for execution and waiting for available worker","previousOperationId":"vnkwmhm1bd5gx7o","timestamp":1676304974136,"id":"c5im4x2jejtxms1"}
{"type":"operationStart","subtype":"render","name":"prueba","previousOperationId":"vnkwmhm1bd5gx7o","timestamp":1676304974146,"id":"oi77idqqqckc275","previousEventId":"wyh2593s1l7j0j2","operationId":"d20x79ad4ncoqpo"}
{"type":"log","timestamp":1676304974146,"level":"info","message":"Starting rendering request 34","meta":{"rootId":"52pp7ofzn28vy6f","id":"52pp7ofzn28vy6f"},"id":"vtet61a3zfahw9e","previousOperationId":"d20x79ad4ncoqpo"}
{"type":"log","timestamp":1676304974147,"level":"info","message":"Rendering template { name: prueba, recipe: chrome-pdf, engine: handlebars, preview: true }","meta":{"rootId":"52pp7ofzn28vy6f","id":"52pp7ofzn28vy6f"},"id":"fciz0k2toyoaep3","previousOperationId":"d20x79ad4ncoqpo"}
{"type":"log","timestamp":1676304974147,"level":"debug","message":"Data item not defined for this template.","meta":{"rootId":"52pp7ofzn28vy6f","id":"52pp7ofzn28vy6f"},"id":"vde8z6tqe1ij9se","previousOperationId":"d20x79ad4ncoqpo"}
{"type":"log","timestamp":1676304974151,"level":"debug","message":"Executing script script (beforeRender)","meta":{"rootId":"52pp7ofzn28vy6f","id":"52pp7ofzn28vy6f"},"id":"2omtgeupljymv7e","previousOperationId":"d20x79ad4ncoqpo"}
{"type":"operationStart","subtype":"scriptsBeforeRender","name":"scripts beforeRender","timestamp":1676304974173,"id":"yqpb84eqa0o5nno","previousEventId":"oi77idqqqckc275","operationId":"1vblmyz32v4d551","previousOperationId":"d20x79ad4ncoqpo"}
{"type":"operationStart","subtype":"script","name":"scripts script","previousOperationId":"1vblmyz32v4d551","timestamp":1676304974173,"id":"fgo4i6unjy34t0e","previousEventId":"yqpb84eqa0o5nno","operationId":"pwgf5jgphbwh278"}
{"type":"operationEnd","operationId":"pwgf5jgphbwh278","timestamp":1676304974361,"id":"ltex4pyz8qban4x","previousEventId":"oi77idqqqckc275","previousOperationId":"d20x79ad4ncoqpo"}
{"type":"operationEnd","operationId":"1vblmyz32v4d551","timestamp":1676304974361,"id":"jbadcaz5he8qb9g","previousEventId":"ltex4pyz8qban4x","previousOperationId":"d20x79ad4ncoqpo"}
{"type":"log","timestamp":1676304974361,"level":"debug","message":"Base url not specified, skipping its injection.","meta":{"rootId":"52pp7ofzn28vy6f","id":"52pp7ofzn28vy6f"},"id":"xs22h5x9se0s3rt","previousOperationId":"1vblmyz32v4d551"}
{"type":"operationStart","subtype":"engine","name":"handlebars","timestamp":1676304974362,"id":"1zrvp240hpnj3dj","previousEventId":"jbadcaz5he8qb9g","operationId":"85h0ak7a4y4msqq","previousOperationId":"1vblmyz32v4d551"}
{"type":"log","timestamp":1676304974362,"level":"debug","message":"Rendering engine handlebars","meta":{"rootId":"52pp7ofzn28vy6f","id":"52pp7ofzn28vy6f"},"id":"0dl0mruvi19er4g","previousOperationId":"85h0ak7a4y4msqq"}
{"type":"operationEnd","operationId":"85h0ak7a4y4msqq","timestamp":1676304974370,"id":"tvf3w4r2hy541n9","previousEventId":"1zrvp240hpnj3dj","previousOperationId":"85h0ak7a4y4msqq"}
{"type":"operationStart","subtype":"recipe","name":"chrome-pdf","timestamp":1676304974370,"id":"vexg3j9x9kqq1dd","previousEventId":"tvf3w4r2hy541n9","operationId":"ravrpqwn7unnzcm","previousOperationId":"85h0ak7a4y4msqq"}
{"type":"log","timestamp":1676304974370,"level":"debug","message":"Executing recipe chrome-pdf","meta":{"rootId":"52pp7ofzn28vy6f","id":"52pp7ofzn28vy6f"},"id":"m50muke0b0ig6dp","previousOperationId":"ravrpqwn7unnzcm"}
{"type":"log","timestamp":1676304974373,"level":"debug","message":"Converting with chrome HeadlessChrome/105.0.5173.0 using chrome-pool strategy","meta":{"rootId":"52pp7ofzn28vy6f","id":"52pp7ofzn28vy6f"},"id":"riww1a0f8rzk7bq","previousOperationId":"ravrpqwn7unnzcm"}
{"type":"log","timestamp":1676304974487,"level":"debug","message":"Page request: GET (document) file:///C:/Users/josei/AppData/Local/Temp/jsreport/autocleanup/9c630e62-b16f-43a5-b2e4-08f703970e50-chrome-pdf.html","meta":{"rootId":"52pp7ofzn28vy6f","id":"52pp7ofzn28vy6f"},"id":"ayy1byt4zegj5dy","previousOperationId":"ravrpqwn7unnzcm"}
{"type":"log","timestamp":1676304974500,"level":"debug","message":"Page request finished: GET (document) 200 file:///C:/Users/josei/AppData/Local/Temp/jsreport/autocleanup/9c630e62-b16f-43a5-b2e4-08f703970e50-chrome-pdf.html","meta":{"rootId":"52pp7ofzn28vy6f","id":"52pp7ofzn28vy6f"},"id":"2a53nwyztknnp5h","previousOperationId":"ravrpqwn7unnzcm"}
{"type":"log","timestamp":1676304974500,"level":"debug","message":"Page request: GET (stylesheet) https://cdnjs.cloudflare.com/ajax/libs/metro/4.1.5/css/metro.min.css","meta":{"rootId":"52pp7ofzn28vy6f","id":"52pp7ofzn28vy6f"},"id":"ltdwklubnyk0zv6","previousOperationId":"ravrpqwn7unnzcm"}
{"type":"log","timestamp":1676304974501,"level":"debug","message":"Page request: GET (script) https://cdn.jsdelivr.net/npm/chart.js","meta":{"rootId":"52pp7ofzn28vy6f","id":"52pp7ofzn28vy6f"},"id":"ofmszm7gqckhmi0","previousOperationId":"ravrpqwn7unnzcm"}
{"type":"log","timestamp":1676304974511,"level":"debug","message":"Page request finished: GET (script) 200 https://cdn.jsdelivr.net/npm/chart.js","meta":{"rootId":"52pp7ofzn28vy6f","id":"52pp7ofzn28vy6f"},"id":"8mbj5m85zqijun2","previousOperationId":"ravrpqwn7unnzcm"}
{"type":"log","timestamp":1676304974530,"level":"debug","message":"Page request finished: GET (stylesheet) 200 https://cdnjs.cloudflare.com/ajax/libs/metro/4.1.5/css/metro.min.css","meta":{"rootId":"52pp7ofzn28vy6f","id":"52pp7ofzn28vy6f"},"id":"3besctq5w9nlxmf","previousOperationId":"ravrpqwn7unnzcm"}
{"type":"log","timestamp":1676304974541,"level":"debug","message":"(console:error) Invalid scale configuration for scale: yAxes","meta":{"userLevel":true,"rootId":"52pp7ofzn28vy6f","id":"52pp7ofzn28vy6f"},"id":"xwihvyba3smmzq5","previousOperationId":"ravrpqwn7unnzcm"}
{"type":"log","timestamp":1676304974644,"level":"debug","message":"Running chrome with params {\"printBackground\":true,\"timeout\":59764,\"margin\":{}}","meta":{"rootId":"52pp7ofzn28vy6f","id":"52pp7ofzn28vy6f"},"id":"8wzxmctbe0stmhr","previousOperationId":"ravrpqwn7unnzcm"}
{"type":"operationEnd","operationId":"ravrpqwn7unnzcm","timestamp":1676304974780,"id":"pfqpoebifwiw5ma","previousEventId":"vexg3j9x9kqq1dd","previousOperationId":"ravrpqwn7unnzcm"}
{"type":"log","timestamp":1676304974780,"level":"debug","message":"Skipping storing report.","meta":{"rootId":"52pp7ofzn28vy6f","id":"52pp7ofzn28vy6f"},"id":"jspyl12f5h045cu","previousOperationId":"ravrpqwn7unnzcm"}
{"type":"log","timestamp":1676304974780,"level":"info","message":"Rendering request 34 finished in 645 ms","meta":{"rootId":"52pp7ofzn28vy6f","id":"52pp7ofzn28vy6f"},"id":"z3lbzzhep41rgqh","previousOperationId":"ravrpqwn7unnzcm"}
{"type":"operationEnd","subtype":"render","operationId":"d20x79ad4ncoqpo","timestamp":1676304974780,"id":"nrjpyynmox2kn8z","previousEventId":"pfqpoebifwiw5ma","previousOperationId":"ravrpqwn7unnzcm"}
{"type":"operationEnd","doDiffs":false,"previousEventId":"wyh2593s1l7j0j2","previousOperationId":"vnkwmhm1bd5gx7o","operationId":"vnkwmhm1bd5gx7o","timestamp":1676304974783,"id":"rgcf8nzvd2pscgp"}
