{"type":"operationStart","subtype":"profile","data":{"_id":"rji3IxcQesvjvnXg","timestamp":"2023-02-13T16:53:15.335Z","state":"queued","mode":"standard","creationDate":"2023-02-13T16:53:15.337Z","modificationDate":"2023-02-13T16:53:15.337Z","shortid":"D3ILf5O","$entitySet":"profiles"},"doDiffs":false,"timestamp":1676307195336,"id":"shf27imwq7rr9m0","previousOperationId":null,"operationId":"dlxm8dqzaxdqt8d"}
{"type":"log","level":"info","message":"Render request 103 queued for execution and waiting for available worker","previousOperationId":"dlxm8dqzaxdqt8d","timestamp":1676307195336,"id":"h2m62zz7x92mw1e"}
{"type":"operationStart","subtype":"render","name":"prueba","previousOperationId":"dlxm8dqzaxdqt8d","timestamp":1676307195343,"id":"88yp9ygia3mkwnd","previousEventId":"shf27imwq7rr9m0","operationId":"5x18o9yrnmx2keh"}
{"type":"log","timestamp":1676307195343,"level":"info","message":"Starting rendering request 103","meta":{"rootId":"5of66b2rk91wp7b","id":"5of66b2rk91wp7b"},"id":"s9beijz4l70d8t4","previousOperationId":"5x18o9yrnmx2keh"}
{"type":"log","timestamp":1676307195343,"level":"info","message":"Rendering template { name: prueba, recipe: chrome-pdf, engine: handlebars, preview: true }","meta":{"rootId":"5of66b2rk91wp7b","id":"5of66b2rk91wp7b"},"id":"b2hopfbgh210bzb","previousOperationId":"5x18o9yrnmx2keh"}
{"type":"log","timestamp":1676307195344,"level":"debug","message":"Data item not defined for this template.","meta":{"rootId":"5of66b2rk91wp7b","id":"5of66b2rk91wp7b"},"id":"sk9li8am2i1hhli","previousOperationId":"5x18o9yrnmx2keh"}
{"type":"log","timestamp":1676307195347,"level":"debug","message":"Executing script script (beforeRender)","meta":{"rootId":"5of66b2rk91wp7b","id":"5of66b2rk91wp7b"},"id":"y05v6g6ln16hojf","previousOperationId":"5x18o9yrnmx2keh"}
{"type":"operationStart","subtype":"scriptsBeforeRender","name":"scripts beforeRender","timestamp":1676307195366,"id":"b6z8gnml87qfwcg","previousEventId":"88yp9ygia3mkwnd","operationId":"7pb45tl544pga60","previousOperationId":"5x18o9yrnmx2keh"}
{"type":"operationStart","subtype":"script","name":"scripts script","previousOperationId":"7pb45tl544pga60","timestamp":1676307195366,"id":"ff7rkhoswx62vpx","previousEventId":"b6z8gnml87qfwcg","operationId":"20lp16qzaifav1w"}
{"type":"operationEnd","operationId":"20lp16qzaifav1w","timestamp":1676307195513,"id":"gudtblrf16u6i2m","previousEventId":"88yp9ygia3mkwnd","previousOperationId":"5x18o9yrnmx2keh"}
{"type":"operationEnd","operationId":"7pb45tl544pga60","timestamp":1676307195513,"id":"fdycibfzpaf2si4","previousEventId":"gudtblrf16u6i2m","previousOperationId":"5x18o9yrnmx2keh"}
{"type":"log","timestamp":1676307195514,"level":"debug","message":"Base url not specified, skipping its injection.","meta":{"rootId":"5of66b2rk91wp7b","id":"5of66b2rk91wp7b"},"id":"y6rku6d7eoj8ko7","previousOperationId":"7pb45tl544pga60"}
{"type":"operationStart","subtype":"engine","name":"handlebars","timestamp":1676307195514,"id":"ai9al3re77z6jtn","previousEventId":"fdycibfzpaf2si4","operationId":"tdjhj8m7sb0k84f","previousOperationId":"7pb45tl544pga60"}
{"type":"log","timestamp":1676307195514,"level":"debug","message":"Rendering engine handlebars","meta":{"rootId":"5of66b2rk91wp7b","id":"5of66b2rk91wp7b"},"id":"6pt7q0ex0lbf115","previousOperationId":"tdjhj8m7sb0k84f"}
{"type":"operationEnd","operationId":"tdjhj8m7sb0k84f","timestamp":1676307195525,"id":"snysm53g1s7m0jc","previousEventId":"ai9al3re77z6jtn","previousOperationId":"tdjhj8m7sb0k84f"}
{"type":"operationStart","subtype":"recipe","name":"chrome-pdf","timestamp":1676307195525,"id":"2raqkv8x5ykdwty","previousEventId":"snysm53g1s7m0jc","operationId":"qy6sngzpey8wqvm","previousOperationId":"tdjhj8m7sb0k84f"}
{"type":"log","timestamp":1676307195525,"level":"debug","message":"Executing recipe chrome-pdf","meta":{"rootId":"5of66b2rk91wp7b","id":"5of66b2rk91wp7b"},"id":"9i769hu4yni4tss","previousOperationId":"qy6sngzpey8wqvm"}
{"type":"log","timestamp":1676307195528,"level":"debug","message":"Converting with chrome HeadlessChrome/105.0.5173.0 using chrome-pool strategy","meta":{"rootId":"5of66b2rk91wp7b","id":"5of66b2rk91wp7b"},"id":"t2r6iqmluoot8gc","previousOperationId":"qy6sngzpey8wqvm"}
{"type":"log","timestamp":1676307195629,"level":"debug","message":"Page request: GET (document) file:///C:/Users/josei/AppData/Local/Temp/jsreport/autocleanup/0b69067e-066d-48dc-ab11-bc3b5703c485-chrome-pdf.html","meta":{"rootId":"5of66b2rk91wp7b","id":"5of66b2rk91wp7b"},"id":"tqonbgsloszm2cn","previousOperationId":"qy6sngzpey8wqvm"}
{"type":"log","timestamp":1676307195642,"level":"debug","message":"Page request finished: GET (document) 200 file:///C:/Users/josei/AppData/Local/Temp/jsreport/autocleanup/0b69067e-066d-48dc-ab11-bc3b5703c485-chrome-pdf.html","meta":{"rootId":"5of66b2rk91wp7b","id":"5of66b2rk91wp7b"},"id":"zvm7mlvgzmylit1","previousOperationId":"qy6sngzpey8wqvm"}
{"type":"log","timestamp":1676307195642,"level":"debug","message":"Page request: GET (stylesheet) https://cdnjs.cloudflare.com/ajax/libs/metro/4.1.5/css/metro.min.css","meta":{"rootId":"5of66b2rk91wp7b","id":"5of66b2rk91wp7b"},"id":"rfdnm7sju850ln6","previousOperationId":"qy6sngzpey8wqvm"}
{"type":"log","timestamp":1676307195642,"level":"debug","message":"Page request: GET (script) https://cdn.jsdelivr.net/npm/chart.js","meta":{"rootId":"5of66b2rk91wp7b","id":"5of66b2rk91wp7b"},"id":"6jcd1dzoc92siiy","previousOperationId":"qy6sngzpey8wqvm"}
{"type":"log","timestamp":1676307195648,"level":"debug","message":"Page request finished: GET (script) 200 https://cdn.jsdelivr.net/npm/chart.js","meta":{"rootId":"5of66b2rk91wp7b","id":"5of66b2rk91wp7b"},"id":"yila3pywyit8769","previousOperationId":"qy6sngzpey8wqvm"}
{"type":"log","timestamp":1676307195667,"level":"debug","message":"Page request finished: GET (stylesheet) 200 https://cdnjs.cloudflare.com/ajax/libs/metro/4.1.5/css/metro.min.css","meta":{"rootId":"5of66b2rk91wp7b","id":"5of66b2rk91wp7b"},"id":"6xaadm0g8zumct5","previousOperationId":"qy6sngzpey8wqvm"}
{"type":"log","timestamp":1676307195675,"level":"debug","message":"(console:error) Invalid scale configuration for scale: yAxes","meta":{"userLevel":true,"rootId":"5of66b2rk91wp7b","id":"5of66b2rk91wp7b"},"id":"bp43dc54w0wfwlk","previousOperationId":"qy6sngzpey8wqvm"}
{"type":"log","timestamp":1676307195789,"level":"debug","message":"Running chrome with params {\"printBackground\":true,\"timeout\":59807,\"margin\":{}}","meta":{"rootId":"5of66b2rk91wp7b","id":"5of66b2rk91wp7b"},"id":"8meguiss7zsjcm1","previousOperationId":"qy6sngzpey8wqvm"}
{"type":"operationEnd","operationId":"qy6sngzpey8wqvm","timestamp":1676307195895,"id":"ee6ql445w28fki5","previousEventId":"2raqkv8x5ykdwty","previousOperationId":"qy6sngzpey8wqvm"}
{"type":"log","timestamp":1676307195895,"level":"debug","message":"Skipping storing report.","meta":{"rootId":"5of66b2rk91wp7b","id":"5of66b2rk91wp7b"},"id":"idopxdin2829bsf","previousOperationId":"qy6sngzpey8wqvm"}
{"type":"log","timestamp":1676307195895,"level":"info","message":"Rendering request 103 finished in 561 ms","meta":{"rootId":"5of66b2rk91wp7b","id":"5of66b2rk91wp7b"},"id":"wm20vogrrtr3bgb","previousOperationId":"qy6sngzpey8wqvm"}
{"type":"operationEnd","subtype":"render","operationId":"5x18o9yrnmx2keh","timestamp":1676307195895,"id":"eisv9rr61crqzpx","previousEventId":"ee6ql445w28fki5","previousOperationId":"qy6sngzpey8wqvm"}
{"type":"operationEnd","doDiffs":false,"previousEventId":"shf27imwq7rr9m0","previousOperationId":"dlxm8dqzaxdqt8d","operationId":"dlxm8dqzaxdqt8d","timestamp":1676307195899,"id":"uf04h1gwnytl6q9"}
