{"type":"operationStart","subtype":"profile","data":{"_id":"F21aFMRa7GUV46lj","timestamp":"2023-02-13T16:44:54.985Z","state":"queued","mode":"standard","creationDate":"2023-02-13T16:44:54.987Z","modificationDate":"2023-02-13T16:44:54.987Z","shortid":"2ZMF2CJ","$entitySet":"profiles"},"doDiffs":false,"timestamp":1676306694986,"id":"kav3p2wc2egimn1","previousOperationId":null,"operationId":"iluiya8mk0heccm"}
{"type":"log","level":"info","message":"Render request 79 queued for execution and waiting for available worker","previousOperationId":"iluiya8mk0heccm","timestamp":1676306694986,"id":"ncnb9t7jzb73iuo"}
{"type":"operationStart","subtype":"render","name":"prueba","previousOperationId":"iluiya8mk0heccm","timestamp":1676306694996,"id":"nm9l1txsybpdlci","previousEventId":"kav3p2wc2egimn1","operationId":"6hvktyyi5c25fwg"}
{"type":"log","timestamp":1676306694996,"level":"info","message":"Starting rendering request 79","meta":{"rootId":"6688o5dfcdv0qoa","id":"6688o5dfcdv0qoa"},"id":"8vxzvwwoqin1rei","previousOperationId":"6hvktyyi5c25fwg"}
{"type":"log","timestamp":1676306694996,"level":"info","message":"Rendering template { name: prueba, recipe: chrome-pdf, engine: handlebars, preview: true }","meta":{"rootId":"6688o5dfcdv0qoa","id":"6688o5dfcdv0qoa"},"id":"9ewoks4x15z6j1v","previousOperationId":"6hvktyyi5c25fwg"}
{"type":"log","timestamp":1676306694996,"level":"debug","message":"Data item not defined for this template.","meta":{"rootId":"6688o5dfcdv0qoa","id":"6688o5dfcdv0qoa"},"id":"m2teonlmn9vbr83","previousOperationId":"6hvktyyi5c25fwg"}
{"type":"log","timestamp":1676306695002,"level":"debug","message":"Executing script script (beforeRender)","meta":{"rootId":"6688o5dfcdv0qoa","id":"6688o5dfcdv0qoa"},"id":"zu1gawvinpiwznm","previousOperationId":"6hvktyyi5c25fwg"}
{"type":"operationStart","subtype":"scriptsBeforeRender","name":"scripts beforeRender","timestamp":1676306695020,"id":"wry2e2ohf5o00dh","previousEventId":"nm9l1txsybpdlci","operationId":"gn303yu9fvf92sd","previousOperationId":"6hvktyyi5c25fwg"}
{"type":"operationStart","subtype":"script","name":"scripts script","previousOperationId":"gn303yu9fvf92sd","timestamp":1676306695020,"id":"pf0b1ber2eb5hb9","previousEventId":"wry2e2ohf5o00dh","operationId":"jbt48lfm6817dum"}
{"type":"operationEnd","operationId":"jbt48lfm6817dum","timestamp":1676306695176,"id":"zew4ep3i2xw9gmr","previousEventId":"nm9l1txsybpdlci","previousOperationId":"6hvktyyi5c25fwg"}
{"type":"operationEnd","operationId":"gn303yu9fvf92sd","timestamp":1676306695176,"id":"kdkop6fts7v12qq","previousEventId":"zew4ep3i2xw9gmr","previousOperationId":"6hvktyyi5c25fwg"}
{"type":"log","timestamp":1676306695176,"level":"debug","message":"Base url not specified, skipping its injection.","meta":{"rootId":"6688o5dfcdv0qoa","id":"6688o5dfcdv0qoa"},"id":"dw0fxlvwxma5k85","previousOperationId":"gn303yu9fvf92sd"}
{"type":"operationStart","subtype":"engine","name":"handlebars","timestamp":1676306695176,"id":"o8dos68q9y3bewf","previousEventId":"kdkop6fts7v12qq","operationId":"blmhianxiubct62","previousOperationId":"gn303yu9fvf92sd"}
{"type":"log","timestamp":1676306695176,"level":"debug","message":"Rendering engine handlebars","meta":{"rootId":"6688o5dfcdv0qoa","id":"6688o5dfcdv0qoa"},"id":"ot8gv2evlgj9w42","previousOperationId":"blmhianxiubct62"}
{"type":"operationEnd","operationId":"blmhianxiubct62","timestamp":1676306695200,"id":"2auqe0m2w5549ap","previousEventId":"o8dos68q9y3bewf","previousOperationId":"blmhianxiubct62"}
{"type":"operationStart","subtype":"recipe","name":"chrome-pdf","timestamp":1676306695201,"id":"3hp7he00oejyvta","previousEventId":"2auqe0m2w5549ap","operationId":"7t0lq3n6k2u1ulw","previousOperationId":"blmhianxiubct62"}
{"type":"log","timestamp":1676306695201,"level":"debug","message":"Executing recipe chrome-pdf","meta":{"rootId":"6688o5dfcdv0qoa","id":"6688o5dfcdv0qoa"},"id":"al9nf6jz2bgkjye","previousOperationId":"7t0lq3n6k2u1ulw"}
{"type":"log","timestamp":1676306695203,"level":"debug","message":"Converting with chrome HeadlessChrome/105.0.5173.0 using chrome-pool strategy","meta":{"rootId":"6688o5dfcdv0qoa","id":"6688o5dfcdv0qoa"},"id":"bdj9dnoho4gt67w","previousOperationId":"7t0lq3n6k2u1ulw"}
{"type":"log","timestamp":1676306695298,"level":"debug","message":"Page request: GET (document) file:///C:/Users/josei/AppData/Local/Temp/jsreport/autocleanup/78c5c7f8-39b5-4b38-9cfe-a930a5b72a0a-chrome-pdf.html","meta":{"rootId":"6688o5dfcdv0qoa","id":"6688o5dfcdv0qoa"},"id":"t7olfczu1qqka4r","previousOperationId":"7t0lq3n6k2u1ulw"}
{"type":"log","timestamp":1676306695310,"level":"debug","message":"Page request finished: GET (document) 200 file:///C:/Users/josei/AppData/Local/Temp/jsreport/autocleanup/78c5c7f8-39b5-4b38-9cfe-a930a5b72a0a-chrome-pdf.html","meta":{"rootId":"6688o5dfcdv0qoa","id":"6688o5dfcdv0qoa"},"id":"un0ookzx2wl1f97","previousOperationId":"7t0lq3n6k2u1ulw"}
{"type":"log","timestamp":1676306695311,"level":"debug","message":"Page request: GET (stylesheet) https://cdnjs.cloudflare.com/ajax/libs/metro/4.1.5/css/metro.min.css","meta":{"rootId":"6688o5dfcdv0qoa","id":"6688o5dfcdv0qoa"},"id":"6a9pas0lyx9ogv9","previousOperationId":"7t0lq3n6k2u1ulw"}
{"type":"log","timestamp":1676306695311,"level":"debug","message":"Page request: GET (script) https://cdn.jsdelivr.net/npm/chart.js","meta":{"rootId":"6688o5dfcdv0qoa","id":"6688o5dfcdv0qoa"},"id":"sjyigs3b1nryn5d","previousOperationId":"7t0lq3n6k2u1ulw"}
{"type":"log","timestamp":1676306695319,"level":"debug","message":"Page request finished: GET (script) 200 https://cdn.jsdelivr.net/npm/chart.js","meta":{"rootId":"6688o5dfcdv0qoa","id":"6688o5dfcdv0qoa"},"id":"5hxafeaccq4dfza","previousOperationId":"7t0lq3n6k2u1ulw"}
{"type":"log","timestamp":1676306695337,"level":"debug","message":"Page request finished: GET (stylesheet) 200 https://cdnjs.cloudflare.com/ajax/libs/metro/4.1.5/css/metro.min.css","meta":{"rootId":"6688o5dfcdv0qoa","id":"6688o5dfcdv0qoa"},"id":"akhxyjikg77f3az","previousOperationId":"7t0lq3n6k2u1ulw"}
{"type":"log","timestamp":1676306695345,"level":"debug","message":"(console:error) Invalid scale configuration for scale: yAxes","meta":{"userLevel":true,"rootId":"6688o5dfcdv0qoa","id":"6688o5dfcdv0qoa"},"id":"81f44i2isdu7b8s","previousOperationId":"7t0lq3n6k2u1ulw"}
{"type":"log","timestamp":1676306695463,"level":"debug","message":"Running chrome with params {\"printBackground\":true,\"timeout\":59783,\"margin\":{}}","meta":{"rootId":"6688o5dfcdv0qoa","id":"6688o5dfcdv0qoa"},"id":"ri2bs6qi3v4gm0d","previousOperationId":"7t0lq3n6k2u1ulw"}
{"type":"operationEnd","operationId":"7t0lq3n6k2u1ulw","timestamp":1676306695573,"id":"vmsxbjfbynii7vo","previousEventId":"3hp7he00oejyvta","previousOperationId":"7t0lq3n6k2u1ulw"}
{"type":"log","timestamp":1676306695574,"level":"debug","message":"Skipping storing report.","meta":{"rootId":"6688o5dfcdv0qoa","id":"6688o5dfcdv0qoa"},"id":"cmf8nwnd59veoq8","previousOperationId":"7t0lq3n6k2u1ulw"}
{"type":"log","timestamp":1676306695574,"level":"info","message":"Rendering request 79 finished in 589 ms","meta":{"rootId":"6688o5dfcdv0qoa","id":"6688o5dfcdv0qoa"},"id":"18wdejb47d55f3g","previousOperationId":"7t0lq3n6k2u1ulw"}
{"type":"operationEnd","subtype":"render","operationId":"6hvktyyi5c25fwg","timestamp":1676306695574,"id":"uf0dwy7lho1fip4","previousEventId":"vmsxbjfbynii7vo","previousOperationId":"7t0lq3n6k2u1ulw"}
{"type":"operationEnd","doDiffs":false,"previousEventId":"kav3p2wc2egimn1","previousOperationId":"iluiya8mk0heccm","operationId":"iluiya8mk0heccm","timestamp":1676306695581,"id":"z7e7st6hygmjiw3"}
