{"type":"operationStart","subtype":"profile","data":{"_id":"R4fciGnzMLMUV1fo","timestamp":"2023-02-13T16:50:45.026Z","state":"queued","mode":"standard","creationDate":"2023-02-13T16:50:45.028Z","modificationDate":"2023-02-13T16:50:45.028Z","shortid":"s418cvn","$entitySet":"profiles"},"doDiffs":false,"timestamp":1676307045027,"id":"pwsp13wtmhnwpij","previousOperationId":null,"operationId":"br7ggjqb9nqtl70"}
{"type":"log","level":"info","message":"Render request 94 queued for execution and waiting for available worker","previousOperationId":"br7ggjqb9nqtl70","timestamp":1676307045027,"id":"7loo7c1nm2jdwpy"}
{"type":"operationStart","subtype":"render","name":"prueba","previousOperationId":"br7ggjqb9nqtl70","timestamp":1676307045036,"id":"bl5z2rf09lfa7rr","previousEventId":"pwsp13wtmhnwpij","operationId":"kwokf9s1mi6ecqz"}
{"type":"log","timestamp":1676307045037,"level":"info","message":"Starting rendering request 94","meta":{"rootId":"6kedle4akdesigf","id":"6kedle4akdesigf"},"id":"f1e1l0zx8mfoi3b","previousOperationId":"kwokf9s1mi6ecqz"}
{"type":"log","timestamp":1676307045037,"level":"info","message":"Rendering template { name: prueba, recipe: chrome-pdf, engine: handlebars, preview: true }","meta":{"rootId":"6kedle4akdesigf","id":"6kedle4akdesigf"},"id":"21g31h6fb6batgh","previousOperationId":"kwokf9s1mi6ecqz"}
{"type":"log","timestamp":1676307045037,"level":"debug","message":"Data item not defined for this template.","meta":{"rootId":"6kedle4akdesigf","id":"6kedle4akdesigf"},"id":"1fgnsvh3qv50ttq","previousOperationId":"kwokf9s1mi6ecqz"}
{"type":"log","timestamp":1676307045040,"level":"debug","message":"Executing script script (beforeRender)","meta":{"rootId":"6kedle4akdesigf","id":"6kedle4akdesigf"},"id":"8t4y2fmc874run9","previousOperationId":"kwokf9s1mi6ecqz"}
{"type":"operationStart","subtype":"scriptsBeforeRender","name":"scripts beforeRender","timestamp":1676307045060,"id":"xtbzv8tx0oxlnba","previousEventId":"bl5z2rf09lfa7rr","operationId":"xcbpb5cdr36icsp","previousOperationId":"kwokf9s1mi6ecqz"}
{"type":"operationStart","subtype":"script","name":"scripts script","previousOperationId":"xcbpb5cdr36icsp","timestamp":1676307045060,"id":"xlqwp44dgsppuiu","previousEventId":"xtbzv8tx0oxlnba","operationId":"cp9obaylatf5eqh"}
{"type":"operationEnd","operationId":"cp9obaylatf5eqh","timestamp":1676307045246,"id":"5vfe02htns1ae36","previousEventId":"bl5z2rf09lfa7rr","previousOperationId":"kwokf9s1mi6ecqz"}
{"type":"operationEnd","operationId":"xcbpb5cdr36icsp","timestamp":1676307045246,"id":"day71u3594dva04","previousEventId":"5vfe02htns1ae36","previousOperationId":"kwokf9s1mi6ecqz"}
{"type":"log","timestamp":1676307045246,"level":"debug","message":"Base url not specified, skipping its injection.","meta":{"rootId":"6kedle4akdesigf","id":"6kedle4akdesigf"},"id":"719gt6xazc5oy4p","previousOperationId":"xcbpb5cdr36icsp"}
{"type":"operationStart","subtype":"engine","name":"handlebars","timestamp":1676307045246,"id":"iq5f1j18vecj1l1","previousEventId":"day71u3594dva04","operationId":"e885v7822wsyfas","previousOperationId":"xcbpb5cdr36icsp"}
{"type":"log","timestamp":1676307045246,"level":"debug","message":"Rendering engine handlebars","meta":{"rootId":"6kedle4akdesigf","id":"6kedle4akdesigf"},"id":"4d7sr4cnf1tzke9","previousOperationId":"e885v7822wsyfas"}
{"type":"operationEnd","operationId":"e885v7822wsyfas","timestamp":1676307045258,"id":"dvmt5r3y31tujlk","previousEventId":"iq5f1j18vecj1l1","previousOperationId":"e885v7822wsyfas"}
{"type":"operationStart","subtype":"recipe","name":"chrome-pdf","timestamp":1676307045258,"id":"nfvqvex5wdabz9b","previousEventId":"dvmt5r3y31tujlk","operationId":"m8lx5na6wkz430s","previousOperationId":"e885v7822wsyfas"}
{"type":"log","timestamp":1676307045258,"level":"debug","message":"Executing recipe chrome-pdf","meta":{"rootId":"6kedle4akdesigf","id":"6kedle4akdesigf"},"id":"oaq4hecfonkb79q","previousOperationId":"m8lx5na6wkz430s"}
{"type":"log","timestamp":1676307045260,"level":"debug","message":"Converting with chrome HeadlessChrome/105.0.5173.0 using chrome-pool strategy","meta":{"rootId":"6kedle4akdesigf","id":"6kedle4akdesigf"},"id":"w002l078po0x18v","previousOperationId":"m8lx5na6wkz430s"}
{"type":"log","timestamp":1676307045355,"level":"debug","message":"Page request: GET (document) file:///C:/Users/josei/AppData/Local/Temp/jsreport/autocleanup/20a3bb5a-1754-4ab2-b46f-86b7db6a4e89-chrome-pdf.html","meta":{"rootId":"6kedle4akdesigf","id":"6kedle4akdesigf"},"id":"sit6hf00598iz4i","previousOperationId":"m8lx5na6wkz430s"}
{"type":"log","timestamp":1676307045374,"level":"debug","message":"Page request finished: GET (document) 200 file:///C:/Users/josei/AppData/Local/Temp/jsreport/autocleanup/20a3bb5a-1754-4ab2-b46f-86b7db6a4e89-chrome-pdf.html","meta":{"rootId":"6kedle4akdesigf","id":"6kedle4akdesigf"},"id":"wntf2umi97y3ra6","previousOperationId":"m8lx5na6wkz430s"}
{"type":"log","timestamp":1676307045375,"level":"debug","message":"Page request: GET (stylesheet) https://cdnjs.cloudflare.com/ajax/libs/metro/4.1.5/css/metro.min.css","meta":{"rootId":"6kedle4akdesigf","id":"6kedle4akdesigf"},"id":"piv60rx1pvnekdu","previousOperationId":"m8lx5na6wkz430s"}
{"type":"log","timestamp":1676307045375,"level":"debug","message":"Page request: GET (script) https://cdn.jsdelivr.net/npm/chart.js","meta":{"rootId":"6kedle4akdesigf","id":"6kedle4akdesigf"},"id":"2y50twj4z5y7pt4","previousOperationId":"m8lx5na6wkz430s"}
{"type":"log","timestamp":1676307045381,"level":"debug","message":"Page request finished: GET (script) 200 https://cdn.jsdelivr.net/npm/chart.js","meta":{"rootId":"6kedle4akdesigf","id":"6kedle4akdesigf"},"id":"5pc28cwqxs4tky5","previousOperationId":"m8lx5na6wkz430s"}
{"type":"log","timestamp":1676307045399,"level":"debug","message":"Page request finished: GET (stylesheet) 200 https://cdnjs.cloudflare.com/ajax/libs/metro/4.1.5/css/metro.min.css","meta":{"rootId":"6kedle4akdesigf","id":"6kedle4akdesigf"},"id":"pk6idoqtvokanm1","previousOperationId":"m8lx5na6wkz430s"}
{"type":"log","timestamp":1676307045406,"level":"debug","message":"(console:error) Invalid scale configuration for scale: yAxes","meta":{"userLevel":true,"rootId":"6kedle4akdesigf","id":"6kedle4akdesigf"},"id":"rj6ziuyag2ir85t","previousOperationId":"m8lx5na6wkz430s"}
{"type":"log","timestamp":1676307045515,"level":"debug","message":"Running chrome with params {\"printBackground\":true,\"timeout\":59766,\"margin\":{}}","meta":{"rootId":"6kedle4akdesigf","id":"6kedle4akdesigf"},"id":"sa99gy69isrzi8c","previousOperationId":"m8lx5na6wkz430s"}
{"type":"operationEnd","operationId":"m8lx5na6wkz430s","timestamp":1676307045609,"id":"xqnvrm2ksqtn7uz","previousEventId":"nfvqvex5wdabz9b","previousOperationId":"m8lx5na6wkz430s"}
{"type":"log","timestamp":1676307045609,"level":"debug","message":"Skipping storing report.","meta":{"rootId":"6kedle4akdesigf","id":"6kedle4akdesigf"},"id":"11hfnz9r3xphjgz","previousOperationId":"m8lx5na6wkz430s"}
{"type":"log","timestamp":1676307045609,"level":"info","message":"Rendering request 94 finished in 584 ms","meta":{"rootId":"6kedle4akdesigf","id":"6kedle4akdesigf"},"id":"b3hvlrcoua3s288","previousOperationId":"m8lx5na6wkz430s"}
{"type":"operationEnd","subtype":"render","operationId":"kwokf9s1mi6ecqz","timestamp":1676307045609,"id":"k2rhnd2qmj7kgi6","previousEventId":"xqnvrm2ksqtn7uz","previousOperationId":"m8lx5na6wkz430s"}
{"type":"operationEnd","doDiffs":false,"previousEventId":"pwsp13wtmhnwpij","previousOperationId":"br7ggjqb9nqtl70","operationId":"br7ggjqb9nqtl70","timestamp":1676307045613,"id":"kh4f7bjjfbkgypz"}
