{"type":"operationStart","subtype":"profile","data":{"_id":"vAaPfa6dRBccTHHO","timestamp":"2023-02-13T16:43:29.292Z","state":"queued","mode":"standard","creationDate":"2023-02-13T16:43:29.295Z","modificationDate":"2023-02-13T16:43:29.295Z","shortid":"gwaxSF6","$entitySet":"profiles"},"doDiffs":false,"timestamp":1676306609294,"id":"6bmuqxmsotkcdf8","previousOperationId":null,"operationId":"xzzgskbitaqv5lc"}
{"type":"log","level":"info","message":"Render request 72 queued for execution and waiting for available worker","previousOperationId":"xzzgskbitaqv5lc","timestamp":1676306609294,"id":"t7zpjmuobba4qs0"}
{"type":"operationStart","subtype":"render","name":"prueba","previousOperationId":"xzzgskbitaqv5lc","timestamp":1676306609303,"id":"0j0neyiyr9onlmm","previousEventId":"6bmuqxmsotkcdf8","operationId":"3ktns2lszabe2hf"}
{"type":"log","timestamp":1676306609303,"level":"info","message":"Starting rendering request 72","meta":{"rootId":"6ld8bap3t05ehdb","id":"6ld8bap3t05ehdb"},"id":"lwkzmhqof88vxv8","previousOperationId":"3ktns2lszabe2hf"}
{"type":"log","timestamp":1676306609303,"level":"info","message":"Rendering template { name: prueba, recipe: chrome-pdf, engine: handlebars, preview: true }","meta":{"rootId":"6ld8bap3t05ehdb","id":"6ld8bap3t05ehdb"},"id":"0qlm6o3vevbmp6e","previousOperationId":"3ktns2lszabe2hf"}
{"type":"log","timestamp":1676306609304,"level":"debug","message":"Data item not defined for this template.","meta":{"rootId":"6ld8bap3t05ehdb","id":"6ld8bap3t05ehdb"},"id":"s5s82nkic6sy9t3","previousOperationId":"3ktns2lszabe2hf"}
{"type":"log","timestamp":1676306609307,"level":"debug","message":"Executing script script (beforeRender)","meta":{"rootId":"6ld8bap3t05ehdb","id":"6ld8bap3t05ehdb"},"id":"5ephdg3y0wtsa9b","previousOperationId":"3ktns2lszabe2hf"}
{"type":"operationStart","subtype":"scriptsBeforeRender","name":"scripts beforeRender","timestamp":1676306609324,"id":"w7zsyeikczdb5n5","previousEventId":"0j0neyiyr9onlmm","operationId":"kpzmrqylqyrqr3f","previousOperationId":"3ktns2lszabe2hf"}
{"type":"operationStart","subtype":"script","name":"scripts script","previousOperationId":"kpzmrqylqyrqr3f","timestamp":1676306609324,"id":"j28zxaipn2a9757","previousEventId":"w7zsyeikczdb5n5","operationId":"6zqbjaz93xd3zru"}
{"type":"operationEnd","operationId":"6zqbjaz93xd3zru","timestamp":1676306609496,"id":"ucizmt69cmcs4yi","previousEventId":"0j0neyiyr9onlmm","previousOperationId":"3ktns2lszabe2hf"}
{"type":"operationEnd","operationId":"kpzmrqylqyrqr3f","timestamp":1676306609496,"id":"vrmhdete5fwneam","previousEventId":"ucizmt69cmcs4yi","previousOperationId":"3ktns2lszabe2hf"}
{"type":"log","timestamp":1676306609497,"level":"debug","message":"Base url not specified, skipping its injection.","meta":{"rootId":"6ld8bap3t05ehdb","id":"6ld8bap3t05ehdb"},"id":"nc49r1jrqpeyszm","previousOperationId":"kpzmrqylqyrqr3f"}
{"type":"operationStart","subtype":"engine","name":"handlebars","timestamp":1676306609497,"id":"eg4d6l4dw34ndns","previousEventId":"vrmhdete5fwneam","operationId":"p18rxzvkyqfgsl2","previousOperationId":"kpzmrqylqyrqr3f"}
{"type":"log","timestamp":1676306609497,"level":"debug","message":"Rendering engine handlebars","meta":{"rootId":"6ld8bap3t05ehdb","id":"6ld8bap3t05ehdb"},"id":"d7ewjl1pivyix02","previousOperationId":"p18rxzvkyqfgsl2"}
{"type":"operationEnd","operationId":"p18rxzvkyqfgsl2","timestamp":1676306609510,"id":"f1nmfgkhbt41yi0","previousEventId":"eg4d6l4dw34ndns","previousOperationId":"p18rxzvkyqfgsl2"}
{"type":"operationStart","subtype":"recipe","name":"chrome-pdf","timestamp":1676306609510,"id":"e4hipwhixgqkozy","previousEventId":"f1nmfgkhbt41yi0","operationId":"ywu5t7qmnuu50rp","previousOperationId":"p18rxzvkyqfgsl2"}
{"type":"log","timestamp":1676306609510,"level":"debug","message":"Executing recipe chrome-pdf","meta":{"rootId":"6ld8bap3t05ehdb","id":"6ld8bap3t05ehdb"},"id":"j7v7snpi7txyq77","previousOperationId":"ywu5t7qmnuu50rp"}
{"type":"log","timestamp":1676306609512,"level":"debug","message":"Converting with chrome HeadlessChrome/105.0.5173.0 using chrome-pool strategy","meta":{"rootId":"6ld8bap3t05ehdb","id":"6ld8bap3t05ehdb"},"id":"4rl0wxt1t1ak475","previousOperationId":"ywu5t7qmnuu50rp"}
{"type":"log","timestamp":1676306609610,"level":"debug","message":"Page request: GET (document) file:///C:/Users/josei/AppData/Local/Temp/jsreport/autocleanup/03b5b7c8-068b-4b99-9448-2ee1bcc726c9-chrome-pdf.html","meta":{"rootId":"6ld8bap3t05ehdb","id":"6ld8bap3t05ehdb"},"id":"g3fz4m5vsgnm3nm","previousOperationId":"ywu5t7qmnuu50rp"}
{"type":"log","timestamp":1676306609637,"level":"debug","message":"Page request: GET (stylesheet) https://cdnjs.cloudflare.com/ajax/libs/metro/4.1.5/css/metro.min.css","meta":{"rootId":"6ld8bap3t05ehdb","id":"6ld8bap3t05ehdb"},"id":"fagwof27lak1jkr","previousOperationId":"ywu5t7qmnuu50rp"}
{"type":"log","timestamp":1676306609638,"level":"debug","message":"Page request finished: GET (document) 200 file:///C:/Users/josei/AppData/Local/Temp/jsreport/autocleanup/03b5b7c8-068b-4b99-9448-2ee1bcc726c9-chrome-pdf.html","meta":{"rootId":"6ld8bap3t05ehdb","id":"6ld8bap3t05ehdb"},"id":"xdsop9d3av9mzx6","previousOperationId":"ywu5t7qmnuu50rp"}
{"type":"log","timestamp":1676306609638,"level":"debug","message":"Page request: GET (script) https://cdn.jsdelivr.net/npm/chart.js","meta":{"rootId":"6ld8bap3t05ehdb","id":"6ld8bap3t05ehdb"},"id":"bchnk1e0gk9dt0u","previousOperationId":"ywu5t7qmnuu50rp"}
{"type":"log","timestamp":1676306609644,"level":"debug","message":"Page request finished: GET (script) 200 https://cdn.jsdelivr.net/npm/chart.js","meta":{"rootId":"6ld8bap3t05ehdb","id":"6ld8bap3t05ehdb"},"id":"w0r230vvn75lp6x","previousOperationId":"ywu5t7qmnuu50rp"}
{"type":"log","timestamp":1676306609664,"level":"debug","message":"Page request finished: GET (stylesheet) 200 https://cdnjs.cloudflare.com/ajax/libs/metro/4.1.5/css/metro.min.css","meta":{"rootId":"6ld8bap3t05ehdb","id":"6ld8bap3t05ehdb"},"id":"26xfshv679b9856","previousOperationId":"ywu5t7qmnuu50rp"}
{"type":"log","timestamp":1676306609671,"level":"debug","message":"(console:error) Invalid scale configuration for scale: yAxes","meta":{"userLevel":true,"rootId":"6ld8bap3t05ehdb","id":"6ld8bap3t05ehdb"},"id":"3hvft5vvi6gvcr5","previousOperationId":"ywu5t7qmnuu50rp"}
{"type":"log","timestamp":1676306609778,"level":"debug","message":"Running chrome with params {\"printBackground\":true,\"timeout\":59780,\"margin\":{}}","meta":{"rootId":"6ld8bap3t05ehdb","id":"6ld8bap3t05ehdb"},"id":"j7g7gxk6ptt7uty","previousOperationId":"ywu5t7qmnuu50rp"}
{"type":"operationEnd","operationId":"ywu5t7qmnuu50rp","timestamp":1676306609869,"id":"7idlbasfot78cqi","previousEventId":"e4hipwhixgqkozy","previousOperationId":"ywu5t7qmnuu50rp"}
{"type":"log","timestamp":1676306609869,"level":"debug","message":"Skipping storing report.","meta":{"rootId":"6ld8bap3t05ehdb","id":"6ld8bap3t05ehdb"},"id":"sbi7o96xwwnndng","previousOperationId":"ywu5t7qmnuu50rp"}
{"type":"log","timestamp":1676306609870,"level":"info","message":"Rendering request 72 finished in 577 ms","meta":{"rootId":"6ld8bap3t05ehdb","id":"6ld8bap3t05ehdb"},"id":"dwivw62uoijl6k6","previousOperationId":"ywu5t7qmnuu50rp"}
{"type":"operationEnd","subtype":"render","operationId":"3ktns2lszabe2hf","timestamp":1676306609870,"id":"c9ror1xfg1d8vh6","previousEventId":"7idlbasfot78cqi","previousOperationId":"ywu5t7qmnuu50rp"}
{"type":"operationEnd","doDiffs":false,"previousEventId":"6bmuqxmsotkcdf8","previousOperationId":"xzzgskbitaqv5lc","operationId":"xzzgskbitaqv5lc","timestamp":1676306609874,"id":"0yunvlfjskut3ia"}
