{"type":"operationStart","subtype":"profile","data":{"_id":"bGwsJoQ4s6i9zKC5","timestamp":"2023-02-13T16:26:16.031Z","state":"queued","mode":"standard","creationDate":"2023-02-13T16:26:16.034Z","modificationDate":"2023-02-13T16:26:16.034Z","shortid":"AUV7bEn","$entitySet":"profiles"},"doDiffs":false,"timestamp":1676305576033,"id":"yyg993ot82s9dfs","previousOperationId":null,"operationId":"g0so3oz7umdom7k"}
{"type":"log","level":"info","message":"Render request 45 queued for execution and waiting for available worker","previousOperationId":"g0so3oz7umdom7k","timestamp":1676305576034,"id":"pzf7mie61tggg2o"}
{"type":"operationStart","subtype":"render","name":"prueba","previousOperationId":"g0so3oz7umdom7k","timestamp":1676305576043,"id":"8ku5iunpb8ptvlf","previousEventId":"yyg993ot82s9dfs","operationId":"qk1lx58wcpctb0t"}
{"type":"log","timestamp":1676305576043,"level":"info","message":"Starting rendering request 45","meta":{"rootId":"6th1rtk0g5dtzm8","id":"6th1rtk0g5dtzm8"},"id":"mts6pififctx4cy","previousOperationId":"qk1lx58wcpctb0t"}
{"type":"log","timestamp":1676305576043,"level":"info","message":"Rendering template { name: prueba, recipe: chrome-pdf, engine: handlebars, preview: true }","meta":{"rootId":"6th1rtk0g5dtzm8","id":"6th1rtk0g5dtzm8"},"id":"me5raowggi2jes6","previousOperationId":"qk1lx58wcpctb0t"}
{"type":"log","timestamp":1676305576044,"level":"debug","message":"Data item not defined for this template.","meta":{"rootId":"6th1rtk0g5dtzm8","id":"6th1rtk0g5dtzm8"},"id":"ooa2q20b8vxr5us","previousOperationId":"qk1lx58wcpctb0t"}
{"type":"log","timestamp":1676305576046,"level":"debug","message":"Executing script script (beforeRender)","meta":{"rootId":"6th1rtk0g5dtzm8","id":"6th1rtk0g5dtzm8"},"id":"po9xvg49vc1vnm6","previousOperationId":"qk1lx58wcpctb0t"}
{"type":"operationStart","subtype":"scriptsBeforeRender","name":"scripts beforeRender","timestamp":1676305576068,"id":"ujlo7png58wlp36","previousEventId":"8ku5iunpb8ptvlf","operationId":"vx3piqoabp3p70u","previousOperationId":"qk1lx58wcpctb0t"}
{"type":"operationStart","subtype":"script","name":"scripts script","previousOperationId":"vx3piqoabp3p70u","timestamp":1676305576068,"id":"6l2ho41yazgvcw7","previousEventId":"ujlo7png58wlp36","operationId":"g9b32b2z6mipxx8"}
{"type":"operationEnd","operationId":"g9b32b2z6mipxx8","timestamp":1676305576324,"id":"4dsnip0bcrpz4od","previousEventId":"8ku5iunpb8ptvlf","previousOperationId":"qk1lx58wcpctb0t"}
{"type":"operationEnd","operationId":"vx3piqoabp3p70u","timestamp":1676305576324,"id":"m6r6y4pg15femhy","previousEventId":"4dsnip0bcrpz4od","previousOperationId":"qk1lx58wcpctb0t"}
{"type":"log","timestamp":1676305576324,"level":"debug","message":"Base url not specified, skipping its injection.","meta":{"rootId":"6th1rtk0g5dtzm8","id":"6th1rtk0g5dtzm8"},"id":"3enzung6ikgqy8z","previousOperationId":"vx3piqoabp3p70u"}
{"type":"operationStart","subtype":"engine","name":"handlebars","timestamp":1676305576325,"id":"q1tab1ic5jxnzfq","previousEventId":"m6r6y4pg15femhy","operationId":"wkh9dgo968g06pl","previousOperationId":"vx3piqoabp3p70u"}
{"type":"log","timestamp":1676305576325,"level":"debug","message":"Rendering engine handlebars","meta":{"rootId":"6th1rtk0g5dtzm8","id":"6th1rtk0g5dtzm8"},"id":"fh70enncefhzvaz","previousOperationId":"wkh9dgo968g06pl"}
{"type":"operationEnd","operationId":"wkh9dgo968g06pl","timestamp":1676305576351,"id":"5tqi70tux0kvud0","previousEventId":"q1tab1ic5jxnzfq","previousOperationId":"wkh9dgo968g06pl"}
{"type":"operationStart","subtype":"recipe","name":"chrome-pdf","timestamp":1676305576352,"id":"dyppsswdoyzzycw","previousEventId":"5tqi70tux0kvud0","operationId":"wyhl4ggbhzf65f0","previousOperationId":"wkh9dgo968g06pl"}
{"type":"log","timestamp":1676305576352,"level":"debug","message":"Executing recipe chrome-pdf","meta":{"rootId":"6th1rtk0g5dtzm8","id":"6th1rtk0g5dtzm8"},"id":"smskhpoq0nxcsh4","previousOperationId":"wyhl4ggbhzf65f0"}
{"type":"log","timestamp":1676305576357,"level":"debug","message":"Converting with chrome HeadlessChrome/105.0.5173.0 using chrome-pool strategy","meta":{"rootId":"6th1rtk0g5dtzm8","id":"6th1rtk0g5dtzm8"},"id":"ddaklnd0qd6wpzw","previousOperationId":"wyhl4ggbhzf65f0"}
{"type":"log","timestamp":1676305576494,"level":"debug","message":"Page request: GET (document) file:///C:/Users/josei/AppData/Local/Temp/jsreport/autocleanup/a3e09b5c-b8a5-42b3-abb5-41db65b32257-chrome-pdf.html","meta":{"rootId":"6th1rtk0g5dtzm8","id":"6th1rtk0g5dtzm8"},"id":"mhj4r2yy67xq920","previousOperationId":"wyhl4ggbhzf65f0"}
{"type":"log","timestamp":1676305576516,"level":"debug","message":"Page request finished: GET (document) 200 file:///C:/Users/josei/AppData/Local/Temp/jsreport/autocleanup/a3e09b5c-b8a5-42b3-abb5-41db65b32257-chrome-pdf.html","meta":{"rootId":"6th1rtk0g5dtzm8","id":"6th1rtk0g5dtzm8"},"id":"bunw4hynjel75mg","previousOperationId":"wyhl4ggbhzf65f0"}
{"type":"log","timestamp":1676305576516,"level":"debug","message":"Page request: GET (stylesheet) https://cdnjs.cloudflare.com/ajax/libs/metro/4.1.5/css/metro.min.css","meta":{"rootId":"6th1rtk0g5dtzm8","id":"6th1rtk0g5dtzm8"},"id":"bnipo1b2vemgg5z","previousOperationId":"wyhl4ggbhzf65f0"}
{"type":"log","timestamp":1676305576517,"level":"debug","message":"Page request: GET (script) https://cdn.jsdelivr.net/npm/chart.js","meta":{"rootId":"6th1rtk0g5dtzm8","id":"6th1rtk0g5dtzm8"},"id":"rqcyfszvgd67715","previousOperationId":"wyhl4ggbhzf65f0"}
{"type":"log","timestamp":1676305576528,"level":"debug","message":"Page request finished: GET (script) 200 https://cdn.jsdelivr.net/npm/chart.js","meta":{"rootId":"6th1rtk0g5dtzm8","id":"6th1rtk0g5dtzm8"},"id":"k95cy8usyy7glmw","previousOperationId":"wyhl4ggbhzf65f0"}
{"type":"log","timestamp":1676305576550,"level":"debug","message":"Page request finished: GET (stylesheet) 200 https://cdnjs.cloudflare.com/ajax/libs/metro/4.1.5/css/metro.min.css","meta":{"rootId":"6th1rtk0g5dtzm8","id":"6th1rtk0g5dtzm8"},"id":"q2jl61exjnnf0rg","previousOperationId":"wyhl4ggbhzf65f0"}
{"type":"log","timestamp":1676305576558,"level":"debug","message":"(console:error) Invalid scale configuration for scale: yAxes","meta":{"userLevel":true,"rootId":"6th1rtk0g5dtzm8","id":"6th1rtk0g5dtzm8"},"id":"gkemo95wb5bbtde","previousOperationId":"wyhl4ggbhzf65f0"}
{"type":"log","timestamp":1676305576658,"level":"debug","message":"Running chrome with params {\"printBackground\":true,\"timeout\":59676,\"margin\":{}}","meta":{"rootId":"6th1rtk0g5dtzm8","id":"6th1rtk0g5dtzm8"},"id":"6mvywdof3c47vsw","previousOperationId":"wyhl4ggbhzf65f0"}
{"type":"operationEnd","operationId":"wyhl4ggbhzf65f0","timestamp":1676305576734,"id":"4ro19hxme1c4pup","previousEventId":"dyppsswdoyzzycw","previousOperationId":"wyhl4ggbhzf65f0"}
{"type":"log","timestamp":1676305576734,"level":"debug","message":"Skipping storing report.","meta":{"rootId":"6th1rtk0g5dtzm8","id":"6th1rtk0g5dtzm8"},"id":"rsewo7uuech22qx","previousOperationId":"wyhl4ggbhzf65f0"}
{"type":"log","timestamp":1676305576734,"level":"info","message":"Rendering request 45 finished in 703 ms","meta":{"rootId":"6th1rtk0g5dtzm8","id":"6th1rtk0g5dtzm8"},"id":"gkbmrdick0vcagw","previousOperationId":"wyhl4ggbhzf65f0"}
{"type":"operationEnd","subtype":"render","operationId":"qk1lx58wcpctb0t","timestamp":1676305576734,"id":"5pxvumc8wiiln0d","previousEventId":"4ro19hxme1c4pup","previousOperationId":"wyhl4ggbhzf65f0"}
{"type":"operationEnd","doDiffs":false,"previousEventId":"yyg993ot82s9dfs","previousOperationId":"g0so3oz7umdom7k","operationId":"g0so3oz7umdom7k","timestamp":1676305576739,"id":"33ucbi0b6eiu1pj"}
