{"type":"operationStart","subtype":"profile","data":{"_id":"nGxNyzojSmYleSe6","timestamp":"2023-02-13T16:05:42.282Z","state":"queued","mode":"standard","creationDate":"2023-02-13T16:05:42.284Z","modificationDate":"2023-02-13T16:05:42.284Z","shortid":"Tty7HAR","$entitySet":"profiles"},"doDiffs":false,"timestamp":1676304342283,"id":"uya3c6lqz7735x3","previousOperationId":null,"operationId":"purbidphspfmknx"}
{"type":"log","level":"info","message":"Render request 15 queued for execution and waiting for available worker","previousOperationId":"purbidphspfmknx","timestamp":1676304342283,"id":"k4427bfw83oxd8p"}
{"type":"operationStart","subtype":"render","name":"prueba","previousOperationId":"purbidphspfmknx","timestamp":1676304342294,"id":"u4r44255yeb1ia5","previousEventId":"uya3c6lqz7735x3","operationId":"2pxn1nkfg4gkd8x"}
{"type":"log","timestamp":1676304342294,"level":"info","message":"Starting rendering request 15","meta":{"rootId":"7f3e20gmout6mfc","id":"7f3e20gmout6mfc"},"id":"h2kox85fuqhus9n","previousOperationId":"2pxn1nkfg4gkd8x"}
{"type":"log","timestamp":1676304342296,"level":"info","message":"Rendering template { name: prueba, recipe: chrome-pdf, engine: handlebars, preview: true }","meta":{"rootId":"7f3e20gmout6mfc","id":"7f3e20gmout6mfc"},"id":"l3d0fkbw9lyvtjx","previousOperationId":"2pxn1nkfg4gkd8x"}
{"type":"log","timestamp":1676304342297,"level":"debug","message":"Data item not defined for this template.","meta":{"rootId":"7f3e20gmout6mfc","id":"7f3e20gmout6mfc"},"id":"32f6aem5tvhrygt","previousOperationId":"2pxn1nkfg4gkd8x"}
{"type":"log","timestamp":1676304342300,"level":"debug","message":"Executing script script (beforeRender)","meta":{"rootId":"7f3e20gmout6mfc","id":"7f3e20gmout6mfc"},"id":"66c5a0ya1mswak6","previousOperationId":"2pxn1nkfg4gkd8x"}
{"type":"operationStart","subtype":"scriptsBeforeRender","name":"scripts beforeRender","timestamp":1676304342318,"id":"gvb5rs6qlcnz89p","previousEventId":"u4r44255yeb1ia5","operationId":"snrm8i4h15tnegi","previousOperationId":"2pxn1nkfg4gkd8x"}
{"type":"operationStart","subtype":"script","name":"scripts script","previousOperationId":"snrm8i4h15tnegi","timestamp":1676304342318,"id":"s7z41x121dlfcvu","previousEventId":"gvb5rs6qlcnz89p","operationId":"5rujjtqpa9kaig6"}
{"type":"operationEnd","operationId":"5rujjtqpa9kaig6","timestamp":1676304342486,"id":"i1ss119ncot3kq3","previousEventId":"u4r44255yeb1ia5","previousOperationId":"2pxn1nkfg4gkd8x"}
{"type":"operationEnd","operationId":"snrm8i4h15tnegi","timestamp":1676304342486,"id":"ncuz6q1rowpfcje","previousEventId":"i1ss119ncot3kq3","previousOperationId":"2pxn1nkfg4gkd8x"}
{"type":"log","timestamp":1676304342486,"level":"debug","message":"Base url not specified, skipping its injection.","meta":{"rootId":"7f3e20gmout6mfc","id":"7f3e20gmout6mfc"},"id":"bkxjbgp1xskqbu2","previousOperationId":"snrm8i4h15tnegi"}
{"type":"operationStart","subtype":"engine","name":"handlebars","timestamp":1676304342487,"id":"kq4sgksn1oj0oaj","previousEventId":"ncuz6q1rowpfcje","operationId":"bq7r7wtiekuwr69","previousOperationId":"snrm8i4h15tnegi"}
{"type":"log","timestamp":1676304342487,"level":"debug","message":"Rendering engine handlebars","meta":{"rootId":"7f3e20gmout6mfc","id":"7f3e20gmout6mfc"},"id":"6asyo3kt5bfborl","previousOperationId":"bq7r7wtiekuwr69"}
{"type":"operationEnd","operationId":"bq7r7wtiekuwr69","timestamp":1676304342499,"id":"laj40ess6xmdlkl","previousEventId":"kq4sgksn1oj0oaj","previousOperationId":"bq7r7wtiekuwr69"}
{"type":"operationStart","subtype":"recipe","name":"chrome-pdf","timestamp":1676304342499,"id":"mbtxueh2fptea0b","previousEventId":"laj40ess6xmdlkl","operationId":"vf33yc8hjd6lstu","previousOperationId":"bq7r7wtiekuwr69"}
{"type":"log","timestamp":1676304342499,"level":"debug","message":"Executing recipe chrome-pdf","meta":{"rootId":"7f3e20gmout6mfc","id":"7f3e20gmout6mfc"},"id":"uq2yaa0qctliu9w","previousOperationId":"vf33yc8hjd6lstu"}
{"type":"log","timestamp":1676304342501,"level":"debug","message":"Converting with chrome HeadlessChrome/105.0.5173.0 using chrome-pool strategy","meta":{"rootId":"7f3e20gmout6mfc","id":"7f3e20gmout6mfc"},"id":"pl9o9fktgd7k1f7","previousOperationId":"vf33yc8hjd6lstu"}
{"type":"log","timestamp":1676304342594,"level":"debug","message":"Page request: GET (document) file:///C:/Users/josei/AppData/Local/Temp/jsreport/autocleanup/b639eec7-5411-49d3-a719-30255a8f7194-chrome-pdf.html","meta":{"rootId":"7f3e20gmout6mfc","id":"7f3e20gmout6mfc"},"id":"h7rlgknz7l87fwk","previousOperationId":"vf33yc8hjd6lstu"}
{"type":"log","timestamp":1676304342615,"level":"debug","message":"Page request finished: GET (document) 200 file:///C:/Users/josei/AppData/Local/Temp/jsreport/autocleanup/b639eec7-5411-49d3-a719-30255a8f7194-chrome-pdf.html","meta":{"rootId":"7f3e20gmout6mfc","id":"7f3e20gmout6mfc"},"id":"5mokwkovpc7zgeo","previousOperationId":"vf33yc8hjd6lstu"}
{"type":"log","timestamp":1676304342615,"level":"debug","message":"Page request: GET (stylesheet) https://cdnjs.cloudflare.com/ajax/libs/metro/4.1.5/css/metro.min.css","meta":{"rootId":"7f3e20gmout6mfc","id":"7f3e20gmout6mfc"},"id":"j8gb2fbpz8414xr","previousOperationId":"vf33yc8hjd6lstu"}
{"type":"log","timestamp":1676304342617,"level":"debug","message":"Page request: GET (script) https://cdn.jsdelivr.net/npm/chart.js","meta":{"rootId":"7f3e20gmout6mfc","id":"7f3e20gmout6mfc"},"id":"u1avod0o063cun9","previousOperationId":"vf33yc8hjd6lstu"}
{"type":"log","timestamp":1676304342623,"level":"debug","message":"Page request finished: GET (script) 200 https://cdn.jsdelivr.net/npm/chart.js","meta":{"rootId":"7f3e20gmout6mfc","id":"7f3e20gmout6mfc"},"id":"mv2uctbir0rgnxk","previousOperationId":"vf33yc8hjd6lstu"}
{"type":"log","timestamp":1676304342640,"level":"debug","message":"Page request finished: GET (stylesheet) 200 https://cdnjs.cloudflare.com/ajax/libs/metro/4.1.5/css/metro.min.css","meta":{"rootId":"7f3e20gmout6mfc","id":"7f3e20gmout6mfc"},"id":"yqcn3saita04sin","previousOperationId":"vf33yc8hjd6lstu"}
{"type":"log","timestamp":1676304342648,"level":"debug","message":"(console:error) Invalid scale configuration for scale: yAxes","meta":{"userLevel":true,"rootId":"7f3e20gmout6mfc","id":"7f3e20gmout6mfc"},"id":"qtpuxkj7ikbc018","previousOperationId":"vf33yc8hjd6lstu"}
{"type":"log","timestamp":1676304342743,"level":"debug","message":"Running chrome with params {\"printBackground\":true,\"timeout\":59782,\"margin\":{}}","meta":{"rootId":"7f3e20gmout6mfc","id":"7f3e20gmout6mfc"},"id":"ssmeboi192i2zxr","previousOperationId":"vf33yc8hjd6lstu"}
{"type":"operationEnd","operationId":"vf33yc8hjd6lstu","timestamp":1676304342827,"id":"9qm8pdbnfnnwkd0","previousEventId":"mbtxueh2fptea0b","previousOperationId":"vf33yc8hjd6lstu"}
{"type":"log","timestamp":1676304342827,"level":"debug","message":"Skipping storing report.","meta":{"rootId":"7f3e20gmout6mfc","id":"7f3e20gmout6mfc"},"id":"an1g29eoitm8man","previousOperationId":"vf33yc8hjd6lstu"}
{"type":"log","timestamp":1676304342827,"level":"info","message":"Rendering request 15 finished in 545 ms","meta":{"rootId":"7f3e20gmout6mfc","id":"7f3e20gmout6mfc"},"id":"jn7f5xngtes3hot","previousOperationId":"vf33yc8hjd6lstu"}
{"type":"operationEnd","subtype":"render","operationId":"2pxn1nkfg4gkd8x","timestamp":1676304342827,"id":"uus4evcgw4wtns5","previousEventId":"9qm8pdbnfnnwkd0","previousOperationId":"vf33yc8hjd6lstu"}
{"type":"operationEnd","doDiffs":false,"previousEventId":"uya3c6lqz7735x3","previousOperationId":"purbidphspfmknx","operationId":"purbidphspfmknx","timestamp":1676304342834,"id":"5dqoioqax2ae23h"}
