{"type":"operationStart","subtype":"profile","data":{"_id":"g0LtYTsK9xVko20P","timestamp":"2023-02-13T16:53:03.487Z","state":"queued","mode":"standard","creationDate":"2023-02-13T16:53:03.490Z","modificationDate":"2023-02-13T16:53:03.490Z","shortid":"i5yLB3g","$entitySet":"profiles"},"doDiffs":false,"timestamp":1676307183489,"id":"9b73ch4d9cxdy0n","previousOperationId":null,"operationId":"0fjtpto4zlui4sr"}
{"type":"log","level":"info","message":"Render request 101 queued for execution and waiting for available worker","previousOperationId":"0fjtpto4zlui4sr","timestamp":1676307183489,"id":"o3pnq41og4q92z6"}
{"type":"operationStart","subtype":"render","name":"prueba","previousOperationId":"0fjtpto4zlui4sr","timestamp":1676307183496,"id":"e2ulrj6csy6w7t8","previousEventId":"9b73ch4d9cxdy0n","operationId":"yf6sw96l00e8gw5"}
{"type":"log","timestamp":1676307183497,"level":"info","message":"Starting rendering request 101","meta":{"rootId":"7jtmimtpzpfywgm","id":"7jtmimtpzpfywgm"},"id":"el8quyofyllhdxt","previousOperationId":"yf6sw96l00e8gw5"}
{"type":"log","timestamp":1676307183497,"level":"info","message":"Rendering template { name: prueba, recipe: chrome-pdf, engine: handlebars, preview: true }","meta":{"rootId":"7jtmimtpzpfywgm","id":"7jtmimtpzpfywgm"},"id":"w23ft52bwte2u8g","previousOperationId":"yf6sw96l00e8gw5"}
{"type":"log","timestamp":1676307183499,"level":"debug","message":"Data item not defined for this template.","meta":{"rootId":"7jtmimtpzpfywgm","id":"7jtmimtpzpfywgm"},"id":"f79n85xhimiaayl","previousOperationId":"yf6sw96l00e8gw5"}
{"type":"log","timestamp":1676307183503,"level":"debug","message":"Executing script script (beforeRender)","meta":{"rootId":"7jtmimtpzpfywgm","id":"7jtmimtpzpfywgm"},"id":"35bp4dqtsps0mrv","previousOperationId":"yf6sw96l00e8gw5"}
{"type":"operationStart","subtype":"scriptsBeforeRender","name":"scripts beforeRender","timestamp":1676307183524,"id":"8dm28l487120non","previousEventId":"e2ulrj6csy6w7t8","operationId":"xjt4bekzk1ojble","previousOperationId":"yf6sw96l00e8gw5"}
{"type":"operationStart","subtype":"script","name":"scripts script","previousOperationId":"xjt4bekzk1ojble","timestamp":1676307183524,"id":"8w8nj7zm0m60w7f","previousEventId":"8dm28l487120non","operationId":"8xsypwtb7gbw6ra"}
{"type":"operationEnd","operationId":"8xsypwtb7gbw6ra","timestamp":1676307183672,"id":"fydu9ihc90q0out","previousEventId":"e2ulrj6csy6w7t8","previousOperationId":"yf6sw96l00e8gw5"}
{"type":"operationEnd","operationId":"xjt4bekzk1ojble","timestamp":1676307183672,"id":"qyj2zqceue2k611","previousEventId":"fydu9ihc90q0out","previousOperationId":"yf6sw96l00e8gw5"}
{"type":"log","timestamp":1676307183672,"level":"debug","message":"Base url not specified, skipping its injection.","meta":{"rootId":"7jtmimtpzpfywgm","id":"7jtmimtpzpfywgm"},"id":"68lqqimdwobvi4s","previousOperationId":"xjt4bekzk1ojble"}
{"type":"operationStart","subtype":"engine","name":"handlebars","timestamp":1676307183672,"id":"3t2uais6wyg74tt","previousEventId":"qyj2zqceue2k611","operationId":"82hajgimgumqxxg","previousOperationId":"xjt4bekzk1ojble"}
{"type":"log","timestamp":1676307183672,"level":"debug","message":"Rendering engine handlebars","meta":{"rootId":"7jtmimtpzpfywgm","id":"7jtmimtpzpfywgm"},"id":"wehmthkvio5artu","previousOperationId":"82hajgimgumqxxg"}
{"type":"operationEnd","operationId":"82hajgimgumqxxg","timestamp":1676307183685,"id":"rr89yem4qndl2rb","previousEventId":"3t2uais6wyg74tt","previousOperationId":"82hajgimgumqxxg"}
{"type":"operationStart","subtype":"recipe","name":"chrome-pdf","timestamp":1676307183685,"id":"ph7oudfibu3ekjb","previousEventId":"rr89yem4qndl2rb","operationId":"g4qvwi2156q635g","previousOperationId":"82hajgimgumqxxg"}
{"type":"log","timestamp":1676307183685,"level":"debug","message":"Executing recipe chrome-pdf","meta":{"rootId":"7jtmimtpzpfywgm","id":"7jtmimtpzpfywgm"},"id":"bdfojhu8lyalv9b","previousOperationId":"g4qvwi2156q635g"}
{"type":"log","timestamp":1676307183688,"level":"debug","message":"Converting with chrome HeadlessChrome/105.0.5173.0 using chrome-pool strategy","meta":{"rootId":"7jtmimtpzpfywgm","id":"7jtmimtpzpfywgm"},"id":"a3lgx13mt900no7","previousOperationId":"g4qvwi2156q635g"}
{"type":"log","timestamp":1676307183783,"level":"debug","message":"Page request: GET (document) file:///C:/Users/josei/AppData/Local/Temp/jsreport/autocleanup/ce834a0a-eb26-42fa-9e92-a5f5120770fe-chrome-pdf.html","meta":{"rootId":"7jtmimtpzpfywgm","id":"7jtmimtpzpfywgm"},"id":"k3qv7gt3ix4jqh4","previousOperationId":"g4qvwi2156q635g"}
{"type":"log","timestamp":1676307183824,"level":"debug","message":"Page request finished: GET (document) 200 file:///C:/Users/josei/AppData/Local/Temp/jsreport/autocleanup/ce834a0a-eb26-42fa-9e92-a5f5120770fe-chrome-pdf.html","meta":{"rootId":"7jtmimtpzpfywgm","id":"7jtmimtpzpfywgm"},"id":"ry45lufny0oe6vt","previousOperationId":"g4qvwi2156q635g"}
{"type":"log","timestamp":1676307183824,"level":"debug","message":"Page request: GET (stylesheet) https://cdnjs.cloudflare.com/ajax/libs/metro/4.1.5/css/metro.min.css","meta":{"rootId":"7jtmimtpzpfywgm","id":"7jtmimtpzpfywgm"},"id":"vnrc91psxjcw5si","previousOperationId":"g4qvwi2156q635g"}
{"type":"log","timestamp":1676307183824,"level":"debug","message":"Page request: GET (script) https://cdn.jsdelivr.net/npm/chart.js","meta":{"rootId":"7jtmimtpzpfywgm","id":"7jtmimtpzpfywgm"},"id":"660rqylznvtsa4o","previousOperationId":"g4qvwi2156q635g"}
{"type":"log","timestamp":1676307183851,"level":"debug","message":"Page request finished: GET (stylesheet) 200 https://cdnjs.cloudflare.com/ajax/libs/metro/4.1.5/css/metro.min.css","meta":{"rootId":"7jtmimtpzpfywgm","id":"7jtmimtpzpfywgm"},"id":"rirqlyaow6yrndl","previousOperationId":"g4qvwi2156q635g"}
{"type":"log","timestamp":1676307183852,"level":"debug","message":"Page request finished: GET (script) 200 https://cdn.jsdelivr.net/npm/chart.js","meta":{"rootId":"7jtmimtpzpfywgm","id":"7jtmimtpzpfywgm"},"id":"ar6tp1zb4ihqkgf","previousOperationId":"g4qvwi2156q635g"}
{"type":"log","timestamp":1676307183858,"level":"debug","message":"(console:error) Invalid scale configuration for scale: yAxes","meta":{"userLevel":true,"rootId":"7jtmimtpzpfywgm","id":"7jtmimtpzpfywgm"},"id":"d93o67e6o2axnb5","previousOperationId":"g4qvwi2156q635g"}
{"type":"log","timestamp":1676307183979,"level":"debug","message":"Running chrome with params {\"printBackground\":true,\"timeout\":59800,\"margin\":{}}","meta":{"rootId":"7jtmimtpzpfywgm","id":"7jtmimtpzpfywgm"},"id":"h4vg865ynn3e37f","previousOperationId":"g4qvwi2156q635g"}
{"type":"operationEnd","operationId":"g4qvwi2156q635g","timestamp":1676307184091,"id":"x86jczck3s6u7v0","previousEventId":"ph7oudfibu3ekjb","previousOperationId":"g4qvwi2156q635g"}
{"type":"log","timestamp":1676307184091,"level":"debug","message":"Skipping storing report.","meta":{"rootId":"7jtmimtpzpfywgm","id":"7jtmimtpzpfywgm"},"id":"7vvbod8gg3dcw4r","previousOperationId":"g4qvwi2156q635g"}
{"type":"log","timestamp":1676307184091,"level":"info","message":"Rendering request 101 finished in 604 ms","meta":{"rootId":"7jtmimtpzpfywgm","id":"7jtmimtpzpfywgm"},"id":"cckyga1tmhsu647","previousOperationId":"g4qvwi2156q635g"}
{"type":"operationEnd","subtype":"render","operationId":"yf6sw96l00e8gw5","timestamp":1676307184091,"id":"by8zd7hxgm0y4wx","previousEventId":"x86jczck3s6u7v0","previousOperationId":"g4qvwi2156q635g"}
{"type":"operationEnd","doDiffs":false,"previousEventId":"9b73ch4d9cxdy0n","previousOperationId":"0fjtpto4zlui4sr","operationId":"0fjtpto4zlui4sr","timestamp":1676307184096,"id":"zcnzkkkhqg77xd9"}
