{"type":"operationStart","subtype":"profile","data":{"_id":"igKmX8ZA8GXNGeJz","timestamp":"2023-02-13T16:32:09.419Z","state":"queued","mode":"standard","creationDate":"2023-02-13T16:32:09.420Z","modificationDate":"2023-02-13T16:32:09.420Z","shortid":"sNtCBeD","$entitySet":"profiles"},"doDiffs":false,"timestamp":1676305929420,"id":"4nkizmpyd4qd7b3","previousOperationId":null,"operationId":"zmeqm7dhs62jb77"}
{"type":"log","level":"info","message":"Render request 49 queued for execution and waiting for available worker","previousOperationId":"zmeqm7dhs62jb77","timestamp":1676305929420,"id":"19dsjlhne8k5gck"}
{"type":"operationStart","subtype":"render","name":"prueba","previousOperationId":"zmeqm7dhs62jb77","timestamp":1676305929430,"id":"de3wl3jssr83g8e","previousEventId":"4nkizmpyd4qd7b3","operationId":"j9le4bud99k9b2n"}
{"type":"log","timestamp":1676305929431,"level":"info","message":"Starting rendering request 49","meta":{"rootId":"7tgi9ggmxx1qo2y","id":"7tgi9ggmxx1qo2y"},"id":"zndek2k0us9ju0d","previousOperationId":"j9le4bud99k9b2n"}
{"type":"log","timestamp":1676305929431,"level":"info","message":"Rendering template { name: prueba, recipe: chrome-pdf, engine: handlebars, preview: true }","meta":{"rootId":"7tgi9ggmxx1qo2y","id":"7tgi9ggmxx1qo2y"},"id":"ekgzs59t2qhrdl1","previousOperationId":"j9le4bud99k9b2n"}
{"type":"log","timestamp":1676305929432,"level":"debug","message":"Data item not defined for this template.","meta":{"rootId":"7tgi9ggmxx1qo2y","id":"7tgi9ggmxx1qo2y"},"id":"avk5g0bxp8y67rf","previousOperationId":"j9le4bud99k9b2n"}
{"type":"log","timestamp":1676305929435,"level":"debug","message":"Executing script script (beforeRender)","meta":{"rootId":"7tgi9ggmxx1qo2y","id":"7tgi9ggmxx1qo2y"},"id":"8nthyzhdr6ygg06","previousOperationId":"j9le4bud99k9b2n"}
{"type":"operationStart","subtype":"scriptsBeforeRender","name":"scripts beforeRender","timestamp":1676305929454,"id":"fs46hvp87s43kl4","previousEventId":"de3wl3jssr83g8e","operationId":"aq5ulw99kkdxlz6","previousOperationId":"j9le4bud99k9b2n"}
{"type":"operationStart","subtype":"script","name":"scripts script","previousOperationId":"aq5ulw99kkdxlz6","timestamp":1676305929454,"id":"em2xbyhml0a8z25","previousEventId":"fs46hvp87s43kl4","operationId":"yagyjghmxrr8npm"}
{"type":"operationEnd","operationId":"yagyjghmxrr8npm","timestamp":1676305929650,"id":"wf05zcljta4x6mu","previousEventId":"de3wl3jssr83g8e","previousOperationId":"j9le4bud99k9b2n"}
{"type":"operationEnd","operationId":"aq5ulw99kkdxlz6","timestamp":1676305929650,"id":"sojvzsuohyl8myu","previousEventId":"wf05zcljta4x6mu","previousOperationId":"j9le4bud99k9b2n"}
{"type":"log","timestamp":1676305929650,"level":"debug","message":"Base url not specified, skipping its injection.","meta":{"rootId":"7tgi9ggmxx1qo2y","id":"7tgi9ggmxx1qo2y"},"id":"ugri1ou821hdw61","previousOperationId":"aq5ulw99kkdxlz6"}
{"type":"operationStart","subtype":"engine","name":"handlebars","timestamp":1676305929650,"id":"7pxqxbqjxkndolz","previousEventId":"sojvzsuohyl8myu","operationId":"q8en50j5e5ukwmt","previousOperationId":"aq5ulw99kkdxlz6"}
{"type":"log","timestamp":1676305929650,"level":"debug","message":"Rendering engine handlebars","meta":{"rootId":"7tgi9ggmxx1qo2y","id":"7tgi9ggmxx1qo2y"},"id":"0k23bkb3ol4fpul","previousOperationId":"q8en50j5e5ukwmt"}
{"type":"operationEnd","operationId":"q8en50j5e5ukwmt","timestamp":1676305929661,"id":"m985mtipcyqyrn0","previousEventId":"7pxqxbqjxkndolz","previousOperationId":"q8en50j5e5ukwmt"}
{"type":"operationStart","subtype":"recipe","name":"chrome-pdf","timestamp":1676305929661,"id":"yrvkiwungjfrcny","previousEventId":"m985mtipcyqyrn0","operationId":"xduph8gjv01yr0u","previousOperationId":"q8en50j5e5ukwmt"}
{"type":"log","timestamp":1676305929661,"level":"debug","message":"Executing recipe chrome-pdf","meta":{"rootId":"7tgi9ggmxx1qo2y","id":"7tgi9ggmxx1qo2y"},"id":"y2v51ox8t5jth2h","previousOperationId":"xduph8gjv01yr0u"}
{"type":"log","timestamp":1676305929664,"level":"debug","message":"Converting with chrome HeadlessChrome/105.0.5173.0 using chrome-pool strategy","meta":{"rootId":"7tgi9ggmxx1qo2y","id":"7tgi9ggmxx1qo2y"},"id":"be8zxdna47vdsfq","previousOperationId":"xduph8gjv01yr0u"}
{"type":"log","timestamp":1676305929763,"level":"debug","message":"Page request: GET (document) file:///C:/Users/josei/AppData/Local/Temp/jsreport/autocleanup/def806ac-56b8-4e4f-b286-d753fc777e5e-chrome-pdf.html","meta":{"rootId":"7tgi9ggmxx1qo2y","id":"7tgi9ggmxx1qo2y"},"id":"s80f25914004e19","previousOperationId":"xduph8gjv01yr0u"}
{"type":"log","timestamp":1676305929784,"level":"debug","message":"Page request finished: GET (document) 200 file:///C:/Users/josei/AppData/Local/Temp/jsreport/autocleanup/def806ac-56b8-4e4f-b286-d753fc777e5e-chrome-pdf.html","meta":{"rootId":"7tgi9ggmxx1qo2y","id":"7tgi9ggmxx1qo2y"},"id":"o36blgb3ia9juge","previousOperationId":"xduph8gjv01yr0u"}
{"type":"log","timestamp":1676305929784,"level":"debug","message":"Page request: GET (stylesheet) https://cdnjs.cloudflare.com/ajax/libs/metro/4.1.5/css/metro.min.css","meta":{"rootId":"7tgi9ggmxx1qo2y","id":"7tgi9ggmxx1qo2y"},"id":"oudwndnukyqu6ao","previousOperationId":"xduph8gjv01yr0u"}
{"type":"log","timestamp":1676305929785,"level":"debug","message":"Page request: GET (script) https://cdn.jsdelivr.net/npm/chart.js","meta":{"rootId":"7tgi9ggmxx1qo2y","id":"7tgi9ggmxx1qo2y"},"id":"j9ps63oc8wzdf6x","previousOperationId":"xduph8gjv01yr0u"}
{"type":"log","timestamp":1676305929791,"level":"debug","message":"Page request finished: GET (script) 200 https://cdn.jsdelivr.net/npm/chart.js","meta":{"rootId":"7tgi9ggmxx1qo2y","id":"7tgi9ggmxx1qo2y"},"id":"5przi2ny33eb491","previousOperationId":"xduph8gjv01yr0u"}
{"type":"log","timestamp":1676305929809,"level":"debug","message":"Page request finished: GET (stylesheet) 200 https://cdnjs.cloudflare.com/ajax/libs/metro/4.1.5/css/metro.min.css","meta":{"rootId":"7tgi9ggmxx1qo2y","id":"7tgi9ggmxx1qo2y"},"id":"sdrlj28t5tb3dyj","previousOperationId":"xduph8gjv01yr0u"}
{"type":"log","timestamp":1676305929817,"level":"debug","message":"(console:error) Invalid scale configuration for scale: yAxes","meta":{"userLevel":true,"rootId":"7tgi9ggmxx1qo2y","id":"7tgi9ggmxx1qo2y"},"id":"zw9875jhah11c3x","previousOperationId":"xduph8gjv01yr0u"}
{"type":"log","timestamp":1676305929928,"level":"debug","message":"Running chrome with params {\"printBackground\":true,\"timeout\":59755,\"margin\":{}}","meta":{"rootId":"7tgi9ggmxx1qo2y","id":"7tgi9ggmxx1qo2y"},"id":"bxay1fi3u1ex8ya","previousOperationId":"xduph8gjv01yr0u"}
{"type":"operationEnd","operationId":"xduph8gjv01yr0u","timestamp":1676305930037,"id":"f8808x7k8nom4mx","previousEventId":"yrvkiwungjfrcny","previousOperationId":"xduph8gjv01yr0u"}
{"type":"log","timestamp":1676305930037,"level":"debug","message":"Skipping storing report.","meta":{"rootId":"7tgi9ggmxx1qo2y","id":"7tgi9ggmxx1qo2y"},"id":"xj9na1y5h8pxmvm","previousOperationId":"xduph8gjv01yr0u"}
{"type":"log","timestamp":1676305930037,"level":"info","message":"Rendering request 49 finished in 618 ms","meta":{"rootId":"7tgi9ggmxx1qo2y","id":"7tgi9ggmxx1qo2y"},"id":"9u4sy3jh07f9ox0","previousOperationId":"xduph8gjv01yr0u"}
{"type":"operationEnd","subtype":"render","operationId":"j9le4bud99k9b2n","timestamp":1676305930037,"id":"rbnecfhrdomcu1k","previousEventId":"f8808x7k8nom4mx","previousOperationId":"xduph8gjv01yr0u"}
{"type":"operationEnd","doDiffs":false,"previousEventId":"4nkizmpyd4qd7b3","previousOperationId":"zmeqm7dhs62jb77","operationId":"zmeqm7dhs62jb77","timestamp":1676305930041,"id":"omsy89oghwktd0j"}
