{"type":"operationStart","subtype":"profile","data":{"_id":"ydyH5wuu8pkg2RZg","timestamp":"2023-02-13T16:22:26.886Z","state":"queued","mode":"standard","creationDate":"2023-02-13T16:22:26.888Z","modificationDate":"2023-02-13T16:22:26.888Z","shortid":"m88UTaN","$entitySet":"profiles"},"doDiffs":false,"timestamp":1676305346887,"id":"dnaqswx1eocw8je","previousOperationId":null,"operationId":"mcz7fadcc1xi06g"}
{"type":"log","level":"info","message":"Render request 38 queued for execution and waiting for available worker","previousOperationId":"mcz7fadcc1xi06g","timestamp":1676305346887,"id":"rx5uwlw5pkvudxf"}
{"type":"operationStart","subtype":"render","name":"prueba","previousOperationId":"mcz7fadcc1xi06g","timestamp":1676305346894,"id":"gsyl2muigf1njx4","previousEventId":"dnaqswx1eocw8je","operationId":"w8dk2pqxlb7ytid"}
{"type":"log","timestamp":1676305346894,"level":"info","message":"Starting rendering request 38","meta":{"rootId":"82exgof46y80swa","id":"82exgof46y80swa"},"id":"odwb8bkyfcvp9d6","previousOperationId":"w8dk2pqxlb7ytid"}
{"type":"log","timestamp":1676305346894,"level":"info","message":"Rendering template { name: prueba, recipe: chrome-pdf, engine: handlebars, preview: true }","meta":{"rootId":"82exgof46y80swa","id":"82exgof46y80swa"},"id":"tr9dbymvzso9xvm","previousOperationId":"w8dk2pqxlb7ytid"}
{"type":"log","timestamp":1676305346895,"level":"debug","message":"Data item not defined for this template.","meta":{"rootId":"82exgof46y80swa","id":"82exgof46y80swa"},"id":"lsplg1tzms7j7jx","previousOperationId":"w8dk2pqxlb7ytid"}
{"type":"log","timestamp":1676305346902,"level":"debug","message":"Executing script script (beforeRender)","meta":{"rootId":"82exgof46y80swa","id":"82exgof46y80swa"},"id":"qma0d49yi9usifz","previousOperationId":"w8dk2pqxlb7ytid"}
{"type":"operationStart","subtype":"scriptsBeforeRender","name":"scripts beforeRender","timestamp":1676305346947,"id":"wbgxztul93jt7qx","previousEventId":"gsyl2muigf1njx4","operationId":"wssc8lvus8lup8i","previousOperationId":"w8dk2pqxlb7ytid"}
{"type":"operationStart","subtype":"script","name":"scripts script","previousOperationId":"wssc8lvus8lup8i","timestamp":1676305346947,"id":"t4jggqeqefhrjpv","previousEventId":"wbgxztul93jt7qx","operationId":"sscfiq6k7x96tbu"}
{"type":"operationEnd","operationId":"sscfiq6k7x96tbu","timestamp":1676305347158,"id":"gxvqregsgvmz5fw","previousEventId":"gsyl2muigf1njx4","previousOperationId":"w8dk2pqxlb7ytid"}
{"type":"operationEnd","operationId":"wssc8lvus8lup8i","timestamp":1676305347158,"id":"88fz80t01i41b46","previousEventId":"gxvqregsgvmz5fw","previousOperationId":"w8dk2pqxlb7ytid"}
{"type":"log","timestamp":1676305347158,"level":"debug","message":"Base url not specified, skipping its injection.","meta":{"rootId":"82exgof46y80swa","id":"82exgof46y80swa"},"id":"fgq1beenao28ejn","previousOperationId":"wssc8lvus8lup8i"}
{"type":"operationStart","subtype":"engine","name":"handlebars","timestamp":1676305347158,"id":"qmik4jko33t37rv","previousEventId":"88fz80t01i41b46","operationId":"cvyyt7m0zbw9geg","previousOperationId":"wssc8lvus8lup8i"}
{"type":"log","timestamp":1676305347158,"level":"debug","message":"Rendering engine handlebars","meta":{"rootId":"82exgof46y80swa","id":"82exgof46y80swa"},"id":"ip4gypnq7ubhrfr","previousOperationId":"cvyyt7m0zbw9geg"}
{"type":"operationEnd","operationId":"cvyyt7m0zbw9geg","timestamp":1676305347172,"id":"j1vfz424nyrn5au","previousEventId":"qmik4jko33t37rv","previousOperationId":"cvyyt7m0zbw9geg"}
{"type":"operationStart","subtype":"recipe","name":"chrome-pdf","timestamp":1676305347172,"id":"k4q8yyd4wvbtddt","previousEventId":"j1vfz424nyrn5au","operationId":"fhbbcklic8hr664","previousOperationId":"cvyyt7m0zbw9geg"}
{"type":"log","timestamp":1676305347172,"level":"debug","message":"Executing recipe chrome-pdf","meta":{"rootId":"82exgof46y80swa","id":"82exgof46y80swa"},"id":"sl5iq4d2yzwuhlt","previousOperationId":"fhbbcklic8hr664"}
{"type":"log","timestamp":1676305347175,"level":"debug","message":"Converting with chrome HeadlessChrome/105.0.5173.0 using chrome-pool strategy","meta":{"rootId":"82exgof46y80swa","id":"82exgof46y80swa"},"id":"i4fdhwmul2s15mj","previousOperationId":"fhbbcklic8hr664"}
{"type":"log","timestamp":1676305347274,"level":"debug","message":"Page request: GET (document) file:///C:/Users/josei/AppData/Local/Temp/jsreport/autocleanup/43c7a245-7108-4bc5-8cba-c3b8b39f1fc3-chrome-pdf.html","meta":{"rootId":"82exgof46y80swa","id":"82exgof46y80swa"},"id":"seljdccisx2a346","previousOperationId":"fhbbcklic8hr664"}
{"type":"log","timestamp":1676305347299,"level":"debug","message":"Page request finished: GET (document) 200 file:///C:/Users/josei/AppData/Local/Temp/jsreport/autocleanup/43c7a245-7108-4bc5-8cba-c3b8b39f1fc3-chrome-pdf.html","meta":{"rootId":"82exgof46y80swa","id":"82exgof46y80swa"},"id":"6e5qt6zx9ltpvk7","previousOperationId":"fhbbcklic8hr664"}
{"type":"log","timestamp":1676305347301,"level":"debug","message":"Page request: GET (stylesheet) https://cdnjs.cloudflare.com/ajax/libs/metro/4.1.5/css/metro.min.css","meta":{"rootId":"82exgof46y80swa","id":"82exgof46y80swa"},"id":"feui3at5mpo8nu1","previousOperationId":"fhbbcklic8hr664"}
{"type":"log","timestamp":1676305347302,"level":"debug","message":"Page request: GET (script) https://cdn.jsdelivr.net/npm/chart.js","meta":{"rootId":"82exgof46y80swa","id":"82exgof46y80swa"},"id":"6qah6pxsmy9qqtc","previousOperationId":"fhbbcklic8hr664"}
{"type":"log","timestamp":1676305347311,"level":"debug","message":"Page request finished: GET (script) 200 https://cdn.jsdelivr.net/npm/chart.js","meta":{"rootId":"82exgof46y80swa","id":"82exgof46y80swa"},"id":"uep7ubr2ggxxjlh","previousOperationId":"fhbbcklic8hr664"}
{"type":"log","timestamp":1676305347329,"level":"debug","message":"Page request finished: GET (stylesheet) 200 https://cdnjs.cloudflare.com/ajax/libs/metro/4.1.5/css/metro.min.css","meta":{"rootId":"82exgof46y80swa","id":"82exgof46y80swa"},"id":"mi0zlhybvswt2kj","previousOperationId":"fhbbcklic8hr664"}
{"type":"log","timestamp":1676305347336,"level":"debug","message":"(console:error) Invalid scale configuration for scale: yAxes","meta":{"userLevel":true,"rootId":"82exgof46y80swa","id":"82exgof46y80swa"},"id":"6d2c2s5koeudo9p","previousOperationId":"fhbbcklic8hr664"}
{"type":"log","timestamp":1676305347430,"level":"debug","message":"Running chrome with params {\"printBackground\":true,\"timeout\":59713,\"margin\":{}}","meta":{"rootId":"82exgof46y80swa","id":"82exgof46y80swa"},"id":"j6uyuccpd0f66wq","previousOperationId":"fhbbcklic8hr664"}
{"type":"operationEnd","operationId":"fhbbcklic8hr664","timestamp":1676305347505,"id":"gyoku6zh6llzjsk","previousEventId":"k4q8yyd4wvbtddt","previousOperationId":"fhbbcklic8hr664"}
{"type":"log","timestamp":1676305347506,"level":"debug","message":"Skipping storing report.","meta":{"rootId":"82exgof46y80swa","id":"82exgof46y80swa"},"id":"b67zg3lhsiy5363","previousOperationId":"fhbbcklic8hr664"}
{"type":"log","timestamp":1676305347506,"level":"info","message":"Rendering request 38 finished in 620 ms","meta":{"rootId":"82exgof46y80swa","id":"82exgof46y80swa"},"id":"f4is60sebq1oexz","previousOperationId":"fhbbcklic8hr664"}
{"type":"operationEnd","subtype":"render","operationId":"w8dk2pqxlb7ytid","timestamp":1676305347506,"id":"6t4xft3dn6o3xe6","previousEventId":"gyoku6zh6llzjsk","previousOperationId":"fhbbcklic8hr664"}
{"type":"operationEnd","doDiffs":false,"previousEventId":"dnaqswx1eocw8je","previousOperationId":"mcz7fadcc1xi06g","operationId":"mcz7fadcc1xi06g","timestamp":1676305347510,"id":"5ay79n7qtky5ngu"}
