{"type":"operationStart","subtype":"profile","data":{"_id":"maataK8RJGbWO7bx","timestamp":"2023-02-13T16:57:03.516Z","state":"queued","mode":"standard","creationDate":"2023-02-13T16:57:03.518Z","modificationDate":"2023-02-13T16:57:03.518Z","shortid":"NFDTavj","$entitySet":"profiles"},"doDiffs":false,"timestamp":1676307423516,"id":"nfrzhglt2l36ru1","previousOperationId":null,"operationId":"suyx2h5wy2fnlr0"}
{"type":"log","level":"info","message":"Render request 108 queued for execution and waiting for available worker","previousOperationId":"suyx2h5wy2fnlr0","timestamp":1676307423516,"id":"nz7wk6efsh0secc"}
{"type":"operationStart","subtype":"render","name":"prueba","previousOperationId":"suyx2h5wy2fnlr0","timestamp":1676307423526,"id":"u2q5mowu8gg69db","previousEventId":"nfrzhglt2l36ru1","operationId":"kgbd1ky2ipa68q1"}
{"type":"log","timestamp":1676307423526,"level":"info","message":"Starting rendering request 108","meta":{"rootId":"8d4a8jv0p0up7an","id":"8d4a8jv0p0up7an"},"id":"4fv4edqzs8sl2js","previousOperationId":"kgbd1ky2ipa68q1"}
{"type":"log","timestamp":1676307423527,"level":"info","message":"Rendering template { name: prueba, recipe: chrome-pdf, engine: handlebars, preview: true }","meta":{"rootId":"8d4a8jv0p0up7an","id":"8d4a8jv0p0up7an"},"id":"0th9e8zb4e1zgq1","previousOperationId":"kgbd1ky2ipa68q1"}
{"type":"log","timestamp":1676307423527,"level":"debug","message":"Data item not defined for this template.","meta":{"rootId":"8d4a8jv0p0up7an","id":"8d4a8jv0p0up7an"},"id":"rfl26eq3c4kskax","previousOperationId":"kgbd1ky2ipa68q1"}
{"type":"log","timestamp":1676307423531,"level":"debug","message":"Executing script script (beforeRender)","meta":{"rootId":"8d4a8jv0p0up7an","id":"8d4a8jv0p0up7an"},"id":"w8wwuyv3mzpign8","previousOperationId":"kgbd1ky2ipa68q1"}
{"type":"operationStart","subtype":"scriptsBeforeRender","name":"scripts beforeRender","timestamp":1676307423549,"id":"kew02n3vrb81ypo","previousEventId":"u2q5mowu8gg69db","operationId":"weou0yljm8o9556","previousOperationId":"kgbd1ky2ipa68q1"}
{"type":"operationStart","subtype":"script","name":"scripts script","previousOperationId":"weou0yljm8o9556","timestamp":1676307423549,"id":"8datnrw652emtb4","previousEventId":"kew02n3vrb81ypo","operationId":"4jwaaq5lv1xb03d"}
{"type":"operationEnd","operationId":"4jwaaq5lv1xb03d","timestamp":1676307423699,"id":"5xa8j3va55ur7ye","previousEventId":"u2q5mowu8gg69db","previousOperationId":"kgbd1ky2ipa68q1"}
{"type":"operationEnd","operationId":"weou0yljm8o9556","timestamp":1676307423699,"id":"4d2ai3sd2fmzqsx","previousEventId":"5xa8j3va55ur7ye","previousOperationId":"kgbd1ky2ipa68q1"}
{"type":"log","timestamp":1676307423699,"level":"debug","message":"Base url not specified, skipping its injection.","meta":{"rootId":"8d4a8jv0p0up7an","id":"8d4a8jv0p0up7an"},"id":"0a2xo57sxd3ca5k","previousOperationId":"weou0yljm8o9556"}
{"type":"operationStart","subtype":"engine","name":"handlebars","timestamp":1676307423700,"id":"hhef9wpgj4gljp7","previousEventId":"4d2ai3sd2fmzqsx","operationId":"jbgbw3ntmngplda","previousOperationId":"weou0yljm8o9556"}
{"type":"log","timestamp":1676307423700,"level":"debug","message":"Rendering engine handlebars","meta":{"rootId":"8d4a8jv0p0up7an","id":"8d4a8jv0p0up7an"},"id":"47wztovkwvatvms","previousOperationId":"jbgbw3ntmngplda"}
{"type":"operationEnd","operationId":"jbgbw3ntmngplda","timestamp":1676307423709,"id":"cnvyl8gwfdswlrh","previousEventId":"hhef9wpgj4gljp7","previousOperationId":"jbgbw3ntmngplda"}
{"type":"operationStart","subtype":"recipe","name":"chrome-pdf","timestamp":1676307423709,"id":"kbja4ueishjq1yv","previousEventId":"cnvyl8gwfdswlrh","operationId":"33ljwpmetdspqev","previousOperationId":"jbgbw3ntmngplda"}
{"type":"log","timestamp":1676307423709,"level":"debug","message":"Executing recipe chrome-pdf","meta":{"rootId":"8d4a8jv0p0up7an","id":"8d4a8jv0p0up7an"},"id":"rnyspvt21v1uv9y","previousOperationId":"33ljwpmetdspqev"}
{"type":"log","timestamp":1676307423711,"level":"debug","message":"Converting with chrome HeadlessChrome/105.0.5173.0 using chrome-pool strategy","meta":{"rootId":"8d4a8jv0p0up7an","id":"8d4a8jv0p0up7an"},"id":"xu4xaqvaycjst72","previousOperationId":"33ljwpmetdspqev"}
{"type":"log","timestamp":1676307423810,"level":"debug","message":"Page request: GET (document) file:///C:/Users/josei/AppData/Local/Temp/jsreport/autocleanup/622364dd-8f4d-466f-abb7-38bab6c635f0-chrome-pdf.html","meta":{"rootId":"8d4a8jv0p0up7an","id":"8d4a8jv0p0up7an"},"id":"xnt1q3nd7xbvxco","previousOperationId":"33ljwpmetdspqev"}
{"type":"log","timestamp":1676307423820,"level":"debug","message":"Page request finished: GET (document) 200 file:///C:/Users/josei/AppData/Local/Temp/jsreport/autocleanup/622364dd-8f4d-466f-abb7-38bab6c635f0-chrome-pdf.html","meta":{"rootId":"8d4a8jv0p0up7an","id":"8d4a8jv0p0up7an"},"id":"53stbfw0njxeg2x","previousOperationId":"33ljwpmetdspqev"}
{"type":"log","timestamp":1676307423820,"level":"debug","message":"Page request: GET (stylesheet) https://cdnjs.cloudflare.com/ajax/libs/metro/4.1.5/css/metro.min.css","meta":{"rootId":"8d4a8jv0p0up7an","id":"8d4a8jv0p0up7an"},"id":"3rn8jac3o5qk2ki","previousOperationId":"33ljwpmetdspqev"}
{"type":"log","timestamp":1676307423821,"level":"debug","message":"Page request: GET (script) https://cdn.jsdelivr.net/npm/chart.js","meta":{"rootId":"8d4a8jv0p0up7an","id":"8d4a8jv0p0up7an"},"id":"krwk49p1cnv3fl8","previousOperationId":"33ljwpmetdspqev"}
{"type":"log","timestamp":1676307423845,"level":"debug","message":"Page request finished: GET (stylesheet) 200 https://cdnjs.cloudflare.com/ajax/libs/metro/4.1.5/css/metro.min.css","meta":{"rootId":"8d4a8jv0p0up7an","id":"8d4a8jv0p0up7an"},"id":"zawjp2it4e47wau","previousOperationId":"33ljwpmetdspqev"}
{"type":"log","timestamp":1676307423846,"level":"debug","message":"Page request finished: GET (script) 200 https://cdn.jsdelivr.net/npm/chart.js","meta":{"rootId":"8d4a8jv0p0up7an","id":"8d4a8jv0p0up7an"},"id":"latxz0xyf9kp4jp","previousOperationId":"33ljwpmetdspqev"}
{"type":"log","timestamp":1676307423851,"level":"warn","message":"Page error: SyntaxError: Unexpected end of input","meta":{"rootId":"8d4a8jv0p0up7an","id":"8d4a8jv0p0up7an"},"id":"7tops49grbc29b3","previousOperationId":"33ljwpmetdspqev"}
{"type":"log","timestamp":1676307423884,"level":"debug","message":"Running chrome with params {\"printBackground\":true,\"timeout\":59806,\"margin\":{}}","meta":{"rootId":"8d4a8jv0p0up7an","id":"8d4a8jv0p0up7an"},"id":"zyrdlu6de7upued","previousOperationId":"33ljwpmetdspqev"}
{"type":"operationEnd","operationId":"33ljwpmetdspqev","timestamp":1676307423972,"id":"6p19ymnmuwrdzw2","previousEventId":"kbja4ueishjq1yv","previousOperationId":"33ljwpmetdspqev"}
{"type":"log","timestamp":1676307423972,"level":"debug","message":"Skipping storing report.","meta":{"rootId":"8d4a8jv0p0up7an","id":"8d4a8jv0p0up7an"},"id":"mwd6nigzlzu8d34","previousOperationId":"33ljwpmetdspqev"}
{"type":"log","timestamp":1676307423972,"level":"info","message":"Rendering request 108 finished in 456 ms","meta":{"rootId":"8d4a8jv0p0up7an","id":"8d4a8jv0p0up7an"},"id":"dakvrev1shl34gq","previousOperationId":"33ljwpmetdspqev"}
{"type":"operationEnd","subtype":"render","operationId":"kgbd1ky2ipa68q1","timestamp":1676307423972,"id":"rw22sv80lsufay3","previousEventId":"6p19ymnmuwrdzw2","previousOperationId":"33ljwpmetdspqev"}
{"type":"operationEnd","doDiffs":false,"previousEventId":"nfrzhglt2l36ru1","previousOperationId":"suyx2h5wy2fnlr0","operationId":"suyx2h5wy2fnlr0","timestamp":1676307423977,"id":"gg59pvey1gnv726"}
