{"type":"operationStart","subtype":"profile","data":{"_id":"BH1U0bKnTEuDhm4F","timestamp":"2023-02-13T16:41:43.670Z","state":"queued","mode":"standard","creationDate":"2023-02-13T16:41:43.675Z","modificationDate":"2023-02-13T16:41:43.675Z","shortid":"Cz0XAqH","$entitySet":"profiles"},"doDiffs":false,"timestamp":1676306503672,"id":"ll9mrhzrtpopgba","previousOperationId":null,"operationId":"4pmwl7cf1uew8eb"}
{"type":"log","level":"info","message":"Render request 69 queued for execution and waiting for available worker","previousOperationId":"4pmwl7cf1uew8eb","timestamp":1676306503672,"id":"hvwer3i2htmvy45"}
{"type":"operationStart","subtype":"render","name":"prueba","previousOperationId":"4pmwl7cf1uew8eb","timestamp":1676306503681,"id":"p2bc5sukr15e93l","previousEventId":"ll9mrhzrtpopgba","operationId":"1g92ma7xizyrcj4"}
{"type":"log","timestamp":1676306503681,"level":"info","message":"Starting rendering request 69","meta":{"rootId":"a0v1hd786r4g4su","id":"a0v1hd786r4g4su"},"id":"hmzusovsehw4djt","previousOperationId":"1g92ma7xizyrcj4"}
{"type":"log","timestamp":1676306503681,"level":"info","message":"Rendering template { name: prueba, recipe: chrome-pdf, engine: handlebars, preview: false }","meta":{"rootId":"a0v1hd786r4g4su","id":"a0v1hd786r4g4su"},"id":"voc3rnkt40pvwaj","previousOperationId":"1g92ma7xizyrcj4"}
{"type":"log","timestamp":1676306503682,"level":"debug","message":"Data item not defined for this template.","meta":{"rootId":"a0v1hd786r4g4su","id":"a0v1hd786r4g4su"},"id":"okjuan5zma8arm0","previousOperationId":"1g92ma7xizyrcj4"}
{"type":"log","timestamp":1676306503684,"level":"debug","message":"Executing script script (beforeRender)","meta":{"rootId":"a0v1hd786r4g4su","id":"a0v1hd786r4g4su"},"id":"jvvpufnoppr2dqu","previousOperationId":"1g92ma7xizyrcj4"}
{"type":"operationStart","subtype":"scriptsBeforeRender","name":"scripts beforeRender","timestamp":1676306503699,"id":"ovk0dfhqyumtmb6","previousEventId":"p2bc5sukr15e93l","operationId":"ygmuxvc8xe1w1st","previousOperationId":"1g92ma7xizyrcj4"}
{"type":"operationStart","subtype":"script","name":"scripts script","previousOperationId":"ygmuxvc8xe1w1st","timestamp":1676306503700,"id":"1z8r3uvu9reg3ur","previousEventId":"ovk0dfhqyumtmb6","operationId":"8hfor8lygtz0yru"}
{"type":"operationEnd","operationId":"8hfor8lygtz0yru","timestamp":1676306503866,"id":"rwajukhsjcshnb1","previousEventId":"p2bc5sukr15e93l","previousOperationId":"1g92ma7xizyrcj4"}
{"type":"operationEnd","operationId":"ygmuxvc8xe1w1st","timestamp":1676306503866,"id":"j4rirxy1znn9mqd","previousEventId":"rwajukhsjcshnb1","previousOperationId":"1g92ma7xizyrcj4"}
{"type":"log","timestamp":1676306503866,"level":"debug","message":"Base url not specified, skipping its injection.","meta":{"rootId":"a0v1hd786r4g4su","id":"a0v1hd786r4g4su"},"id":"96qcn5z9fgv6e2g","previousOperationId":"ygmuxvc8xe1w1st"}
{"type":"operationStart","subtype":"engine","name":"handlebars","timestamp":1676306503866,"id":"0iel2rqh5fet4i4","previousEventId":"j4rirxy1znn9mqd","operationId":"y0ccvdbwpefykd5","previousOperationId":"ygmuxvc8xe1w1st"}
{"type":"log","timestamp":1676306503866,"level":"debug","message":"Rendering engine handlebars","meta":{"rootId":"a0v1hd786r4g4su","id":"a0v1hd786r4g4su"},"id":"x7725v53c0knyyw","previousOperationId":"y0ccvdbwpefykd5"}
{"type":"operationEnd","operationId":"y0ccvdbwpefykd5","timestamp":1676306503874,"id":"xkw32ududhrnn5s","previousEventId":"0iel2rqh5fet4i4","previousOperationId":"y0ccvdbwpefykd5"}
{"type":"operationStart","subtype":"recipe","name":"chrome-pdf","timestamp":1676306503874,"id":"sq5u1ghx1hjyitd","previousEventId":"xkw32ududhrnn5s","operationId":"dljcpsjvizb3407","previousOperationId":"y0ccvdbwpefykd5"}
{"type":"log","timestamp":1676306503874,"level":"debug","message":"Executing recipe chrome-pdf","meta":{"rootId":"a0v1hd786r4g4su","id":"a0v1hd786r4g4su"},"id":"vqkd1ox0oj7py1e","previousOperationId":"dljcpsjvizb3407"}
{"type":"log","timestamp":1676306503876,"level":"debug","message":"Converting with chrome HeadlessChrome/105.0.5173.0 using chrome-pool strategy","meta":{"rootId":"a0v1hd786r4g4su","id":"a0v1hd786r4g4su"},"id":"d4vvduddpj4ghz6","previousOperationId":"dljcpsjvizb3407"}
{"type":"log","timestamp":1676306503977,"level":"debug","message":"Page request: GET (document) file:///C:/Users/josei/AppData/Local/Temp/jsreport/autocleanup/2bafe76f-2506-4119-b40d-40f0da02df4b-chrome-pdf.html","meta":{"rootId":"a0v1hd786r4g4su","id":"a0v1hd786r4g4su"},"id":"22wy02ifnjqs7lf","previousOperationId":"dljcpsjvizb3407"}
{"type":"log","timestamp":1676306503989,"level":"debug","message":"Page request finished: GET (document) 200 file:///C:/Users/josei/AppData/Local/Temp/jsreport/autocleanup/2bafe76f-2506-4119-b40d-40f0da02df4b-chrome-pdf.html","meta":{"rootId":"a0v1hd786r4g4su","id":"a0v1hd786r4g4su"},"id":"9b6gewtm52y9din","previousOperationId":"dljcpsjvizb3407"}
{"type":"log","timestamp":1676306503991,"level":"debug","message":"Page request: GET (stylesheet) https://cdnjs.cloudflare.com/ajax/libs/metro/4.1.5/css/metro.min.css","meta":{"rootId":"a0v1hd786r4g4su","id":"a0v1hd786r4g4su"},"id":"unvfd6cuackoqhr","previousOperationId":"dljcpsjvizb3407"}
{"type":"log","timestamp":1676306503991,"level":"debug","message":"Page request: GET (script) https://cdn.jsdelivr.net/npm/chart.js","meta":{"rootId":"a0v1hd786r4g4su","id":"a0v1hd786r4g4su"},"id":"rrjeyl9lpkfkixc","previousOperationId":"dljcpsjvizb3407"}
{"type":"log","timestamp":1676306504003,"level":"debug","message":"Page request finished: GET (script) 200 https://cdn.jsdelivr.net/npm/chart.js","meta":{"rootId":"a0v1hd786r4g4su","id":"a0v1hd786r4g4su"},"id":"yzuynpo2hd3w6rm","previousOperationId":"dljcpsjvizb3407"}
{"type":"log","timestamp":1676306504022,"level":"debug","message":"Page request finished: GET (stylesheet) 200 https://cdnjs.cloudflare.com/ajax/libs/metro/4.1.5/css/metro.min.css","meta":{"rootId":"a0v1hd786r4g4su","id":"a0v1hd786r4g4su"},"id":"yqc8lg6qr38ngeo","previousOperationId":"dljcpsjvizb3407"}
{"type":"log","timestamp":1676306504029,"level":"debug","message":"(console:error) Invalid scale configuration for scale: yAxes","meta":{"userLevel":true,"rootId":"a0v1hd786r4g4su","id":"a0v1hd786r4g4su"},"id":"koeg7pygugj4nrm","previousOperationId":"dljcpsjvizb3407"}
{"type":"log","timestamp":1676306504148,"level":"debug","message":"Running chrome with params {\"printBackground\":true,\"timeout\":59794,\"margin\":{}}","meta":{"rootId":"a0v1hd786r4g4su","id":"a0v1hd786r4g4su"},"id":"7ctlhpinc3js1n7","previousOperationId":"dljcpsjvizb3407"}
{"type":"operationEnd","operationId":"dljcpsjvizb3407","timestamp":1676306504249,"id":"peuqokkkuucj6bb","previousEventId":"sq5u1ghx1hjyitd","previousOperationId":"dljcpsjvizb3407"}
{"type":"log","timestamp":1676306504249,"level":"debug","message":"Skipping storing report.","meta":{"rootId":"a0v1hd786r4g4su","id":"a0v1hd786r4g4su"},"id":"xu60uktsuiax2yp","previousOperationId":"dljcpsjvizb3407"}
{"type":"log","timestamp":1676306504249,"level":"info","message":"Rendering request 69 finished in 580 ms","meta":{"rootId":"a0v1hd786r4g4su","id":"a0v1hd786r4g4su"},"id":"cm6miqpib2z60pz","previousOperationId":"dljcpsjvizb3407"}
{"type":"operationEnd","subtype":"render","operationId":"1g92ma7xizyrcj4","timestamp":1676306504249,"id":"kk92eg5umdepefr","previousEventId":"peuqokkkuucj6bb","previousOperationId":"dljcpsjvizb3407"}
{"type":"operationEnd","doDiffs":false,"previousEventId":"ll9mrhzrtpopgba","previousOperationId":"4pmwl7cf1uew8eb","operationId":"4pmwl7cf1uew8eb","timestamp":1676306504251,"id":"ykgcgy64raw86j6"}
