{"type":"operationStart","subtype":"profile","data":{"_id":"4yHrlBs4NWanOWpZ","timestamp":"2023-02-13T16:43:36.185Z","state":"queued","mode":"standard","creationDate":"2023-02-13T16:43:36.187Z","modificationDate":"2023-02-13T16:43:36.187Z","shortid":"Xb04zap","$entitySet":"profiles"},"doDiffs":false,"timestamp":1676306616186,"id":"rqh5lm1n80j1t8g","previousOperationId":null,"operationId":"banyznqyzeu78b1"}
{"type":"log","level":"info","message":"Render request 73 queued for execution and waiting for available worker","previousOperationId":"banyznqyzeu78b1","timestamp":1676306616186,"id":"p36saarg65119hz"}
{"type":"operationStart","subtype":"render","name":"prueba","previousOperationId":"banyznqyzeu78b1","timestamp":1676306616195,"id":"y21bu3poxl7ykzf","previousEventId":"rqh5lm1n80j1t8g","operationId":"cq12k40evx8pwnu"}
{"type":"log","timestamp":1676306616195,"level":"info","message":"Starting rendering request 73","meta":{"rootId":"af1qmbx7jcv2pg0","id":"af1qmbx7jcv2pg0"},"id":"3mnw18ly6i37n17","previousOperationId":"cq12k40evx8pwnu"}
{"type":"log","timestamp":1676306616195,"level":"info","message":"Rendering template { name: prueba, recipe: chrome-pdf, engine: handlebars, preview: true }","meta":{"rootId":"af1qmbx7jcv2pg0","id":"af1qmbx7jcv2pg0"},"id":"ks6wd8vop3fxavd","previousOperationId":"cq12k40evx8pwnu"}
{"type":"log","timestamp":1676306616196,"level":"debug","message":"Data item not defined for this template.","meta":{"rootId":"af1qmbx7jcv2pg0","id":"af1qmbx7jcv2pg0"},"id":"1o9p0tkbvszahyv","previousOperationId":"cq12k40evx8pwnu"}
{"type":"log","timestamp":1676306616199,"level":"debug","message":"Executing script script (beforeRender)","meta":{"rootId":"af1qmbx7jcv2pg0","id":"af1qmbx7jcv2pg0"},"id":"llxjgc8jefwup9h","previousOperationId":"cq12k40evx8pwnu"}
{"type":"operationStart","subtype":"scriptsBeforeRender","name":"scripts beforeRender","timestamp":1676306616219,"id":"dq8fs6zta49mjio","previousEventId":"y21bu3poxl7ykzf","operationId":"z4kgpte8r6n4c32","previousOperationId":"cq12k40evx8pwnu"}
{"type":"operationStart","subtype":"script","name":"scripts script","previousOperationId":"z4kgpte8r6n4c32","timestamp":1676306616219,"id":"imzwqacyjwarsp1","previousEventId":"dq8fs6zta49mjio","operationId":"ktx8qspk22r013x"}
{"type":"operationEnd","operationId":"ktx8qspk22r013x","timestamp":1676306616365,"id":"wgictawjddwv1g1","previousEventId":"y21bu3poxl7ykzf","previousOperationId":"cq12k40evx8pwnu"}
{"type":"operationEnd","operationId":"z4kgpte8r6n4c32","timestamp":1676306616365,"id":"utuql695hkpf1z0","previousEventId":"wgictawjddwv1g1","previousOperationId":"cq12k40evx8pwnu"}
{"type":"log","timestamp":1676306616365,"level":"debug","message":"Base url not specified, skipping its injection.","meta":{"rootId":"af1qmbx7jcv2pg0","id":"af1qmbx7jcv2pg0"},"id":"bpv53jw4mfxr6c1","previousOperationId":"z4kgpte8r6n4c32"}
{"type":"operationStart","subtype":"engine","name":"handlebars","timestamp":1676306616365,"id":"60qxvi5i7zwbrp6","previousEventId":"utuql695hkpf1z0","operationId":"c8tl6b70bfvjts6","previousOperationId":"z4kgpte8r6n4c32"}
{"type":"log","timestamp":1676306616365,"level":"debug","message":"Rendering engine handlebars","meta":{"rootId":"af1qmbx7jcv2pg0","id":"af1qmbx7jcv2pg0"},"id":"yf3s01ulle2x5ot","previousOperationId":"c8tl6b70bfvjts6"}
{"type":"operationEnd","operationId":"c8tl6b70bfvjts6","timestamp":1676306616379,"id":"depr5muihewgoj0","previousEventId":"60qxvi5i7zwbrp6","previousOperationId":"c8tl6b70bfvjts6"}
{"type":"operationStart","subtype":"recipe","name":"chrome-pdf","timestamp":1676306616379,"id":"mb1g2600as9wwnn","previousEventId":"depr5muihewgoj0","operationId":"35khyxikysql2uq","previousOperationId":"c8tl6b70bfvjts6"}
{"type":"log","timestamp":1676306616379,"level":"debug","message":"Executing recipe chrome-pdf","meta":{"rootId":"af1qmbx7jcv2pg0","id":"af1qmbx7jcv2pg0"},"id":"8xxqz27xbz1bm5f","previousOperationId":"35khyxikysql2uq"}
{"type":"log","timestamp":1676306616383,"level":"debug","message":"Converting with chrome HeadlessChrome/105.0.5173.0 using chrome-pool strategy","meta":{"rootId":"af1qmbx7jcv2pg0","id":"af1qmbx7jcv2pg0"},"id":"qhgmwn6l1euwca9","previousOperationId":"35khyxikysql2uq"}
{"type":"log","timestamp":1676306616490,"level":"debug","message":"Page request: GET (document) file:///C:/Users/josei/AppData/Local/Temp/jsreport/autocleanup/cc32ec7d-d236-4c90-8816-3e782ce59e41-chrome-pdf.html","meta":{"rootId":"af1qmbx7jcv2pg0","id":"af1qmbx7jcv2pg0"},"id":"jr0z9qtvrw3co1g","previousOperationId":"35khyxikysql2uq"}
{"type":"log","timestamp":1676306616511,"level":"debug","message":"Page request finished: GET (document) 200 file:///C:/Users/josei/AppData/Local/Temp/jsreport/autocleanup/cc32ec7d-d236-4c90-8816-3e782ce59e41-chrome-pdf.html","meta":{"rootId":"af1qmbx7jcv2pg0","id":"af1qmbx7jcv2pg0"},"id":"olp39nlx82sw7ke","previousOperationId":"35khyxikysql2uq"}
{"type":"log","timestamp":1676306616511,"level":"debug","message":"Page request: GET (stylesheet) https://cdnjs.cloudflare.com/ajax/libs/metro/4.1.5/css/metro.min.css","meta":{"rootId":"af1qmbx7jcv2pg0","id":"af1qmbx7jcv2pg0"},"id":"0yffr56iuvlht1u","previousOperationId":"35khyxikysql2uq"}
{"type":"log","timestamp":1676306616512,"level":"debug","message":"Page request: GET (script) https://cdn.jsdelivr.net/npm/chart.js","meta":{"rootId":"af1qmbx7jcv2pg0","id":"af1qmbx7jcv2pg0"},"id":"vap7borcl57t2jy","previousOperationId":"35khyxikysql2uq"}
{"type":"log","timestamp":1676306616519,"level":"debug","message":"Page request finished: GET (script) 200 https://cdn.jsdelivr.net/npm/chart.js","meta":{"rootId":"af1qmbx7jcv2pg0","id":"af1qmbx7jcv2pg0"},"id":"1pa9s757sohixfi","previousOperationId":"35khyxikysql2uq"}
{"type":"log","timestamp":1676306616537,"level":"debug","message":"Page request finished: GET (stylesheet) 200 https://cdnjs.cloudflare.com/ajax/libs/metro/4.1.5/css/metro.min.css","meta":{"rootId":"af1qmbx7jcv2pg0","id":"af1qmbx7jcv2pg0"},"id":"2kn5rei1r2s7r9a","previousOperationId":"35khyxikysql2uq"}
{"type":"log","timestamp":1676306616543,"level":"debug","message":"(console:error) Invalid scale configuration for scale: yAxes","meta":{"userLevel":true,"rootId":"af1qmbx7jcv2pg0","id":"af1qmbx7jcv2pg0"},"id":"ahah9r65ko0rd6r","previousOperationId":"35khyxikysql2uq"}
{"type":"log","timestamp":1676306616657,"level":"debug","message":"Running chrome with params {\"printBackground\":true,\"timeout\":59804,\"margin\":{}}","meta":{"rootId":"af1qmbx7jcv2pg0","id":"af1qmbx7jcv2pg0"},"id":"8ie6xri54njgn0v","previousOperationId":"35khyxikysql2uq"}
{"type":"operationEnd","operationId":"35khyxikysql2uq","timestamp":1676306616768,"id":"w1hcmxnhu1swedg","previousEventId":"mb1g2600as9wwnn","previousOperationId":"35khyxikysql2uq"}
{"type":"log","timestamp":1676306616768,"level":"debug","message":"Skipping storing report.","meta":{"rootId":"af1qmbx7jcv2pg0","id":"af1qmbx7jcv2pg0"},"id":"e8amq44m882qx4m","previousOperationId":"35khyxikysql2uq"}
{"type":"log","timestamp":1676306616768,"level":"info","message":"Rendering request 73 finished in 583 ms","meta":{"rootId":"af1qmbx7jcv2pg0","id":"af1qmbx7jcv2pg0"},"id":"1bcrg45dsbvfgol","previousOperationId":"35khyxikysql2uq"}
{"type":"operationEnd","subtype":"render","operationId":"cq12k40evx8pwnu","timestamp":1676306616769,"id":"ejvy5fk26eoo25t","previousEventId":"w1hcmxnhu1swedg","previousOperationId":"35khyxikysql2uq"}
{"type":"operationEnd","doDiffs":false,"previousEventId":"rqh5lm1n80j1t8g","previousOperationId":"banyznqyzeu78b1","operationId":"banyznqyzeu78b1","timestamp":1676306616774,"id":"o5bojazw4p4meh7"}
