{"type":"operationStart","subtype":"profile","data":{"_id":"H2X8UBpgP4HkU4MQ","timestamp":"2023-02-13T15:54:43.315Z","state":"queued","mode":"standard","creationDate":"2023-02-13T15:54:43.317Z","modificationDate":"2023-02-13T15:54:43.317Z","shortid":"PlFzKrH","$entitySet":"profiles"},"doDiffs":false,"timestamp":1676303683316,"id":"1dclka0nh7pt1pm","previousOperationId":null,"operationId":"jbow97teuj8hu14"}
{"type":"log","level":"info","message":"Render request 3 queued for execution and waiting for available worker","previousOperationId":"jbow97teuj8hu14","timestamp":1676303683316,"id":"j80ksvlcfvjvjh8"}
{"type":"operationStart","subtype":"render","name":"prueba","previousOperationId":"jbow97teuj8hu14","timestamp":1676303683326,"id":"b4b38gq036a29y2","previousEventId":"1dclka0nh7pt1pm","operationId":"zw7ojrpsd6ruuvc"}
{"type":"log","timestamp":1676303683326,"level":"info","message":"Starting rendering request 3","meta":{"rootId":"ak822lxa41bqx02","id":"ak822lxa41bqx02"},"id":"qdedalvnh5yomy8","previousOperationId":"zw7ojrpsd6ruuvc"}
{"type":"log","timestamp":1676303683326,"level":"info","message":"Rendering template { name: prueba, recipe: chrome-pdf, engine: handlebars, preview: true }","meta":{"rootId":"ak822lxa41bqx02","id":"ak822lxa41bqx02"},"id":"4g27b81duv0fg01","previousOperationId":"zw7ojrpsd6ruuvc"}
{"type":"log","timestamp":1676303683327,"level":"debug","message":"Data item not defined for this template.","meta":{"rootId":"ak822lxa41bqx02","id":"ak822lxa41bqx02"},"id":"glyiig8qpqxdhcd","previousOperationId":"zw7ojrpsd6ruuvc"}
{"type":"log","timestamp":1676303683331,"level":"debug","message":"Executing script script (beforeRender)","meta":{"rootId":"ak822lxa41bqx02","id":"ak822lxa41bqx02"},"id":"emwx3beo2493rsy","previousOperationId":"zw7ojrpsd6ruuvc"}
{"type":"operationStart","subtype":"scriptsBeforeRender","name":"scripts beforeRender","timestamp":1676303683353,"id":"wq0l86hcqvp8oo7","previousEventId":"b4b38gq036a29y2","operationId":"aqi8me578ns8bcx","previousOperationId":"zw7ojrpsd6ruuvc"}
{"type":"operationStart","subtype":"script","name":"scripts script","previousOperationId":"aqi8me578ns8bcx","timestamp":1676303683353,"id":"nqhwwznq1w5m3sv","previousEventId":"wq0l86hcqvp8oo7","operationId":"g7niwiz23rvfmd5"}
{"type":"operationEnd","operationId":"g7niwiz23rvfmd5","timestamp":1676303683552,"id":"apvb3ncgul1ykfg","previousEventId":"b4b38gq036a29y2","previousOperationId":"zw7ojrpsd6ruuvc"}
{"type":"operationEnd","operationId":"aqi8me578ns8bcx","timestamp":1676303683552,"id":"1a8njpwjv2s6bws","previousEventId":"apvb3ncgul1ykfg","previousOperationId":"zw7ojrpsd6ruuvc"}
{"type":"log","timestamp":1676303683552,"level":"debug","message":"Base url not specified, skipping its injection.","meta":{"rootId":"ak822lxa41bqx02","id":"ak822lxa41bqx02"},"id":"46pkbvdbfyb8zx7","previousOperationId":"aqi8me578ns8bcx"}
{"type":"operationStart","subtype":"engine","name":"handlebars","timestamp":1676303683552,"id":"dptiymv6zwiwtea","previousEventId":"1a8njpwjv2s6bws","operationId":"i5cu439m7tzyi9b","previousOperationId":"aqi8me578ns8bcx"}
{"type":"log","timestamp":1676303683552,"level":"debug","message":"Rendering engine handlebars","meta":{"rootId":"ak822lxa41bqx02","id":"ak822lxa41bqx02"},"id":"8uo2mdvd163v0mz","previousOperationId":"i5cu439m7tzyi9b"}
{"type":"operationEnd","operationId":"i5cu439m7tzyi9b","timestamp":1676303683566,"id":"g4n4x5jqa26g3ul","previousEventId":"dptiymv6zwiwtea","previousOperationId":"i5cu439m7tzyi9b"}
{"type":"operationStart","subtype":"recipe","name":"chrome-pdf","timestamp":1676303683567,"id":"9ok8zs1bhi41dns","previousEventId":"g4n4x5jqa26g3ul","operationId":"4yw0t5mwc5evyoe","previousOperationId":"i5cu439m7tzyi9b"}
{"type":"log","timestamp":1676303683567,"level":"debug","message":"Executing recipe chrome-pdf","meta":{"rootId":"ak822lxa41bqx02","id":"ak822lxa41bqx02"},"id":"2g05syzt9kjoag0","previousOperationId":"4yw0t5mwc5evyoe"}
{"type":"log","timestamp":1676303683569,"level":"debug","message":"Converting with chrome HeadlessChrome/105.0.5173.0 using chrome-pool strategy","meta":{"rootId":"ak822lxa41bqx02","id":"ak822lxa41bqx02"},"id":"4ttnx10wc6nkowb","previousOperationId":"4yw0t5mwc5evyoe"}
{"type":"log","timestamp":1676303683676,"level":"debug","message":"Page request: GET (document) file:///C:/Users/josei/AppData/Local/Temp/jsreport/autocleanup/095c29b5-76b3-4d7e-8dec-ff46c3251897-chrome-pdf.html","meta":{"rootId":"ak822lxa41bqx02","id":"ak822lxa41bqx02"},"id":"tjqku9d3ah616ck","previousOperationId":"4yw0t5mwc5evyoe"}
{"type":"log","timestamp":1676303683692,"level":"debug","message":"Page request finished: GET (document) 200 file:///C:/Users/josei/AppData/Local/Temp/jsreport/autocleanup/095c29b5-76b3-4d7e-8dec-ff46c3251897-chrome-pdf.html","meta":{"rootId":"ak822lxa41bqx02","id":"ak822lxa41bqx02"},"id":"prpv74wy85vqabo","previousOperationId":"4yw0t5mwc5evyoe"}
{"type":"log","timestamp":1676303683692,"level":"debug","message":"Page request: GET (stylesheet) https://cdnjs.cloudflare.com/ajax/libs/metro/4.1.5/css/metro.min.css","meta":{"rootId":"ak822lxa41bqx02","id":"ak822lxa41bqx02"},"id":"3e8xh5oskh4gi8w","previousOperationId":"4yw0t5mwc5evyoe"}
{"type":"log","timestamp":1676303683693,"level":"debug","message":"Page request: GET (script) https://cdn.jsdelivr.net/npm/chart.js","meta":{"rootId":"ak822lxa41bqx02","id":"ak822lxa41bqx02"},"id":"0t63unhk7cjsxkb","previousOperationId":"4yw0t5mwc5evyoe"}
{"type":"log","timestamp":1676303683716,"level":"debug","message":"Page request finished: GET (stylesheet) 200 https://cdnjs.cloudflare.com/ajax/libs/metro/4.1.5/css/metro.min.css","meta":{"rootId":"ak822lxa41bqx02","id":"ak822lxa41bqx02"},"id":"m7k0chdgj6n20s2","previousOperationId":"4yw0t5mwc5evyoe"}
{"type":"log","timestamp":1676303683717,"level":"debug","message":"Page request finished: GET (script) 200 https://cdn.jsdelivr.net/npm/chart.js","meta":{"rootId":"ak822lxa41bqx02","id":"ak822lxa41bqx02"},"id":"q9vzs64nddjviis","previousOperationId":"4yw0t5mwc5evyoe"}
{"type":"log","timestamp":1676303683757,"level":"debug","message":"Running chrome with params {\"printBackground\":true,\"timeout\":59747,\"margin\":{}}","meta":{"rootId":"ak822lxa41bqx02","id":"ak822lxa41bqx02"},"id":"6ro0lcz5lwin164","previousOperationId":"4yw0t5mwc5evyoe"}
{"type":"operationEnd","operationId":"4yw0t5mwc5evyoe","timestamp":1676303683870,"id":"ym72qotrpsy84bl","previousEventId":"9ok8zs1bhi41dns","previousOperationId":"4yw0t5mwc5evyoe"}
{"type":"log","timestamp":1676303683870,"level":"debug","message":"Skipping storing report.","meta":{"rootId":"ak822lxa41bqx02","id":"ak822lxa41bqx02"},"id":"7kk8bcm6v74r0vd","previousOperationId":"4yw0t5mwc5evyoe"}
{"type":"log","timestamp":1676303683870,"level":"info","message":"Rendering request 3 finished in 555 ms","meta":{"rootId":"ak822lxa41bqx02","id":"ak822lxa41bqx02"},"id":"ikvngggf30q8nth","previousOperationId":"4yw0t5mwc5evyoe"}
{"type":"operationEnd","subtype":"render","operationId":"zw7ojrpsd6ruuvc","timestamp":1676303683870,"id":"mkp5cfr0gwnetjv","previousEventId":"ym72qotrpsy84bl","previousOperationId":"4yw0t5mwc5evyoe"}
{"type":"operationEnd","doDiffs":false,"previousEventId":"1dclka0nh7pt1pm","previousOperationId":"jbow97teuj8hu14","operationId":"jbow97teuj8hu14","timestamp":1676303683876,"id":"ga1zvkre5wfeue6"}
