{"type":"operationStart","subtype":"profile","data":{"_id":"KXz8wKQbNjQkaDUo","timestamp":"2023-02-13T16:34:23.199Z","state":"queued","mode":"standard","creationDate":"2023-02-13T16:34:23.201Z","modificationDate":"2023-02-13T16:34:23.201Z","shortid":"F1jjioB","$entitySet":"profiles"},"doDiffs":false,"timestamp":1676306063200,"id":"qs3m7t5y5vj3lol","previousOperationId":null,"operationId":"q9pg66oeiwddhf9"}
{"type":"log","level":"info","message":"Render request 58 queued for execution and waiting for available worker","previousOperationId":"q9pg66oeiwddhf9","timestamp":1676306063200,"id":"zf5htr7dpaxpuee"}
{"type":"operationStart","subtype":"render","name":"prueba","previousOperationId":"q9pg66oeiwddhf9","timestamp":1676306063208,"id":"uidian09a38wr6p","previousEventId":"qs3m7t5y5vj3lol","operationId":"ndxwlee1s3ha5iq"}
{"type":"log","timestamp":1676306063208,"level":"info","message":"Starting rendering request 58","meta":{"rootId":"aolrdr54dq8s3ur","id":"aolrdr54dq8s3ur"},"id":"7mzxsvhnlp2somf","previousOperationId":"ndxwlee1s3ha5iq"}
{"type":"log","timestamp":1676306063208,"level":"info","message":"Rendering template { name: prueba, recipe: chrome-pdf, engine: handlebars, preview: true }","meta":{"rootId":"aolrdr54dq8s3ur","id":"aolrdr54dq8s3ur"},"id":"h98t8dfh0ejoc2s","previousOperationId":"ndxwlee1s3ha5iq"}
{"type":"log","timestamp":1676306063209,"level":"debug","message":"Data item not defined for this template.","meta":{"rootId":"aolrdr54dq8s3ur","id":"aolrdr54dq8s3ur"},"id":"l3i3yv6w1ii3h7a","previousOperationId":"ndxwlee1s3ha5iq"}
{"type":"log","timestamp":1676306063211,"level":"debug","message":"Executing script script (beforeRender)","meta":{"rootId":"aolrdr54dq8s3ur","id":"aolrdr54dq8s3ur"},"id":"xypevmbpmap9fsa","previousOperationId":"ndxwlee1s3ha5iq"}
{"type":"operationStart","subtype":"scriptsBeforeRender","name":"scripts beforeRender","timestamp":1676306063229,"id":"yhz05z4lfr5qqez","previousEventId":"uidian09a38wr6p","operationId":"o1bj6ue3d85v6gh","previousOperationId":"ndxwlee1s3ha5iq"}
{"type":"operationStart","subtype":"script","name":"scripts script","previousOperationId":"o1bj6ue3d85v6gh","timestamp":1676306063229,"id":"0augkmwqr0vyp35","previousEventId":"yhz05z4lfr5qqez","operationId":"9i5kwvif71ziucj"}
{"type":"operationEnd","operationId":"9i5kwvif71ziucj","timestamp":1676306063406,"id":"9474p8pkj7u9w2s","previousEventId":"uidian09a38wr6p","previousOperationId":"ndxwlee1s3ha5iq"}
{"type":"operationEnd","operationId":"o1bj6ue3d85v6gh","timestamp":1676306063406,"id":"h9p82ko21orbmje","previousEventId":"9474p8pkj7u9w2s","previousOperationId":"ndxwlee1s3ha5iq"}
{"type":"log","timestamp":1676306063406,"level":"debug","message":"Base url not specified, skipping its injection.","meta":{"rootId":"aolrdr54dq8s3ur","id":"aolrdr54dq8s3ur"},"id":"705md2x2gxe28ma","previousOperationId":"o1bj6ue3d85v6gh"}
{"type":"operationStart","subtype":"engine","name":"handlebars","timestamp":1676306063406,"id":"4thjin2b3eato8t","previousEventId":"h9p82ko21orbmje","operationId":"e60t2htiyc3n4d7","previousOperationId":"o1bj6ue3d85v6gh"}
{"type":"log","timestamp":1676306063406,"level":"debug","message":"Rendering engine handlebars","meta":{"rootId":"aolrdr54dq8s3ur","id":"aolrdr54dq8s3ur"},"id":"o3b9rhv9ixvijpg","previousOperationId":"e60t2htiyc3n4d7"}
{"type":"operationEnd","operationId":"e60t2htiyc3n4d7","timestamp":1676306063416,"id":"19kzehuc12j9w8i","previousEventId":"4thjin2b3eato8t","previousOperationId":"e60t2htiyc3n4d7"}
{"type":"operationStart","subtype":"recipe","name":"chrome-pdf","timestamp":1676306063416,"id":"dm33njnwd7cvgnd","previousEventId":"19kzehuc12j9w8i","operationId":"4t8gcqbz5icj6uw","previousOperationId":"e60t2htiyc3n4d7"}
{"type":"log","timestamp":1676306063416,"level":"debug","message":"Executing recipe chrome-pdf","meta":{"rootId":"aolrdr54dq8s3ur","id":"aolrdr54dq8s3ur"},"id":"u2i7txyxy841o0j","previousOperationId":"4t8gcqbz5icj6uw"}
{"type":"log","timestamp":1676306063419,"level":"debug","message":"Converting with chrome HeadlessChrome/105.0.5173.0 using chrome-pool strategy","meta":{"rootId":"aolrdr54dq8s3ur","id":"aolrdr54dq8s3ur"},"id":"ljmk0kvvfclqf1t","previousOperationId":"4t8gcqbz5icj6uw"}
{"type":"log","timestamp":1676306063532,"level":"debug","message":"Page request: GET (document) file:///C:/Users/josei/AppData/Local/Temp/jsreport/autocleanup/e4e221f0-7d9d-4651-8470-a3f205d61f02-chrome-pdf.html","meta":{"rootId":"aolrdr54dq8s3ur","id":"aolrdr54dq8s3ur"},"id":"l4tmyyh4qad53f2","previousOperationId":"4t8gcqbz5icj6uw"}
{"type":"log","timestamp":1676306063547,"level":"debug","message":"Page request finished: GET (document) 200 file:///C:/Users/josei/AppData/Local/Temp/jsreport/autocleanup/e4e221f0-7d9d-4651-8470-a3f205d61f02-chrome-pdf.html","meta":{"rootId":"aolrdr54dq8s3ur","id":"aolrdr54dq8s3ur"},"id":"0bmkl8ih73w4a0h","previousOperationId":"4t8gcqbz5icj6uw"}
{"type":"log","timestamp":1676306063547,"level":"debug","message":"Page request: GET (stylesheet) https://cdnjs.cloudflare.com/ajax/libs/metro/4.1.5/css/metro.min.css","meta":{"rootId":"aolrdr54dq8s3ur","id":"aolrdr54dq8s3ur"},"id":"80zq8q221j4frsm","previousOperationId":"4t8gcqbz5icj6uw"}
{"type":"log","timestamp":1676306063548,"level":"debug","message":"Page request: GET (script) https://cdn.jsdelivr.net/npm/chart.js","meta":{"rootId":"aolrdr54dq8s3ur","id":"aolrdr54dq8s3ur"},"id":"aycqiienbztcvov","previousOperationId":"4t8gcqbz5icj6uw"}
{"type":"log","timestamp":1676306063578,"level":"debug","message":"Page request finished: GET (stylesheet) 200 https://cdnjs.cloudflare.com/ajax/libs/metro/4.1.5/css/metro.min.css","meta":{"rootId":"aolrdr54dq8s3ur","id":"aolrdr54dq8s3ur"},"id":"6kbphzyti7raba8","previousOperationId":"4t8gcqbz5icj6uw"}
{"type":"log","timestamp":1676306063578,"level":"debug","message":"Page request finished: GET (script) 200 https://cdn.jsdelivr.net/npm/chart.js","meta":{"rootId":"aolrdr54dq8s3ur","id":"aolrdr54dq8s3ur"},"id":"1vk6n4qd1uiumln","previousOperationId":"4t8gcqbz5icj6uw"}
{"type":"log","timestamp":1676306063587,"level":"debug","message":"(console:error) Invalid scale configuration for scale: yAxes","meta":{"userLevel":true,"rootId":"aolrdr54dq8s3ur","id":"aolrdr54dq8s3ur"},"id":"ldui9bwu93mltws","previousOperationId":"4t8gcqbz5icj6uw"}
{"type":"log","timestamp":1676306063692,"level":"debug","message":"Running chrome with params {\"printBackground\":true,\"timeout\":59781,\"margin\":{}}","meta":{"rootId":"aolrdr54dq8s3ur","id":"aolrdr54dq8s3ur"},"id":"aeir38wegnpy36k","previousOperationId":"4t8gcqbz5icj6uw"}
{"type":"operationEnd","operationId":"4t8gcqbz5icj6uw","timestamp":1676306063778,"id":"uklvuoeqwc6tmxe","previousEventId":"dm33njnwd7cvgnd","previousOperationId":"4t8gcqbz5icj6uw"}
{"type":"log","timestamp":1676306063779,"level":"debug","message":"Skipping storing report.","meta":{"rootId":"aolrdr54dq8s3ur","id":"aolrdr54dq8s3ur"},"id":"dfweznvqlaeyaov","previousOperationId":"4t8gcqbz5icj6uw"}
{"type":"log","timestamp":1676306063779,"level":"info","message":"Rendering request 58 finished in 580 ms","meta":{"rootId":"aolrdr54dq8s3ur","id":"aolrdr54dq8s3ur"},"id":"bds6wtr9762123s","previousOperationId":"4t8gcqbz5icj6uw"}
{"type":"operationEnd","subtype":"render","operationId":"ndxwlee1s3ha5iq","timestamp":1676306063779,"id":"ot9yg4qaqw2iotx","previousEventId":"uklvuoeqwc6tmxe","previousOperationId":"4t8gcqbz5icj6uw"}
{"type":"operationEnd","doDiffs":false,"previousEventId":"qs3m7t5y5vj3lol","previousOperationId":"q9pg66oeiwddhf9","operationId":"q9pg66oeiwddhf9","timestamp":1676306063783,"id":"0856jhpw67vmkhc"}
