{"type":"operationStart","subtype":"profile","data":{"_id":"KhkeCHhWFIEjiIEo","timestamp":"2023-02-13T16:39:32.339Z","state":"queued","mode":"standard","creationDate":"2023-02-13T16:39:32.342Z","modificationDate":"2023-02-13T16:39:32.342Z","shortid":"UvOn9Uz","$entitySet":"profiles"},"doDiffs":false,"timestamp":1676306372341,"id":"ssifin4vmjqbfm5","previousOperationId":null,"operationId":"rotnj895sf8hous"}
{"type":"log","level":"info","message":"Render request 61 queued for execution and waiting for available worker","previousOperationId":"rotnj895sf8hous","timestamp":1676306372341,"id":"ok2rnve67yq4rex"}
{"type":"operationStart","subtype":"render","name":"prueba","previousOperationId":"rotnj895sf8hous","timestamp":1676306372350,"id":"3iaulpqj1h7crgx","previousEventId":"ssifin4vmjqbfm5","operationId":"vfpzldo0ab9oki7"}
{"type":"log","timestamp":1676306372350,"level":"info","message":"Starting rendering request 61","meta":{"rootId":"axx04z3larxpkd4","id":"axx04z3larxpkd4"},"id":"1vqdy8s64zl08u0","previousOperationId":"vfpzldo0ab9oki7"}
{"type":"log","timestamp":1676306372350,"level":"info","message":"Rendering template { name: prueba, recipe: chrome-pdf, engine: handlebars, preview: true }","meta":{"rootId":"axx04z3larxpkd4","id":"axx04z3larxpkd4"},"id":"6j3yjx7igehu9ao","previousOperationId":"vfpzldo0ab9oki7"}
{"type":"log","timestamp":1676306372350,"level":"debug","message":"Data item not defined for this template.","meta":{"rootId":"axx04z3larxpkd4","id":"axx04z3larxpkd4"},"id":"zzeg6lu2nybvbjd","previousOperationId":"vfpzldo0ab9oki7"}
{"type":"log","timestamp":1676306372353,"level":"debug","message":"Executing script script (beforeRender)","meta":{"rootId":"axx04z3larxpkd4","id":"axx04z3larxpkd4"},"id":"b96lw1nds7scct4","previousOperationId":"vfpzldo0ab9oki7"}
{"type":"operationStart","subtype":"scriptsBeforeRender","name":"scripts beforeRender","timestamp":1676306372371,"id":"6mirx0vwe597bv6","previousEventId":"3iaulpqj1h7crgx","operationId":"6ogc6ehfhi9njj9","previousOperationId":"vfpzldo0ab9oki7"}
{"type":"operationStart","subtype":"script","name":"scripts script","previousOperationId":"6ogc6ehfhi9njj9","timestamp":1676306372371,"id":"epc3olqaf9cjbw7","previousEventId":"6mirx0vwe597bv6","operationId":"r0dpjp2hev883q5"}
{"type":"operationEnd","operationId":"r0dpjp2hev883q5","timestamp":1676306372534,"id":"yujek27bm5m0tsk","previousEventId":"3iaulpqj1h7crgx","previousOperationId":"vfpzldo0ab9oki7"}
{"type":"operationEnd","operationId":"6ogc6ehfhi9njj9","timestamp":1676306372534,"id":"91511l30kd9r9ek","previousEventId":"yujek27bm5m0tsk","previousOperationId":"vfpzldo0ab9oki7"}
{"type":"log","timestamp":1676306372534,"level":"debug","message":"Base url not specified, skipping its injection.","meta":{"rootId":"axx04z3larxpkd4","id":"axx04z3larxpkd4"},"id":"7j6ivbv0es2z6x2","previousOperationId":"6ogc6ehfhi9njj9"}
{"type":"operationStart","subtype":"engine","name":"handlebars","timestamp":1676306372534,"id":"5spj9e8l6ec8wqu","previousEventId":"91511l30kd9r9ek","operationId":"l3b7b88voshuvwd","previousOperationId":"6ogc6ehfhi9njj9"}
{"type":"log","timestamp":1676306372534,"level":"debug","message":"Rendering engine handlebars","meta":{"rootId":"axx04z3larxpkd4","id":"axx04z3larxpkd4"},"id":"9c4pz6xsjrartqi","previousOperationId":"l3b7b88voshuvwd"}
{"type":"operationEnd","operationId":"l3b7b88voshuvwd","timestamp":1676306372548,"id":"ypyodvhgw13l7ya","previousEventId":"5spj9e8l6ec8wqu","previousOperationId":"l3b7b88voshuvwd"}
{"type":"operationStart","subtype":"recipe","name":"chrome-pdf","timestamp":1676306372548,"id":"c90lwb5jrb1tlb3","previousEventId":"ypyodvhgw13l7ya","operationId":"mg7j2tsg19tgv6y","previousOperationId":"l3b7b88voshuvwd"}
{"type":"log","timestamp":1676306372548,"level":"debug","message":"Executing recipe chrome-pdf","meta":{"rootId":"axx04z3larxpkd4","id":"axx04z3larxpkd4"},"id":"0d4q78x9vp42ywl","previousOperationId":"mg7j2tsg19tgv6y"}
{"type":"log","timestamp":1676306372551,"level":"debug","message":"Converting with chrome HeadlessChrome/105.0.5173.0 using chrome-pool strategy","meta":{"rootId":"axx04z3larxpkd4","id":"axx04z3larxpkd4"},"id":"0rkbfxuxic0tx7d","previousOperationId":"mg7j2tsg19tgv6y"}
{"type":"log","timestamp":1676306372654,"level":"debug","message":"Page request: GET (document) file:///C:/Users/josei/AppData/Local/Temp/jsreport/autocleanup/2e7bfa84-7393-417c-af17-fbd19b791542-chrome-pdf.html","meta":{"rootId":"axx04z3larxpkd4","id":"axx04z3larxpkd4"},"id":"ps4tg2z1fmtv7js","previousOperationId":"mg7j2tsg19tgv6y"}
{"type":"log","timestamp":1676306372673,"level":"debug","message":"Page request finished: GET (document) 200 file:///C:/Users/josei/AppData/Local/Temp/jsreport/autocleanup/2e7bfa84-7393-417c-af17-fbd19b791542-chrome-pdf.html","meta":{"rootId":"axx04z3larxpkd4","id":"axx04z3larxpkd4"},"id":"jmt6j05nyiile7i","previousOperationId":"mg7j2tsg19tgv6y"}
{"type":"log","timestamp":1676306372674,"level":"debug","message":"Page request: GET (stylesheet) https://cdnjs.cloudflare.com/ajax/libs/metro/4.1.5/css/metro.min.css","meta":{"rootId":"axx04z3larxpkd4","id":"axx04z3larxpkd4"},"id":"dd0lbufpjzreyt8","previousOperationId":"mg7j2tsg19tgv6y"}
{"type":"log","timestamp":1676306372674,"level":"debug","message":"Page request: GET (script) https://cdn.jsdelivr.net/npm/chart.js","meta":{"rootId":"axx04z3larxpkd4","id":"axx04z3larxpkd4"},"id":"wxamvo394hccphe","previousOperationId":"mg7j2tsg19tgv6y"}
{"type":"log","timestamp":1676306372682,"level":"debug","message":"Page request finished: GET (script) 200 https://cdn.jsdelivr.net/npm/chart.js","meta":{"rootId":"axx04z3larxpkd4","id":"axx04z3larxpkd4"},"id":"uavmtze8c4tre29","previousOperationId":"mg7j2tsg19tgv6y"}
{"type":"log","timestamp":1676306372700,"level":"debug","message":"Page request finished: GET (stylesheet) 200 https://cdnjs.cloudflare.com/ajax/libs/metro/4.1.5/css/metro.min.css","meta":{"rootId":"axx04z3larxpkd4","id":"axx04z3larxpkd4"},"id":"ep8pb0stjd6utsh","previousOperationId":"mg7j2tsg19tgv6y"}
{"type":"log","timestamp":1676306372723,"level":"debug","message":"(console:error) Invalid scale configuration for scale: yAxes","meta":{"userLevel":true,"rootId":"axx04z3larxpkd4","id":"axx04z3larxpkd4"},"id":"uyil30bj3rc1icq","previousOperationId":"mg7j2tsg19tgv6y"}
{"type":"log","timestamp":1676306372838,"level":"debug","message":"Running chrome with params {\"printBackground\":true,\"timeout\":59789,\"margin\":{}}","meta":{"rootId":"axx04z3larxpkd4","id":"axx04z3larxpkd4"},"id":"ogi2ky6hxtqfpl4","previousOperationId":"mg7j2tsg19tgv6y"}
{"type":"operationEnd","operationId":"mg7j2tsg19tgv6y","timestamp":1676306372949,"id":"qwar7ouabgg8cja","previousEventId":"c90lwb5jrb1tlb3","previousOperationId":"mg7j2tsg19tgv6y"}
{"type":"log","timestamp":1676306372949,"level":"debug","message":"Skipping storing report.","meta":{"rootId":"axx04z3larxpkd4","id":"axx04z3larxpkd4"},"id":"boi3s3sga9hgd1h","previousOperationId":"mg7j2tsg19tgv6y"}
{"type":"log","timestamp":1676306372949,"level":"info","message":"Rendering request 61 finished in 610 ms","meta":{"rootId":"axx04z3larxpkd4","id":"axx04z3larxpkd4"},"id":"jm3ye08buhwpmd8","previousOperationId":"mg7j2tsg19tgv6y"}
{"type":"operationEnd","subtype":"render","operationId":"vfpzldo0ab9oki7","timestamp":1676306372949,"id":"aft95hfreash9o9","previousEventId":"qwar7ouabgg8cja","previousOperationId":"mg7j2tsg19tgv6y"}
{"type":"operationEnd","doDiffs":false,"previousEventId":"ssifin4vmjqbfm5","previousOperationId":"rotnj895sf8hous","operationId":"rotnj895sf8hous","timestamp":1676306372954,"id":"3rcrvp6z7zq2rx7"}
