{"type":"operationStart","subtype":"profile","data":{"_id":"AdCVKxgOnqeIk3Wo","timestamp":"2023-02-13T16:40:10.579Z","state":"queued","mode":"standard","creationDate":"2023-02-13T16:40:10.582Z","modificationDate":"2023-02-13T16:40:10.582Z","shortid":"dDR9lFB","$entitySet":"profiles"},"doDiffs":false,"timestamp":1676306410580,"id":"37vh7ps9h4zlcyj","previousOperationId":null,"operationId":"2jd2e42mztsswfk"}
{"type":"log","level":"info","message":"Render request 66 queued for execution and waiting for available worker","previousOperationId":"2jd2e42mztsswfk","timestamp":1676306410580,"id":"b04btrmnlj7n4mf"}
{"type":"operationStart","subtype":"render","name":"prueba","previousOperationId":"2jd2e42mztsswfk","timestamp":1676306410588,"id":"oe75zjsycprbfac","previousEventId":"37vh7ps9h4zlcyj","operationId":"mrpc538ekjif35f"}
{"type":"log","timestamp":1676306410588,"level":"info","message":"Starting rendering request 66","meta":{"rootId":"b26mn3s9vhrv0v3","id":"b26mn3s9vhrv0v3"},"id":"xk3jy1jocdn4qu0","previousOperationId":"mrpc538ekjif35f"}
{"type":"log","timestamp":1676306410589,"level":"info","message":"Rendering template { name: prueba, recipe: chrome-pdf, engine: handlebars, preview: true }","meta":{"rootId":"b26mn3s9vhrv0v3","id":"b26mn3s9vhrv0v3"},"id":"yed5lnakylvuhq8","previousOperationId":"mrpc538ekjif35f"}
{"type":"log","timestamp":1676306410593,"level":"debug","message":"Data item not defined for this template.","meta":{"rootId":"b26mn3s9vhrv0v3","id":"b26mn3s9vhrv0v3"},"id":"5tftwyvssl9gh4i","previousOperationId":"mrpc538ekjif35f"}
{"type":"log","timestamp":1676306410596,"level":"debug","message":"Executing script script (beforeRender)","meta":{"rootId":"b26mn3s9vhrv0v3","id":"b26mn3s9vhrv0v3"},"id":"l1ngaqk8i0t1kq7","previousOperationId":"mrpc538ekjif35f"}
{"type":"operationStart","subtype":"scriptsBeforeRender","name":"scripts beforeRender","timestamp":1676306410615,"id":"g4g9jc27c7h54a2","previousEventId":"oe75zjsycprbfac","operationId":"xnlh1a2fomm7fmn","previousOperationId":"mrpc538ekjif35f"}
{"type":"operationStart","subtype":"script","name":"scripts script","previousOperationId":"xnlh1a2fomm7fmn","timestamp":1676306410615,"id":"h0ja6m1ee2bqmb1","previousEventId":"g4g9jc27c7h54a2","operationId":"05rcejw5umz8mf1"}
{"type":"operationEnd","operationId":"05rcejw5umz8mf1","timestamp":1676306410769,"id":"tq0udl9btj07a3d","previousEventId":"oe75zjsycprbfac","previousOperationId":"mrpc538ekjif35f"}
{"type":"operationEnd","operationId":"xnlh1a2fomm7fmn","timestamp":1676306410769,"id":"0ykqjvoz0pe7qj2","previousEventId":"tq0udl9btj07a3d","previousOperationId":"mrpc538ekjif35f"}
{"type":"log","timestamp":1676306410769,"level":"debug","message":"Base url not specified, skipping its injection.","meta":{"rootId":"b26mn3s9vhrv0v3","id":"b26mn3s9vhrv0v3"},"id":"oq0mhu1ya0nxt16","previousOperationId":"xnlh1a2fomm7fmn"}
{"type":"operationStart","subtype":"engine","name":"handlebars","timestamp":1676306410769,"id":"ivnve099gr1xzli","previousEventId":"0ykqjvoz0pe7qj2","operationId":"wnycgodbjwvqub8","previousOperationId":"xnlh1a2fomm7fmn"}
{"type":"log","timestamp":1676306410769,"level":"debug","message":"Rendering engine handlebars","meta":{"rootId":"b26mn3s9vhrv0v3","id":"b26mn3s9vhrv0v3"},"id":"naiprrzodwc7j5s","previousOperationId":"wnycgodbjwvqub8"}
{"type":"operationEnd","operationId":"wnycgodbjwvqub8","timestamp":1676306410781,"id":"ninqdbezn1je5yq","previousEventId":"ivnve099gr1xzli","previousOperationId":"wnycgodbjwvqub8"}
{"type":"operationStart","subtype":"recipe","name":"chrome-pdf","timestamp":1676306410781,"id":"pgtlwt43l8ordl8","previousEventId":"ninqdbezn1je5yq","operationId":"3rxostt5wwaxizp","previousOperationId":"wnycgodbjwvqub8"}
{"type":"log","timestamp":1676306410781,"level":"debug","message":"Executing recipe chrome-pdf","meta":{"rootId":"b26mn3s9vhrv0v3","id":"b26mn3s9vhrv0v3"},"id":"p2o9udyxmcyk2hy","previousOperationId":"3rxostt5wwaxizp"}
{"type":"log","timestamp":1676306410802,"level":"debug","message":"Converting with chrome HeadlessChrome/105.0.5173.0 using chrome-pool strategy","meta":{"rootId":"b26mn3s9vhrv0v3","id":"b26mn3s9vhrv0v3"},"id":"nd4p0zf70spkg3s","previousOperationId":"3rxostt5wwaxizp"}
{"type":"log","timestamp":1676306410893,"level":"debug","message":"Page request: GET (document) file:///C:/Users/josei/AppData/Local/Temp/jsreport/autocleanup/c70d27b7-a795-4d59-9638-490d25eb4b16-chrome-pdf.html","meta":{"rootId":"b26mn3s9vhrv0v3","id":"b26mn3s9vhrv0v3"},"id":"qhur3bmx0j3beud","previousOperationId":"3rxostt5wwaxizp"}
{"type":"log","timestamp":1676306410913,"level":"debug","message":"Page request finished: GET (document) 200 file:///C:/Users/josei/AppData/Local/Temp/jsreport/autocleanup/c70d27b7-a795-4d59-9638-490d25eb4b16-chrome-pdf.html","meta":{"rootId":"b26mn3s9vhrv0v3","id":"b26mn3s9vhrv0v3"},"id":"kgp5ikxqayzkjp1","previousOperationId":"3rxostt5wwaxizp"}
{"type":"log","timestamp":1676306410913,"level":"debug","message":"Page request: GET (stylesheet) https://cdnjs.cloudflare.com/ajax/libs/metro/4.1.5/css/metro.min.css","meta":{"rootId":"b26mn3s9vhrv0v3","id":"b26mn3s9vhrv0v3"},"id":"u8ozqxcnmhs4zvr","previousOperationId":"3rxostt5wwaxizp"}
{"type":"log","timestamp":1676306410913,"level":"debug","message":"Page request: GET (script) https://cdn.jsdelivr.net/npm/chart.js","meta":{"rootId":"b26mn3s9vhrv0v3","id":"b26mn3s9vhrv0v3"},"id":"n9f5mkyooq5ew7h","previousOperationId":"3rxostt5wwaxizp"}
{"type":"log","timestamp":1676306410919,"level":"debug","message":"Page request finished: GET (script) 200 https://cdn.jsdelivr.net/npm/chart.js","meta":{"rootId":"b26mn3s9vhrv0v3","id":"b26mn3s9vhrv0v3"},"id":"qjxb0bf5i6pkq43","previousOperationId":"3rxostt5wwaxizp"}
{"type":"log","timestamp":1676306410937,"level":"debug","message":"Page request finished: GET (stylesheet) 200 https://cdnjs.cloudflare.com/ajax/libs/metro/4.1.5/css/metro.min.css","meta":{"rootId":"b26mn3s9vhrv0v3","id":"b26mn3s9vhrv0v3"},"id":"xnxdydrg8skr25m","previousOperationId":"3rxostt5wwaxizp"}
{"type":"log","timestamp":1676306410945,"level":"debug","message":"(console:error) Invalid scale configuration for scale: yAxes","meta":{"userLevel":true,"rootId":"b26mn3s9vhrv0v3","id":"b26mn3s9vhrv0v3"},"id":"beuxl225qgfo7p3","previousOperationId":"3rxostt5wwaxizp"}
{"type":"log","timestamp":1676306411051,"level":"debug","message":"Running chrome with params {\"printBackground\":true,\"timeout\":59779,\"margin\":{}}","meta":{"rootId":"b26mn3s9vhrv0v3","id":"b26mn3s9vhrv0v3"},"id":"f20uffn2hg8jns8","previousOperationId":"3rxostt5wwaxizp"}
{"type":"operationEnd","operationId":"3rxostt5wwaxizp","timestamp":1676306411153,"id":"f70yz1mmhefu24v","previousEventId":"pgtlwt43l8ordl8","previousOperationId":"3rxostt5wwaxizp"}
{"type":"log","timestamp":1676306411153,"level":"debug","message":"Skipping storing report.","meta":{"rootId":"b26mn3s9vhrv0v3","id":"b26mn3s9vhrv0v3"},"id":"chlm5c811sqbwd9","previousOperationId":"3rxostt5wwaxizp"}
{"type":"log","timestamp":1676306411153,"level":"info","message":"Rendering request 66 finished in 574 ms","meta":{"rootId":"b26mn3s9vhrv0v3","id":"b26mn3s9vhrv0v3"},"id":"udtmwlubmwsjt5y","previousOperationId":"3rxostt5wwaxizp"}
{"type":"operationEnd","subtype":"render","operationId":"mrpc538ekjif35f","timestamp":1676306411153,"id":"pywk6zel5lo2616","previousEventId":"f70yz1mmhefu24v","previousOperationId":"3rxostt5wwaxizp"}
{"type":"operationEnd","doDiffs":false,"previousEventId":"37vh7ps9h4zlcyj","previousOperationId":"2jd2e42mztsswfk","operationId":"2jd2e42mztsswfk","timestamp":1676306411159,"id":"n6w0mu290xnr1fa"}
