{"type":"operationStart","subtype":"profile","data":{"_id":"HmyjS8K8dCB36nlr","timestamp":"2023-02-13T16:39:43.426Z","state":"queued","mode":"standard","creationDate":"2023-02-13T16:39:43.428Z","modificationDate":"2023-02-13T16:39:43.428Z","shortid":"H69M50A","$entitySet":"profiles"},"doDiffs":false,"timestamp":1676306383427,"id":"hwqj766pk5qrmk1","previousOperationId":null,"operationId":"ik2afxk8he3kter"}
{"type":"log","level":"info","message":"Render request 62 queued for execution and waiting for available worker","previousOperationId":"ik2afxk8he3kter","timestamp":1676306383427,"id":"1z1vx7pe03369yv"}
{"type":"operationStart","subtype":"render","name":"prueba","previousOperationId":"ik2afxk8he3kter","timestamp":1676306383434,"id":"g4ouejvavpn907y","previousEventId":"hwqj766pk5qrmk1","operationId":"6uwej45kz1n1frr"}
{"type":"log","timestamp":1676306383434,"level":"info","message":"Starting rendering request 62","meta":{"rootId":"b5xufhishlt93wr","id":"b5xufhishlt93wr"},"id":"8j9crnm1pfakzyl","previousOperationId":"6uwej45kz1n1frr"}
{"type":"log","timestamp":1676306383434,"level":"info","message":"Rendering template { name: prueba, recipe: chrome-pdf, engine: handlebars, preview: true }","meta":{"rootId":"b5xufhishlt93wr","id":"b5xufhishlt93wr"},"id":"nhmlf1jpym58suq","previousOperationId":"6uwej45kz1n1frr"}
{"type":"log","timestamp":1676306383435,"level":"debug","message":"Data item not defined for this template.","meta":{"rootId":"b5xufhishlt93wr","id":"b5xufhishlt93wr"},"id":"kfvvuq00q3tcod0","previousOperationId":"6uwej45kz1n1frr"}
{"type":"log","timestamp":1676306383437,"level":"debug","message":"Executing script script (beforeRender)","meta":{"rootId":"b5xufhishlt93wr","id":"b5xufhishlt93wr"},"id":"3exkxbpvh794jfb","previousOperationId":"6uwej45kz1n1frr"}
{"type":"operationStart","subtype":"scriptsBeforeRender","name":"scripts beforeRender","timestamp":1676306383456,"id":"jrbyytmqd180sc9","previousEventId":"g4ouejvavpn907y","operationId":"pce5e6tqkfbcx8j","previousOperationId":"6uwej45kz1n1frr"}
{"type":"operationStart","subtype":"script","name":"scripts script","previousOperationId":"pce5e6tqkfbcx8j","timestamp":1676306383456,"id":"w0bsdud6u27j14h","previousEventId":"jrbyytmqd180sc9","operationId":"kweqfdqizsczkww"}
{"type":"operationEnd","operationId":"kweqfdqizsczkww","timestamp":1676306383606,"id":"czvrr4zwo15j71z","previousEventId":"g4ouejvavpn907y","previousOperationId":"6uwej45kz1n1frr"}
{"type":"operationEnd","operationId":"pce5e6tqkfbcx8j","timestamp":1676306383606,"id":"a53ra9r9qgwbig6","previousEventId":"czvrr4zwo15j71z","previousOperationId":"6uwej45kz1n1frr"}
{"type":"log","timestamp":1676306383607,"level":"debug","message":"Base url not specified, skipping its injection.","meta":{"rootId":"b5xufhishlt93wr","id":"b5xufhishlt93wr"},"id":"f49nr5xof46hdwy","previousOperationId":"pce5e6tqkfbcx8j"}
{"type":"operationStart","subtype":"engine","name":"handlebars","timestamp":1676306383607,"id":"xg58635jvrplwoy","previousEventId":"a53ra9r9qgwbig6","operationId":"yxski8h5pa915by","previousOperationId":"pce5e6tqkfbcx8j"}
{"type":"log","timestamp":1676306383607,"level":"debug","message":"Rendering engine handlebars","meta":{"rootId":"b5xufhishlt93wr","id":"b5xufhishlt93wr"},"id":"lxkv4cdomn1f5sw","previousOperationId":"yxski8h5pa915by"}
{"type":"operationEnd","operationId":"yxski8h5pa915by","timestamp":1676306383620,"id":"6smlmy946mu5d1z","previousEventId":"xg58635jvrplwoy","previousOperationId":"yxski8h5pa915by"}
{"type":"operationStart","subtype":"recipe","name":"chrome-pdf","timestamp":1676306383620,"id":"vt7zude13ezu7qa","previousEventId":"6smlmy946mu5d1z","operationId":"jmxxc17r6pf5cei","previousOperationId":"yxski8h5pa915by"}
{"type":"log","timestamp":1676306383620,"level":"debug","message":"Executing recipe chrome-pdf","meta":{"rootId":"b5xufhishlt93wr","id":"b5xufhishlt93wr"},"id":"nmjvq34fqan2zdq","previousOperationId":"jmxxc17r6pf5cei"}
{"type":"log","timestamp":1676306383622,"level":"debug","message":"Converting with chrome HeadlessChrome/105.0.5173.0 using chrome-pool strategy","meta":{"rootId":"b5xufhishlt93wr","id":"b5xufhishlt93wr"},"id":"jbk7syj76xya73e","previousOperationId":"jmxxc17r6pf5cei"}
{"type":"log","timestamp":1676306383716,"level":"debug","message":"Page request: GET (document) file:///C:/Users/josei/AppData/Local/Temp/jsreport/autocleanup/3bd286e6-26be-4ace-ba85-c9760eeeabf2-chrome-pdf.html","meta":{"rootId":"b5xufhishlt93wr","id":"b5xufhishlt93wr"},"id":"g40isgqpfce1n8l","previousOperationId":"jmxxc17r6pf5cei"}
{"type":"log","timestamp":1676306383735,"level":"debug","message":"Page request finished: GET (document) 200 file:///C:/Users/josei/AppData/Local/Temp/jsreport/autocleanup/3bd286e6-26be-4ace-ba85-c9760eeeabf2-chrome-pdf.html","meta":{"rootId":"b5xufhishlt93wr","id":"b5xufhishlt93wr"},"id":"rxr1cznetz9yp24","previousOperationId":"jmxxc17r6pf5cei"}
{"type":"log","timestamp":1676306383736,"level":"debug","message":"Page request: GET (stylesheet) https://cdnjs.cloudflare.com/ajax/libs/metro/4.1.5/css/metro.min.css","meta":{"rootId":"b5xufhishlt93wr","id":"b5xufhishlt93wr"},"id":"38fm1ohqp1nyy2c","previousOperationId":"jmxxc17r6pf5cei"}
{"type":"log","timestamp":1676306383736,"level":"debug","message":"Page request: GET (script) https://cdn.jsdelivr.net/npm/chart.js","meta":{"rootId":"b5xufhishlt93wr","id":"b5xufhishlt93wr"},"id":"reqn8zkd9nfsdts","previousOperationId":"jmxxc17r6pf5cei"}
{"type":"log","timestamp":1676306383741,"level":"debug","message":"Page request finished: GET (script) 200 https://cdn.jsdelivr.net/npm/chart.js","meta":{"rootId":"b5xufhishlt93wr","id":"b5xufhishlt93wr"},"id":"ddanf8ddv42vfkk","previousOperationId":"jmxxc17r6pf5cei"}
{"type":"log","timestamp":1676306383760,"level":"debug","message":"Page request finished: GET (stylesheet) 200 https://cdnjs.cloudflare.com/ajax/libs/metro/4.1.5/css/metro.min.css","meta":{"rootId":"b5xufhishlt93wr","id":"b5xufhishlt93wr"},"id":"36hiru5163v00rb","previousOperationId":"jmxxc17r6pf5cei"}
{"type":"log","timestamp":1676306383767,"level":"debug","message":"(console:error) Invalid scale configuration for scale: yAxes","meta":{"userLevel":true,"rootId":"b5xufhishlt93wr","id":"b5xufhishlt93wr"},"id":"b8n82uok1gwp7xb","previousOperationId":"jmxxc17r6pf5cei"}
{"type":"log","timestamp":1676306383873,"level":"debug","message":"Running chrome with params {\"printBackground\":true,\"timeout\":59805,\"margin\":{}}","meta":{"rootId":"b5xufhishlt93wr","id":"b5xufhishlt93wr"},"id":"vtr9vwheu4rq3ck","previousOperationId":"jmxxc17r6pf5cei"}
{"type":"operationEnd","operationId":"jmxxc17r6pf5cei","timestamp":1676306383966,"id":"x99rdgnw4u92ckp","previousEventId":"vt7zude13ezu7qa","previousOperationId":"jmxxc17r6pf5cei"}
{"type":"log","timestamp":1676306383966,"level":"debug","message":"Skipping storing report.","meta":{"rootId":"b5xufhishlt93wr","id":"b5xufhishlt93wr"},"id":"n99sm3t8um04xqv","previousOperationId":"jmxxc17r6pf5cei"}
{"type":"log","timestamp":1676306383966,"level":"info","message":"Rendering request 62 finished in 540 ms","meta":{"rootId":"b5xufhishlt93wr","id":"b5xufhishlt93wr"},"id":"myrwr08slfa5wvl","previousOperationId":"jmxxc17r6pf5cei"}
{"type":"operationEnd","subtype":"render","operationId":"6uwej45kz1n1frr","timestamp":1676306383966,"id":"xrmy4gsx71ffmmx","previousEventId":"x99rdgnw4u92ckp","previousOperationId":"jmxxc17r6pf5cei"}
{"type":"operationEnd","doDiffs":false,"previousEventId":"hwqj766pk5qrmk1","previousOperationId":"ik2afxk8he3kter","operationId":"ik2afxk8he3kter","timestamp":1676306383970,"id":"e1mxci7zer546n1"}
