{"type":"operationStart","subtype":"profile","data":{"_id":"bcDq5R1UBYGRfnob","timestamp":"2023-02-13T16:44:47.528Z","state":"queued","mode":"standard","creationDate":"2023-02-13T16:44:47.530Z","modificationDate":"2023-02-13T16:44:47.530Z","shortid":"P_4yQiF","$entitySet":"profiles"},"doDiffs":false,"timestamp":1676306687529,"id":"opuhtiyvvjw6tax","previousOperationId":null,"operationId":"1nogex68k3q7a3h"}
{"type":"log","level":"info","message":"Render request 78 queued for execution and waiting for available worker","previousOperationId":"1nogex68k3q7a3h","timestamp":1676306687529,"id":"9gs391h3uicp8np"}
{"type":"operationStart","subtype":"render","name":"prueba","previousOperationId":"1nogex68k3q7a3h","timestamp":1676306687537,"id":"5zv01g2bc9andru","previousEventId":"opuhtiyvvjw6tax","operationId":"c1jh347lx2wo9pv"}
{"type":"log","timestamp":1676306687537,"level":"info","message":"Starting rendering request 78","meta":{"rootId":"dagg3rs6i49jutg","id":"dagg3rs6i49jutg"},"id":"vnzulcx4ilomufm","previousOperationId":"c1jh347lx2wo9pv"}
{"type":"log","timestamp":1676306687537,"level":"info","message":"Rendering template { name: prueba, recipe: chrome-pdf, engine: handlebars, preview: true }","meta":{"rootId":"dagg3rs6i49jutg","id":"dagg3rs6i49jutg"},"id":"sstxj452a3z37ld","previousOperationId":"c1jh347lx2wo9pv"}
{"type":"log","timestamp":1676306687538,"level":"debug","message":"Data item not defined for this template.","meta":{"rootId":"dagg3rs6i49jutg","id":"dagg3rs6i49jutg"},"id":"t4rbcthdqq70z6c","previousOperationId":"c1jh347lx2wo9pv"}
{"type":"log","timestamp":1676306687542,"level":"debug","message":"Executing script script (beforeRender)","meta":{"rootId":"dagg3rs6i49jutg","id":"dagg3rs6i49jutg"},"id":"4otyiiyun0b85jk","previousOperationId":"c1jh347lx2wo9pv"}
{"type":"operationStart","subtype":"scriptsBeforeRender","name":"scripts beforeRender","timestamp":1676306687561,"id":"wio8ocoqvwwzaak","previousEventId":"5zv01g2bc9andru","operationId":"3ykc1svceqt87js","previousOperationId":"c1jh347lx2wo9pv"}
{"type":"operationStart","subtype":"script","name":"scripts script","previousOperationId":"3ykc1svceqt87js","timestamp":1676306687561,"id":"jk614que4iypuqh","previousEventId":"wio8ocoqvwwzaak","operationId":"rjfm71tz8vxf09l"}
{"type":"operationEnd","operationId":"rjfm71tz8vxf09l","timestamp":1676306687723,"id":"zlps8yi8cwdgv3n","previousEventId":"5zv01g2bc9andru","previousOperationId":"c1jh347lx2wo9pv"}
{"type":"operationEnd","operationId":"3ykc1svceqt87js","timestamp":1676306687723,"id":"qzqf1wr40vcsg3c","previousEventId":"zlps8yi8cwdgv3n","previousOperationId":"c1jh347lx2wo9pv"}
{"type":"log","timestamp":1676306687723,"level":"debug","message":"Base url not specified, skipping its injection.","meta":{"rootId":"dagg3rs6i49jutg","id":"dagg3rs6i49jutg"},"id":"hd3csufy2ivfj2y","previousOperationId":"3ykc1svceqt87js"}
{"type":"operationStart","subtype":"engine","name":"handlebars","timestamp":1676306687724,"id":"fs9ehnvz1628gv0","previousEventId":"qzqf1wr40vcsg3c","operationId":"o6iubzbpg8yw6w7","previousOperationId":"3ykc1svceqt87js"}
{"type":"log","timestamp":1676306687724,"level":"debug","message":"Rendering engine handlebars","meta":{"rootId":"dagg3rs6i49jutg","id":"dagg3rs6i49jutg"},"id":"9d4tp0bvnpgp8ch","previousOperationId":"o6iubzbpg8yw6w7"}
{"type":"operationEnd","operationId":"o6iubzbpg8yw6w7","timestamp":1676306687735,"id":"mxeuxn561lmsu7q","previousEventId":"fs9ehnvz1628gv0","previousOperationId":"o6iubzbpg8yw6w7"}
{"type":"operationStart","subtype":"recipe","name":"chrome-pdf","timestamp":1676306687735,"id":"vltgpuni7ocs0sq","previousEventId":"mxeuxn561lmsu7q","operationId":"lsox4tw1225yto4","previousOperationId":"o6iubzbpg8yw6w7"}
{"type":"log","timestamp":1676306687735,"level":"debug","message":"Executing recipe chrome-pdf","meta":{"rootId":"dagg3rs6i49jutg","id":"dagg3rs6i49jutg"},"id":"bygu6uyr83kkt1g","previousOperationId":"lsox4tw1225yto4"}
{"type":"log","timestamp":1676306687737,"level":"debug","message":"Converting with chrome HeadlessChrome/105.0.5173.0 using chrome-pool strategy","meta":{"rootId":"dagg3rs6i49jutg","id":"dagg3rs6i49jutg"},"id":"mad5zumaxqaa1t3","previousOperationId":"lsox4tw1225yto4"}
{"type":"log","timestamp":1676306687867,"level":"debug","message":"Page request: GET (document) file:///C:/Users/josei/AppData/Local/Temp/jsreport/autocleanup/93ee4ea8-a589-4d2f-a982-522f023cb435-chrome-pdf.html","meta":{"rootId":"dagg3rs6i49jutg","id":"dagg3rs6i49jutg"},"id":"iagyxy1icjaxsnr","previousOperationId":"lsox4tw1225yto4"}
{"type":"log","timestamp":1676306687878,"level":"debug","message":"Page request finished: GET (document) 200 file:///C:/Users/josei/AppData/Local/Temp/jsreport/autocleanup/93ee4ea8-a589-4d2f-a982-522f023cb435-chrome-pdf.html","meta":{"rootId":"dagg3rs6i49jutg","id":"dagg3rs6i49jutg"},"id":"wum25wh17xuneic","previousOperationId":"lsox4tw1225yto4"}
{"type":"log","timestamp":1676306687879,"level":"debug","message":"Page request: GET (stylesheet) https://cdnjs.cloudflare.com/ajax/libs/metro/4.1.5/css/metro.min.css","meta":{"rootId":"dagg3rs6i49jutg","id":"dagg3rs6i49jutg"},"id":"llhyb7d060fuv2a","previousOperationId":"lsox4tw1225yto4"}
{"type":"log","timestamp":1676306687880,"level":"debug","message":"Page request: GET (script) https://cdn.jsdelivr.net/npm/chart.js","meta":{"rootId":"dagg3rs6i49jutg","id":"dagg3rs6i49jutg"},"id":"a19gcgagg334ovo","previousOperationId":"lsox4tw1225yto4"}
{"type":"log","timestamp":1676306687894,"level":"debug","message":"Page request finished: GET (script) 200 https://cdn.jsdelivr.net/npm/chart.js","meta":{"rootId":"dagg3rs6i49jutg","id":"dagg3rs6i49jutg"},"id":"ux7fb1qh20lcu8r","previousOperationId":"lsox4tw1225yto4"}
{"type":"log","timestamp":1676306687914,"level":"debug","message":"Page request finished: GET (stylesheet) 200 https://cdnjs.cloudflare.com/ajax/libs/metro/4.1.5/css/metro.min.css","meta":{"rootId":"dagg3rs6i49jutg","id":"dagg3rs6i49jutg"},"id":"jjn0qbvnc3xclf7","previousOperationId":"lsox4tw1225yto4"}
{"type":"log","timestamp":1676306687924,"level":"debug","message":"(console:error) Invalid scale configuration for scale: yAxes","meta":{"userLevel":true,"rootId":"dagg3rs6i49jutg","id":"dagg3rs6i49jutg"},"id":"mwrod1b7tn93gt8","previousOperationId":"lsox4tw1225yto4"}
{"type":"log","timestamp":1676306688050,"level":"debug","message":"Running chrome with params {\"printBackground\":true,\"timeout\":59792,\"margin\":{}}","meta":{"rootId":"dagg3rs6i49jutg","id":"dagg3rs6i49jutg"},"id":"sa3x3ny7ota1r0k","previousOperationId":"lsox4tw1225yto4"}
{"type":"operationEnd","operationId":"lsox4tw1225yto4","timestamp":1676306688141,"id":"t9fpgnbpfqp8e4p","previousEventId":"vltgpuni7ocs0sq","previousOperationId":"lsox4tw1225yto4"}
{"type":"log","timestamp":1676306688141,"level":"debug","message":"Skipping storing report.","meta":{"rootId":"dagg3rs6i49jutg","id":"dagg3rs6i49jutg"},"id":"6k8k4a2rqezm3eo","previousOperationId":"lsox4tw1225yto4"}
{"type":"log","timestamp":1676306688141,"level":"info","message":"Rendering request 78 finished in 613 ms","meta":{"rootId":"dagg3rs6i49jutg","id":"dagg3rs6i49jutg"},"id":"njq2lndzhqzzpgg","previousOperationId":"lsox4tw1225yto4"}
{"type":"operationEnd","subtype":"render","operationId":"c1jh347lx2wo9pv","timestamp":1676306688141,"id":"l9vnyer3mrfc9kd","previousEventId":"t9fpgnbpfqp8e4p","previousOperationId":"lsox4tw1225yto4"}
{"type":"operationEnd","doDiffs":false,"previousEventId":"opuhtiyvvjw6tax","previousOperationId":"1nogex68k3q7a3h","operationId":"1nogex68k3q7a3h","timestamp":1676306688146,"id":"knlpled5v8i8gb5"}
