{"type":"operationStart","subtype":"profile","data":{"_id":"oMTLAhetcpISVE7V","timestamp":"2023-02-13T16:07:21.165Z","state":"queued","mode":"standard","creationDate":"2023-02-13T16:07:21.168Z","modificationDate":"2023-02-13T16:07:21.168Z","shortid":"xK-e-1f","$entitySet":"profiles"},"doDiffs":false,"timestamp":1676304441167,"id":"2zf2ax33xgf2ja9","previousOperationId":null,"operationId":"a7vsmp668ldw8cw"}
{"type":"log","level":"info","message":"Render request 21 queued for execution and waiting for available worker","previousOperationId":"a7vsmp668ldw8cw","timestamp":1676304441167,"id":"62xkcvpshp4ty0i"}
{"type":"operationStart","subtype":"render","name":"prueba","previousOperationId":"a7vsmp668ldw8cw","timestamp":1676304441176,"id":"nhhzq3u5eavsjom","previousEventId":"2zf2ax33xgf2ja9","operationId":"9u9018w59zk5f2y"}
{"type":"log","timestamp":1676304441176,"level":"info","message":"Starting rendering request 21","meta":{"rootId":"dgv0n4drein8e7y","id":"dgv0n4drein8e7y"},"id":"oj1mcn8vqsfd5zz","previousOperationId":"9u9018w59zk5f2y"}
{"type":"log","timestamp":1676304441177,"level":"info","message":"Rendering template { name: prueba, recipe: chrome-pdf, engine: handlebars, preview: true }","meta":{"rootId":"dgv0n4drein8e7y","id":"dgv0n4drein8e7y"},"id":"8wr28v4jms1zlkf","previousOperationId":"9u9018w59zk5f2y"}
{"type":"log","timestamp":1676304441177,"level":"debug","message":"Data item not defined for this template.","meta":{"rootId":"dgv0n4drein8e7y","id":"dgv0n4drein8e7y"},"id":"opsc2p1ruv75tem","previousOperationId":"9u9018w59zk5f2y"}
{"type":"log","timestamp":1676304441180,"level":"debug","message":"Executing script script (beforeRender)","meta":{"rootId":"dgv0n4drein8e7y","id":"dgv0n4drein8e7y"},"id":"7lksjpeipey1tuc","previousOperationId":"9u9018w59zk5f2y"}
{"type":"operationStart","subtype":"scriptsBeforeRender","name":"scripts beforeRender","timestamp":1676304441198,"id":"k7dqlnwvzesb54f","previousEventId":"nhhzq3u5eavsjom","operationId":"0athl2de84ulucw","previousOperationId":"9u9018w59zk5f2y"}
{"type":"operationStart","subtype":"script","name":"scripts script","previousOperationId":"0athl2de84ulucw","timestamp":1676304441198,"id":"a7g5of4i0y5fj4g","previousEventId":"k7dqlnwvzesb54f","operationId":"p7rmfv2skatctiy"}
{"type":"operationEnd","operationId":"p7rmfv2skatctiy","timestamp":1676304441411,"id":"54theg1tstsdx5p","previousEventId":"nhhzq3u5eavsjom","previousOperationId":"9u9018w59zk5f2y"}
{"type":"operationEnd","operationId":"0athl2de84ulucw","timestamp":1676304441411,"id":"fqiwisc9x1yjjhd","previousEventId":"54theg1tstsdx5p","previousOperationId":"9u9018w59zk5f2y"}
{"type":"log","timestamp":1676304441411,"level":"debug","message":"Base url not specified, skipping its injection.","meta":{"rootId":"dgv0n4drein8e7y","id":"dgv0n4drein8e7y"},"id":"ezz0hjltu9zbkoh","previousOperationId":"0athl2de84ulucw"}
{"type":"operationStart","subtype":"engine","name":"handlebars","timestamp":1676304441411,"id":"sdm6mp1ne8fzf3e","previousEventId":"fqiwisc9x1yjjhd","operationId":"h1c57ubymv1x0u5","previousOperationId":"0athl2de84ulucw"}
{"type":"log","timestamp":1676304441411,"level":"debug","message":"Rendering engine handlebars","meta":{"rootId":"dgv0n4drein8e7y","id":"dgv0n4drein8e7y"},"id":"r2u19ow2oheoso0","previousOperationId":"h1c57ubymv1x0u5"}
{"type":"operationEnd","operationId":"h1c57ubymv1x0u5","timestamp":1676304441423,"id":"drv9neyttdlxijz","previousEventId":"sdm6mp1ne8fzf3e","previousOperationId":"h1c57ubymv1x0u5"}
{"type":"operationStart","subtype":"recipe","name":"chrome-pdf","timestamp":1676304441423,"id":"nq48zrv5wttu7ln","previousEventId":"drv9neyttdlxijz","operationId":"n72yx8f1598h05a","previousOperationId":"h1c57ubymv1x0u5"}
{"type":"log","timestamp":1676304441423,"level":"debug","message":"Executing recipe chrome-pdf","meta":{"rootId":"dgv0n4drein8e7y","id":"dgv0n4drein8e7y"},"id":"8frgqwa9h5i25ys","previousOperationId":"n72yx8f1598h05a"}
{"type":"log","timestamp":1676304441426,"level":"debug","message":"Converting with chrome HeadlessChrome/105.0.5173.0 using chrome-pool strategy","meta":{"rootId":"dgv0n4drein8e7y","id":"dgv0n4drein8e7y"},"id":"donytasacgaxtxu","previousOperationId":"n72yx8f1598h05a"}
{"type":"log","timestamp":1676304441554,"level":"debug","message":"Page request: GET (document) file:///C:/Users/josei/AppData/Local/Temp/jsreport/autocleanup/3442379e-7393-4b9a-928f-01a3f1c12187-chrome-pdf.html","meta":{"rootId":"dgv0n4drein8e7y","id":"dgv0n4drein8e7y"},"id":"pmarduo6eetj2ca","previousOperationId":"n72yx8f1598h05a"}
{"type":"log","timestamp":1676304441569,"level":"debug","message":"Page request finished: GET (document) 200 file:///C:/Users/josei/AppData/Local/Temp/jsreport/autocleanup/3442379e-7393-4b9a-928f-01a3f1c12187-chrome-pdf.html","meta":{"rootId":"dgv0n4drein8e7y","id":"dgv0n4drein8e7y"},"id":"tvvfu3d0m2va7rl","previousOperationId":"n72yx8f1598h05a"}
{"type":"log","timestamp":1676304441570,"level":"debug","message":"Page request: GET (stylesheet) https://cdnjs.cloudflare.com/ajax/libs/metro/4.1.5/css/metro.min.css","meta":{"rootId":"dgv0n4drein8e7y","id":"dgv0n4drein8e7y"},"id":"0ucjlncng0p3rfh","previousOperationId":"n72yx8f1598h05a"}
{"type":"log","timestamp":1676304441570,"level":"debug","message":"Page request: GET (script) https://cdn.jsdelivr.net/npm/chart.js","meta":{"rootId":"dgv0n4drein8e7y","id":"dgv0n4drein8e7y"},"id":"7um6wqhoi67zrrq","previousOperationId":"n72yx8f1598h05a"}
{"type":"log","timestamp":1676304441580,"level":"debug","message":"Page request finished: GET (script) 200 https://cdn.jsdelivr.net/npm/chart.js","meta":{"rootId":"dgv0n4drein8e7y","id":"dgv0n4drein8e7y"},"id":"be6r6xfw5p8174f","previousOperationId":"n72yx8f1598h05a"}
{"type":"log","timestamp":1676304441599,"level":"debug","message":"Page request finished: GET (stylesheet) 200 https://cdnjs.cloudflare.com/ajax/libs/metro/4.1.5/css/metro.min.css","meta":{"rootId":"dgv0n4drein8e7y","id":"dgv0n4drein8e7y"},"id":"woqiklx6aq568rz","previousOperationId":"n72yx8f1598h05a"}
{"type":"log","timestamp":1676304441613,"level":"debug","message":"(console:error) Invalid scale configuration for scale: yAxes","meta":{"userLevel":true,"rootId":"dgv0n4drein8e7y","id":"dgv0n4drein8e7y"},"id":"5bedz7siqd2pswo","previousOperationId":"n72yx8f1598h05a"}
{"type":"log","timestamp":1676304441730,"level":"debug","message":"Running chrome with params {\"printBackground\":true,\"timeout\":59741,\"margin\":{}}","meta":{"rootId":"dgv0n4drein8e7y","id":"dgv0n4drein8e7y"},"id":"4bcop9toiatjw35","previousOperationId":"n72yx8f1598h05a"}
{"type":"operationEnd","operationId":"n72yx8f1598h05a","timestamp":1676304441813,"id":"0znjvo5gtdchkry","previousEventId":"nq48zrv5wttu7ln","previousOperationId":"n72yx8f1598h05a"}
{"type":"log","timestamp":1676304441813,"level":"debug","message":"Skipping storing report.","meta":{"rootId":"dgv0n4drein8e7y","id":"dgv0n4drein8e7y"},"id":"6goemsbxvq9dvhy","previousOperationId":"n72yx8f1598h05a"}
{"type":"log","timestamp":1676304441813,"level":"info","message":"Rendering request 21 finished in 648 ms","meta":{"rootId":"dgv0n4drein8e7y","id":"dgv0n4drein8e7y"},"id":"d58ntmj02bqnn0m","previousOperationId":"n72yx8f1598h05a"}
{"type":"operationEnd","subtype":"render","operationId":"9u9018w59zk5f2y","timestamp":1676304441813,"id":"xqkosmcz3wc8dpe","previousEventId":"0znjvo5gtdchkry","previousOperationId":"n72yx8f1598h05a"}
{"type":"operationEnd","doDiffs":false,"previousEventId":"2zf2ax33xgf2ja9","previousOperationId":"a7vsmp668ldw8cw","operationId":"a7vsmp668ldw8cw","timestamp":1676304441817,"id":"pbkw22kytc3wz88"}
