{"type":"operationStart","subtype":"profile","data":{"_id":"rWjlVj0Wa7QNwfUt","timestamp":"2023-02-13T16:16:07.222Z","state":"queued","mode":"standard","creationDate":"2023-02-13T16:16:07.224Z","modificationDate":"2023-02-13T16:16:07.224Z","shortid":"ctzelTK","$entitySet":"profiles"},"doDiffs":false,"timestamp":1676304967224,"id":"a2bjxeua200860i","previousOperationId":null,"operationId":"vksbt89yh73g03b"}
{"type":"log","level":"info","message":"Render request 33 queued for execution and waiting for available worker","previousOperationId":"vksbt89yh73g03b","timestamp":1676304967224,"id":"zgarn80yqwivic2"}
{"type":"operationStart","subtype":"render","name":"prueba","previousOperationId":"vksbt89yh73g03b","timestamp":1676304967231,"id":"2da4qknpqziw3i5","previousEventId":"a2bjxeua200860i","operationId":"shwicpjsoulozhc"}
{"type":"log","timestamp":1676304967231,"level":"info","message":"Starting rendering request 33","meta":{"rootId":"dutj2u5ux0nutfs","id":"dutj2u5ux0nutfs"},"id":"fb8b2f14etnpz47","previousOperationId":"shwicpjsoulozhc"}
{"type":"log","timestamp":1676304967231,"level":"info","message":"Rendering template { name: prueba, recipe: chrome-pdf, engine: handlebars, preview: true }","meta":{"rootId":"dutj2u5ux0nutfs","id":"dutj2u5ux0nutfs"},"id":"2e8hhiuegmfunyz","previousOperationId":"shwicpjsoulozhc"}
{"type":"log","timestamp":1676304967232,"level":"debug","message":"Data item not defined for this template.","meta":{"rootId":"dutj2u5ux0nutfs","id":"dutj2u5ux0nutfs"},"id":"59gcro2ax97qwmv","previousOperationId":"shwicpjsoulozhc"}
{"type":"log","timestamp":1676304967234,"level":"debug","message":"Executing script script (beforeRender)","meta":{"rootId":"dutj2u5ux0nutfs","id":"dutj2u5ux0nutfs"},"id":"g8q8veyjxzqlyro","previousOperationId":"shwicpjsoulozhc"}
{"type":"operationStart","subtype":"scriptsBeforeRender","name":"scripts beforeRender","timestamp":1676304967259,"id":"nxz9qnmtdonbw9j","previousEventId":"2da4qknpqziw3i5","operationId":"bbri1tvs1ij4gum","previousOperationId":"shwicpjsoulozhc"}
{"type":"operationStart","subtype":"script","name":"scripts script","previousOperationId":"bbri1tvs1ij4gum","timestamp":1676304967259,"id":"3w0jeu4ecbz3s7a","previousEventId":"nxz9qnmtdonbw9j","operationId":"98qs2krb96umrq4"}
{"type":"operationEnd","operationId":"98qs2krb96umrq4","timestamp":1676304967445,"id":"h0aytl8sx7no0u8","previousEventId":"2da4qknpqziw3i5","previousOperationId":"shwicpjsoulozhc"}
{"type":"operationEnd","operationId":"bbri1tvs1ij4gum","timestamp":1676304967445,"id":"4g56jwugmqloon8","previousEventId":"h0aytl8sx7no0u8","previousOperationId":"shwicpjsoulozhc"}
{"type":"log","timestamp":1676304967445,"level":"debug","message":"Base url not specified, skipping its injection.","meta":{"rootId":"dutj2u5ux0nutfs","id":"dutj2u5ux0nutfs"},"id":"xayzsuxbi8986ky","previousOperationId":"bbri1tvs1ij4gum"}
{"type":"operationStart","subtype":"engine","name":"handlebars","timestamp":1676304967445,"id":"u13sy6zml4fl72n","previousEventId":"4g56jwugmqloon8","operationId":"2a7svp9jn477dyu","previousOperationId":"bbri1tvs1ij4gum"}
{"type":"log","timestamp":1676304967445,"level":"debug","message":"Rendering engine handlebars","meta":{"rootId":"dutj2u5ux0nutfs","id":"dutj2u5ux0nutfs"},"id":"n2b6fvjyx344y6y","previousOperationId":"2a7svp9jn477dyu"}
{"type":"operationEnd","operationId":"2a7svp9jn477dyu","timestamp":1676304967458,"id":"nqcnt5p0onasa9d","previousEventId":"u13sy6zml4fl72n","previousOperationId":"2a7svp9jn477dyu"}
{"type":"operationStart","subtype":"recipe","name":"chrome-pdf","timestamp":1676304967458,"id":"uxdb9ocqp9budzf","previousEventId":"nqcnt5p0onasa9d","operationId":"ovsw1z94ftwchah","previousOperationId":"2a7svp9jn477dyu"}
{"type":"log","timestamp":1676304967458,"level":"debug","message":"Executing recipe chrome-pdf","meta":{"rootId":"dutj2u5ux0nutfs","id":"dutj2u5ux0nutfs"},"id":"e8yfwawphvvp5hh","previousOperationId":"ovsw1z94ftwchah"}
{"type":"log","timestamp":1676304967461,"level":"debug","message":"Converting with chrome HeadlessChrome/105.0.5173.0 using chrome-pool strategy","meta":{"rootId":"dutj2u5ux0nutfs","id":"dutj2u5ux0nutfs"},"id":"7wjdqp4tmb7flvs","previousOperationId":"ovsw1z94ftwchah"}
{"type":"log","timestamp":1676304967560,"level":"debug","message":"Page request: GET (document) file:///C:/Users/josei/AppData/Local/Temp/jsreport/autocleanup/007d194d-25b3-41a4-8f22-a8f3f0db4055-chrome-pdf.html","meta":{"rootId":"dutj2u5ux0nutfs","id":"dutj2u5ux0nutfs"},"id":"txb6kr0u2f66t6l","previousOperationId":"ovsw1z94ftwchah"}
{"type":"log","timestamp":1676304967579,"level":"debug","message":"Page request finished: GET (document) 200 file:///C:/Users/josei/AppData/Local/Temp/jsreport/autocleanup/007d194d-25b3-41a4-8f22-a8f3f0db4055-chrome-pdf.html","meta":{"rootId":"dutj2u5ux0nutfs","id":"dutj2u5ux0nutfs"},"id":"mn6dr1j4znhsczs","previousOperationId":"ovsw1z94ftwchah"}
{"type":"log","timestamp":1676304967580,"level":"debug","message":"Page request: GET (stylesheet) https://cdnjs.cloudflare.com/ajax/libs/metro/4.1.5/css/metro.min.css","meta":{"rootId":"dutj2u5ux0nutfs","id":"dutj2u5ux0nutfs"},"id":"r3fq3d5d4g3n4nn","previousOperationId":"ovsw1z94ftwchah"}
{"type":"log","timestamp":1676304967580,"level":"debug","message":"Page request: GET (script) https://cdn.jsdelivr.net/npm/chart.js","meta":{"rootId":"dutj2u5ux0nutfs","id":"dutj2u5ux0nutfs"},"id":"6fojld205hht281","previousOperationId":"ovsw1z94ftwchah"}
{"type":"log","timestamp":1676304967588,"level":"debug","message":"Page request finished: GET (script) 200 https://cdn.jsdelivr.net/npm/chart.js","meta":{"rootId":"dutj2u5ux0nutfs","id":"dutj2u5ux0nutfs"},"id":"u12oraorzbpyjlr","previousOperationId":"ovsw1z94ftwchah"}
{"type":"log","timestamp":1676304967608,"level":"debug","message":"Page request finished: GET (stylesheet) 200 https://cdnjs.cloudflare.com/ajax/libs/metro/4.1.5/css/metro.min.css","meta":{"rootId":"dutj2u5ux0nutfs","id":"dutj2u5ux0nutfs"},"id":"gbaaeilcmuxb924","previousOperationId":"ovsw1z94ftwchah"}
{"type":"log","timestamp":1676304967616,"level":"debug","message":"(console:error) Invalid scale configuration for scale: yAxes","meta":{"userLevel":true,"rootId":"dutj2u5ux0nutfs","id":"dutj2u5ux0nutfs"},"id":"o4npkx8k8eqjfxh","previousOperationId":"ovsw1z94ftwchah"}
{"type":"log","timestamp":1676304967726,"level":"debug","message":"Running chrome with params {\"printBackground\":true,\"timeout\":59761,\"margin\":{}}","meta":{"rootId":"dutj2u5ux0nutfs","id":"dutj2u5ux0nutfs"},"id":"yo57jvohhbhdgnr","previousOperationId":"ovsw1z94ftwchah"}
{"type":"operationEnd","operationId":"ovsw1z94ftwchah","timestamp":1676304967810,"id":"usv3yq233h8ucpx","previousEventId":"uxdb9ocqp9budzf","previousOperationId":"ovsw1z94ftwchah"}
{"type":"log","timestamp":1676304967810,"level":"debug","message":"Skipping storing report.","meta":{"rootId":"dutj2u5ux0nutfs","id":"dutj2u5ux0nutfs"},"id":"lhveu9cknir29gl","previousOperationId":"ovsw1z94ftwchah"}
{"type":"log","timestamp":1676304967811,"level":"info","message":"Rendering request 33 finished in 590 ms","meta":{"rootId":"dutj2u5ux0nutfs","id":"dutj2u5ux0nutfs"},"id":"5kunpyzpk3u8yzw","previousOperationId":"ovsw1z94ftwchah"}
{"type":"operationEnd","subtype":"render","operationId":"shwicpjsoulozhc","timestamp":1676304967811,"id":"z1j0i0mr2fexymw","previousEventId":"usv3yq233h8ucpx","previousOperationId":"ovsw1z94ftwchah"}
{"type":"operationEnd","doDiffs":false,"previousEventId":"a2bjxeua200860i","previousOperationId":"vksbt89yh73g03b","operationId":"vksbt89yh73g03b","timestamp":1676304967817,"id":"2rjz8y7c231z9th"}
