{"type":"operationStart","subtype":"profile","data":{"_id":"K0FANbDQiQLhBIbP","timestamp":"2023-02-13T16:10:09.053Z","state":"queued","mode":"standard","creationDate":"2023-02-13T16:10:09.054Z","modificationDate":"2023-02-13T16:10:09.054Z","shortid":"GLR-pg8","$entitySet":"profiles"},"doDiffs":false,"timestamp":1676304609054,"id":"561ngfzjgm4rylk","previousOperationId":null,"operationId":"437o8l9px5uq56i"}
{"type":"log","level":"info","message":"Render request 24 queued for execution and waiting for available worker","previousOperationId":"437o8l9px5uq56i","timestamp":1676304609054,"id":"b9dz642vcahy1ds"}
{"type":"operationStart","subtype":"render","name":"prueba","previousOperationId":"437o8l9px5uq56i","timestamp":1676304609062,"id":"su0qxu8ozs2ivre","previousEventId":"561ngfzjgm4rylk","operationId":"svchezbpdddbw00"}
{"type":"log","timestamp":1676304609062,"level":"info","message":"Starting rendering request 24","meta":{"rootId":"e1pn1d4yotgb4k1","id":"e1pn1d4yotgb4k1"},"id":"zy5k2kmh5nrbxrj","previousOperationId":"svchezbpdddbw00"}
{"type":"log","timestamp":1676304609063,"level":"info","message":"Rendering template { name: prueba, recipe: chrome-pdf, engine: handlebars, preview: true }","meta":{"rootId":"e1pn1d4yotgb4k1","id":"e1pn1d4yotgb4k1"},"id":"s80dsahjn3uv69l","previousOperationId":"svchezbpdddbw00"}
{"type":"log","timestamp":1676304609066,"level":"debug","message":"Data item not defined for this template.","meta":{"rootId":"e1pn1d4yotgb4k1","id":"e1pn1d4yotgb4k1"},"id":"la6e8qa8iin6uxu","previousOperationId":"svchezbpdddbw00"}
{"type":"log","timestamp":1676304609069,"level":"debug","message":"Executing script script (beforeRender)","meta":{"rootId":"e1pn1d4yotgb4k1","id":"e1pn1d4yotgb4k1"},"id":"szeq9c3bkwaeevn","previousOperationId":"svchezbpdddbw00"}
{"type":"operationStart","subtype":"scriptsBeforeRender","name":"scripts beforeRender","timestamp":1676304609090,"id":"062jdmztg81ccu8","previousEventId":"su0qxu8ozs2ivre","operationId":"e4l0t592oas7qo9","previousOperationId":"svchezbpdddbw00"}
{"type":"operationStart","subtype":"script","name":"scripts script","previousOperationId":"e4l0t592oas7qo9","timestamp":1676304609090,"id":"tttt27tufgb4m7m","previousEventId":"062jdmztg81ccu8","operationId":"nqa5aafifkyzem0"}
{"type":"operationEnd","operationId":"nqa5aafifkyzem0","timestamp":1676304609263,"id":"0921gj5yl0i5i8t","previousEventId":"su0qxu8ozs2ivre","previousOperationId":"svchezbpdddbw00"}
{"type":"operationEnd","operationId":"e4l0t592oas7qo9","timestamp":1676304609263,"id":"321mbhn47o306id","previousEventId":"0921gj5yl0i5i8t","previousOperationId":"svchezbpdddbw00"}
{"type":"log","timestamp":1676304609264,"level":"debug","message":"Base url not specified, skipping its injection.","meta":{"rootId":"e1pn1d4yotgb4k1","id":"e1pn1d4yotgb4k1"},"id":"l9w9s89fxju5xyf","previousOperationId":"e4l0t592oas7qo9"}
{"type":"operationStart","subtype":"engine","name":"handlebars","timestamp":1676304609264,"id":"ineh8ontkv7n3ao","previousEventId":"321mbhn47o306id","operationId":"dldemaewn9h4ex3","previousOperationId":"e4l0t592oas7qo9"}
{"type":"log","timestamp":1676304609264,"level":"debug","message":"Rendering engine handlebars","meta":{"rootId":"e1pn1d4yotgb4k1","id":"e1pn1d4yotgb4k1"},"id":"gal2hvdn3acrf4l","previousOperationId":"dldemaewn9h4ex3"}
{"type":"operationEnd","operationId":"dldemaewn9h4ex3","timestamp":1676304609276,"id":"l2vzcsl3xzost2k","previousEventId":"ineh8ontkv7n3ao","previousOperationId":"dldemaewn9h4ex3"}
{"type":"operationStart","subtype":"recipe","name":"chrome-pdf","timestamp":1676304609276,"id":"ov1bx7p79qi1jft","previousEventId":"l2vzcsl3xzost2k","operationId":"bpza11akyzqi5sr","previousOperationId":"dldemaewn9h4ex3"}
{"type":"log","timestamp":1676304609276,"level":"debug","message":"Executing recipe chrome-pdf","meta":{"rootId":"e1pn1d4yotgb4k1","id":"e1pn1d4yotgb4k1"},"id":"cge67qhcg15ngj1","previousOperationId":"bpza11akyzqi5sr"}
{"type":"log","timestamp":1676304609278,"level":"debug","message":"Converting with chrome HeadlessChrome/105.0.5173.0 using chrome-pool strategy","meta":{"rootId":"e1pn1d4yotgb4k1","id":"e1pn1d4yotgb4k1"},"id":"6g6bc9y48yb616o","previousOperationId":"bpza11akyzqi5sr"}
{"type":"log","timestamp":1676304609373,"level":"debug","message":"Page request: GET (document) file:///C:/Users/josei/AppData/Local/Temp/jsreport/autocleanup/62646aeb-d833-4ac8-8f09-bdb5c3a695ba-chrome-pdf.html","meta":{"rootId":"e1pn1d4yotgb4k1","id":"e1pn1d4yotgb4k1"},"id":"k87zt5qywfvjtlj","previousOperationId":"bpza11akyzqi5sr"}
{"type":"log","timestamp":1676304609394,"level":"debug","message":"Page request finished: GET (document) 200 file:///C:/Users/josei/AppData/Local/Temp/jsreport/autocleanup/62646aeb-d833-4ac8-8f09-bdb5c3a695ba-chrome-pdf.html","meta":{"rootId":"e1pn1d4yotgb4k1","id":"e1pn1d4yotgb4k1"},"id":"dgvqgh83jmoj9xc","previousOperationId":"bpza11akyzqi5sr"}
{"type":"log","timestamp":1676304609395,"level":"debug","message":"Page request: GET (stylesheet) https://cdnjs.cloudflare.com/ajax/libs/metro/4.1.5/css/metro.min.css","meta":{"rootId":"e1pn1d4yotgb4k1","id":"e1pn1d4yotgb4k1"},"id":"1511npnf7manade","previousOperationId":"bpza11akyzqi5sr"}
{"type":"log","timestamp":1676304609395,"level":"debug","message":"Page request: GET (script) https://cdn.jsdelivr.net/npm/chart.js","meta":{"rootId":"e1pn1d4yotgb4k1","id":"e1pn1d4yotgb4k1"},"id":"hqcwusrth1f5z1d","previousOperationId":"bpza11akyzqi5sr"}
{"type":"log","timestamp":1676304609421,"level":"debug","message":"Page request finished: GET (stylesheet) 200 https://cdnjs.cloudflare.com/ajax/libs/metro/4.1.5/css/metro.min.css","meta":{"rootId":"e1pn1d4yotgb4k1","id":"e1pn1d4yotgb4k1"},"id":"pgk7y3i1mfreobb","previousOperationId":"bpza11akyzqi5sr"}
{"type":"log","timestamp":1676304609421,"level":"debug","message":"Page request finished: GET (script) 200 https://cdn.jsdelivr.net/npm/chart.js","meta":{"rootId":"e1pn1d4yotgb4k1","id":"e1pn1d4yotgb4k1"},"id":"bvkavsvv43eqm09","previousOperationId":"bpza11akyzqi5sr"}
{"type":"log","timestamp":1676304609427,"level":"debug","message":"(console:error) Invalid scale configuration for scale: yAxes","meta":{"userLevel":true,"rootId":"e1pn1d4yotgb4k1","id":"e1pn1d4yotgb4k1"},"id":"3h1e7dfhmj88wa1","previousOperationId":"bpza11akyzqi5sr"}
{"type":"log","timestamp":1676304609521,"level":"debug","message":"Running chrome with params {\"printBackground\":true,\"timeout\":59776,\"margin\":{}}","meta":{"rootId":"e1pn1d4yotgb4k1","id":"e1pn1d4yotgb4k1"},"id":"9d22rvgja4023b2","previousOperationId":"bpza11akyzqi5sr"}
{"type":"operationEnd","operationId":"bpza11akyzqi5sr","timestamp":1676304609597,"id":"xy31ose13k5xrqx","previousEventId":"ov1bx7p79qi1jft","previousOperationId":"bpza11akyzqi5sr"}
{"type":"log","timestamp":1676304609597,"level":"debug","message":"Skipping storing report.","meta":{"rootId":"e1pn1d4yotgb4k1","id":"e1pn1d4yotgb4k1"},"id":"f7o1chft10ls7ld","previousOperationId":"bpza11akyzqi5sr"}
{"type":"log","timestamp":1676304609597,"level":"info","message":"Rendering request 24 finished in 544 ms","meta":{"rootId":"e1pn1d4yotgb4k1","id":"e1pn1d4yotgb4k1"},"id":"vjgj0geom0dr8x5","previousOperationId":"bpza11akyzqi5sr"}
{"type":"operationEnd","subtype":"render","operationId":"svchezbpdddbw00","timestamp":1676304609597,"id":"t6upv6uc329p7ws","previousEventId":"xy31ose13k5xrqx","previousOperationId":"bpza11akyzqi5sr"}
{"type":"operationEnd","doDiffs":false,"previousEventId":"561ngfzjgm4rylk","previousOperationId":"437o8l9px5uq56i","operationId":"437o8l9px5uq56i","timestamp":1676304609604,"id":"8clakgwpd5rcvig"}
