{"type":"operationStart","subtype":"profile","data":{"_id":"3WzfgNL191K6KPLw","timestamp":"2023-02-13T16:52:35.841Z","state":"queued","mode":"standard","creationDate":"2023-02-13T16:52:35.843Z","modificationDate":"2023-02-13T16:52:35.843Z","shortid":"dSTVQzy","$entitySet":"profiles"},"doDiffs":false,"timestamp":1676307155842,"id":"iw2tuspquhevyns","previousOperationId":null,"operationId":"mfhqlfld6cwvb6s"}
{"type":"log","level":"info","message":"Render request 99 queued for execution and waiting for available worker","previousOperationId":"mfhqlfld6cwvb6s","timestamp":1676307155842,"id":"mp11mrns1yd74e1"}
{"type":"operationStart","subtype":"render","name":"prueba","previousOperationId":"mfhqlfld6cwvb6s","timestamp":1676307155852,"id":"4s136qg7d1fg3q3","previousEventId":"iw2tuspquhevyns","operationId":"rx8pd9xe3cop7lf"}
{"type":"log","timestamp":1676307155852,"level":"info","message":"Starting rendering request 99","meta":{"rootId":"evcz9famakft6df","id":"evcz9famakft6df"},"id":"vrol23t749oar45","previousOperationId":"rx8pd9xe3cop7lf"}
{"type":"log","timestamp":1676307155852,"level":"info","message":"Rendering template { name: prueba, recipe: chrome-pdf, engine: handlebars, preview: true }","meta":{"rootId":"evcz9famakft6df","id":"evcz9famakft6df"},"id":"e2pxxueiu1vu2fs","previousOperationId":"rx8pd9xe3cop7lf"}
{"type":"log","timestamp":1676307155855,"level":"debug","message":"Data item not defined for this template.","meta":{"rootId":"evcz9famakft6df","id":"evcz9famakft6df"},"id":"sw7wdg33tg53i56","previousOperationId":"rx8pd9xe3cop7lf"}
{"type":"log","timestamp":1676307155860,"level":"debug","message":"Executing script script (beforeRender)","meta":{"rootId":"evcz9famakft6df","id":"evcz9famakft6df"},"id":"atideacfbh4bh24","previousOperationId":"rx8pd9xe3cop7lf"}
{"type":"operationStart","subtype":"scriptsBeforeRender","name":"scripts beforeRender","timestamp":1676307155877,"id":"l4z2mgcgfk040cx","previousEventId":"4s136qg7d1fg3q3","operationId":"uvb2t98j0tbjxqs","previousOperationId":"rx8pd9xe3cop7lf"}
{"type":"operationStart","subtype":"script","name":"scripts script","previousOperationId":"uvb2t98j0tbjxqs","timestamp":1676307155877,"id":"uzb4pfx3xtgnp8i","previousEventId":"l4z2mgcgfk040cx","operationId":"5qzffd7dts88xb1"}
{"type":"operationEnd","operationId":"5qzffd7dts88xb1","timestamp":1676307156053,"id":"nvpgfkd1imc05l9","previousEventId":"4s136qg7d1fg3q3","previousOperationId":"rx8pd9xe3cop7lf"}
{"type":"operationEnd","operationId":"uvb2t98j0tbjxqs","timestamp":1676307156053,"id":"whu3nowaj8h54ka","previousEventId":"nvpgfkd1imc05l9","previousOperationId":"rx8pd9xe3cop7lf"}
{"type":"log","timestamp":1676307156053,"level":"debug","message":"Base url not specified, skipping its injection.","meta":{"rootId":"evcz9famakft6df","id":"evcz9famakft6df"},"id":"u9gqqubcx9vnslp","previousOperationId":"uvb2t98j0tbjxqs"}
{"type":"operationStart","subtype":"engine","name":"handlebars","timestamp":1676307156054,"id":"bdjfumumhgisb93","previousEventId":"whu3nowaj8h54ka","operationId":"su2tsnelu5lc2z9","previousOperationId":"uvb2t98j0tbjxqs"}
{"type":"log","timestamp":1676307156054,"level":"debug","message":"Rendering engine handlebars","meta":{"rootId":"evcz9famakft6df","id":"evcz9famakft6df"},"id":"aqg194hjdyc81ce","previousOperationId":"su2tsnelu5lc2z9"}
{"type":"operationEnd","operationId":"su2tsnelu5lc2z9","timestamp":1676307156073,"id":"5lbxcc3bro3isn9","previousEventId":"bdjfumumhgisb93","previousOperationId":"su2tsnelu5lc2z9"}
{"type":"operationStart","subtype":"recipe","name":"chrome-pdf","timestamp":1676307156073,"id":"jqi0y7ehnc0bnqg","previousEventId":"5lbxcc3bro3isn9","operationId":"1vltacw3zyxdgxk","previousOperationId":"su2tsnelu5lc2z9"}
{"type":"log","timestamp":1676307156073,"level":"debug","message":"Executing recipe chrome-pdf","meta":{"rootId":"evcz9famakft6df","id":"evcz9famakft6df"},"id":"jo82xagglceouie","previousOperationId":"1vltacw3zyxdgxk"}
{"type":"log","timestamp":1676307156082,"level":"debug","message":"Converting with chrome HeadlessChrome/105.0.5173.0 using chrome-pool strategy","meta":{"rootId":"evcz9famakft6df","id":"evcz9famakft6df"},"id":"qkvyqypvrfohaje","previousOperationId":"1vltacw3zyxdgxk"}
{"type":"log","timestamp":1676307156186,"level":"debug","message":"Page request: GET (document) file:///C:/Users/josei/AppData/Local/Temp/jsreport/autocleanup/b5a608d7-4a22-4199-bf97-fbae31083cc1-chrome-pdf.html","meta":{"rootId":"evcz9famakft6df","id":"evcz9famakft6df"},"id":"j6zjlf1ya5ky5km","previousOperationId":"1vltacw3zyxdgxk"}
{"type":"log","timestamp":1676307156210,"level":"debug","message":"Page request finished: GET (document) 200 file:///C:/Users/josei/AppData/Local/Temp/jsreport/autocleanup/b5a608d7-4a22-4199-bf97-fbae31083cc1-chrome-pdf.html","meta":{"rootId":"evcz9famakft6df","id":"evcz9famakft6df"},"id":"mrs35my5widedrf","previousOperationId":"1vltacw3zyxdgxk"}
{"type":"log","timestamp":1676307156210,"level":"debug","message":"Page request: GET (stylesheet) https://cdnjs.cloudflare.com/ajax/libs/metro/4.1.5/css/metro.min.css","meta":{"rootId":"evcz9famakft6df","id":"evcz9famakft6df"},"id":"f33y5bpy4soem2k","previousOperationId":"1vltacw3zyxdgxk"}
{"type":"log","timestamp":1676307156211,"level":"debug","message":"Page request: GET (script) https://cdn.jsdelivr.net/npm/chart.js","meta":{"rootId":"evcz9famakft6df","id":"evcz9famakft6df"},"id":"969pk2lg5wk6llu","previousOperationId":"1vltacw3zyxdgxk"}
{"type":"log","timestamp":1676307156242,"level":"debug","message":"Page request finished: GET (stylesheet) 200 https://cdnjs.cloudflare.com/ajax/libs/metro/4.1.5/css/metro.min.css","meta":{"rootId":"evcz9famakft6df","id":"evcz9famakft6df"},"id":"ghp65dqk3ppysdc","previousOperationId":"1vltacw3zyxdgxk"}
{"type":"log","timestamp":1676307156243,"level":"debug","message":"Page request finished: GET (script) 200 https://cdn.jsdelivr.net/npm/chart.js","meta":{"rootId":"evcz9famakft6df","id":"evcz9famakft6df"},"id":"crm7eigkymetaey","previousOperationId":"1vltacw3zyxdgxk"}
{"type":"log","timestamp":1676307156251,"level":"debug","message":"(console:error) Invalid scale configuration for scale: yAxes","meta":{"userLevel":true,"rootId":"evcz9famakft6df","id":"evcz9famakft6df"},"id":"5r95579qtqimlm6","previousOperationId":"1vltacw3zyxdgxk"}
{"type":"log","timestamp":1676307156364,"level":"debug","message":"Running chrome with params {\"printBackground\":true,\"timeout\":59765,\"margin\":{}}","meta":{"rootId":"evcz9famakft6df","id":"evcz9famakft6df"},"id":"wpzok0crg09hk7v","previousOperationId":"1vltacw3zyxdgxk"}
{"type":"operationEnd","operationId":"1vltacw3zyxdgxk","timestamp":1676307156449,"id":"uz728eg4qabwbs6","previousEventId":"jqi0y7ehnc0bnqg","previousOperationId":"1vltacw3zyxdgxk"}
{"type":"log","timestamp":1676307156449,"level":"debug","message":"Skipping storing report.","meta":{"rootId":"evcz9famakft6df","id":"evcz9famakft6df"},"id":"1lquop6kb0wmcjd","previousOperationId":"1vltacw3zyxdgxk"}
{"type":"log","timestamp":1676307156450,"level":"info","message":"Rendering request 99 finished in 610 ms","meta":{"rootId":"evcz9famakft6df","id":"evcz9famakft6df"},"id":"zh0dly6kas3gi6x","previousOperationId":"1vltacw3zyxdgxk"}
{"type":"operationEnd","subtype":"render","operationId":"rx8pd9xe3cop7lf","timestamp":1676307156450,"id":"dqfs844xbz1nhxa","previousEventId":"uz728eg4qabwbs6","previousOperationId":"1vltacw3zyxdgxk"}
{"type":"operationEnd","doDiffs":false,"previousEventId":"iw2tuspquhevyns","previousOperationId":"mfhqlfld6cwvb6s","operationId":"mfhqlfld6cwvb6s","timestamp":1676307156455,"id":"81h5neucqkkbqo1"}
