{"type":"operationStart","subtype":"profile","data":{"_id":"T6tHO9cXa1So8w8a","timestamp":"2023-02-13T15:57:30.460Z","state":"queued","mode":"standard","creationDate":"2023-02-13T15:57:30.465Z","modificationDate":"2023-02-13T15:57:30.465Z","shortid":"VKAgm43","$entitySet":"profiles"},"doDiffs":false,"timestamp":1676303850461,"id":"wj7z9ddi0ri77yg","previousOperationId":null,"operationId":"1193ylvkxayfa8d"}
{"type":"log","level":"info","message":"Render request 5 queued for execution and waiting for available worker","previousOperationId":"1193ylvkxayfa8d","timestamp":1676303850461,"id":"7c7e89vnlc5j8bi"}
{"type":"operationStart","subtype":"render","name":"prueba","previousOperationId":"1193ylvkxayfa8d","timestamp":1676303850476,"id":"0setj853ugtg3ah","previousEventId":"wj7z9ddi0ri77yg","operationId":"1n6b5bkniiwrmlg"}
{"type":"log","timestamp":1676303850476,"level":"info","message":"Starting rendering request 5","meta":{"rootId":"ezbn51q0akkwdpr","id":"ezbn51q0akkwdpr"},"id":"kna4pfc29353doh","previousOperationId":"1n6b5bkniiwrmlg"}
{"type":"log","timestamp":1676303850476,"level":"info","message":"Rendering template { name: prueba, recipe: chrome-pdf, engine: handlebars, preview: true }","meta":{"rootId":"ezbn51q0akkwdpr","id":"ezbn51q0akkwdpr"},"id":"b84amn8fs2dv8q5","previousOperationId":"1n6b5bkniiwrmlg"}
{"type":"log","timestamp":1676303850483,"level":"debug","message":"Data item not defined for this template.","meta":{"rootId":"ezbn51q0akkwdpr","id":"ezbn51q0akkwdpr"},"id":"5v821inf7n8pap9","previousOperationId":"1n6b5bkniiwrmlg"}
{"type":"log","timestamp":1676303850498,"level":"debug","message":"Executing script script (beforeRender)","meta":{"rootId":"ezbn51q0akkwdpr","id":"ezbn51q0akkwdpr"},"id":"t4w17x95mheenmo","previousOperationId":"1n6b5bkniiwrmlg"}
{"type":"operationStart","subtype":"scriptsBeforeRender","name":"scripts beforeRender","timestamp":1676303850533,"id":"9es5z24jgqla8ae","previousEventId":"0setj853ugtg3ah","operationId":"twytabbqddnjui8","previousOperationId":"1n6b5bkniiwrmlg"}
{"type":"operationStart","subtype":"script","name":"scripts script","previousOperationId":"twytabbqddnjui8","timestamp":1676303850533,"id":"rn818i0evkqcvly","previousEventId":"9es5z24jgqla8ae","operationId":"6di3ks0csxupifn"}
{"type":"operationEnd","operationId":"6di3ks0csxupifn","timestamp":1676303850761,"id":"yz8x8jge42tp3y1","previousEventId":"0setj853ugtg3ah","previousOperationId":"1n6b5bkniiwrmlg"}
{"type":"operationEnd","operationId":"twytabbqddnjui8","timestamp":1676303850761,"id":"xzec4mgaig6ml4n","previousEventId":"yz8x8jge42tp3y1","previousOperationId":"1n6b5bkniiwrmlg"}
{"type":"log","timestamp":1676303850761,"level":"debug","message":"Base url not specified, skipping its injection.","meta":{"rootId":"ezbn51q0akkwdpr","id":"ezbn51q0akkwdpr"},"id":"3szlkt0dgmrslep","previousOperationId":"twytabbqddnjui8"}
{"type":"operationStart","subtype":"engine","name":"handlebars","timestamp":1676303850761,"id":"dkh6bk0tek6bhj4","previousEventId":"xzec4mgaig6ml4n","operationId":"zrx47fw4xr04xsy","previousOperationId":"twytabbqddnjui8"}
{"type":"log","timestamp":1676303850761,"level":"debug","message":"Rendering engine handlebars","meta":{"rootId":"ezbn51q0akkwdpr","id":"ezbn51q0akkwdpr"},"id":"g5f7hzdqfn6v2oh","previousOperationId":"zrx47fw4xr04xsy"}
{"type":"operationEnd","operationId":"zrx47fw4xr04xsy","timestamp":1676303850776,"id":"ye1d0dvunuy4vr0","previousEventId":"dkh6bk0tek6bhj4","previousOperationId":"zrx47fw4xr04xsy"}
{"type":"operationStart","subtype":"recipe","name":"chrome-pdf","timestamp":1676303850776,"id":"gbd50eiglglflag","previousEventId":"ye1d0dvunuy4vr0","operationId":"llxiaaem8tmqxxv","previousOperationId":"zrx47fw4xr04xsy"}
{"type":"log","timestamp":1676303850776,"level":"debug","message":"Executing recipe chrome-pdf","meta":{"rootId":"ezbn51q0akkwdpr","id":"ezbn51q0akkwdpr"},"id":"qnswo97u83ygskv","previousOperationId":"llxiaaem8tmqxxv"}
{"type":"log","timestamp":1676303850778,"level":"debug","message":"Converting with chrome HeadlessChrome/105.0.5173.0 using chrome-pool strategy","meta":{"rootId":"ezbn51q0akkwdpr","id":"ezbn51q0akkwdpr"},"id":"rxsd0y3m8hur1p0","previousOperationId":"llxiaaem8tmqxxv"}
{"type":"log","timestamp":1676303850877,"level":"debug","message":"Page request: GET (document) file:///C:/Users/josei/AppData/Local/Temp/jsreport/autocleanup/335dfc0d-217b-441d-a94b-ab4d6e335e63-chrome-pdf.html","meta":{"rootId":"ezbn51q0akkwdpr","id":"ezbn51q0akkwdpr"},"id":"xqvzl2z68bo46ht","previousOperationId":"llxiaaem8tmqxxv"}
{"type":"log","timestamp":1676303850904,"level":"debug","message":"Page request finished: GET (document) 200 file:///C:/Users/josei/AppData/Local/Temp/jsreport/autocleanup/335dfc0d-217b-441d-a94b-ab4d6e335e63-chrome-pdf.html","meta":{"rootId":"ezbn51q0akkwdpr","id":"ezbn51q0akkwdpr"},"id":"8mkbdqxdj7nqjt5","previousOperationId":"llxiaaem8tmqxxv"}
{"type":"log","timestamp":1676303850905,"level":"debug","message":"Page request: GET (stylesheet) https://cdnjs.cloudflare.com/ajax/libs/metro/4.1.5/css/metro.min.css","meta":{"rootId":"ezbn51q0akkwdpr","id":"ezbn51q0akkwdpr"},"id":"v3mtwzlpaarxakx","previousOperationId":"llxiaaem8tmqxxv"}
{"type":"log","timestamp":1676303850906,"level":"debug","message":"Page request: GET (script) https://cdn.jsdelivr.net/npm/chart.js","meta":{"rootId":"ezbn51q0akkwdpr","id":"ezbn51q0akkwdpr"},"id":"2o76tpif3vv13m2","previousOperationId":"llxiaaem8tmqxxv"}
{"type":"log","timestamp":1676303850933,"level":"debug","message":"Page request finished: GET (stylesheet) 200 https://cdnjs.cloudflare.com/ajax/libs/metro/4.1.5/css/metro.min.css","meta":{"rootId":"ezbn51q0akkwdpr","id":"ezbn51q0akkwdpr"},"id":"obw6l9586y8kdls","previousOperationId":"llxiaaem8tmqxxv"}
{"type":"log","timestamp":1676303850934,"level":"debug","message":"Page request finished: GET (script) 200 https://cdn.jsdelivr.net/npm/chart.js","meta":{"rootId":"ezbn51q0akkwdpr","id":"ezbn51q0akkwdpr"},"id":"ek892ymbg0yv0ks","previousOperationId":"llxiaaem8tmqxxv"}
{"type":"log","timestamp":1676303850941,"level":"debug","message":"(console:error) Invalid scale configuration for scale: yAxes","meta":{"userLevel":true,"rootId":"ezbn51q0akkwdpr","id":"ezbn51q0akkwdpr"},"id":"291omlye5phrb24","previousOperationId":"llxiaaem8tmqxxv"}
{"type":"log","timestamp":1676303851037,"level":"debug","message":"Running chrome with params {\"printBackground\":true,\"timeout\":59683,\"margin\":{}}","meta":{"rootId":"ezbn51q0akkwdpr","id":"ezbn51q0akkwdpr"},"id":"1bmqgeaef2koiof","previousOperationId":"llxiaaem8tmqxxv"}
{"type":"operationEnd","operationId":"llxiaaem8tmqxxv","timestamp":1676303851113,"id":"kkoegxo1rkufv8v","previousEventId":"gbd50eiglglflag","previousOperationId":"llxiaaem8tmqxxv"}
{"type":"log","timestamp":1676303851113,"level":"debug","message":"Skipping storing report.","meta":{"rootId":"ezbn51q0akkwdpr","id":"ezbn51q0akkwdpr"},"id":"5gsw4l0slcw131b","previousOperationId":"llxiaaem8tmqxxv"}
{"type":"log","timestamp":1676303851113,"level":"info","message":"Rendering request 5 finished in 653 ms","meta":{"rootId":"ezbn51q0akkwdpr","id":"ezbn51q0akkwdpr"},"id":"w9xrdgfvcp0uhul","previousOperationId":"llxiaaem8tmqxxv"}
{"type":"operationEnd","subtype":"render","operationId":"1n6b5bkniiwrmlg","timestamp":1676303851113,"id":"dqto541o4bzsjwz","previousEventId":"kkoegxo1rkufv8v","previousOperationId":"llxiaaem8tmqxxv"}
{"type":"operationEnd","doDiffs":false,"previousEventId":"wj7z9ddi0ri77yg","previousOperationId":"1193ylvkxayfa8d","operationId":"1193ylvkxayfa8d","timestamp":1676303851118,"id":"ldcb5s90noaxbfx"}
