{"type":"operationStart","subtype":"profile","data":{"_id":"FVJ2yr1p8yfhHWwd","timestamp":"2023-02-13T16:32:57.142Z","state":"queued","mode":"standard","creationDate":"2023-02-13T16:32:57.144Z","modificationDate":"2023-02-13T16:32:57.144Z","shortid":"gEJ3IIx","$entitySet":"profiles"},"doDiffs":false,"timestamp":1676305977143,"id":"77nt6ajrq83ggd7","previousOperationId":null,"operationId":"1a9a2jyxup8a82u"}
{"type":"log","level":"info","message":"Render request 51 queued for execution and waiting for available worker","previousOperationId":"1a9a2jyxup8a82u","timestamp":1676305977143,"id":"5r05lby9ddyos2v"}
{"type":"operationStart","subtype":"render","name":"prueba","previousOperationId":"1a9a2jyxup8a82u","timestamp":1676305977152,"id":"pu4zojnlpp4bad2","previousEventId":"77nt6ajrq83ggd7","operationId":"xurir16j53sp1k7"}
{"type":"log","timestamp":1676305977152,"level":"info","message":"Starting rendering request 51","meta":{"rootId":"f3dhljc8nyjdwg3","id":"f3dhljc8nyjdwg3"},"id":"uxwgs4b374u0frk","previousOperationId":"xurir16j53sp1k7"}
{"type":"log","timestamp":1676305977152,"level":"info","message":"Rendering template { name: prueba, recipe: chrome-pdf, engine: handlebars, preview: true }","meta":{"rootId":"f3dhljc8nyjdwg3","id":"f3dhljc8nyjdwg3"},"id":"giays82k7jancqc","previousOperationId":"xurir16j53sp1k7"}
{"type":"log","timestamp":1676305977152,"level":"debug","message":"Data item not defined for this template.","meta":{"rootId":"f3dhljc8nyjdwg3","id":"f3dhljc8nyjdwg3"},"id":"9zn2j7j2el8mz43","previousOperationId":"xurir16j53sp1k7"}
{"type":"log","timestamp":1676305977155,"level":"debug","message":"Executing script script (beforeRender)","meta":{"rootId":"f3dhljc8nyjdwg3","id":"f3dhljc8nyjdwg3"},"id":"hgawktk28twtj4j","previousOperationId":"xurir16j53sp1k7"}
{"type":"operationStart","subtype":"scriptsBeforeRender","name":"scripts beforeRender","timestamp":1676305977175,"id":"1wyf08pvtwtnaps","previousEventId":"pu4zojnlpp4bad2","operationId":"ftzus7qgopcfpoz","previousOperationId":"xurir16j53sp1k7"}
{"type":"operationStart","subtype":"script","name":"scripts script","previousOperationId":"ftzus7qgopcfpoz","timestamp":1676305977175,"id":"azq1vs0a8hs820j","previousEventId":"1wyf08pvtwtnaps","operationId":"qh7gab2e3sk52q1"}
{"type":"operationEnd","operationId":"qh7gab2e3sk52q1","timestamp":1676305977331,"id":"bd174inf7hxci08","previousEventId":"pu4zojnlpp4bad2","previousOperationId":"xurir16j53sp1k7"}
{"type":"operationEnd","operationId":"ftzus7qgopcfpoz","timestamp":1676305977331,"id":"naddermt4bhw16j","previousEventId":"bd174inf7hxci08","previousOperationId":"xurir16j53sp1k7"}
{"type":"log","timestamp":1676305977331,"level":"debug","message":"Base url not specified, skipping its injection.","meta":{"rootId":"f3dhljc8nyjdwg3","id":"f3dhljc8nyjdwg3"},"id":"hbyamlsii476bh3","previousOperationId":"ftzus7qgopcfpoz"}
{"type":"operationStart","subtype":"engine","name":"handlebars","timestamp":1676305977331,"id":"6qx0hnvpuzngeq2","previousEventId":"naddermt4bhw16j","operationId":"wlpyrlnqi8jo2te","previousOperationId":"ftzus7qgopcfpoz"}
{"type":"log","timestamp":1676305977331,"level":"debug","message":"Rendering engine handlebars","meta":{"rootId":"f3dhljc8nyjdwg3","id":"f3dhljc8nyjdwg3"},"id":"40ftmn8ppq8oxfm","previousOperationId":"wlpyrlnqi8jo2te"}
{"type":"operationEnd","operationId":"wlpyrlnqi8jo2te","timestamp":1676305977344,"id":"hnajhad28kuvlsr","previousEventId":"6qx0hnvpuzngeq2","previousOperationId":"wlpyrlnqi8jo2te"}
{"type":"operationStart","subtype":"recipe","name":"chrome-pdf","timestamp":1676305977344,"id":"2g472urf0r9c3of","previousEventId":"hnajhad28kuvlsr","operationId":"nvj5lg5r3tqag0z","previousOperationId":"wlpyrlnqi8jo2te"}
{"type":"log","timestamp":1676305977344,"level":"debug","message":"Executing recipe chrome-pdf","meta":{"rootId":"f3dhljc8nyjdwg3","id":"f3dhljc8nyjdwg3"},"id":"vt7y4lcgryyqy05","previousOperationId":"nvj5lg5r3tqag0z"}
{"type":"log","timestamp":1676305977346,"level":"debug","message":"Converting with chrome HeadlessChrome/105.0.5173.0 using chrome-pool strategy","meta":{"rootId":"f3dhljc8nyjdwg3","id":"f3dhljc8nyjdwg3"},"id":"6ib6b2d8wglfbvs","previousOperationId":"nvj5lg5r3tqag0z"}
{"type":"log","timestamp":1676305977452,"level":"debug","message":"Page request: GET (document) file:///C:/Users/josei/AppData/Local/Temp/jsreport/autocleanup/68a21cab-cd2e-4545-a573-b8542e787da6-chrome-pdf.html","meta":{"rootId":"f3dhljc8nyjdwg3","id":"f3dhljc8nyjdwg3"},"id":"irnlop7ypdwtg6y","previousOperationId":"nvj5lg5r3tqag0z"}
{"type":"log","timestamp":1676305977472,"level":"debug","message":"Page request finished: GET (document) 200 file:///C:/Users/josei/AppData/Local/Temp/jsreport/autocleanup/68a21cab-cd2e-4545-a573-b8542e787da6-chrome-pdf.html","meta":{"rootId":"f3dhljc8nyjdwg3","id":"f3dhljc8nyjdwg3"},"id":"aqogi18fqrsxq3q","previousOperationId":"nvj5lg5r3tqag0z"}
{"type":"log","timestamp":1676305977472,"level":"debug","message":"Page request: GET (stylesheet) https://cdnjs.cloudflare.com/ajax/libs/metro/4.1.5/css/metro.min.css","meta":{"rootId":"f3dhljc8nyjdwg3","id":"f3dhljc8nyjdwg3"},"id":"lhdj7rrqhr9zrut","previousOperationId":"nvj5lg5r3tqag0z"}
{"type":"log","timestamp":1676305977472,"level":"debug","message":"Page request: GET (script) https://cdn.jsdelivr.net/npm/chart.js","meta":{"rootId":"f3dhljc8nyjdwg3","id":"f3dhljc8nyjdwg3"},"id":"jqfzj76t2fowio2","previousOperationId":"nvj5lg5r3tqag0z"}
{"type":"log","timestamp":1676305977480,"level":"debug","message":"Page request finished: GET (script) 200 https://cdn.jsdelivr.net/npm/chart.js","meta":{"rootId":"f3dhljc8nyjdwg3","id":"f3dhljc8nyjdwg3"},"id":"ekvwqj6rtbi3a8d","previousOperationId":"nvj5lg5r3tqag0z"}
{"type":"log","timestamp":1676305977497,"level":"debug","message":"Page request finished: GET (stylesheet) 200 https://cdnjs.cloudflare.com/ajax/libs/metro/4.1.5/css/metro.min.css","meta":{"rootId":"f3dhljc8nyjdwg3","id":"f3dhljc8nyjdwg3"},"id":"s4w66boqwjzi6ca","previousOperationId":"nvj5lg5r3tqag0z"}
{"type":"log","timestamp":1676305977503,"level":"warn","message":"Page error: ReferenceError: labels is not defined\n    at file:///C:/Users/josei/AppData/Local/Temp/jsreport/autocleanup/68a21cab-cd2e-4545-a573-b8542e787da6-chrome-pdf.html:118:17","meta":{"rootId":"f3dhljc8nyjdwg3","id":"f3dhljc8nyjdwg3"},"id":"e7hki7sx561383b","previousOperationId":"nvj5lg5r3tqag0z"}
{"type":"log","timestamp":1676305977533,"level":"debug","message":"Running chrome with params {\"printBackground\":true,\"timeout\":59797,\"margin\":{}}","meta":{"rootId":"f3dhljc8nyjdwg3","id":"f3dhljc8nyjdwg3"},"id":"nw6dch4b07osm4s","previousOperationId":"nvj5lg5r3tqag0z"}
{"type":"operationEnd","operationId":"nvj5lg5r3tqag0z","timestamp":1676305977640,"id":"6egqx4vsf218btp","previousEventId":"2g472urf0r9c3of","previousOperationId":"nvj5lg5r3tqag0z"}
{"type":"log","timestamp":1676305977640,"level":"debug","message":"Skipping storing report.","meta":{"rootId":"f3dhljc8nyjdwg3","id":"f3dhljc8nyjdwg3"},"id":"2t6powapwntflg3","previousOperationId":"nvj5lg5r3tqag0z"}
{"type":"log","timestamp":1676305977640,"level":"info","message":"Rendering request 51 finished in 498 ms","meta":{"rootId":"f3dhljc8nyjdwg3","id":"f3dhljc8nyjdwg3"},"id":"3ykbwbrl5xf7sra","previousOperationId":"nvj5lg5r3tqag0z"}
{"type":"operationEnd","subtype":"render","operationId":"xurir16j53sp1k7","timestamp":1676305977640,"id":"gr4f1a7wy3p3lce","previousEventId":"6egqx4vsf218btp","previousOperationId":"nvj5lg5r3tqag0z"}
{"type":"operationEnd","doDiffs":false,"previousEventId":"77nt6ajrq83ggd7","previousOperationId":"1a9a2jyxup8a82u","operationId":"1a9a2jyxup8a82u","timestamp":1676305977644,"id":"ytc14u1pdze5zkf"}
