{"type":"operationStart","subtype":"profile","data":{"_id":"Iokjr6c2hMaJc1t1","timestamp":"2023-02-13T16:08:20.155Z","state":"queued","mode":"standard","creationDate":"2023-02-13T16:08:20.158Z","modificationDate":"2023-02-13T16:08:20.158Z","shortid":"YNHTkZc","$entitySet":"profiles"},"doDiffs":false,"timestamp":1676304500157,"id":"44ixarr02ysfspp","previousOperationId":null,"operationId":"53lxrb643prcgvt"}
{"type":"log","level":"info","message":"Render request 22 queued for execution and waiting for available worker","previousOperationId":"53lxrb643prcgvt","timestamp":1676304500157,"id":"66p1bnd7t9f7zs8"}
{"type":"operationStart","subtype":"render","name":"prueba","previousOperationId":"53lxrb643prcgvt","timestamp":1676304500167,"id":"uoafuybj3cdavla","previousEventId":"44ixarr02ysfspp","operationId":"2irayb3710gowhm"}
{"type":"log","timestamp":1676304500167,"level":"info","message":"Starting rendering request 22","meta":{"rootId":"fgky1wpyrjiv4c7","id":"fgky1wpyrjiv4c7"},"id":"usebnuy9zmoxy5h","previousOperationId":"2irayb3710gowhm"}
{"type":"log","timestamp":1676304500167,"level":"info","message":"Rendering template { name: prueba, recipe: chrome-pdf, engine: handlebars, preview: true }","meta":{"rootId":"fgky1wpyrjiv4c7","id":"fgky1wpyrjiv4c7"},"id":"c50ucj2vfam4wfl","previousOperationId":"2irayb3710gowhm"}
{"type":"log","timestamp":1676304500168,"level":"debug","message":"Data item not defined for this template.","meta":{"rootId":"fgky1wpyrjiv4c7","id":"fgky1wpyrjiv4c7"},"id":"9lyqifobd2a2i60","previousOperationId":"2irayb3710gowhm"}
{"type":"log","timestamp":1676304500170,"level":"debug","message":"Executing script script (beforeRender)","meta":{"rootId":"fgky1wpyrjiv4c7","id":"fgky1wpyrjiv4c7"},"id":"9mlywx3lvbi6zhc","previousOperationId":"2irayb3710gowhm"}
{"type":"operationStart","subtype":"scriptsBeforeRender","name":"scripts beforeRender","timestamp":1676304500191,"id":"pjgduxxfbwls248","previousEventId":"uoafuybj3cdavla","operationId":"kz9tk4zu99s481n","previousOperationId":"2irayb3710gowhm"}
{"type":"operationStart","subtype":"script","name":"scripts script","previousOperationId":"kz9tk4zu99s481n","timestamp":1676304500191,"id":"vln08z4xbjgd0b6","previousEventId":"pjgduxxfbwls248","operationId":"e42nu480auz4a57"}
{"type":"operationEnd","operationId":"e42nu480auz4a57","timestamp":1676304500371,"id":"dvnax4o9dqjezht","previousEventId":"uoafuybj3cdavla","previousOperationId":"2irayb3710gowhm"}
{"type":"operationEnd","operationId":"kz9tk4zu99s481n","timestamp":1676304500371,"id":"dfnoqjwrzifszqe","previousEventId":"dvnax4o9dqjezht","previousOperationId":"2irayb3710gowhm"}
{"type":"log","timestamp":1676304500371,"level":"debug","message":"Base url not specified, skipping its injection.","meta":{"rootId":"fgky1wpyrjiv4c7","id":"fgky1wpyrjiv4c7"},"id":"45k57h06ixya100","previousOperationId":"kz9tk4zu99s481n"}
{"type":"operationStart","subtype":"engine","name":"handlebars","timestamp":1676304500371,"id":"ciw5eatr032csuj","previousEventId":"dfnoqjwrzifszqe","operationId":"5lec43nma8np74o","previousOperationId":"kz9tk4zu99s481n"}
{"type":"log","timestamp":1676304500371,"level":"debug","message":"Rendering engine handlebars","meta":{"rootId":"fgky1wpyrjiv4c7","id":"fgky1wpyrjiv4c7"},"id":"bp905wregzgua88","previousOperationId":"5lec43nma8np74o"}
{"type":"operationEnd","operationId":"5lec43nma8np74o","timestamp":1676304500396,"id":"cqi6zhrvw83beq3","previousEventId":"ciw5eatr032csuj","previousOperationId":"5lec43nma8np74o"}
{"type":"operationStart","subtype":"recipe","name":"chrome-pdf","timestamp":1676304500397,"id":"7shu4ha4awuep4n","previousEventId":"cqi6zhrvw83beq3","operationId":"t092zrkhcjqeph2","previousOperationId":"5lec43nma8np74o"}
{"type":"log","timestamp":1676304500397,"level":"debug","message":"Executing recipe chrome-pdf","meta":{"rootId":"fgky1wpyrjiv4c7","id":"fgky1wpyrjiv4c7"},"id":"rg30rwl5rqtcxxa","previousOperationId":"t092zrkhcjqeph2"}
{"type":"log","timestamp":1676304500399,"level":"debug","message":"Converting with chrome HeadlessChrome/105.0.5173.0 using chrome-pool strategy","meta":{"rootId":"fgky1wpyrjiv4c7","id":"fgky1wpyrjiv4c7"},"id":"9a5rurddqbgt352","previousOperationId":"t092zrkhcjqeph2"}
{"type":"log","timestamp":1676304500502,"level":"debug","message":"Page request: GET (document) file:///C:/Users/josei/AppData/Local/Temp/jsreport/autocleanup/37b8f4d6-9021-44f5-acf3-4f082732a13f-chrome-pdf.html","meta":{"rootId":"fgky1wpyrjiv4c7","id":"fgky1wpyrjiv4c7"},"id":"f5u3kjhylyx5iil","previousOperationId":"t092zrkhcjqeph2"}
{"type":"log","timestamp":1676304500524,"level":"debug","message":"Page request finished: GET (document) 200 file:///C:/Users/josei/AppData/Local/Temp/jsreport/autocleanup/37b8f4d6-9021-44f5-acf3-4f082732a13f-chrome-pdf.html","meta":{"rootId":"fgky1wpyrjiv4c7","id":"fgky1wpyrjiv4c7"},"id":"segtx355hj5xy2n","previousOperationId":"t092zrkhcjqeph2"}
{"type":"log","timestamp":1676304500525,"level":"debug","message":"Page request: GET (stylesheet) https://cdnjs.cloudflare.com/ajax/libs/metro/4.1.5/css/metro.min.css","meta":{"rootId":"fgky1wpyrjiv4c7","id":"fgky1wpyrjiv4c7"},"id":"0gyq2shucnj55qu","previousOperationId":"t092zrkhcjqeph2"}
{"type":"log","timestamp":1676304500525,"level":"debug","message":"Page request: GET (script) https://cdn.jsdelivr.net/npm/chart.js","meta":{"rootId":"fgky1wpyrjiv4c7","id":"fgky1wpyrjiv4c7"},"id":"m81022krony9htq","previousOperationId":"t092zrkhcjqeph2"}
{"type":"log","timestamp":1676304500552,"level":"debug","message":"Page request finished: GET (stylesheet) 200 https://cdnjs.cloudflare.com/ajax/libs/metro/4.1.5/css/metro.min.css","meta":{"rootId":"fgky1wpyrjiv4c7","id":"fgky1wpyrjiv4c7"},"id":"v5nrlpkbhxj0tex","previousOperationId":"t092zrkhcjqeph2"}
{"type":"log","timestamp":1676304500553,"level":"debug","message":"Page request finished: GET (script) 200 https://cdn.jsdelivr.net/npm/chart.js","meta":{"rootId":"fgky1wpyrjiv4c7","id":"fgky1wpyrjiv4c7"},"id":"tnon7qh6rdcpoad","previousOperationId":"t092zrkhcjqeph2"}
{"type":"log","timestamp":1676304500561,"level":"debug","message":"(console:error) Invalid scale configuration for scale: yAxes","meta":{"userLevel":true,"rootId":"fgky1wpyrjiv4c7","id":"fgky1wpyrjiv4c7"},"id":"et9dn1bexih6pg6","previousOperationId":"t092zrkhcjqeph2"}
{"type":"log","timestamp":1676304500661,"level":"debug","message":"Running chrome with params {\"printBackground\":true,\"timeout\":59757,\"margin\":{}}","meta":{"rootId":"fgky1wpyrjiv4c7","id":"fgky1wpyrjiv4c7"},"id":"q4pq6t2jntkaoiu","previousOperationId":"t092zrkhcjqeph2"}
{"type":"operationEnd","operationId":"t092zrkhcjqeph2","timestamp":1676304500745,"id":"ecqaamd23k8aa1h","previousEventId":"7shu4ha4awuep4n","previousOperationId":"t092zrkhcjqeph2"}
{"type":"log","timestamp":1676304500745,"level":"debug","message":"Skipping storing report.","meta":{"rootId":"fgky1wpyrjiv4c7","id":"fgky1wpyrjiv4c7"},"id":"hgec8na4xn9ma3z","previousOperationId":"t092zrkhcjqeph2"}
{"type":"log","timestamp":1676304500746,"level":"info","message":"Rendering request 22 finished in 591 ms","meta":{"rootId":"fgky1wpyrjiv4c7","id":"fgky1wpyrjiv4c7"},"id":"y1kmhrrkkc5teo3","previousOperationId":"t092zrkhcjqeph2"}
{"type":"operationEnd","subtype":"render","operationId":"2irayb3710gowhm","timestamp":1676304500746,"id":"qfpr5reik2cigsz","previousEventId":"ecqaamd23k8aa1h","previousOperationId":"t092zrkhcjqeph2"}
{"type":"operationEnd","doDiffs":false,"previousEventId":"44ixarr02ysfspp","previousOperationId":"53lxrb643prcgvt","operationId":"53lxrb643prcgvt","timestamp":1676304500749,"id":"bub3tgh8fi6gecf"}
