{"type":"operationStart","subtype":"profile","data":{"_id":"YTXlxgegzTvsisQH","timestamp":"2023-02-09T19:30:32.804Z","state":"queued","mode":"standard","creationDate":"2023-02-09T19:30:32.816Z","modificationDate":"2023-02-09T19:30:32.816Z","shortid":"HEP_f0n","$entitySet":"profiles"},"doDiffs":false,"timestamp":1675971032805,"id":"2fccmbk3uf82nk0","previousOperationId":null,"operationId":"4yl6nm0yeahv93x"}
{"type":"log","level":"info","message":"Render request 2 queued for execution and waiting for available worker","previousOperationId":"4yl6nm0yeahv93x","timestamp":1675971032805,"id":"20nhjsgh85itxtx"}
{"type":"operationStart","subtype":"render","name":"prueba","previousOperationId":"4yl6nm0yeahv93x","timestamp":1675971032841,"id":"i0p7g6s7103x4dt","previousEventId":"2fccmbk3uf82nk0","operationId":"kb6cvk5ydecnanh"}
{"type":"log","timestamp":1675971032841,"level":"info","message":"Starting rendering request 2","meta":{"rootId":"fxjen2p9i9q5ijl","id":"fxjen2p9i9q5ijl"},"id":"fdhjif0uklljmuu","previousOperationId":"kb6cvk5ydecnanh"}
{"type":"log","timestamp":1675971032842,"level":"info","message":"Rendering template { name: prueba, recipe: chrome-pdf, engine: handlebars, preview: true }","meta":{"rootId":"fxjen2p9i9q5ijl","id":"fxjen2p9i9q5ijl"},"id":"qrwbfd3twnz1pqh","previousOperationId":"kb6cvk5ydecnanh"}
{"type":"log","timestamp":1675971032843,"level":"debug","message":"Data item not defined for this template.","meta":{"rootId":"fxjen2p9i9q5ijl","id":"fxjen2p9i9q5ijl"},"id":"if5ybe78rhjqtv7","previousOperationId":"kb6cvk5ydecnanh"}
{"type":"log","timestamp":1675971032892,"level":"debug","message":"Executing script script (beforeRender)","meta":{"rootId":"fxjen2p9i9q5ijl","id":"fxjen2p9i9q5ijl"},"id":"agztd7yd4volcc3","previousOperationId":"kb6cvk5ydecnanh"}
{"type":"operationStart","subtype":"scriptsBeforeRender","name":"scripts beforeRender","timestamp":1675971032939,"id":"ch4muod64ijl9db","previousEventId":"i0p7g6s7103x4dt","operationId":"5v9vxw3mdu1e6iw","previousOperationId":"kb6cvk5ydecnanh"}
{"type":"operationStart","subtype":"script","name":"scripts script","previousOperationId":"5v9vxw3mdu1e6iw","timestamp":1675971032939,"id":"miwsu3czx362cus","previousEventId":"ch4muod64ijl9db","operationId":"5pxb0se8ru2hx74"}
{"type":"operationEnd","operationId":"5pxb0se8ru2hx74","timestamp":1675971033164,"id":"sd2zwleqc4za2ay","previousEventId":"i0p7g6s7103x4dt","previousOperationId":"kb6cvk5ydecnanh"}
{"type":"operationEnd","operationId":"5v9vxw3mdu1e6iw","timestamp":1675971033164,"id":"a1sq7id00n4uprc","previousEventId":"sd2zwleqc4za2ay","previousOperationId":"kb6cvk5ydecnanh"}
{"type":"log","timestamp":1675971033165,"level":"debug","message":"Base url not specified, skipping its injection.","meta":{"rootId":"fxjen2p9i9q5ijl","id":"fxjen2p9i9q5ijl"},"id":"1urxs8op7qt0cle","previousOperationId":"5v9vxw3mdu1e6iw"}
{"type":"operationStart","subtype":"engine","name":"handlebars","timestamp":1675971033165,"id":"miogfh5iv2twx61","previousEventId":"a1sq7id00n4uprc","operationId":"rd7z9qdtql26tua","previousOperationId":"5v9vxw3mdu1e6iw"}
{"type":"log","timestamp":1675971033165,"level":"debug","message":"Rendering engine handlebars","meta":{"rootId":"fxjen2p9i9q5ijl","id":"fxjen2p9i9q5ijl"},"id":"zbtzs8fno7kdl0s","previousOperationId":"rd7z9qdtql26tua"}
{"type":"operationEnd","operationId":"rd7z9qdtql26tua","timestamp":1675971033488,"id":"8l0kj440zovo70r","previousEventId":"miogfh5iv2twx61","previousOperationId":"rd7z9qdtql26tua"}
{"type":"operationStart","subtype":"recipe","name":"chrome-pdf","timestamp":1675971033489,"id":"qqqfxvv0przrnrh","previousEventId":"8l0kj440zovo70r","operationId":"3z7ppsgctixmil1","previousOperationId":"rd7z9qdtql26tua"}
{"type":"log","timestamp":1675971033489,"level":"debug","message":"Executing recipe chrome-pdf","meta":{"rootId":"fxjen2p9i9q5ijl","id":"fxjen2p9i9q5ijl"},"id":"bl7h8na6hdfy9g7","previousOperationId":"3z7ppsgctixmil1"}
{"type":"log","timestamp":1675971034355,"level":"debug","message":"Converting with chrome HeadlessChrome/105.0.5173.0 using chrome-pool strategy","meta":{"rootId":"fxjen2p9i9q5ijl","id":"fxjen2p9i9q5ijl"},"id":"ojg9md96zivoi78","previousOperationId":"3z7ppsgctixmil1"}
{"type":"log","timestamp":1675971034794,"level":"debug","message":"Page request: GET (document) file:///C:/Users/josei/AppData/Local/Temp/jsreport/autocleanup/5c7c6537-01ca-4261-9824-ffb293a9d870-chrome-pdf.html","meta":{"rootId":"fxjen2p9i9q5ijl","id":"fxjen2p9i9q5ijl"},"id":"j3pn79e9xxqdr62","previousOperationId":"3z7ppsgctixmil1"}
{"type":"log","timestamp":1675971034811,"level":"debug","message":"Page request finished: GET (document) 200 file:///C:/Users/josei/AppData/Local/Temp/jsreport/autocleanup/5c7c6537-01ca-4261-9824-ffb293a9d870-chrome-pdf.html","meta":{"rootId":"fxjen2p9i9q5ijl","id":"fxjen2p9i9q5ijl"},"id":"3vbtfvob7op3qqz","previousOperationId":"3z7ppsgctixmil1"}
{"type":"log","timestamp":1675971034812,"level":"debug","message":"Page request: GET (stylesheet) https://cdnjs.cloudflare.com/ajax/libs/metro/4.1.5/css/metro.min.css","meta":{"rootId":"fxjen2p9i9q5ijl","id":"fxjen2p9i9q5ijl"},"id":"f6lrhu508kwxzw0","previousOperationId":"3z7ppsgctixmil1"}
{"type":"log","timestamp":1675971034813,"level":"debug","message":"Page request: GET (script) https://cdn.jsdelivr.net/npm/chart.js","meta":{"rootId":"fxjen2p9i9q5ijl","id":"fxjen2p9i9q5ijl"},"id":"ow8q0btiwsfzlce","previousOperationId":"3z7ppsgctixmil1"}
{"type":"log","timestamp":1675971037330,"level":"debug","message":"Page request finished: GET (stylesheet) 200 https://cdnjs.cloudflare.com/ajax/libs/metro/4.1.5/css/metro.min.css","meta":{"rootId":"fxjen2p9i9q5ijl","id":"fxjen2p9i9q5ijl"},"id":"cn5l9b9u0ghce84","previousOperationId":"3z7ppsgctixmil1"}
{"type":"log","timestamp":1675971037330,"level":"debug","message":"Page request finished: GET (script) 200 https://cdn.jsdelivr.net/npm/chart.js","meta":{"rootId":"fxjen2p9i9q5ijl","id":"fxjen2p9i9q5ijl"},"id":"rrwy4ax8kurmncg","previousOperationId":"3z7ppsgctixmil1"}
{"type":"log","timestamp":1675971037366,"level":"debug","message":"Running chrome with params {\"printBackground\":true,\"timeout\":59162,\"margin\":{}}","meta":{"rootId":"fxjen2p9i9q5ijl","id":"fxjen2p9i9q5ijl"},"id":"598vk6j9l9j49dy","previousOperationId":"3z7ppsgctixmil1"}
{"type":"operationEnd","operationId":"3z7ppsgctixmil1","timestamp":1675971037437,"id":"zy8xv2rnroakugt","previousEventId":"qqqfxvv0przrnrh","previousOperationId":"3z7ppsgctixmil1"}
{"type":"log","timestamp":1675971037438,"level":"debug","message":"Skipping storing report.","meta":{"rootId":"fxjen2p9i9q5ijl","id":"fxjen2p9i9q5ijl"},"id":"rbox5kty4y3vd0d","previousOperationId":"3z7ppsgctixmil1"}
{"type":"log","timestamp":1675971037439,"level":"info","message":"Rendering request 2 finished in 4635 ms","meta":{"rootId":"fxjen2p9i9q5ijl","id":"fxjen2p9i9q5ijl"},"id":"9sp99d0nx1zbjyw","previousOperationId":"3z7ppsgctixmil1"}
{"type":"operationEnd","subtype":"render","operationId":"kb6cvk5ydecnanh","timestamp":1675971037439,"id":"3bvcozh97j5mgxi","previousEventId":"zy8xv2rnroakugt","previousOperationId":"3z7ppsgctixmil1"}
{"type":"operationEnd","doDiffs":false,"previousEventId":"2fccmbk3uf82nk0","previousOperationId":"4yl6nm0yeahv93x","operationId":"4yl6nm0yeahv93x","timestamp":1675971037447,"id":"crq9fd496ozefos"}
