{"type":"operationStart","subtype":"profile","data":{"_id":"tZCG5nKfE5F3xmbc","timestamp":"2023-02-13T16:05:31.301Z","state":"queued","mode":"standard","creationDate":"2023-02-13T16:05:31.302Z","modificationDate":"2023-02-13T16:05:31.302Z","shortid":"nocZYZj","$entitySet":"profiles"},"doDiffs":false,"timestamp":1676304331302,"id":"7kn5tnk8w06if6k","previousOperationId":null,"operationId":"yp2b9cj3dsgsp0x"}
{"type":"log","level":"info","message":"Render request 13 queued for execution and waiting for available worker","previousOperationId":"yp2b9cj3dsgsp0x","timestamp":1676304331302,"id":"intu0twnj805vjb"}
{"type":"operationStart","subtype":"render","name":"prueba","previousOperationId":"yp2b9cj3dsgsp0x","timestamp":1676304331310,"id":"bhnj8gr0hej4owx","previousEventId":"7kn5tnk8w06if6k","operationId":"scbhmj5lxw8zfm8"}
{"type":"log","timestamp":1676304331310,"level":"info","message":"Starting rendering request 13","meta":{"rootId":"gq4p3br1mbtq6pj","id":"gq4p3br1mbtq6pj"},"id":"3trhz2ayod13p0j","previousOperationId":"scbhmj5lxw8zfm8"}
{"type":"log","timestamp":1676304331310,"level":"info","message":"Rendering template { name: prueba, recipe: chrome-pdf, engine: handlebars, preview: true }","meta":{"rootId":"gq4p3br1mbtq6pj","id":"gq4p3br1mbtq6pj"},"id":"6oh5l0y3regna81","previousOperationId":"scbhmj5lxw8zfm8"}
{"type":"log","timestamp":1676304331311,"level":"debug","message":"Data item not defined for this template.","meta":{"rootId":"gq4p3br1mbtq6pj","id":"gq4p3br1mbtq6pj"},"id":"ubushcqkx8i8b3p","previousOperationId":"scbhmj5lxw8zfm8"}
{"type":"log","timestamp":1676304331313,"level":"debug","message":"Executing script script (beforeRender)","meta":{"rootId":"gq4p3br1mbtq6pj","id":"gq4p3br1mbtq6pj"},"id":"nlnddi9xtgpaohx","previousOperationId":"scbhmj5lxw8zfm8"}
{"type":"operationStart","subtype":"scriptsBeforeRender","name":"scripts beforeRender","timestamp":1676304331335,"id":"anav85q7ulcqr94","previousEventId":"bhnj8gr0hej4owx","operationId":"0ltqmqwo9g3xw3e","previousOperationId":"scbhmj5lxw8zfm8"}
{"type":"operationStart","subtype":"script","name":"scripts script","previousOperationId":"0ltqmqwo9g3xw3e","timestamp":1676304331335,"id":"g2khj8l34mrio6r","previousEventId":"anav85q7ulcqr94","operationId":"xdskpy47f68ev80"}
{"type":"operationEnd","operationId":"xdskpy47f68ev80","timestamp":1676304331488,"id":"5g2d1q3w3u1edla","previousEventId":"bhnj8gr0hej4owx","previousOperationId":"scbhmj5lxw8zfm8"}
{"type":"operationEnd","operationId":"0ltqmqwo9g3xw3e","timestamp":1676304331489,"id":"tjnbubmvszajo0c","previousEventId":"5g2d1q3w3u1edla","previousOperationId":"scbhmj5lxw8zfm8"}
{"type":"log","timestamp":1676304331489,"level":"debug","message":"Base url not specified, skipping its injection.","meta":{"rootId":"gq4p3br1mbtq6pj","id":"gq4p3br1mbtq6pj"},"id":"v1um5sn9q3tvi5h","previousOperationId":"0ltqmqwo9g3xw3e"}
{"type":"operationStart","subtype":"engine","name":"handlebars","timestamp":1676304331489,"id":"fe33xs3iccg82nw","previousEventId":"tjnbubmvszajo0c","operationId":"aqzy2s41tr3by9l","previousOperationId":"0ltqmqwo9g3xw3e"}
{"type":"log","timestamp":1676304331489,"level":"debug","message":"Rendering engine handlebars","meta":{"rootId":"gq4p3br1mbtq6pj","id":"gq4p3br1mbtq6pj"},"id":"oqh0koz4751rct9","previousOperationId":"aqzy2s41tr3by9l"}
{"type":"operationEnd","operationId":"aqzy2s41tr3by9l","timestamp":1676304331500,"id":"68ayjpu9cmohc6p","previousEventId":"fe33xs3iccg82nw","previousOperationId":"aqzy2s41tr3by9l"}
{"type":"operationStart","subtype":"recipe","name":"chrome-pdf","timestamp":1676304331500,"id":"xenlzt5sy0r31ns","previousEventId":"68ayjpu9cmohc6p","operationId":"qiq09yxssrygyuu","previousOperationId":"aqzy2s41tr3by9l"}
{"type":"log","timestamp":1676304331500,"level":"debug","message":"Executing recipe chrome-pdf","meta":{"rootId":"gq4p3br1mbtq6pj","id":"gq4p3br1mbtq6pj"},"id":"xfw9pk8ew84mqpd","previousOperationId":"qiq09yxssrygyuu"}
{"type":"log","timestamp":1676304331508,"level":"debug","message":"Converting with chrome HeadlessChrome/105.0.5173.0 using chrome-pool strategy","meta":{"rootId":"gq4p3br1mbtq6pj","id":"gq4p3br1mbtq6pj"},"id":"wdac5glo37hhn6o","previousOperationId":"qiq09yxssrygyuu"}
{"type":"log","timestamp":1676304331631,"level":"debug","message":"Page request: GET (document) file:///C:/Users/josei/AppData/Local/Temp/jsreport/autocleanup/c9979c72-f2d1-4e81-86fb-48de092ea9af-chrome-pdf.html","meta":{"rootId":"gq4p3br1mbtq6pj","id":"gq4p3br1mbtq6pj"},"id":"fl4r14k7rr3hxlr","previousOperationId":"qiq09yxssrygyuu"}
{"type":"log","timestamp":1676304331642,"level":"debug","message":"Page request finished: GET (document) 200 file:///C:/Users/josei/AppData/Local/Temp/jsreport/autocleanup/c9979c72-f2d1-4e81-86fb-48de092ea9af-chrome-pdf.html","meta":{"rootId":"gq4p3br1mbtq6pj","id":"gq4p3br1mbtq6pj"},"id":"bo75o0k0ieojv6n","previousOperationId":"qiq09yxssrygyuu"}
{"type":"log","timestamp":1676304331643,"level":"debug","message":"Page request: GET (stylesheet) https://cdnjs.cloudflare.com/ajax/libs/metro/4.1.5/css/metro.min.css","meta":{"rootId":"gq4p3br1mbtq6pj","id":"gq4p3br1mbtq6pj"},"id":"pr7kg6ikdbicigj","previousOperationId":"qiq09yxssrygyuu"}
{"type":"log","timestamp":1676304331643,"level":"debug","message":"Page request: GET (script) https://cdn.jsdelivr.net/npm/chart.js","meta":{"rootId":"gq4p3br1mbtq6pj","id":"gq4p3br1mbtq6pj"},"id":"rstagk7yuy6zo0g","previousOperationId":"qiq09yxssrygyuu"}
{"type":"log","timestamp":1676304331653,"level":"debug","message":"Page request finished: GET (script) 200 https://cdn.jsdelivr.net/npm/chart.js","meta":{"rootId":"gq4p3br1mbtq6pj","id":"gq4p3br1mbtq6pj"},"id":"d3cz4lnpi2a6koh","previousOperationId":"qiq09yxssrygyuu"}
{"type":"log","timestamp":1676304331671,"level":"debug","message":"Page request finished: GET (stylesheet) 200 https://cdnjs.cloudflare.com/ajax/libs/metro/4.1.5/css/metro.min.css","meta":{"rootId":"gq4p3br1mbtq6pj","id":"gq4p3br1mbtq6pj"},"id":"q29j5d6gz2m5nuo","previousOperationId":"qiq09yxssrygyuu"}
{"type":"log","timestamp":1676304331678,"level":"debug","message":"(console:error) Invalid scale configuration for scale: yAxes","meta":{"userLevel":true,"rootId":"gq4p3br1mbtq6pj","id":"gq4p3br1mbtq6pj"},"id":"nx5k0xxms2vh9z3","previousOperationId":"qiq09yxssrygyuu"}
{"type":"log","timestamp":1676304331789,"level":"debug","message":"Running chrome with params {\"printBackground\":true,\"timeout\":59799,\"margin\":{}}","meta":{"rootId":"gq4p3br1mbtq6pj","id":"gq4p3br1mbtq6pj"},"id":"9gr0aai47q4p1xe","previousOperationId":"qiq09yxssrygyuu"}
{"type":"operationEnd","operationId":"qiq09yxssrygyuu","timestamp":1676304331866,"id":"73qe8n5pso7ljiq","previousEventId":"xenlzt5sy0r31ns","previousOperationId":"qiq09yxssrygyuu"}
{"type":"log","timestamp":1676304331867,"level":"debug","message":"Skipping storing report.","meta":{"rootId":"gq4p3br1mbtq6pj","id":"gq4p3br1mbtq6pj"},"id":"kxufrg9wg01mm1b","previousOperationId":"qiq09yxssrygyuu"}
{"type":"log","timestamp":1676304331867,"level":"info","message":"Rendering request 13 finished in 566 ms","meta":{"rootId":"gq4p3br1mbtq6pj","id":"gq4p3br1mbtq6pj"},"id":"su49yqrt1xo4pkl","previousOperationId":"qiq09yxssrygyuu"}
{"type":"operationEnd","subtype":"render","operationId":"scbhmj5lxw8zfm8","timestamp":1676304331867,"id":"ooef46ydjlvbzra","previousEventId":"73qe8n5pso7ljiq","previousOperationId":"qiq09yxssrygyuu"}
{"type":"operationEnd","doDiffs":false,"previousEventId":"7kn5tnk8w06if6k","previousOperationId":"yp2b9cj3dsgsp0x","operationId":"yp2b9cj3dsgsp0x","timestamp":1676304331871,"id":"08c79zcsvkmor42"}
