{"type":"operationStart","subtype":"profile","data":{"_id":"GJXVRHiz0tQaYM7O","timestamp":"2023-02-13T16:48:32.770Z","state":"queued","mode":"standard","creationDate":"2023-02-13T16:48:32.772Z","modificationDate":"2023-02-13T16:48:32.772Z","shortid":"gGN0Np1","$entitySet":"profiles"},"doDiffs":false,"timestamp":1676306912771,"id":"f21pxzmgcifkcnb","previousOperationId":null,"operationId":"kssblypchxrq0gy"}
{"type":"log","level":"info","message":"Render request 90 queued for execution and waiting for available worker","previousOperationId":"kssblypchxrq0gy","timestamp":1676306912771,"id":"vrz9695zhnlz6hr"}
{"type":"operationStart","subtype":"render","name":"prueba","previousOperationId":"kssblypchxrq0gy","timestamp":1676306912784,"id":"tepjatff6la41qr","previousEventId":"f21pxzmgcifkcnb","operationId":"j5m0wia9a31j7xp"}
{"type":"log","timestamp":1676306912784,"level":"info","message":"Starting rendering request 90","meta":{"rootId":"gsbv70tlqx2fia2","id":"gsbv70tlqx2fia2"},"id":"my7ieexs2cj623z","previousOperationId":"j5m0wia9a31j7xp"}
{"type":"log","timestamp":1676306912785,"level":"info","message":"Rendering template { name: prueba, recipe: chrome-pdf, engine: handlebars, preview: true }","meta":{"rootId":"gsbv70tlqx2fia2","id":"gsbv70tlqx2fia2"},"id":"a7r2mi4hv8pq0de","previousOperationId":"j5m0wia9a31j7xp"}
{"type":"log","timestamp":1676306912785,"level":"debug","message":"Data item not defined for this template.","meta":{"rootId":"gsbv70tlqx2fia2","id":"gsbv70tlqx2fia2"},"id":"aarjswgykkgk3ie","previousOperationId":"j5m0wia9a31j7xp"}
{"type":"log","timestamp":1676306912787,"level":"debug","message":"Executing script script (beforeRender)","meta":{"rootId":"gsbv70tlqx2fia2","id":"gsbv70tlqx2fia2"},"id":"vgi4if362i9mc3f","previousOperationId":"j5m0wia9a31j7xp"}
{"type":"operationStart","subtype":"scriptsBeforeRender","name":"scripts beforeRender","timestamp":1676306912806,"id":"yxz91unxp7zfbkl","previousEventId":"tepjatff6la41qr","operationId":"cax7sf7gdecxe4q","previousOperationId":"j5m0wia9a31j7xp"}
{"type":"operationStart","subtype":"script","name":"scripts script","previousOperationId":"cax7sf7gdecxe4q","timestamp":1676306912806,"id":"bvg0m7pd0q76bww","previousEventId":"yxz91unxp7zfbkl","operationId":"10n2oe866qwk90c"}
{"type":"operationEnd","operationId":"10n2oe866qwk90c","timestamp":1676306912974,"id":"vsc59z7sfrwlprd","previousEventId":"tepjatff6la41qr","previousOperationId":"j5m0wia9a31j7xp"}
{"type":"operationEnd","operationId":"cax7sf7gdecxe4q","timestamp":1676306912974,"id":"t2sfbh76jjd5wfi","previousEventId":"vsc59z7sfrwlprd","previousOperationId":"j5m0wia9a31j7xp"}
{"type":"log","timestamp":1676306912974,"level":"debug","message":"Base url not specified, skipping its injection.","meta":{"rootId":"gsbv70tlqx2fia2","id":"gsbv70tlqx2fia2"},"id":"fkt68v4gllgas21","previousOperationId":"cax7sf7gdecxe4q"}
{"type":"operationStart","subtype":"engine","name":"handlebars","timestamp":1676306912974,"id":"478x1ngrjnirwrd","previousEventId":"t2sfbh76jjd5wfi","operationId":"qx5z9l7qu8yjkd9","previousOperationId":"cax7sf7gdecxe4q"}
{"type":"log","timestamp":1676306912974,"level":"debug","message":"Rendering engine handlebars","meta":{"rootId":"gsbv70tlqx2fia2","id":"gsbv70tlqx2fia2"},"id":"ixyvzlr8ha6vfjl","previousOperationId":"qx5z9l7qu8yjkd9"}
{"type":"operationEnd","operationId":"qx5z9l7qu8yjkd9","timestamp":1676306912986,"id":"11qg47mv7y3m0dv","previousEventId":"478x1ngrjnirwrd","previousOperationId":"qx5z9l7qu8yjkd9"}
{"type":"operationStart","subtype":"recipe","name":"chrome-pdf","timestamp":1676306912987,"id":"t4wzuitz4xihnmj","previousEventId":"11qg47mv7y3m0dv","operationId":"m7nae0sttrqq36c","previousOperationId":"qx5z9l7qu8yjkd9"}
{"type":"log","timestamp":1676306912987,"level":"debug","message":"Executing recipe chrome-pdf","meta":{"rootId":"gsbv70tlqx2fia2","id":"gsbv70tlqx2fia2"},"id":"qsej5bnewjfzba2","previousOperationId":"m7nae0sttrqq36c"}
{"type":"log","timestamp":1676306912989,"level":"debug","message":"Converting with chrome HeadlessChrome/105.0.5173.0 using chrome-pool strategy","meta":{"rootId":"gsbv70tlqx2fia2","id":"gsbv70tlqx2fia2"},"id":"68sg174w15tswyb","previousOperationId":"m7nae0sttrqq36c"}
{"type":"log","timestamp":1676306913086,"level":"debug","message":"Page request: GET (document) file:///C:/Users/josei/AppData/Local/Temp/jsreport/autocleanup/aeaa9045-3647-483e-b25d-014c79bce625-chrome-pdf.html","meta":{"rootId":"gsbv70tlqx2fia2","id":"gsbv70tlqx2fia2"},"id":"k0tfhgemhu988m1","previousOperationId":"m7nae0sttrqq36c"}
{"type":"log","timestamp":1676306913106,"level":"debug","message":"Page request finished: GET (document) 200 file:///C:/Users/josei/AppData/Local/Temp/jsreport/autocleanup/aeaa9045-3647-483e-b25d-014c79bce625-chrome-pdf.html","meta":{"rootId":"gsbv70tlqx2fia2","id":"gsbv70tlqx2fia2"},"id":"ddztbc53q67ikyd","previousOperationId":"m7nae0sttrqq36c"}
{"type":"log","timestamp":1676306913107,"level":"debug","message":"Page request: GET (stylesheet) https://cdnjs.cloudflare.com/ajax/libs/metro/4.1.5/css/metro.min.css","meta":{"rootId":"gsbv70tlqx2fia2","id":"gsbv70tlqx2fia2"},"id":"lqkmc7yabg1udop","previousOperationId":"m7nae0sttrqq36c"}
{"type":"log","timestamp":1676306913108,"level":"debug","message":"Page request: GET (script) https://cdn.jsdelivr.net/npm/chart.js","meta":{"rootId":"gsbv70tlqx2fia2","id":"gsbv70tlqx2fia2"},"id":"rf3y48v18mz85yt","previousOperationId":"m7nae0sttrqq36c"}
{"type":"log","timestamp":1676306913116,"level":"debug","message":"Page request finished: GET (script) 200 https://cdn.jsdelivr.net/npm/chart.js","meta":{"rootId":"gsbv70tlqx2fia2","id":"gsbv70tlqx2fia2"},"id":"lwc28sztk7q5evc","previousOperationId":"m7nae0sttrqq36c"}
{"type":"log","timestamp":1676306913134,"level":"debug","message":"Page request finished: GET (stylesheet) 200 https://cdnjs.cloudflare.com/ajax/libs/metro/4.1.5/css/metro.min.css","meta":{"rootId":"gsbv70tlqx2fia2","id":"gsbv70tlqx2fia2"},"id":"5kl54z3kzzv2z18","previousOperationId":"m7nae0sttrqq36c"}
{"type":"log","timestamp":1676306913141,"level":"debug","message":"(console:error) Invalid scale configuration for scale: yAxes","meta":{"userLevel":true,"rootId":"gsbv70tlqx2fia2","id":"gsbv70tlqx2fia2"},"id":"csxqg6t2ud53qsn","previousOperationId":"m7nae0sttrqq36c"}
{"type":"log","timestamp":1676306913248,"level":"debug","message":"Running chrome with params {\"printBackground\":true,\"timeout\":59782,\"margin\":{}}","meta":{"rootId":"gsbv70tlqx2fia2","id":"gsbv70tlqx2fia2"},"id":"iqa4dqkbkz3skcq","previousOperationId":"m7nae0sttrqq36c"}
{"type":"operationEnd","operationId":"m7nae0sttrqq36c","timestamp":1676306913337,"id":"qqwatavadw198nf","previousEventId":"t4wzuitz4xihnmj","previousOperationId":"m7nae0sttrqq36c"}
{"type":"log","timestamp":1676306913337,"level":"debug","message":"Skipping storing report.","meta":{"rootId":"gsbv70tlqx2fia2","id":"gsbv70tlqx2fia2"},"id":"ycnf691p7v8f17i","previousOperationId":"m7nae0sttrqq36c"}
{"type":"log","timestamp":1676306913338,"level":"info","message":"Rendering request 90 finished in 568 ms","meta":{"rootId":"gsbv70tlqx2fia2","id":"gsbv70tlqx2fia2"},"id":"gzszk3q031v657m","previousOperationId":"m7nae0sttrqq36c"}
{"type":"operationEnd","subtype":"render","operationId":"j5m0wia9a31j7xp","timestamp":1676306913338,"id":"2xsnsivj4jod0tl","previousEventId":"qqwatavadw198nf","previousOperationId":"m7nae0sttrqq36c"}
{"type":"operationEnd","doDiffs":false,"previousEventId":"f21pxzmgcifkcnb","previousOperationId":"kssblypchxrq0gy","operationId":"kssblypchxrq0gy","timestamp":1676306913342,"id":"omt1mb7xtrxatf1"}
