{"type":"operationStart","subtype":"profile","data":{"_id":"o19WxCWNYgfsZ54f","timestamp":"2023-02-13T16:34:20.343Z","state":"queued","mode":"standard","creationDate":"2023-02-13T16:34:20.346Z","modificationDate":"2023-02-13T16:34:20.346Z","shortid":"uVT25DF","$entitySet":"profiles"},"doDiffs":false,"timestamp":1676306060344,"id":"adsdc7qqm8af888","previousOperationId":null,"operationId":"pk4gw4bldjr201y"}
{"type":"log","level":"info","message":"Render request 57 queued for execution and waiting for available worker","previousOperationId":"pk4gw4bldjr201y","timestamp":1676306060344,"id":"tbv7i435pntidju"}
{"type":"operationStart","subtype":"render","name":"prueba","previousOperationId":"pk4gw4bldjr201y","timestamp":1676306060354,"id":"jf91dte9klbc690","previousEventId":"adsdc7qqm8af888","operationId":"idetl9l6zbhlpyu"}
{"type":"log","timestamp":1676306060354,"level":"info","message":"Starting rendering request 57","meta":{"rootId":"guz9ncsi6ejcudx","id":"guz9ncsi6ejcudx"},"id":"5fzn35nlklgpmxg","previousOperationId":"idetl9l6zbhlpyu"}
{"type":"log","timestamp":1676306060355,"level":"info","message":"Rendering template { name: prueba, recipe: chrome-pdf, engine: handlebars, preview: true }","meta":{"rootId":"guz9ncsi6ejcudx","id":"guz9ncsi6ejcudx"},"id":"cqtv1u3iywi9kkh","previousOperationId":"idetl9l6zbhlpyu"}
{"type":"log","timestamp":1676306060355,"level":"debug","message":"Data item not defined for this template.","meta":{"rootId":"guz9ncsi6ejcudx","id":"guz9ncsi6ejcudx"},"id":"x9rpsy4a1ibbku6","previousOperationId":"idetl9l6zbhlpyu"}
{"type":"log","timestamp":1676306060358,"level":"debug","message":"Executing script script (beforeRender)","meta":{"rootId":"guz9ncsi6ejcudx","id":"guz9ncsi6ejcudx"},"id":"1kj04j3kjrfrftq","previousOperationId":"idetl9l6zbhlpyu"}
{"type":"operationStart","subtype":"scriptsBeforeRender","name":"scripts beforeRender","timestamp":1676306060376,"id":"5whcwdk90bokyro","previousEventId":"jf91dte9klbc690","operationId":"ht7vkn5gbgffast","previousOperationId":"idetl9l6zbhlpyu"}
{"type":"operationStart","subtype":"script","name":"scripts script","previousOperationId":"ht7vkn5gbgffast","timestamp":1676306060376,"id":"d1nc2l93wa9j53e","previousEventId":"5whcwdk90bokyro","operationId":"pdee8c6elfelpcd"}
{"type":"operationEnd","operationId":"pdee8c6elfelpcd","timestamp":1676306060526,"id":"vbnbzr62dwznam3","previousEventId":"jf91dte9klbc690","previousOperationId":"idetl9l6zbhlpyu"}
{"type":"operationEnd","operationId":"ht7vkn5gbgffast","timestamp":1676306060526,"id":"lsuf0l0f1rxfffe","previousEventId":"vbnbzr62dwznam3","previousOperationId":"idetl9l6zbhlpyu"}
{"type":"log","timestamp":1676306060526,"level":"debug","message":"Base url not specified, skipping its injection.","meta":{"rootId":"guz9ncsi6ejcudx","id":"guz9ncsi6ejcudx"},"id":"g8pkn3nqj2p5cs4","previousOperationId":"ht7vkn5gbgffast"}
{"type":"operationStart","subtype":"engine","name":"handlebars","timestamp":1676306060527,"id":"m3gczpp7q2fj8d8","previousEventId":"lsuf0l0f1rxfffe","operationId":"q2w8ogi4tu401u9","previousOperationId":"ht7vkn5gbgffast"}
{"type":"log","timestamp":1676306060527,"level":"debug","message":"Rendering engine handlebars","meta":{"rootId":"guz9ncsi6ejcudx","id":"guz9ncsi6ejcudx"},"id":"q4xbejefocy9h7p","previousOperationId":"q2w8ogi4tu401u9"}
{"type":"operationEnd","operationId":"q2w8ogi4tu401u9","timestamp":1676306060539,"id":"hh80sxc89dok6nw","previousEventId":"m3gczpp7q2fj8d8","previousOperationId":"q2w8ogi4tu401u9"}
{"type":"operationStart","subtype":"recipe","name":"chrome-pdf","timestamp":1676306060539,"id":"za78zw86nok63yw","previousEventId":"hh80sxc89dok6nw","operationId":"pq3ma05s94cdd26","previousOperationId":"q2w8ogi4tu401u9"}
{"type":"log","timestamp":1676306060539,"level":"debug","message":"Executing recipe chrome-pdf","meta":{"rootId":"guz9ncsi6ejcudx","id":"guz9ncsi6ejcudx"},"id":"7un9vlz6zrgo2tt","previousOperationId":"pq3ma05s94cdd26"}
{"type":"log","timestamp":1676306060542,"level":"debug","message":"Converting with chrome HeadlessChrome/105.0.5173.0 using chrome-pool strategy","meta":{"rootId":"guz9ncsi6ejcudx","id":"guz9ncsi6ejcudx"},"id":"mnapy1c1lf7gneb","previousOperationId":"pq3ma05s94cdd26"}
{"type":"log","timestamp":1676306060637,"level":"debug","message":"Page request: GET (document) file:///C:/Users/josei/AppData/Local/Temp/jsreport/autocleanup/ef634f13-4517-4b0b-8f29-fda112883d8c-chrome-pdf.html","meta":{"rootId":"guz9ncsi6ejcudx","id":"guz9ncsi6ejcudx"},"id":"ysns0exyokbhg8x","previousOperationId":"pq3ma05s94cdd26"}
{"type":"log","timestamp":1676306060658,"level":"debug","message":"Page request finished: GET (document) 200 file:///C:/Users/josei/AppData/Local/Temp/jsreport/autocleanup/ef634f13-4517-4b0b-8f29-fda112883d8c-chrome-pdf.html","meta":{"rootId":"guz9ncsi6ejcudx","id":"guz9ncsi6ejcudx"},"id":"lirv5iethz0agjj","previousOperationId":"pq3ma05s94cdd26"}
{"type":"log","timestamp":1676306060658,"level":"debug","message":"Page request: GET (stylesheet) https://cdnjs.cloudflare.com/ajax/libs/metro/4.1.5/css/metro.min.css","meta":{"rootId":"guz9ncsi6ejcudx","id":"guz9ncsi6ejcudx"},"id":"c4xy0b6c9b1xmxi","previousOperationId":"pq3ma05s94cdd26"}
{"type":"log","timestamp":1676306060659,"level":"debug","message":"Page request: GET (script) https://cdn.jsdelivr.net/npm/chart.js","meta":{"rootId":"guz9ncsi6ejcudx","id":"guz9ncsi6ejcudx"},"id":"o5idr6vdrdqwciw","previousOperationId":"pq3ma05s94cdd26"}
{"type":"log","timestamp":1676306060667,"level":"debug","message":"Page request finished: GET (script) 200 https://cdn.jsdelivr.net/npm/chart.js","meta":{"rootId":"guz9ncsi6ejcudx","id":"guz9ncsi6ejcudx"},"id":"7e8mhxjk2fxz91u","previousOperationId":"pq3ma05s94cdd26"}
{"type":"log","timestamp":1676306060686,"level":"debug","message":"Page request finished: GET (stylesheet) 200 https://cdnjs.cloudflare.com/ajax/libs/metro/4.1.5/css/metro.min.css","meta":{"rootId":"guz9ncsi6ejcudx","id":"guz9ncsi6ejcudx"},"id":"5jn73no36q1i7a0","previousOperationId":"pq3ma05s94cdd26"}
{"type":"log","timestamp":1676306060692,"level":"debug","message":"(console:error) Invalid scale configuration for scale: yAxes","meta":{"userLevel":true,"rootId":"guz9ncsi6ejcudx","id":"guz9ncsi6ejcudx"},"id":"s1pwt207qbk37pa","previousOperationId":"pq3ma05s94cdd26"}
{"type":"log","timestamp":1676306060734,"level":"warn","message":"Page error: Error: \"lineal\" is not a registered controller.\n    at Zs._get (https://cdn.jsdelivr.net/npm/chart.js:19:82276)\n    at Zs.getController (https://cdn.jsdelivr.net/npm/chart.js:19:81344)\n    at wn.buildOrUpdateControllers (https://cdn.jsdelivr.net/npm/chart.js:19:92983)\n    at wn.update (https://cdn.jsdelivr.net/npm/chart.js:19:93733)\n    at new wn (https://cdn.jsdelivr.net/npm/chart.js:19:90096)\n    at file:///C:/Users/josei/AppData/Local/Temp/jsreport/autocleanup/ef634f13-4517-4b0b-8f29-fda112883d8c-chrome-pdf.html:115:17","meta":{"rootId":"guz9ncsi6ejcudx","id":"guz9ncsi6ejcudx"},"id":"udyvvgfsllnhv88","previousOperationId":"pq3ma05s94cdd26"}
{"type":"log","timestamp":1676306060738,"level":"debug","message":"Running chrome with params {\"printBackground\":true,\"timeout\":59802,\"margin\":{}}","meta":{"rootId":"guz9ncsi6ejcudx","id":"guz9ncsi6ejcudx"},"id":"s7h01nze5r1vo5q","previousOperationId":"pq3ma05s94cdd26"}
{"type":"operationEnd","operationId":"pq3ma05s94cdd26","timestamp":1676306060822,"id":"4c3py97n7pzlvan","previousEventId":"za78zw86nok63yw","previousOperationId":"pq3ma05s94cdd26"}
{"type":"log","timestamp":1676306060822,"level":"debug","message":"Skipping storing report.","meta":{"rootId":"guz9ncsi6ejcudx","id":"guz9ncsi6ejcudx"},"id":"vehj3ha6v5ebfe5","previousOperationId":"pq3ma05s94cdd26"}
{"type":"log","timestamp":1676306060822,"level":"info","message":"Rendering request 57 finished in 479 ms","meta":{"rootId":"guz9ncsi6ejcudx","id":"guz9ncsi6ejcudx"},"id":"o90hn1wh4a8ma8k","previousOperationId":"pq3ma05s94cdd26"}
{"type":"operationEnd","subtype":"render","operationId":"idetl9l6zbhlpyu","timestamp":1676306060822,"id":"zaht2dwi2ncvcfy","previousEventId":"4c3py97n7pzlvan","previousOperationId":"pq3ma05s94cdd26"}
{"type":"operationEnd","doDiffs":false,"previousEventId":"adsdc7qqm8af888","previousOperationId":"pk4gw4bldjr201y","operationId":"pk4gw4bldjr201y","timestamp":1676306060825,"id":"ech87e9ef9onrqt"}
