{"type":"operationStart","subtype":"profile","data":{"_id":"FJ231iJ9OVTYXPv1","timestamp":"2023-02-13T16:50:55.435Z","state":"queued","mode":"standard","creationDate":"2023-02-13T16:50:55.437Z","modificationDate":"2023-02-13T16:50:55.437Z","shortid":"oBREhP_","$entitySet":"profiles"},"doDiffs":false,"timestamp":1676307055436,"id":"tauk7872j8uoft2","previousOperationId":null,"operationId":"x6xbszmeubsumsn"}
{"type":"log","level":"info","message":"Render request 95 queued for execution and waiting for available worker","previousOperationId":"x6xbszmeubsumsn","timestamp":1676307055436,"id":"hwwikbtk9qmkhlr"}
{"type":"operationStart","subtype":"render","name":"prueba","previousOperationId":"x6xbszmeubsumsn","timestamp":1676307055446,"id":"ejv70aznyx8xfmp","previousEventId":"tauk7872j8uoft2","operationId":"qcjogc6yimdw0i9"}
{"type":"log","timestamp":1676307055446,"level":"info","message":"Starting rendering request 95","meta":{"rootId":"gwyqj9g9a7kj85o","id":"gwyqj9g9a7kj85o"},"id":"835em2epdlokfdl","previousOperationId":"qcjogc6yimdw0i9"}
{"type":"log","timestamp":1676307055446,"level":"info","message":"Rendering template { name: prueba, recipe: chrome-pdf, engine: handlebars, preview: true }","meta":{"rootId":"gwyqj9g9a7kj85o","id":"gwyqj9g9a7kj85o"},"id":"ihu5aezswtl40x6","previousOperationId":"qcjogc6yimdw0i9"}
{"type":"log","timestamp":1676307055447,"level":"debug","message":"Data item not defined for this template.","meta":{"rootId":"gwyqj9g9a7kj85o","id":"gwyqj9g9a7kj85o"},"id":"qlomni9w8vy77bx","previousOperationId":"qcjogc6yimdw0i9"}
{"type":"log","timestamp":1676307055451,"level":"debug","message":"Executing script script (beforeRender)","meta":{"rootId":"gwyqj9g9a7kj85o","id":"gwyqj9g9a7kj85o"},"id":"stmrulwavg451h7","previousOperationId":"qcjogc6yimdw0i9"}
{"type":"operationStart","subtype":"scriptsBeforeRender","name":"scripts beforeRender","timestamp":1676307055476,"id":"jga9hfjie9y4zqh","previousEventId":"ejv70aznyx8xfmp","operationId":"mzbba6gpkr3qvw3","previousOperationId":"qcjogc6yimdw0i9"}
{"type":"operationStart","subtype":"script","name":"scripts script","previousOperationId":"mzbba6gpkr3qvw3","timestamp":1676307055476,"id":"q1j2dedpvskbrzy","previousEventId":"jga9hfjie9y4zqh","operationId":"m0wgjeh496lvyv4"}
{"type":"operationEnd","operationId":"m0wgjeh496lvyv4","timestamp":1676307055645,"id":"8kc0a2d84v54350","previousEventId":"ejv70aznyx8xfmp","previousOperationId":"qcjogc6yimdw0i9"}
{"type":"operationEnd","operationId":"mzbba6gpkr3qvw3","timestamp":1676307055645,"id":"2z9e41rt11j0830","previousEventId":"8kc0a2d84v54350","previousOperationId":"qcjogc6yimdw0i9"}
{"type":"log","timestamp":1676307055645,"level":"debug","message":"Base url not specified, skipping its injection.","meta":{"rootId":"gwyqj9g9a7kj85o","id":"gwyqj9g9a7kj85o"},"id":"2ytql6xfe6yivjm","previousOperationId":"mzbba6gpkr3qvw3"}
{"type":"operationStart","subtype":"engine","name":"handlebars","timestamp":1676307055645,"id":"8wq8w8s2lbeyk2c","previousEventId":"2z9e41rt11j0830","operationId":"vnk71yebt6bk0mh","previousOperationId":"mzbba6gpkr3qvw3"}
{"type":"log","timestamp":1676307055645,"level":"debug","message":"Rendering engine handlebars","meta":{"rootId":"gwyqj9g9a7kj85o","id":"gwyqj9g9a7kj85o"},"id":"ka5peehy2k4kxj0","previousOperationId":"vnk71yebt6bk0mh"}
{"type":"operationEnd","operationId":"vnk71yebt6bk0mh","timestamp":1676307055659,"id":"63tygbcoidlipza","previousEventId":"8wq8w8s2lbeyk2c","previousOperationId":"vnk71yebt6bk0mh"}
{"type":"operationStart","subtype":"recipe","name":"chrome-pdf","timestamp":1676307055659,"id":"ty8r6dk11o0yky8","previousEventId":"63tygbcoidlipza","operationId":"kalt27cxayyqbbs","previousOperationId":"vnk71yebt6bk0mh"}
{"type":"log","timestamp":1676307055659,"level":"debug","message":"Executing recipe chrome-pdf","meta":{"rootId":"gwyqj9g9a7kj85o","id":"gwyqj9g9a7kj85o"},"id":"mebrbvodkve80jg","previousOperationId":"kalt27cxayyqbbs"}
{"type":"log","timestamp":1676307055662,"level":"debug","message":"Converting with chrome HeadlessChrome/105.0.5173.0 using chrome-pool strategy","meta":{"rootId":"gwyqj9g9a7kj85o","id":"gwyqj9g9a7kj85o"},"id":"2gmtuwnt8ou492y","previousOperationId":"kalt27cxayyqbbs"}
{"type":"log","timestamp":1676307055760,"level":"debug","message":"Page request: GET (document) file:///C:/Users/josei/AppData/Local/Temp/jsreport/autocleanup/cdae0c8b-49bd-413d-867f-a245351f0abb-chrome-pdf.html","meta":{"rootId":"gwyqj9g9a7kj85o","id":"gwyqj9g9a7kj85o"},"id":"wlg6f193p46uhyh","previousOperationId":"kalt27cxayyqbbs"}
{"type":"log","timestamp":1676307055780,"level":"debug","message":"Page request finished: GET (document) 200 file:///C:/Users/josei/AppData/Local/Temp/jsreport/autocleanup/cdae0c8b-49bd-413d-867f-a245351f0abb-chrome-pdf.html","meta":{"rootId":"gwyqj9g9a7kj85o","id":"gwyqj9g9a7kj85o"},"id":"kyb0oq6u1xq3iyj","previousOperationId":"kalt27cxayyqbbs"}
{"type":"log","timestamp":1676307055780,"level":"debug","message":"Page request: GET (stylesheet) https://cdnjs.cloudflare.com/ajax/libs/metro/4.1.5/css/metro.min.css","meta":{"rootId":"gwyqj9g9a7kj85o","id":"gwyqj9g9a7kj85o"},"id":"aoyv3ykx8steh4s","previousOperationId":"kalt27cxayyqbbs"}
{"type":"log","timestamp":1676307055781,"level":"debug","message":"Page request: GET (script) https://cdn.jsdelivr.net/npm/chart.js","meta":{"rootId":"gwyqj9g9a7kj85o","id":"gwyqj9g9a7kj85o"},"id":"limu9l405b61rn1","previousOperationId":"kalt27cxayyqbbs"}
{"type":"log","timestamp":1676307055805,"level":"debug","message":"Page request finished: GET (stylesheet) 200 https://cdnjs.cloudflare.com/ajax/libs/metro/4.1.5/css/metro.min.css","meta":{"rootId":"gwyqj9g9a7kj85o","id":"gwyqj9g9a7kj85o"},"id":"3juuk2ncnk9blua","previousOperationId":"kalt27cxayyqbbs"}
{"type":"log","timestamp":1676307055806,"level":"debug","message":"Page request finished: GET (script) 200 https://cdn.jsdelivr.net/npm/chart.js","meta":{"rootId":"gwyqj9g9a7kj85o","id":"gwyqj9g9a7kj85o"},"id":"sp82kyn2methu6s","previousOperationId":"kalt27cxayyqbbs"}
{"type":"log","timestamp":1676307055814,"level":"debug","message":"(console:error) Invalid scale configuration for scale: yAxes","meta":{"userLevel":true,"rootId":"gwyqj9g9a7kj85o","id":"gwyqj9g9a7kj85o"},"id":"0pg1k9g4infgrod","previousOperationId":"kalt27cxayyqbbs"}
{"type":"log","timestamp":1676307055929,"level":"debug","message":"Running chrome with params {\"printBackground\":true,\"timeout\":59775,\"margin\":{}}","meta":{"rootId":"gwyqj9g9a7kj85o","id":"gwyqj9g9a7kj85o"},"id":"n9rik2ete46x6uc","previousOperationId":"kalt27cxayyqbbs"}
{"type":"operationEnd","operationId":"kalt27cxayyqbbs","timestamp":1676307056038,"id":"ysedbmakxziefwo","previousEventId":"ty8r6dk11o0yky8","previousOperationId":"kalt27cxayyqbbs"}
{"type":"log","timestamp":1676307056038,"level":"debug","message":"Skipping storing report.","meta":{"rootId":"gwyqj9g9a7kj85o","id":"gwyqj9g9a7kj85o"},"id":"bixqrozzj7ov921","previousOperationId":"kalt27cxayyqbbs"}
{"type":"log","timestamp":1676307056038,"level":"info","message":"Rendering request 95 finished in 603 ms","meta":{"rootId":"gwyqj9g9a7kj85o","id":"gwyqj9g9a7kj85o"},"id":"ziuobzhcxwe8wkf","previousOperationId":"kalt27cxayyqbbs"}
{"type":"operationEnd","subtype":"render","operationId":"qcjogc6yimdw0i9","timestamp":1676307056038,"id":"h6ydt9u35f5q7zr","previousEventId":"ysedbmakxziefwo","previousOperationId":"kalt27cxayyqbbs"}
{"type":"operationEnd","doDiffs":false,"previousEventId":"tauk7872j8uoft2","previousOperationId":"x6xbszmeubsumsn","operationId":"x6xbszmeubsumsn","timestamp":1676307056041,"id":"eknfct74h9nu0hw"}
