{"type":"operationStart","subtype":"profile","data":{"_id":"X1at7zEFXGJFH4Zf","timestamp":"2023-02-13T16:12:36.860Z","state":"queued","mode":"standard","creationDate":"2023-02-13T16:12:36.862Z","modificationDate":"2023-02-13T16:12:36.862Z","shortid":"MBN5pFv","$entitySet":"profiles"},"doDiffs":false,"timestamp":1676304756861,"id":"88np0oze83f0ms5","previousOperationId":null,"operationId":"hblvurq3za474tj"}
{"type":"log","level":"info","message":"Render request 28 queued for execution and waiting for available worker","previousOperationId":"hblvurq3za474tj","timestamp":1676304756861,"id":"jomklbhxydh0gpa"}
{"type":"operationStart","subtype":"render","name":"prueba","previousOperationId":"hblvurq3za474tj","timestamp":1676304756871,"id":"aerpfq601llx3j0","previousEventId":"88np0oze83f0ms5","operationId":"g8mpzj2xs8brsd5"}
{"type":"log","timestamp":1676304756871,"level":"info","message":"Starting rendering request 28","meta":{"rootId":"gxrtjtorzzxdnys","id":"gxrtjtorzzxdnys"},"id":"hq9wczakg85wvpf","previousOperationId":"g8mpzj2xs8brsd5"}
{"type":"log","timestamp":1676304756872,"level":"info","message":"Rendering template { name: prueba, recipe: chrome-pdf, engine: handlebars, preview: true }","meta":{"rootId":"gxrtjtorzzxdnys","id":"gxrtjtorzzxdnys"},"id":"0f4f5f61zaizzaa","previousOperationId":"g8mpzj2xs8brsd5"}
{"type":"log","timestamp":1676304756872,"level":"debug","message":"Data item not defined for this template.","meta":{"rootId":"gxrtjtorzzxdnys","id":"gxrtjtorzzxdnys"},"id":"uf7ocp6gzjfyw9h","previousOperationId":"g8mpzj2xs8brsd5"}
{"type":"log","timestamp":1676304756875,"level":"debug","message":"Executing script script (beforeRender)","meta":{"rootId":"gxrtjtorzzxdnys","id":"gxrtjtorzzxdnys"},"id":"qbfp0ne1xogtolz","previousOperationId":"g8mpzj2xs8brsd5"}
{"type":"operationStart","subtype":"scriptsBeforeRender","name":"scripts beforeRender","timestamp":1676304756892,"id":"js24afcdseffvh9","previousEventId":"aerpfq601llx3j0","operationId":"nal3lirmaa7yrfk","previousOperationId":"g8mpzj2xs8brsd5"}
{"type":"operationStart","subtype":"script","name":"scripts script","previousOperationId":"nal3lirmaa7yrfk","timestamp":1676304756892,"id":"fp5z484xfmbjqat","previousEventId":"js24afcdseffvh9","operationId":"bk6d27b9njsupj9"}
{"type":"operationEnd","operationId":"bk6d27b9njsupj9","timestamp":1676304757055,"id":"1aa6zeglchntaf6","previousEventId":"aerpfq601llx3j0","previousOperationId":"g8mpzj2xs8brsd5"}
{"type":"operationEnd","operationId":"nal3lirmaa7yrfk","timestamp":1676304757055,"id":"md8rqm0tbpp4v7f","previousEventId":"1aa6zeglchntaf6","previousOperationId":"g8mpzj2xs8brsd5"}
{"type":"log","timestamp":1676304757055,"level":"debug","message":"Base url not specified, skipping its injection.","meta":{"rootId":"gxrtjtorzzxdnys","id":"gxrtjtorzzxdnys"},"id":"zk2nz4qrf2ol7bt","previousOperationId":"nal3lirmaa7yrfk"}
{"type":"operationStart","subtype":"engine","name":"handlebars","timestamp":1676304757055,"id":"t8kwhq8af26ax21","previousEventId":"md8rqm0tbpp4v7f","operationId":"hvrd2orkumcpfw5","previousOperationId":"nal3lirmaa7yrfk"}
{"type":"log","timestamp":1676304757055,"level":"debug","message":"Rendering engine handlebars","meta":{"rootId":"gxrtjtorzzxdnys","id":"gxrtjtorzzxdnys"},"id":"ny4h3g4oayytm89","previousOperationId":"hvrd2orkumcpfw5"}
{"type":"operationEnd","operationId":"hvrd2orkumcpfw5","timestamp":1676304757064,"id":"79lqh64r3r4j6oe","previousEventId":"t8kwhq8af26ax21","previousOperationId":"hvrd2orkumcpfw5"}
{"type":"operationStart","subtype":"recipe","name":"chrome-pdf","timestamp":1676304757064,"id":"lomhg9h0iodbp3d","previousEventId":"79lqh64r3r4j6oe","operationId":"l0rbx1n1rd5smjj","previousOperationId":"hvrd2orkumcpfw5"}
{"type":"log","timestamp":1676304757064,"level":"debug","message":"Executing recipe chrome-pdf","meta":{"rootId":"gxrtjtorzzxdnys","id":"gxrtjtorzzxdnys"},"id":"pywj82vohlj5go9","previousOperationId":"l0rbx1n1rd5smjj"}
{"type":"log","timestamp":1676304757068,"level":"debug","message":"Converting with chrome HeadlessChrome/105.0.5173.0 using chrome-pool strategy","meta":{"rootId":"gxrtjtorzzxdnys","id":"gxrtjtorzzxdnys"},"id":"6ohypbntzgyxvr6","previousOperationId":"l0rbx1n1rd5smjj"}
{"type":"log","timestamp":1676304757165,"level":"debug","message":"Page request: GET (document) file:///C:/Users/josei/AppData/Local/Temp/jsreport/autocleanup/77a3689e-ed4b-42b0-99b6-29bfce515308-chrome-pdf.html","meta":{"rootId":"gxrtjtorzzxdnys","id":"gxrtjtorzzxdnys"},"id":"fc3hqhybt0ekhjz","previousOperationId":"l0rbx1n1rd5smjj"}
{"type":"log","timestamp":1676304757175,"level":"debug","message":"Page request finished: GET (document) 200 file:///C:/Users/josei/AppData/Local/Temp/jsreport/autocleanup/77a3689e-ed4b-42b0-99b6-29bfce515308-chrome-pdf.html","meta":{"rootId":"gxrtjtorzzxdnys","id":"gxrtjtorzzxdnys"},"id":"a6z4mn7c3f5f4tg","previousOperationId":"l0rbx1n1rd5smjj"}
{"type":"log","timestamp":1676304757175,"level":"debug","message":"Page request: GET (stylesheet) https://cdnjs.cloudflare.com/ajax/libs/metro/4.1.5/css/metro.min.css","meta":{"rootId":"gxrtjtorzzxdnys","id":"gxrtjtorzzxdnys"},"id":"7zflrgd0ac46p2g","previousOperationId":"l0rbx1n1rd5smjj"}
{"type":"log","timestamp":1676304757176,"level":"debug","message":"Page request: GET (script) https://cdn.jsdelivr.net/npm/chart.js","meta":{"rootId":"gxrtjtorzzxdnys","id":"gxrtjtorzzxdnys"},"id":"lctfgy3whtwokaf","previousOperationId":"l0rbx1n1rd5smjj"}
{"type":"log","timestamp":1676304757196,"level":"debug","message":"Page request finished: GET (script) 200 https://cdn.jsdelivr.net/npm/chart.js","meta":{"rootId":"gxrtjtorzzxdnys","id":"gxrtjtorzzxdnys"},"id":"mu84j2a7goyi7e2","previousOperationId":"l0rbx1n1rd5smjj"}
{"type":"log","timestamp":1676304757211,"level":"debug","message":"Page request finished: GET (stylesheet) 200 https://cdnjs.cloudflare.com/ajax/libs/metro/4.1.5/css/metro.min.css","meta":{"rootId":"gxrtjtorzzxdnys","id":"gxrtjtorzzxdnys"},"id":"ipnseexl32hziir","previousOperationId":"l0rbx1n1rd5smjj"}
{"type":"log","timestamp":1676304757224,"level":"debug","message":"Page request: GET (document) file:///C:/Users/josei/AppData/Local/Temp/jsreport/autocleanup/bb","meta":{"rootId":"gxrtjtorzzxdnys","id":"gxrtjtorzzxdnys"},"id":"5rnzkiaxl1e8a8i","previousOperationId":"l0rbx1n1rd5smjj"}
{"type":"log","timestamp":1676304757225,"level":"warn","message":"Page request failed: GET (document) file:///C:/Users/josei/AppData/Local/Temp/jsreport/autocleanup/bb, failure: net::ERR_FILE_NOT_FOUND","meta":{"rootId":"gxrtjtorzzxdnys","id":"gxrtjtorzzxdnys"},"id":"riwb4xxc7m8pfmp","previousOperationId":"l0rbx1n1rd5smjj"}
{"type":"log","timestamp":1676304757304,"level":"debug","message":"Running chrome with params {\"printBackground\":true,\"timeout\":59793,\"margin\":{}}","meta":{"rootId":"gxrtjtorzzxdnys","id":"gxrtjtorzzxdnys"},"id":"ygistjurvvhr64s","previousOperationId":"l0rbx1n1rd5smjj"}
{"type":"operationEnd","operationId":"l0rbx1n1rd5smjj","timestamp":1676304757320,"id":"9jwkp712p7ua7rf","previousEventId":"lomhg9h0iodbp3d","previousOperationId":"l0rbx1n1rd5smjj"}
{"type":"log","timestamp":1676304757320,"level":"debug","message":"Skipping storing report.","meta":{"rootId":"gxrtjtorzzxdnys","id":"gxrtjtorzzxdnys"},"id":"yd701ri70mb5svv","previousOperationId":"l0rbx1n1rd5smjj"}
{"type":"log","timestamp":1676304757320,"level":"info","message":"Rendering request 28 finished in 460 ms","meta":{"rootId":"gxrtjtorzzxdnys","id":"gxrtjtorzzxdnys"},"id":"5k4gtcex5fm2lai","previousOperationId":"l0rbx1n1rd5smjj"}
{"type":"operationEnd","subtype":"render","operationId":"g8mpzj2xs8brsd5","timestamp":1676304757320,"id":"mqdxt5smh0glf8y","previousEventId":"9jwkp712p7ua7rf","previousOperationId":"l0rbx1n1rd5smjj"}
{"type":"operationEnd","doDiffs":false,"previousEventId":"88np0oze83f0ms5","previousOperationId":"hblvurq3za474tj","operationId":"hblvurq3za474tj","timestamp":1676304757326,"id":"a8vs8vhbhd5r77c"}
