{"type":"operationStart","subtype":"profile","data":{"_id":"eETExT2pIzRqZhOc","timestamp":"2023-02-13T16:22:30.598Z","state":"queued","mode":"standard","creationDate":"2023-02-13T16:22:30.601Z","modificationDate":"2023-02-13T16:22:30.601Z","shortid":"_HLR9yF","$entitySet":"profiles"},"doDiffs":false,"timestamp":1676305350599,"id":"o39ui4pgrmkyxg2","previousOperationId":null,"operationId":"4o15w5r1qhinl6f"}
{"type":"log","level":"info","message":"Render request 39 queued for execution and waiting for available worker","previousOperationId":"4o15w5r1qhinl6f","timestamp":1676305350599,"id":"x4u73thjm4dwxur"}
{"type":"operationStart","subtype":"render","name":"prueba","previousOperationId":"4o15w5r1qhinl6f","timestamp":1676305350609,"id":"33fk552mt3d7w9a","previousEventId":"o39ui4pgrmkyxg2","operationId":"60sbdhbg9ek0u5j"}
{"type":"log","timestamp":1676305350609,"level":"info","message":"Starting rendering request 39","meta":{"rootId":"h1lebkqwa8eqpud","id":"h1lebkqwa8eqpud"},"id":"7mh36vfk2py2um2","previousOperationId":"60sbdhbg9ek0u5j"}
{"type":"log","timestamp":1676305350609,"level":"info","message":"Rendering template { name: prueba, recipe: chrome-pdf, engine: handlebars, preview: true }","meta":{"rootId":"h1lebkqwa8eqpud","id":"h1lebkqwa8eqpud"},"id":"75wedy1rwk2lbnz","previousOperationId":"60sbdhbg9ek0u5j"}
{"type":"log","timestamp":1676305350610,"level":"debug","message":"Data item not defined for this template.","meta":{"rootId":"h1lebkqwa8eqpud","id":"h1lebkqwa8eqpud"},"id":"h9oyny3z6l0gm57","previousOperationId":"60sbdhbg9ek0u5j"}
{"type":"log","timestamp":1676305350614,"level":"debug","message":"Executing script script (beforeRender)","meta":{"rootId":"h1lebkqwa8eqpud","id":"h1lebkqwa8eqpud"},"id":"dk3ynl3hlkqadoj","previousOperationId":"60sbdhbg9ek0u5j"}
{"type":"operationStart","subtype":"scriptsBeforeRender","name":"scripts beforeRender","timestamp":1676305350635,"id":"5bx00evdkoo0f9d","previousEventId":"33fk552mt3d7w9a","operationId":"fb829poxmcwtmny","previousOperationId":"60sbdhbg9ek0u5j"}
{"type":"operationStart","subtype":"script","name":"scripts script","previousOperationId":"fb829poxmcwtmny","timestamp":1676305350635,"id":"0bcpxr871xxeoul","previousEventId":"5bx00evdkoo0f9d","operationId":"tjrt627dk6ke4ag"}
{"type":"operationEnd","operationId":"tjrt627dk6ke4ag","timestamp":1676305350839,"id":"9wn7lpnfv2i29ck","previousEventId":"33fk552mt3d7w9a","previousOperationId":"60sbdhbg9ek0u5j"}
{"type":"operationEnd","operationId":"fb829poxmcwtmny","timestamp":1676305350839,"id":"89fjb1kaqeh4hrr","previousEventId":"9wn7lpnfv2i29ck","previousOperationId":"60sbdhbg9ek0u5j"}
{"type":"log","timestamp":1676305350839,"level":"debug","message":"Base url not specified, skipping its injection.","meta":{"rootId":"h1lebkqwa8eqpud","id":"h1lebkqwa8eqpud"},"id":"x5d8u0ipltzw9mv","previousOperationId":"fb829poxmcwtmny"}
{"type":"operationStart","subtype":"engine","name":"handlebars","timestamp":1676305350840,"id":"41t0p5ojn3hc0mh","previousEventId":"89fjb1kaqeh4hrr","operationId":"2ujuvhwgjuano7f","previousOperationId":"fb829poxmcwtmny"}
{"type":"log","timestamp":1676305350840,"level":"debug","message":"Rendering engine handlebars","meta":{"rootId":"h1lebkqwa8eqpud","id":"h1lebkqwa8eqpud"},"id":"2olj7awciltshas","previousOperationId":"2ujuvhwgjuano7f"}
{"type":"operationEnd","operationId":"2ujuvhwgjuano7f","timestamp":1676305350849,"id":"77hkt5m18qjzmyn","previousEventId":"41t0p5ojn3hc0mh","previousOperationId":"2ujuvhwgjuano7f"}
{"type":"operationStart","subtype":"recipe","name":"chrome-pdf","timestamp":1676305350849,"id":"p2bvsrq8q6ag88z","previousEventId":"77hkt5m18qjzmyn","operationId":"zh3sue4ess05yo1","previousOperationId":"2ujuvhwgjuano7f"}
{"type":"log","timestamp":1676305350849,"level":"debug","message":"Executing recipe chrome-pdf","meta":{"rootId":"h1lebkqwa8eqpud","id":"h1lebkqwa8eqpud"},"id":"l0hx1ibewf7n5rj","previousOperationId":"zh3sue4ess05yo1"}
{"type":"log","timestamp":1676305350851,"level":"debug","message":"Converting with chrome HeadlessChrome/105.0.5173.0 using chrome-pool strategy","meta":{"rootId":"h1lebkqwa8eqpud","id":"h1lebkqwa8eqpud"},"id":"1sfibd9ycvcevuv","previousOperationId":"zh3sue4ess05yo1"}
{"type":"log","timestamp":1676305350948,"level":"debug","message":"Page request: GET (document) file:///C:/Users/josei/AppData/Local/Temp/jsreport/autocleanup/af6124d9-4187-4bf5-8516-975e8cec032f-chrome-pdf.html","meta":{"rootId":"h1lebkqwa8eqpud","id":"h1lebkqwa8eqpud"},"id":"a11gzfqr3g10znl","previousOperationId":"zh3sue4ess05yo1"}
{"type":"log","timestamp":1676305350957,"level":"debug","message":"Page request finished: GET (document) 200 file:///C:/Users/josei/AppData/Local/Temp/jsreport/autocleanup/af6124d9-4187-4bf5-8516-975e8cec032f-chrome-pdf.html","meta":{"rootId":"h1lebkqwa8eqpud","id":"h1lebkqwa8eqpud"},"id":"b6hxvclkpmphnbn","previousOperationId":"zh3sue4ess05yo1"}
{"type":"log","timestamp":1676305350957,"level":"debug","message":"Page request: GET (stylesheet) https://cdnjs.cloudflare.com/ajax/libs/metro/4.1.5/css/metro.min.css","meta":{"rootId":"h1lebkqwa8eqpud","id":"h1lebkqwa8eqpud"},"id":"wkmyqn672rkk6n2","previousOperationId":"zh3sue4ess05yo1"}
{"type":"log","timestamp":1676305350958,"level":"debug","message":"Page request: GET (script) https://cdn.jsdelivr.net/npm/chart.js","meta":{"rootId":"h1lebkqwa8eqpud","id":"h1lebkqwa8eqpud"},"id":"vzw12al1l8vf6hv","previousOperationId":"zh3sue4ess05yo1"}
{"type":"log","timestamp":1676305350967,"level":"debug","message":"Page request finished: GET (script) 200 https://cdn.jsdelivr.net/npm/chart.js","meta":{"rootId":"h1lebkqwa8eqpud","id":"h1lebkqwa8eqpud"},"id":"ssjzajb1owfnaib","previousOperationId":"zh3sue4ess05yo1"}
{"type":"log","timestamp":1676305350984,"level":"debug","message":"Page request finished: GET (stylesheet) 200 https://cdnjs.cloudflare.com/ajax/libs/metro/4.1.5/css/metro.min.css","meta":{"rootId":"h1lebkqwa8eqpud","id":"h1lebkqwa8eqpud"},"id":"hfcoy3n8ye1u4zk","previousOperationId":"zh3sue4ess05yo1"}
{"type":"log","timestamp":1676305350992,"level":"debug","message":"(console:error) Invalid scale configuration for scale: yAxes","meta":{"userLevel":true,"rootId":"h1lebkqwa8eqpud","id":"h1lebkqwa8eqpud"},"id":"je1erjjcrjpx7c7","previousOperationId":"zh3sue4ess05yo1"}
{"type":"log","timestamp":1676305351093,"level":"debug","message":"Running chrome with params {\"printBackground\":true,\"timeout\":59748,\"margin\":{}}","meta":{"rootId":"h1lebkqwa8eqpud","id":"h1lebkqwa8eqpud"},"id":"28nd7p35nk0ftfp","previousOperationId":"zh3sue4ess05yo1"}
{"type":"operationEnd","operationId":"zh3sue4ess05yo1","timestamp":1676305351194,"id":"1v3qwfz31kapyk7","previousEventId":"p2bvsrq8q6ag88z","previousOperationId":"zh3sue4ess05yo1"}
{"type":"log","timestamp":1676305351194,"level":"debug","message":"Skipping storing report.","meta":{"rootId":"h1lebkqwa8eqpud","id":"h1lebkqwa8eqpud"},"id":"i4xzjhie8ee4sze","previousOperationId":"zh3sue4ess05yo1"}
{"type":"log","timestamp":1676305351195,"level":"info","message":"Rendering request 39 finished in 597 ms","meta":{"rootId":"h1lebkqwa8eqpud","id":"h1lebkqwa8eqpud"},"id":"enwuo1c3jymsxay","previousOperationId":"zh3sue4ess05yo1"}
{"type":"operationEnd","subtype":"render","operationId":"60sbdhbg9ek0u5j","timestamp":1676305351195,"id":"0t99a4mcvspio6f","previousEventId":"1v3qwfz31kapyk7","previousOperationId":"zh3sue4ess05yo1"}
{"type":"operationEnd","doDiffs":false,"previousEventId":"o39ui4pgrmkyxg2","previousOperationId":"4o15w5r1qhinl6f","operationId":"4o15w5r1qhinl6f","timestamp":1676305351198,"id":"n8hb3rtj2hr3f8r"}
