{"type":"operationStart","subtype":"profile","data":{"_id":"pqbvjCPftOfsOkOl","timestamp":"2023-02-13T16:40:02.477Z","state":"queued","mode":"standard","creationDate":"2023-02-13T16:40:02.478Z","modificationDate":"2023-02-13T16:40:02.478Z","shortid":"v4FUD57","$entitySet":"profiles"},"doDiffs":false,"timestamp":1676306402478,"id":"43uzeiyprydk36v","previousOperationId":null,"operationId":"5k6z4cam8a8g0dy"}
{"type":"log","level":"info","message":"Render request 64 queued for execution and waiting for available worker","previousOperationId":"5k6z4cam8a8g0dy","timestamp":1676306402478,"id":"j0xqld1ikt50xlq"}
{"type":"operationStart","subtype":"render","name":"prueba","previousOperationId":"5k6z4cam8a8g0dy","timestamp":1676306402486,"id":"1ul0uifk98jfaon","previousEventId":"43uzeiyprydk36v","operationId":"deerhsnfa2rc2hh"}
{"type":"log","timestamp":1676306402486,"level":"info","message":"Starting rendering request 64","meta":{"rootId":"h38bzl1o3cm1m2g","id":"h38bzl1o3cm1m2g"},"id":"26l3dfy7iwqbesd","previousOperationId":"deerhsnfa2rc2hh"}
{"type":"log","timestamp":1676306402486,"level":"info","message":"Rendering template { name: prueba, recipe: chrome-pdf, engine: handlebars, preview: true }","meta":{"rootId":"h38bzl1o3cm1m2g","id":"h38bzl1o3cm1m2g"},"id":"og3vlgsin3iwf1p","previousOperationId":"deerhsnfa2rc2hh"}
{"type":"log","timestamp":1676306402487,"level":"debug","message":"Data item not defined for this template.","meta":{"rootId":"h38bzl1o3cm1m2g","id":"h38bzl1o3cm1m2g"},"id":"8lq671igllynmjw","previousOperationId":"deerhsnfa2rc2hh"}
{"type":"log","timestamp":1676306402492,"level":"debug","message":"Executing script script (beforeRender)","meta":{"rootId":"h38bzl1o3cm1m2g","id":"h38bzl1o3cm1m2g"},"id":"flidercwny330si","previousOperationId":"deerhsnfa2rc2hh"}
{"type":"operationStart","subtype":"scriptsBeforeRender","name":"scripts beforeRender","timestamp":1676306402510,"id":"rpl87lb6s5wii6v","previousEventId":"1ul0uifk98jfaon","operationId":"0hwb10cw8c1wjrs","previousOperationId":"deerhsnfa2rc2hh"}
{"type":"operationStart","subtype":"script","name":"scripts script","previousOperationId":"0hwb10cw8c1wjrs","timestamp":1676306402510,"id":"quvmbrsl8aoxd0b","previousEventId":"rpl87lb6s5wii6v","operationId":"xmvsd00n04p4k2g"}
{"type":"operationEnd","operationId":"xmvsd00n04p4k2g","timestamp":1676306402695,"id":"7d9qhwya6xeg1o3","previousEventId":"1ul0uifk98jfaon","previousOperationId":"deerhsnfa2rc2hh"}
{"type":"operationEnd","operationId":"0hwb10cw8c1wjrs","timestamp":1676306402695,"id":"gfeg917iks3qisg","previousEventId":"7d9qhwya6xeg1o3","previousOperationId":"deerhsnfa2rc2hh"}
{"type":"log","timestamp":1676306402695,"level":"debug","message":"Base url not specified, skipping its injection.","meta":{"rootId":"h38bzl1o3cm1m2g","id":"h38bzl1o3cm1m2g"},"id":"xgfirjtupx2iy82","previousOperationId":"0hwb10cw8c1wjrs"}
{"type":"operationStart","subtype":"engine","name":"handlebars","timestamp":1676306402695,"id":"w7h7gsyrzdsyiby","previousEventId":"gfeg917iks3qisg","operationId":"0i8ucmnk84ni4zb","previousOperationId":"0hwb10cw8c1wjrs"}
{"type":"log","timestamp":1676306402695,"level":"debug","message":"Rendering engine handlebars","meta":{"rootId":"h38bzl1o3cm1m2g","id":"h38bzl1o3cm1m2g"},"id":"19pz85s31g9vi2w","previousOperationId":"0i8ucmnk84ni4zb"}
{"type":"operationEnd","operationId":"0i8ucmnk84ni4zb","timestamp":1676306402710,"id":"ih4q4fs3pjw0e18","previousEventId":"w7h7gsyrzdsyiby","previousOperationId":"0i8ucmnk84ni4zb"}
{"type":"operationStart","subtype":"recipe","name":"chrome-pdf","timestamp":1676306402710,"id":"obdazxmqhnbq720","previousEventId":"ih4q4fs3pjw0e18","operationId":"kpugmil1u50wwpr","previousOperationId":"0i8ucmnk84ni4zb"}
{"type":"log","timestamp":1676306402710,"level":"debug","message":"Executing recipe chrome-pdf","meta":{"rootId":"h38bzl1o3cm1m2g","id":"h38bzl1o3cm1m2g"},"id":"fb572hd3f79ecoi","previousOperationId":"kpugmil1u50wwpr"}
{"type":"log","timestamp":1676306402713,"level":"debug","message":"Converting with chrome HeadlessChrome/105.0.5173.0 using chrome-pool strategy","meta":{"rootId":"h38bzl1o3cm1m2g","id":"h38bzl1o3cm1m2g"},"id":"91aek6bg6igieup","previousOperationId":"kpugmil1u50wwpr"}
{"type":"log","timestamp":1676306402812,"level":"debug","message":"Page request: GET (document) file:///C:/Users/josei/AppData/Local/Temp/jsreport/autocleanup/7ba91728-a9fc-4434-9600-9deb514ffa59-chrome-pdf.html","meta":{"rootId":"h38bzl1o3cm1m2g","id":"h38bzl1o3cm1m2g"},"id":"ix1gkjy45dyw5bb","previousOperationId":"kpugmil1u50wwpr"}
{"type":"log","timestamp":1676306402834,"level":"debug","message":"Page request finished: GET (document) 200 file:///C:/Users/josei/AppData/Local/Temp/jsreport/autocleanup/7ba91728-a9fc-4434-9600-9deb514ffa59-chrome-pdf.html","meta":{"rootId":"h38bzl1o3cm1m2g","id":"h38bzl1o3cm1m2g"},"id":"r80l66cr2aif9j9","previousOperationId":"kpugmil1u50wwpr"}
{"type":"log","timestamp":1676306402835,"level":"debug","message":"Page request: GET (stylesheet) https://cdnjs.cloudflare.com/ajax/libs/metro/4.1.5/css/metro.min.css","meta":{"rootId":"h38bzl1o3cm1m2g","id":"h38bzl1o3cm1m2g"},"id":"uicos30b9akjvl2","previousOperationId":"kpugmil1u50wwpr"}
{"type":"log","timestamp":1676306402835,"level":"debug","message":"Page request: GET (script) https://cdn.jsdelivr.net/npm/chart.js","meta":{"rootId":"h38bzl1o3cm1m2g","id":"h38bzl1o3cm1m2g"},"id":"ujnafaa5ueael0k","previousOperationId":"kpugmil1u50wwpr"}
{"type":"log","timestamp":1676306402861,"level":"debug","message":"Page request finished: GET (stylesheet) 200 https://cdnjs.cloudflare.com/ajax/libs/metro/4.1.5/css/metro.min.css","meta":{"rootId":"h38bzl1o3cm1m2g","id":"h38bzl1o3cm1m2g"},"id":"qh7iimbm0p23ojm","previousOperationId":"kpugmil1u50wwpr"}
{"type":"log","timestamp":1676306402861,"level":"debug","message":"Page request finished: GET (script) 200 https://cdn.jsdelivr.net/npm/chart.js","meta":{"rootId":"h38bzl1o3cm1m2g","id":"h38bzl1o3cm1m2g"},"id":"0vwlwiy970nilqu","previousOperationId":"kpugmil1u50wwpr"}
{"type":"log","timestamp":1676306402868,"level":"debug","message":"(console:error) Invalid scale configuration for scale: yAxes","meta":{"userLevel":true,"rootId":"h38bzl1o3cm1m2g","id":"h38bzl1o3cm1m2g"},"id":"4fdutdo8e63phbu","previousOperationId":"kpugmil1u50wwpr"}
{"type":"log","timestamp":1676306402982,"level":"debug","message":"Running chrome with params {\"printBackground\":true,\"timeout\":59765,\"margin\":{}}","meta":{"rootId":"h38bzl1o3cm1m2g","id":"h38bzl1o3cm1m2g"},"id":"7fc9eigo26fcl6o","previousOperationId":"kpugmil1u50wwpr"}
{"type":"operationEnd","operationId":"kpugmil1u50wwpr","timestamp":1676306403095,"id":"b04fo2lo9pkwapu","previousEventId":"obdazxmqhnbq720","previousOperationId":"kpugmil1u50wwpr"}
{"type":"log","timestamp":1676306403095,"level":"debug","message":"Skipping storing report.","meta":{"rootId":"h38bzl1o3cm1m2g","id":"h38bzl1o3cm1m2g"},"id":"kiooocu6x4gldq7","previousOperationId":"kpugmil1u50wwpr"}
{"type":"log","timestamp":1676306403095,"level":"info","message":"Rendering request 64 finished in 618 ms","meta":{"rootId":"h38bzl1o3cm1m2g","id":"h38bzl1o3cm1m2g"},"id":"mempvm4kbrme6z3","previousOperationId":"kpugmil1u50wwpr"}
{"type":"operationEnd","subtype":"render","operationId":"deerhsnfa2rc2hh","timestamp":1676306403095,"id":"m21cp9zqiq2l48n","previousEventId":"b04fo2lo9pkwapu","previousOperationId":"kpugmil1u50wwpr"}
{"type":"operationEnd","doDiffs":false,"previousEventId":"43uzeiyprydk36v","previousOperationId":"5k6z4cam8a8g0dy","operationId":"5k6z4cam8a8g0dy","timestamp":1676306403098,"id":"5f7y8r1nkpefr09"}
