{"type":"operationStart","subtype":"profile","data":{"_id":"hMm9eB8QQMi1lOFk","timestamp":"2023-02-13T16:48:17.093Z","state":"queued","mode":"standard","creationDate":"2023-02-13T16:48:17.094Z","modificationDate":"2023-02-13T16:48:17.094Z","shortid":"6vHfwiQ","$entitySet":"profiles"},"doDiffs":false,"timestamp":1676306897094,"id":"j0yaxbrxn32421z","previousOperationId":null,"operationId":"om6ko70ilx6xulm"}
{"type":"log","level":"info","message":"Render request 89 queued for execution and waiting for available worker","previousOperationId":"om6ko70ilx6xulm","timestamp":1676306897094,"id":"immcjf05xlkmxp7"}
{"type":"operationStart","subtype":"render","name":"prueba","previousOperationId":"om6ko70ilx6xulm","timestamp":1676306897103,"id":"ha8yil9fnqhnrtq","previousEventId":"j0yaxbrxn32421z","operationId":"tdfg5difk3kr1e7"}
{"type":"log","timestamp":1676306897103,"level":"info","message":"Starting rendering request 89","meta":{"rootId":"hpuo93lim2n2mfb","id":"hpuo93lim2n2mfb"},"id":"pichr4wuk2dzgqg","previousOperationId":"tdfg5difk3kr1e7"}
{"type":"log","timestamp":1676306897103,"level":"info","message":"Rendering template { name: prueba, recipe: chrome-pdf, engine: handlebars, preview: true }","meta":{"rootId":"hpuo93lim2n2mfb","id":"hpuo93lim2n2mfb"},"id":"dwit3r5o4wxuc3m","previousOperationId":"tdfg5difk3kr1e7"}
{"type":"log","timestamp":1676306897104,"level":"debug","message":"Data item not defined for this template.","meta":{"rootId":"hpuo93lim2n2mfb","id":"hpuo93lim2n2mfb"},"id":"vcvesqv6zv7amsq","previousOperationId":"tdfg5difk3kr1e7"}
{"type":"log","timestamp":1676306897107,"level":"debug","message":"Executing script script (beforeRender)","meta":{"rootId":"hpuo93lim2n2mfb","id":"hpuo93lim2n2mfb"},"id":"sfpyknj5au82jba","previousOperationId":"tdfg5difk3kr1e7"}
{"type":"operationStart","subtype":"scriptsBeforeRender","name":"scripts beforeRender","timestamp":1676306897125,"id":"tq9drwu8ybxo3p3","previousEventId":"ha8yil9fnqhnrtq","operationId":"5exvrepkly2o3o0","previousOperationId":"tdfg5difk3kr1e7"}
{"type":"operationStart","subtype":"script","name":"scripts script","previousOperationId":"5exvrepkly2o3o0","timestamp":1676306897125,"id":"4w4h5dlwlt77r9l","previousEventId":"tq9drwu8ybxo3p3","operationId":"473h2mmul0ixtpt"}
{"type":"operationEnd","operationId":"473h2mmul0ixtpt","timestamp":1676306897344,"id":"m42yh35xp9613o8","previousEventId":"ha8yil9fnqhnrtq","previousOperationId":"tdfg5difk3kr1e7"}
{"type":"operationEnd","operationId":"5exvrepkly2o3o0","timestamp":1676306897344,"id":"0eh28zptkf6cvdl","previousEventId":"m42yh35xp9613o8","previousOperationId":"tdfg5difk3kr1e7"}
{"type":"log","timestamp":1676306897344,"level":"debug","message":"Base url not specified, skipping its injection.","meta":{"rootId":"hpuo93lim2n2mfb","id":"hpuo93lim2n2mfb"},"id":"ngwfghpox9jhopv","previousOperationId":"5exvrepkly2o3o0"}
{"type":"operationStart","subtype":"engine","name":"handlebars","timestamp":1676306897344,"id":"fktq4qxng8oqobz","previousEventId":"0eh28zptkf6cvdl","operationId":"c62xg74nr7zu8bn","previousOperationId":"5exvrepkly2o3o0"}
{"type":"log","timestamp":1676306897344,"level":"debug","message":"Rendering engine handlebars","meta":{"rootId":"hpuo93lim2n2mfb","id":"hpuo93lim2n2mfb"},"id":"9e6q48gccjq6olj","previousOperationId":"c62xg74nr7zu8bn"}
{"type":"operationEnd","operationId":"c62xg74nr7zu8bn","timestamp":1676306897354,"id":"c8zf84cgpkkfax0","previousEventId":"fktq4qxng8oqobz","previousOperationId":"c62xg74nr7zu8bn"}
{"type":"operationStart","subtype":"recipe","name":"chrome-pdf","timestamp":1676306897354,"id":"xhp1cwehzrqq2ih","previousEventId":"c8zf84cgpkkfax0","operationId":"75tk938msri3tew","previousOperationId":"c62xg74nr7zu8bn"}
{"type":"log","timestamp":1676306897354,"level":"debug","message":"Executing recipe chrome-pdf","meta":{"rootId":"hpuo93lim2n2mfb","id":"hpuo93lim2n2mfb"},"id":"mi52hy2upwdpzgm","previousOperationId":"75tk938msri3tew"}
{"type":"log","timestamp":1676306897361,"level":"debug","message":"Converting with chrome HeadlessChrome/105.0.5173.0 using chrome-pool strategy","meta":{"rootId":"hpuo93lim2n2mfb","id":"hpuo93lim2n2mfb"},"id":"h9te18ztn6ahe5v","previousOperationId":"75tk938msri3tew"}
{"type":"log","timestamp":1676306897501,"level":"debug","message":"Page request: GET (document) file:///C:/Users/josei/AppData/Local/Temp/jsreport/autocleanup/cb283322-34ed-4288-ad1b-f1b16724c725-chrome-pdf.html","meta":{"rootId":"hpuo93lim2n2mfb","id":"hpuo93lim2n2mfb"},"id":"xa847yp6ubpwv9g","previousOperationId":"75tk938msri3tew"}
{"type":"log","timestamp":1676306897516,"level":"debug","message":"Page request finished: GET (document) 200 file:///C:/Users/josei/AppData/Local/Temp/jsreport/autocleanup/cb283322-34ed-4288-ad1b-f1b16724c725-chrome-pdf.html","meta":{"rootId":"hpuo93lim2n2mfb","id":"hpuo93lim2n2mfb"},"id":"xtv835e0kwpbud8","previousOperationId":"75tk938msri3tew"}
{"type":"log","timestamp":1676306897517,"level":"debug","message":"Page request: GET (stylesheet) https://cdnjs.cloudflare.com/ajax/libs/metro/4.1.5/css/metro.min.css","meta":{"rootId":"hpuo93lim2n2mfb","id":"hpuo93lim2n2mfb"},"id":"3amrt5rv8tr1jdr","previousOperationId":"75tk938msri3tew"}
{"type":"log","timestamp":1676306897518,"level":"debug","message":"Page request: GET (script) https://cdn.jsdelivr.net/npm/chart.js","meta":{"rootId":"hpuo93lim2n2mfb","id":"hpuo93lim2n2mfb"},"id":"3rd7ftocv800n7p","previousOperationId":"75tk938msri3tew"}
{"type":"log","timestamp":1676306897548,"level":"debug","message":"Page request finished: GET (stylesheet) 200 https://cdnjs.cloudflare.com/ajax/libs/metro/4.1.5/css/metro.min.css","meta":{"rootId":"hpuo93lim2n2mfb","id":"hpuo93lim2n2mfb"},"id":"ozphoqxc15vocd6","previousOperationId":"75tk938msri3tew"}
{"type":"log","timestamp":1676306897548,"level":"debug","message":"Page request finished: GET (script) 200 https://cdn.jsdelivr.net/npm/chart.js","meta":{"rootId":"hpuo93lim2n2mfb","id":"hpuo93lim2n2mfb"},"id":"r8izntwj9i056l1","previousOperationId":"75tk938msri3tew"}
{"type":"log","timestamp":1676306897563,"level":"debug","message":"(console:error) Invalid scale configuration for scale: yAxes","meta":{"userLevel":true,"rootId":"hpuo93lim2n2mfb","id":"hpuo93lim2n2mfb"},"id":"dqwlwaop7dipbqa","previousOperationId":"75tk938msri3tew"}
{"type":"log","timestamp":1676306897697,"level":"debug","message":"Running chrome with params {\"printBackground\":true,\"timeout\":59733,\"margin\":{}}","meta":{"rootId":"hpuo93lim2n2mfb","id":"hpuo93lim2n2mfb"},"id":"s9hjkn5khpjzmwj","previousOperationId":"75tk938msri3tew"}
{"type":"operationEnd","operationId":"75tk938msri3tew","timestamp":1676306897802,"id":"v56e0ddgfde9xcc","previousEventId":"xhp1cwehzrqq2ih","previousOperationId":"75tk938msri3tew"}
{"type":"log","timestamp":1676306897803,"level":"debug","message":"Skipping storing report.","meta":{"rootId":"hpuo93lim2n2mfb","id":"hpuo93lim2n2mfb"},"id":"bxfp1xu5qn3l2k6","previousOperationId":"75tk938msri3tew"}
{"type":"log","timestamp":1676306897803,"level":"info","message":"Rendering request 89 finished in 710 ms","meta":{"rootId":"hpuo93lim2n2mfb","id":"hpuo93lim2n2mfb"},"id":"1vf99266rba0178","previousOperationId":"75tk938msri3tew"}
{"type":"operationEnd","subtype":"render","operationId":"tdfg5difk3kr1e7","timestamp":1676306897803,"id":"zg8txelsr791rxg","previousEventId":"v56e0ddgfde9xcc","previousOperationId":"75tk938msri3tew"}
{"type":"operationEnd","doDiffs":false,"previousEventId":"j0yaxbrxn32421z","previousOperationId":"om6ko70ilx6xulm","operationId":"om6ko70ilx6xulm","timestamp":1676306897807,"id":"jnil9yqslzn3rtt"}
