{"type":"operationStart","subtype":"profile","data":{"_id":"fyPuZr7VzvTpZB6H","timestamp":"2023-02-13T16:39:48.028Z","state":"queued","mode":"standard","creationDate":"2023-02-13T16:39:48.030Z","modificationDate":"2023-02-13T16:39:48.030Z","shortid":"goQUUKQ","$entitySet":"profiles"},"doDiffs":false,"timestamp":1676306388029,"id":"4z4yw4o8anictyw","previousOperationId":null,"operationId":"vqbikcjfcrjr3f6"}
{"type":"log","level":"info","message":"Render request 63 queued for execution and waiting for available worker","previousOperationId":"vqbikcjfcrjr3f6","timestamp":1676306388029,"id":"ipapn481hlkbe67"}
{"type":"operationStart","subtype":"render","name":"prueba","previousOperationId":"vqbikcjfcrjr3f6","timestamp":1676306388036,"id":"d1aqj1zcvnz52op","previousEventId":"4z4yw4o8anictyw","operationId":"eofwqktp748gsei"}
{"type":"log","timestamp":1676306388036,"level":"info","message":"Starting rendering request 63","meta":{"rootId":"iierexld8hubomw","id":"iierexld8hubomw"},"id":"f2ss861nqjr5rgt","previousOperationId":"eofwqktp748gsei"}
{"type":"log","timestamp":1676306388036,"level":"info","message":"Rendering template { name: prueba, recipe: chrome-pdf, engine: handlebars, preview: true }","meta":{"rootId":"iierexld8hubomw","id":"iierexld8hubomw"},"id":"8abnw4xxlgs4z64","previousOperationId":"eofwqktp748gsei"}
{"type":"log","timestamp":1676306388037,"level":"debug","message":"Data item not defined for this template.","meta":{"rootId":"iierexld8hubomw","id":"iierexld8hubomw"},"id":"rr4oj4bo33sjl8g","previousOperationId":"eofwqktp748gsei"}
{"type":"log","timestamp":1676306388040,"level":"debug","message":"Executing script script (beforeRender)","meta":{"rootId":"iierexld8hubomw","id":"iierexld8hubomw"},"id":"i9i0n5z5llst63w","previousOperationId":"eofwqktp748gsei"}
{"type":"operationStart","subtype":"scriptsBeforeRender","name":"scripts beforeRender","timestamp":1676306388058,"id":"coraf1d8388qebi","previousEventId":"d1aqj1zcvnz52op","operationId":"5vghr08tbmzldjr","previousOperationId":"eofwqktp748gsei"}
{"type":"operationStart","subtype":"script","name":"scripts script","previousOperationId":"5vghr08tbmzldjr","timestamp":1676306388058,"id":"0zlx1vh0ucl14fo","previousEventId":"coraf1d8388qebi","operationId":"2wb5vw2374blo0q"}
{"type":"operationEnd","operationId":"2wb5vw2374blo0q","timestamp":1676306388224,"id":"flh3eow16iaa822","previousEventId":"d1aqj1zcvnz52op","previousOperationId":"eofwqktp748gsei"}
{"type":"operationEnd","operationId":"5vghr08tbmzldjr","timestamp":1676306388224,"id":"fgmthix9rki7jwk","previousEventId":"flh3eow16iaa822","previousOperationId":"eofwqktp748gsei"}
{"type":"log","timestamp":1676306388224,"level":"debug","message":"Base url not specified, skipping its injection.","meta":{"rootId":"iierexld8hubomw","id":"iierexld8hubomw"},"id":"zhfakyjcuflbwhw","previousOperationId":"5vghr08tbmzldjr"}
{"type":"operationStart","subtype":"engine","name":"handlebars","timestamp":1676306388224,"id":"akdv8mpy3j4vygc","previousEventId":"fgmthix9rki7jwk","operationId":"8bsvmkegh38qbxn","previousOperationId":"5vghr08tbmzldjr"}
{"type":"log","timestamp":1676306388224,"level":"debug","message":"Rendering engine handlebars","meta":{"rootId":"iierexld8hubomw","id":"iierexld8hubomw"},"id":"00xh0lbd2ovnb0x","previousOperationId":"8bsvmkegh38qbxn"}
{"type":"operationEnd","operationId":"8bsvmkegh38qbxn","timestamp":1676306388233,"id":"xwj0kj4ao46f0rt","previousEventId":"akdv8mpy3j4vygc","previousOperationId":"8bsvmkegh38qbxn"}
{"type":"operationStart","subtype":"recipe","name":"chrome-pdf","timestamp":1676306388233,"id":"z859ii6mlqk0jj1","previousEventId":"xwj0kj4ao46f0rt","operationId":"tape77azz01usxz","previousOperationId":"8bsvmkegh38qbxn"}
{"type":"log","timestamp":1676306388233,"level":"debug","message":"Executing recipe chrome-pdf","meta":{"rootId":"iierexld8hubomw","id":"iierexld8hubomw"},"id":"oc18fcb850470ey","previousOperationId":"tape77azz01usxz"}
{"type":"log","timestamp":1676306388235,"level":"debug","message":"Converting with chrome HeadlessChrome/105.0.5173.0 using chrome-pool strategy","meta":{"rootId":"iierexld8hubomw","id":"iierexld8hubomw"},"id":"oynsbbp54gusidn","previousOperationId":"tape77azz01usxz"}
{"type":"log","timestamp":1676306388328,"level":"debug","message":"Page request: GET (document) file:///C:/Users/josei/AppData/Local/Temp/jsreport/autocleanup/62369dac-e192-4441-8a93-68898b4f9659-chrome-pdf.html","meta":{"rootId":"iierexld8hubomw","id":"iierexld8hubomw"},"id":"bcklttuesf141px","previousOperationId":"tape77azz01usxz"}
{"type":"log","timestamp":1676306388338,"level":"debug","message":"Page request finished: GET (document) 200 file:///C:/Users/josei/AppData/Local/Temp/jsreport/autocleanup/62369dac-e192-4441-8a93-68898b4f9659-chrome-pdf.html","meta":{"rootId":"iierexld8hubomw","id":"iierexld8hubomw"},"id":"tlpjs0yfcqbb5uk","previousOperationId":"tape77azz01usxz"}
{"type":"log","timestamp":1676306388339,"level":"debug","message":"Page request: GET (stylesheet) https://cdnjs.cloudflare.com/ajax/libs/metro/4.1.5/css/metro.min.css","meta":{"rootId":"iierexld8hubomw","id":"iierexld8hubomw"},"id":"pbtv546stnzsg29","previousOperationId":"tape77azz01usxz"}
{"type":"log","timestamp":1676306388339,"level":"debug","message":"Page request: GET (script) https://cdn.jsdelivr.net/npm/chart.js","meta":{"rootId":"iierexld8hubomw","id":"iierexld8hubomw"},"id":"ir6sdby0akshprd","previousOperationId":"tape77azz01usxz"}
{"type":"log","timestamp":1676306388347,"level":"debug","message":"Page request finished: GET (script) 200 https://cdn.jsdelivr.net/npm/chart.js","meta":{"rootId":"iierexld8hubomw","id":"iierexld8hubomw"},"id":"u3o63p7lkjr6yqb","previousOperationId":"tape77azz01usxz"}
{"type":"log","timestamp":1676306388364,"level":"debug","message":"Page request finished: GET (stylesheet) 200 https://cdnjs.cloudflare.com/ajax/libs/metro/4.1.5/css/metro.min.css","meta":{"rootId":"iierexld8hubomw","id":"iierexld8hubomw"},"id":"sury1kdbnf6i7qa","previousOperationId":"tape77azz01usxz"}
{"type":"log","timestamp":1676306388372,"level":"debug","message":"(console:error) Invalid scale configuration for scale: yAxes","meta":{"userLevel":true,"rootId":"iierexld8hubomw","id":"iierexld8hubomw"},"id":"eb3z4xc3376lp5a","previousOperationId":"tape77azz01usxz"}
{"type":"log","timestamp":1676306388486,"level":"debug","message":"Running chrome with params {\"printBackground\":true,\"timeout\":59794,\"margin\":{}}","meta":{"rootId":"iierexld8hubomw","id":"iierexld8hubomw"},"id":"vaj0hz1lr9udy2r","previousOperationId":"tape77azz01usxz"}
{"type":"operationEnd","operationId":"tape77azz01usxz","timestamp":1676306388586,"id":"mqstbzgf8lwvzf0","previousEventId":"z859ii6mlqk0jj1","previousOperationId":"tape77azz01usxz"}
{"type":"log","timestamp":1676306388586,"level":"debug","message":"Skipping storing report.","meta":{"rootId":"iierexld8hubomw","id":"iierexld8hubomw"},"id":"fjzvccxblvgs1pv","previousOperationId":"tape77azz01usxz"}
{"type":"log","timestamp":1676306388586,"level":"info","message":"Rendering request 63 finished in 558 ms","meta":{"rootId":"iierexld8hubomw","id":"iierexld8hubomw"},"id":"faa9f5sp5v2udow","previousOperationId":"tape77azz01usxz"}
{"type":"operationEnd","subtype":"render","operationId":"eofwqktp748gsei","timestamp":1676306388586,"id":"32x1x5oqdmehsje","previousEventId":"mqstbzgf8lwvzf0","previousOperationId":"tape77azz01usxz"}
{"type":"operationEnd","doDiffs":false,"previousEventId":"4z4yw4o8anictyw","previousOperationId":"vqbikcjfcrjr3f6","operationId":"vqbikcjfcrjr3f6","timestamp":1676306388590,"id":"ez8lqu8hn8r5sfd"}
