{"type":"operationStart","subtype":"profile","data":{"_id":"wPVAg6f7cfjI3LGK","timestamp":"2023-02-09T18:51:37.274Z","state":"queued","mode":"standard","creationDate":"2023-02-09T18:51:37.280Z","modificationDate":"2023-02-09T18:51:37.280Z","shortid":"uNtL5AI","$entitySet":"profiles"},"doDiffs":false,"timestamp":1675968697277,"id":"1qblvh1fz69ld6b","previousOperationId":null,"operationId":"nnbwcice7yk7iad"}
{"type":"log","level":"info","message":"Render request 1 queued for execution and waiting for available worker","previousOperationId":"nnbwcice7yk7iad","timestamp":1675968697279,"id":"vhb1pm3a1k73yxp"}
{"type":"operationStart","subtype":"render","name":"prueba","previousOperationId":"nnbwcice7yk7iad","timestamp":1675968697300,"id":"r6pfo4vojl7a5vo","previousEventId":"1qblvh1fz69ld6b","operationId":"7uu4n724rbvgl21"}
{"type":"log","timestamp":1675968697301,"level":"info","message":"Starting rendering request 1","meta":{"rootId":"iyy6c53hf9skw48","id":"iyy6c53hf9skw48"},"id":"x3littcexl78vlu","previousOperationId":"7uu4n724rbvgl21"}
{"type":"log","timestamp":1675968697302,"level":"info","message":"Rendering template { name: prueba, recipe: chrome-pdf, engine: handlebars, preview: true }","meta":{"rootId":"iyy6c53hf9skw48","id":"iyy6c53hf9skw48"},"id":"vedwyne0tphpr5w","previousOperationId":"7uu4n724rbvgl21"}
{"type":"log","timestamp":1675968697305,"level":"debug","message":"Data item not defined for this template.","meta":{"rootId":"iyy6c53hf9skw48","id":"iyy6c53hf9skw48"},"id":"0gmoirj96rt2szg","previousOperationId":"7uu4n724rbvgl21"}
{"type":"log","timestamp":1675968697312,"level":"debug","message":"Executing script script (beforeRender)","meta":{"rootId":"iyy6c53hf9skw48","id":"iyy6c53hf9skw48"},"id":"6n5xy1mi2850g70","previousOperationId":"7uu4n724rbvgl21"}
{"type":"operationStart","subtype":"scriptsBeforeRender","name":"scripts beforeRender","timestamp":1675968697628,"id":"mqad24tylcwp54s","previousEventId":"r6pfo4vojl7a5vo","operationId":"8myxeqh4xx3nnux","previousOperationId":"7uu4n724rbvgl21"}
{"type":"operationStart","subtype":"script","name":"scripts script","previousOperationId":"8myxeqh4xx3nnux","timestamp":1675968697628,"id":"0k8szi5a9wyzw4n","previousEventId":"mqad24tylcwp54s","operationId":"bo0ww59u9kuuu20"}
{"type":"operationEnd","operationId":"bo0ww59u9kuuu20","timestamp":1675968697866,"id":"y62pqkv52ubp6cy","previousEventId":"r6pfo4vojl7a5vo","previousOperationId":"7uu4n724rbvgl21"}
{"type":"operationEnd","operationId":"8myxeqh4xx3nnux","timestamp":1675968697866,"id":"0vra7rupbb23byg","previousEventId":"y62pqkv52ubp6cy","previousOperationId":"7uu4n724rbvgl21"}
{"type":"log","timestamp":1675968697866,"level":"debug","message":"Base url not specified, skipping its injection.","meta":{"rootId":"iyy6c53hf9skw48","id":"iyy6c53hf9skw48"},"id":"lfq95tr5w4zp0nl","previousOperationId":"8myxeqh4xx3nnux"}
{"type":"operationStart","subtype":"engine","name":"handlebars","timestamp":1675968697867,"id":"7tg26lnj5o1rdn2","previousEventId":"0vra7rupbb23byg","operationId":"8eijqn6pb1ndq5v","previousOperationId":"8myxeqh4xx3nnux"}
{"type":"log","timestamp":1675968697867,"level":"debug","message":"Rendering engine handlebars","meta":{"rootId":"iyy6c53hf9skw48","id":"iyy6c53hf9skw48"},"id":"19cdxmeq25uw0e6","previousOperationId":"8eijqn6pb1ndq5v"}
{"type":"operationEnd","operationId":"8eijqn6pb1ndq5v","timestamp":1675968698197,"id":"78qmcf6jieku76s","previousEventId":"7tg26lnj5o1rdn2","previousOperationId":"8eijqn6pb1ndq5v"}
{"type":"operationStart","subtype":"recipe","name":"chrome-pdf","timestamp":1675968698198,"id":"eetoerszxuz43ee","previousEventId":"78qmcf6jieku76s","operationId":"r15zfm846rtsx8t","previousOperationId":"8eijqn6pb1ndq5v"}
{"type":"log","timestamp":1675968698198,"level":"debug","message":"Executing recipe chrome-pdf","meta":{"rootId":"iyy6c53hf9skw48","id":"iyy6c53hf9skw48"},"id":"x9gube2zdp99tm9","previousOperationId":"r15zfm846rtsx8t"}
{"type":"log","timestamp":1675968699366,"level":"debug","message":"Converting with chrome HeadlessChrome/105.0.5173.0 using chrome-pool strategy","meta":{"rootId":"iyy6c53hf9skw48","id":"iyy6c53hf9skw48"},"id":"m1ifq66npizxxrt","previousOperationId":"r15zfm846rtsx8t"}
{"type":"log","timestamp":1675968699805,"level":"debug","message":"Page request: GET (document) file:///C:/Users/josei/AppData/Local/Temp/jsreport/autocleanup/26a048ea-6005-457b-b669-b7dbe2c0966d-chrome-pdf.html","meta":{"rootId":"iyy6c53hf9skw48","id":"iyy6c53hf9skw48"},"id":"gh7gt9smq5px08j","previousOperationId":"r15zfm846rtsx8t"}
{"type":"log","timestamp":1675968699829,"level":"debug","message":"Page request finished: GET (document) 200 file:///C:/Users/josei/AppData/Local/Temp/jsreport/autocleanup/26a048ea-6005-457b-b669-b7dbe2c0966d-chrome-pdf.html","meta":{"rootId":"iyy6c53hf9skw48","id":"iyy6c53hf9skw48"},"id":"y04rdfo13vlwadm","previousOperationId":"r15zfm846rtsx8t"}
{"type":"log","timestamp":1675968699829,"level":"debug","message":"Page request: GET (stylesheet) https://cdnjs.cloudflare.com/ajax/libs/metro/4.1.5/css/metro.min.css","meta":{"rootId":"iyy6c53hf9skw48","id":"iyy6c53hf9skw48"},"id":"x9f4yf774oaeuh2","previousOperationId":"r15zfm846rtsx8t"}
{"type":"log","timestamp":1675968699830,"level":"debug","message":"Page request: GET (script) https://cdn.jsdelivr.net/npm/chart.js","meta":{"rootId":"iyy6c53hf9skw48","id":"iyy6c53hf9skw48"},"id":"yhw7j34dvcwhr2e","previousOperationId":"r15zfm846rtsx8t"}
{"type":"log","timestamp":1675968702397,"level":"debug","message":"Page request finished: GET (stylesheet) 200 https://cdnjs.cloudflare.com/ajax/libs/metro/4.1.5/css/metro.min.css","meta":{"rootId":"iyy6c53hf9skw48","id":"iyy6c53hf9skw48"},"id":"b048oij5pbopqq2","previousOperationId":"r15zfm846rtsx8t"}
{"type":"log","timestamp":1675968702397,"level":"debug","message":"Page request finished: GET (script) 200 https://cdn.jsdelivr.net/npm/chart.js","meta":{"rootId":"iyy6c53hf9skw48","id":"iyy6c53hf9skw48"},"id":"l7h0f87phfyszke","previousOperationId":"r15zfm846rtsx8t"}
{"type":"log","timestamp":1675968702431,"level":"debug","message":"Running chrome with params {\"printBackground\":true,\"timeout\":58935,\"margin\":{}}","meta":{"rootId":"iyy6c53hf9skw48","id":"iyy6c53hf9skw48"},"id":"qk90s2a2im97q08","previousOperationId":"r15zfm846rtsx8t"}
{"type":"operationEnd","operationId":"r15zfm846rtsx8t","timestamp":1675968702499,"id":"pl6rkfpakio54f9","previousEventId":"eetoerszxuz43ee","previousOperationId":"r15zfm846rtsx8t"}
{"type":"log","timestamp":1675968702500,"level":"debug","message":"Skipping storing report.","meta":{"rootId":"iyy6c53hf9skw48","id":"iyy6c53hf9skw48"},"id":"qypz7btkcm0v71s","previousOperationId":"r15zfm846rtsx8t"}
{"type":"log","timestamp":1675968702500,"level":"info","message":"Rendering request 1 finished in 5227 ms","meta":{"rootId":"iyy6c53hf9skw48","id":"iyy6c53hf9skw48"},"id":"yrtq0qcqu58y6ty","previousOperationId":"r15zfm846rtsx8t"}
{"type":"operationEnd","subtype":"render","operationId":"7uu4n724rbvgl21","timestamp":1675968702500,"id":"njou0xdq6qxez8s","previousEventId":"pl6rkfpakio54f9","previousOperationId":"r15zfm846rtsx8t"}
{"type":"operationEnd","doDiffs":false,"previousEventId":"1qblvh1fz69ld6b","previousOperationId":"nnbwcice7yk7iad","operationId":"nnbwcice7yk7iad","timestamp":1675968702508,"id":"2r4q179ql4ccwtz"}
