{"type":"operationStart","subtype":"profile","data":{"_id":"GwADiLztJl41brMy","timestamp":"2023-02-13T16:44:43.598Z","state":"queued","mode":"standard","creationDate":"2023-02-13T16:44:43.600Z","modificationDate":"2023-02-13T16:44:43.600Z","shortid":"2fjLGsi","$entitySet":"profiles"},"doDiffs":false,"timestamp":1676306683600,"id":"llaj5fh3u0slonv","previousOperationId":null,"operationId":"9g0jl489d7xketn"}
{"type":"log","level":"info","message":"Render request 77 queued for execution and waiting for available worker","previousOperationId":"9g0jl489d7xketn","timestamp":1676306683600,"id":"1rgaruurv4t5li3"}
{"type":"operationStart","subtype":"render","name":"prueba","previousOperationId":"9g0jl489d7xketn","timestamp":1676306683608,"id":"ux34tq4h65vs9x2","previousEventId":"llaj5fh3u0slonv","operationId":"leadcl7xtqyxmix"}
{"type":"log","timestamp":1676306683608,"level":"info","message":"Starting rendering request 77","meta":{"rootId":"j1tlv9vcb90kl0h","id":"j1tlv9vcb90kl0h"},"id":"b1j8sbty7o5ssnj","previousOperationId":"leadcl7xtqyxmix"}
{"type":"log","timestamp":1676306683608,"level":"info","message":"Rendering template { name: prueba, recipe: chrome-pdf, engine: handlebars, preview: true }","meta":{"rootId":"j1tlv9vcb90kl0h","id":"j1tlv9vcb90kl0h"},"id":"o3yrc7dmju1gwhs","previousOperationId":"leadcl7xtqyxmix"}
{"type":"log","timestamp":1676306683609,"level":"debug","message":"Data item not defined for this template.","meta":{"rootId":"j1tlv9vcb90kl0h","id":"j1tlv9vcb90kl0h"},"id":"q2f1ixy259xwmal","previousOperationId":"leadcl7xtqyxmix"}
{"type":"log","timestamp":1676306683612,"level":"debug","message":"Executing script script (beforeRender)","meta":{"rootId":"j1tlv9vcb90kl0h","id":"j1tlv9vcb90kl0h"},"id":"ogsithgn06ajc3z","previousOperationId":"leadcl7xtqyxmix"}
{"type":"operationStart","subtype":"scriptsBeforeRender","name":"scripts beforeRender","timestamp":1676306683633,"id":"tlx96thj66z4o3b","previousEventId":"ux34tq4h65vs9x2","operationId":"my5sor0kxceabix","previousOperationId":"leadcl7xtqyxmix"}
{"type":"operationStart","subtype":"script","name":"scripts script","previousOperationId":"my5sor0kxceabix","timestamp":1676306683633,"id":"i024fltgxfiql5d","previousEventId":"tlx96thj66z4o3b","operationId":"5rkwbjth8zilzb9"}
{"type":"operationEnd","operationId":"5rkwbjth8zilzb9","timestamp":1676306683785,"id":"ql5jxcz8afahvfu","previousEventId":"ux34tq4h65vs9x2","previousOperationId":"leadcl7xtqyxmix"}
{"type":"operationEnd","operationId":"my5sor0kxceabix","timestamp":1676306683785,"id":"jhjdx3va1sqwr06","previousEventId":"ql5jxcz8afahvfu","previousOperationId":"leadcl7xtqyxmix"}
{"type":"log","timestamp":1676306683785,"level":"debug","message":"Base url not specified, skipping its injection.","meta":{"rootId":"j1tlv9vcb90kl0h","id":"j1tlv9vcb90kl0h"},"id":"4ylvl2w6rqc8bwo","previousOperationId":"my5sor0kxceabix"}
{"type":"operationStart","subtype":"engine","name":"handlebars","timestamp":1676306683786,"id":"9szivzhndm0jvwd","previousEventId":"jhjdx3va1sqwr06","operationId":"afhlf7wmq2ymg5n","previousOperationId":"my5sor0kxceabix"}
{"type":"log","timestamp":1676306683786,"level":"debug","message":"Rendering engine handlebars","meta":{"rootId":"j1tlv9vcb90kl0h","id":"j1tlv9vcb90kl0h"},"id":"6tzdbjyagua0jre","previousOperationId":"afhlf7wmq2ymg5n"}
{"type":"operationEnd","operationId":"afhlf7wmq2ymg5n","timestamp":1676306683798,"id":"qzod5pxtf1ujz75","previousEventId":"9szivzhndm0jvwd","previousOperationId":"afhlf7wmq2ymg5n"}
{"type":"operationStart","subtype":"recipe","name":"chrome-pdf","timestamp":1676306683799,"id":"ran6xy8v8go337w","previousEventId":"qzod5pxtf1ujz75","operationId":"yum7htk6igme5kw","previousOperationId":"afhlf7wmq2ymg5n"}
{"type":"log","timestamp":1676306683799,"level":"debug","message":"Executing recipe chrome-pdf","meta":{"rootId":"j1tlv9vcb90kl0h","id":"j1tlv9vcb90kl0h"},"id":"8om4avq1o5zr0mr","previousOperationId":"yum7htk6igme5kw"}
{"type":"log","timestamp":1676306683801,"level":"debug","message":"Converting with chrome HeadlessChrome/105.0.5173.0 using chrome-pool strategy","meta":{"rootId":"j1tlv9vcb90kl0h","id":"j1tlv9vcb90kl0h"},"id":"d5d6c7lq9ob7kf8","previousOperationId":"yum7htk6igme5kw"}
{"type":"log","timestamp":1676306683896,"level":"debug","message":"Page request: GET (document) file:///C:/Users/josei/AppData/Local/Temp/jsreport/autocleanup/136e7bcc-0b79-4049-941d-da099fb0fd51-chrome-pdf.html","meta":{"rootId":"j1tlv9vcb90kl0h","id":"j1tlv9vcb90kl0h"},"id":"fqvplsgc86811sd","previousOperationId":"yum7htk6igme5kw"}
{"type":"log","timestamp":1676306683919,"level":"debug","message":"Page request finished: GET (document) 200 file:///C:/Users/josei/AppData/Local/Temp/jsreport/autocleanup/136e7bcc-0b79-4049-941d-da099fb0fd51-chrome-pdf.html","meta":{"rootId":"j1tlv9vcb90kl0h","id":"j1tlv9vcb90kl0h"},"id":"7glkml2syx95w3a","previousOperationId":"yum7htk6igme5kw"}
{"type":"log","timestamp":1676306683919,"level":"debug","message":"Page request: GET (stylesheet) https://cdnjs.cloudflare.com/ajax/libs/metro/4.1.5/css/metro.min.css","meta":{"rootId":"j1tlv9vcb90kl0h","id":"j1tlv9vcb90kl0h"},"id":"cuo244lyjgotvmw","previousOperationId":"yum7htk6igme5kw"}
{"type":"log","timestamp":1676306683920,"level":"debug","message":"Page request: GET (script) https://cdn.jsdelivr.net/npm/chart.js","meta":{"rootId":"j1tlv9vcb90kl0h","id":"j1tlv9vcb90kl0h"},"id":"dspx9rplem5mklt","previousOperationId":"yum7htk6igme5kw"}
{"type":"log","timestamp":1676306683927,"level":"debug","message":"Page request finished: GET (script) 200 https://cdn.jsdelivr.net/npm/chart.js","meta":{"rootId":"j1tlv9vcb90kl0h","id":"j1tlv9vcb90kl0h"},"id":"j1hx3n00f3ycxjh","previousOperationId":"yum7htk6igme5kw"}
{"type":"log","timestamp":1676306683944,"level":"debug","message":"Page request finished: GET (stylesheet) 200 https://cdnjs.cloudflare.com/ajax/libs/metro/4.1.5/css/metro.min.css","meta":{"rootId":"j1tlv9vcb90kl0h","id":"j1tlv9vcb90kl0h"},"id":"hog9yghf771f63r","previousOperationId":"yum7htk6igme5kw"}
{"type":"log","timestamp":1676306683950,"level":"debug","message":"(console:error) Invalid scale configuration for scale: yAxes","meta":{"userLevel":true,"rootId":"j1tlv9vcb90kl0h","id":"j1tlv9vcb90kl0h"},"id":"cnntc9ctphqncur","previousOperationId":"yum7htk6igme5kw"}
{"type":"log","timestamp":1676306684061,"level":"debug","message":"Running chrome with params {\"printBackground\":true,\"timeout\":59798,\"margin\":{}}","meta":{"rootId":"j1tlv9vcb90kl0h","id":"j1tlv9vcb90kl0h"},"id":"nk8zu8mz6hmcalg","previousOperationId":"yum7htk6igme5kw"}
{"type":"operationEnd","operationId":"yum7htk6igme5kw","timestamp":1676306684153,"id":"nu65ee5uxh14jiu","previousEventId":"ran6xy8v8go337w","previousOperationId":"yum7htk6igme5kw"}
{"type":"log","timestamp":1676306684153,"level":"debug","message":"Skipping storing report.","meta":{"rootId":"j1tlv9vcb90kl0h","id":"j1tlv9vcb90kl0h"},"id":"8cls3cxibht059f","previousOperationId":"yum7htk6igme5kw"}
{"type":"log","timestamp":1676306684153,"level":"info","message":"Rendering request 77 finished in 555 ms","meta":{"rootId":"j1tlv9vcb90kl0h","id":"j1tlv9vcb90kl0h"},"id":"8x2yoz01r4qg6v2","previousOperationId":"yum7htk6igme5kw"}
{"type":"operationEnd","subtype":"render","operationId":"leadcl7xtqyxmix","timestamp":1676306684153,"id":"6crwra68tdqn627","previousEventId":"nu65ee5uxh14jiu","previousOperationId":"yum7htk6igme5kw"}
{"type":"operationEnd","doDiffs":false,"previousEventId":"llaj5fh3u0slonv","previousOperationId":"9g0jl489d7xketn","operationId":"9g0jl489d7xketn","timestamp":1676306684159,"id":"k1eqpj2b3yg10ai"}
