{"type":"operationStart","subtype":"profile","data":{"_id":"UDQsPO6eeuUxysMu","timestamp":"2023-02-13T16:18:20.630Z","state":"queued","mode":"standard","creationDate":"2023-02-13T16:18:20.631Z","modificationDate":"2023-02-13T16:18:20.631Z","shortid":"6rV3BIV","$entitySet":"profiles"},"doDiffs":false,"timestamp":1676305100630,"id":"kudd8j938st5zvr","previousOperationId":null,"operationId":"8npocob6hwprufp"}
{"type":"log","level":"info","message":"Render request 36 queued for execution and waiting for available worker","previousOperationId":"8npocob6hwprufp","timestamp":1676305100631,"id":"0cw3ko9zdwd3u6l"}
{"type":"operationStart","subtype":"render","name":"prueba","previousOperationId":"8npocob6hwprufp","timestamp":1676305100641,"id":"x0j3vb7n1fh7d1r","previousEventId":"kudd8j938st5zvr","operationId":"j8it7fnjtzcux27"}
{"type":"log","timestamp":1676305100641,"level":"info","message":"Starting rendering request 36","meta":{"rootId":"jcirydvtk2lsdi3","id":"jcirydvtk2lsdi3"},"id":"9giqcxx1uh6ezan","previousOperationId":"j8it7fnjtzcux27"}
{"type":"log","timestamp":1676305100642,"level":"info","message":"Rendering template { name: prueba, recipe: chrome-pdf, engine: handlebars, preview: true }","meta":{"rootId":"jcirydvtk2lsdi3","id":"jcirydvtk2lsdi3"},"id":"rv7iipazfusbi8y","previousOperationId":"j8it7fnjtzcux27"}
{"type":"log","timestamp":1676305100645,"level":"debug","message":"Data item not defined for this template.","meta":{"rootId":"jcirydvtk2lsdi3","id":"jcirydvtk2lsdi3"},"id":"9yg3f1zx6n982o6","previousOperationId":"j8it7fnjtzcux27"}
{"type":"log","timestamp":1676305100647,"level":"debug","message":"Executing script script (beforeRender)","meta":{"rootId":"jcirydvtk2lsdi3","id":"jcirydvtk2lsdi3"},"id":"3v9tf3xjvoxjpy7","previousOperationId":"j8it7fnjtzcux27"}
{"type":"operationStart","subtype":"scriptsBeforeRender","name":"scripts beforeRender","timestamp":1676305100682,"id":"4q3zvct5dzjzhsv","previousEventId":"x0j3vb7n1fh7d1r","operationId":"ibrlpohjns9vm72","previousOperationId":"j8it7fnjtzcux27"}
{"type":"operationStart","subtype":"script","name":"scripts script","previousOperationId":"ibrlpohjns9vm72","timestamp":1676305100682,"id":"fhdq0fle7nopcoj","previousEventId":"4q3zvct5dzjzhsv","operationId":"j8c9shm91o3xtor"}
{"type":"operationEnd","operationId":"j8c9shm91o3xtor","timestamp":1676305100898,"id":"1er8rs2qtk4v2r6","previousEventId":"x0j3vb7n1fh7d1r","previousOperationId":"j8it7fnjtzcux27"}
{"type":"operationEnd","operationId":"ibrlpohjns9vm72","timestamp":1676305100898,"id":"6v9z0ghqmxkp07z","previousEventId":"1er8rs2qtk4v2r6","previousOperationId":"j8it7fnjtzcux27"}
{"type":"log","timestamp":1676305100898,"level":"debug","message":"Base url not specified, skipping its injection.","meta":{"rootId":"jcirydvtk2lsdi3","id":"jcirydvtk2lsdi3"},"id":"tpyw5xzva1nrhdz","previousOperationId":"ibrlpohjns9vm72"}
{"type":"operationStart","subtype":"engine","name":"handlebars","timestamp":1676305100898,"id":"wriwyt60sosc312","previousEventId":"6v9z0ghqmxkp07z","operationId":"cfioktew6rn7ic5","previousOperationId":"ibrlpohjns9vm72"}
{"type":"log","timestamp":1676305100898,"level":"debug","message":"Rendering engine handlebars","meta":{"rootId":"jcirydvtk2lsdi3","id":"jcirydvtk2lsdi3"},"id":"qbuvumvhir8slxn","previousOperationId":"cfioktew6rn7ic5"}
{"type":"operationEnd","operationId":"cfioktew6rn7ic5","timestamp":1676305100908,"id":"ein3bfz0e241kmu","previousEventId":"wriwyt60sosc312","previousOperationId":"cfioktew6rn7ic5"}
{"type":"operationStart","subtype":"recipe","name":"chrome-pdf","timestamp":1676305100908,"id":"pa8ovlt5bq34el2","previousEventId":"ein3bfz0e241kmu","operationId":"aaxz1e3d2z7w4oo","previousOperationId":"cfioktew6rn7ic5"}
{"type":"log","timestamp":1676305100908,"level":"debug","message":"Executing recipe chrome-pdf","meta":{"rootId":"jcirydvtk2lsdi3","id":"jcirydvtk2lsdi3"},"id":"e4n617av9pi0q8q","previousOperationId":"aaxz1e3d2z7w4oo"}
{"type":"log","timestamp":1676305100913,"level":"debug","message":"Converting with chrome HeadlessChrome/105.0.5173.0 using chrome-pool strategy","meta":{"rootId":"jcirydvtk2lsdi3","id":"jcirydvtk2lsdi3"},"id":"0h1bvd6ogfe0418","previousOperationId":"aaxz1e3d2z7w4oo"}
{"type":"log","timestamp":1676305101006,"level":"debug","message":"Page request: GET (document) file:///C:/Users/josei/AppData/Local/Temp/jsreport/autocleanup/394407d6-28fa-4d26-8d2f-662e37c4671a-chrome-pdf.html","meta":{"rootId":"jcirydvtk2lsdi3","id":"jcirydvtk2lsdi3"},"id":"a2olo8dbizzeoho","previousOperationId":"aaxz1e3d2z7w4oo"}
{"type":"log","timestamp":1676305101029,"level":"debug","message":"Page request finished: GET (document) 200 file:///C:/Users/josei/AppData/Local/Temp/jsreport/autocleanup/394407d6-28fa-4d26-8d2f-662e37c4671a-chrome-pdf.html","meta":{"rootId":"jcirydvtk2lsdi3","id":"jcirydvtk2lsdi3"},"id":"nlnfmc2mnvw426s","previousOperationId":"aaxz1e3d2z7w4oo"}
{"type":"log","timestamp":1676305101029,"level":"debug","message":"Page request: GET (stylesheet) https://cdnjs.cloudflare.com/ajax/libs/metro/4.1.5/css/metro.min.css","meta":{"rootId":"jcirydvtk2lsdi3","id":"jcirydvtk2lsdi3"},"id":"e6azdybj6rxpoaw","previousOperationId":"aaxz1e3d2z7w4oo"}
{"type":"log","timestamp":1676305101029,"level":"debug","message":"Page request: GET (script) https://cdn.jsdelivr.net/npm/chart.js","meta":{"rootId":"jcirydvtk2lsdi3","id":"jcirydvtk2lsdi3"},"id":"ctmj7yjcomu7knc","previousOperationId":"aaxz1e3d2z7w4oo"}
{"type":"log","timestamp":1676305101036,"level":"debug","message":"Page request finished: GET (script) 200 https://cdn.jsdelivr.net/npm/chart.js","meta":{"rootId":"jcirydvtk2lsdi3","id":"jcirydvtk2lsdi3"},"id":"7v7hihuiwsdpenn","previousOperationId":"aaxz1e3d2z7w4oo"}
{"type":"log","timestamp":1676305101054,"level":"debug","message":"Page request finished: GET (stylesheet) 200 https://cdnjs.cloudflare.com/ajax/libs/metro/4.1.5/css/metro.min.css","meta":{"rootId":"jcirydvtk2lsdi3","id":"jcirydvtk2lsdi3"},"id":"kqzzz779wtjyqc5","previousOperationId":"aaxz1e3d2z7w4oo"}
{"type":"log","timestamp":1676305101163,"level":"debug","message":"Running chrome with params {\"printBackground\":true,\"timeout\":59720,\"margin\":{}}","meta":{"rootId":"jcirydvtk2lsdi3","id":"jcirydvtk2lsdi3"},"id":"pkk4tuuxx5zw5sb","previousOperationId":"aaxz1e3d2z7w4oo"}
{"type":"operationEnd","operationId":"aaxz1e3d2z7w4oo","timestamp":1676305101239,"id":"uwalq902frumq23","previousEventId":"pa8ovlt5bq34el2","previousOperationId":"aaxz1e3d2z7w4oo"}
{"type":"log","timestamp":1676305101239,"level":"debug","message":"Skipping storing report.","meta":{"rootId":"jcirydvtk2lsdi3","id":"jcirydvtk2lsdi3"},"id":"zkqp5w3w00nbwnl","previousOperationId":"aaxz1e3d2z7w4oo"}
{"type":"log","timestamp":1676305101239,"level":"info","message":"Rendering request 36 finished in 609 ms","meta":{"rootId":"jcirydvtk2lsdi3","id":"jcirydvtk2lsdi3"},"id":"m5wb6vhsc4j0kra","previousOperationId":"aaxz1e3d2z7w4oo"}
{"type":"operationEnd","subtype":"render","operationId":"j8it7fnjtzcux27","timestamp":1676305101239,"id":"9ynwj0yre6lytw5","previousEventId":"uwalq902frumq23","previousOperationId":"aaxz1e3d2z7w4oo"}
{"type":"operationEnd","doDiffs":false,"previousEventId":"kudd8j938st5zvr","previousOperationId":"8npocob6hwprufp","operationId":"8npocob6hwprufp","timestamp":1676305101243,"id":"mgd7uwh5ehv3qks"}
