{"type":"operationStart","subtype":"profile","data":{"_id":"tsdalSrqleVNTuqU","timestamp":"2023-02-13T16:00:32.007Z","state":"queued","mode":"standard","creationDate":"2023-02-13T16:00:32.010Z","modificationDate":"2023-02-13T16:00:32.010Z","shortid":"nV8xj7m","$entitySet":"profiles"},"doDiffs":false,"timestamp":1676304032009,"id":"8jtc4kdqsqe1dww","previousOperationId":null,"operationId":"c6n1ubhkku2lis4"}
{"type":"log","level":"info","message":"Render request 9 queued for execution and waiting for available worker","previousOperationId":"c6n1ubhkku2lis4","timestamp":1676304032009,"id":"029n2i5zsfa1r4f"}
{"type":"operationStart","subtype":"render","name":"prueba","previousOperationId":"c6n1ubhkku2lis4","timestamp":1676304032021,"id":"jg73aasuek0uqa4","previousEventId":"8jtc4kdqsqe1dww","operationId":"s85jsncvueecds3"}
{"type":"log","timestamp":1676304032021,"level":"info","message":"Starting rendering request 9","meta":{"rootId":"jhz5m6zzl3ja2lw","id":"jhz5m6zzl3ja2lw"},"id":"e2j85ki3vs2cca8","previousOperationId":"s85jsncvueecds3"}
{"type":"log","timestamp":1676304032021,"level":"info","message":"Rendering template { name: prueba, recipe: chrome-pdf, engine: handlebars, preview: true }","meta":{"rootId":"jhz5m6zzl3ja2lw","id":"jhz5m6zzl3ja2lw"},"id":"rov9qn62gc2rpt9","previousOperationId":"s85jsncvueecds3"}
{"type":"log","timestamp":1676304032023,"level":"debug","message":"Data item not defined for this template.","meta":{"rootId":"jhz5m6zzl3ja2lw","id":"jhz5m6zzl3ja2lw"},"id":"h31wxu41713f4vn","previousOperationId":"s85jsncvueecds3"}
{"type":"log","timestamp":1676304032026,"level":"debug","message":"Executing script script (beforeRender)","meta":{"rootId":"jhz5m6zzl3ja2lw","id":"jhz5m6zzl3ja2lw"},"id":"glx3kfvul64o41u","previousOperationId":"s85jsncvueecds3"}
{"type":"operationStart","subtype":"scriptsBeforeRender","name":"scripts beforeRender","timestamp":1676304032045,"id":"7rcvrau27b8ktam","previousEventId":"jg73aasuek0uqa4","operationId":"p7021mdjmjhqry4","previousOperationId":"s85jsncvueecds3"}
{"type":"operationStart","subtype":"script","name":"scripts script","previousOperationId":"p7021mdjmjhqry4","timestamp":1676304032045,"id":"pogn8961isft99z","previousEventId":"7rcvrau27b8ktam","operationId":"xva375cdyb3tc05"}
{"type":"operationEnd","operationId":"xva375cdyb3tc05","timestamp":1676304032227,"id":"nhnd03gmcnf7e7o","previousEventId":"jg73aasuek0uqa4","previousOperationId":"s85jsncvueecds3"}
{"type":"operationEnd","operationId":"p7021mdjmjhqry4","timestamp":1676304032227,"id":"dt0vnt013077s8q","previousEventId":"nhnd03gmcnf7e7o","previousOperationId":"s85jsncvueecds3"}
{"type":"log","timestamp":1676304032227,"level":"debug","message":"Base url not specified, skipping its injection.","meta":{"rootId":"jhz5m6zzl3ja2lw","id":"jhz5m6zzl3ja2lw"},"id":"h9iahbbxte3gbn3","previousOperationId":"p7021mdjmjhqry4"}
{"type":"operationStart","subtype":"engine","name":"handlebars","timestamp":1676304032227,"id":"6lf0bawwmlqlaq9","previousEventId":"dt0vnt013077s8q","operationId":"p8oz1v4mxnk8e1i","previousOperationId":"p7021mdjmjhqry4"}
{"type":"log","timestamp":1676304032227,"level":"debug","message":"Rendering engine handlebars","meta":{"rootId":"jhz5m6zzl3ja2lw","id":"jhz5m6zzl3ja2lw"},"id":"tdzuqdza9p8enbf","previousOperationId":"p8oz1v4mxnk8e1i"}
{"type":"operationEnd","operationId":"p8oz1v4mxnk8e1i","timestamp":1676304032243,"id":"d49ugnfi210k2no","previousEventId":"6lf0bawwmlqlaq9","previousOperationId":"p8oz1v4mxnk8e1i"}
{"type":"operationStart","subtype":"recipe","name":"chrome-pdf","timestamp":1676304032244,"id":"ejv0cwff9unzzoy","previousEventId":"d49ugnfi210k2no","operationId":"m3maq1umnvq6wi2","previousOperationId":"p8oz1v4mxnk8e1i"}
{"type":"log","timestamp":1676304032244,"level":"debug","message":"Executing recipe chrome-pdf","meta":{"rootId":"jhz5m6zzl3ja2lw","id":"jhz5m6zzl3ja2lw"},"id":"os60xmkv1jpilkx","previousOperationId":"m3maq1umnvq6wi2"}
{"type":"log","timestamp":1676304032246,"level":"debug","message":"Converting with chrome HeadlessChrome/105.0.5173.0 using chrome-pool strategy","meta":{"rootId":"jhz5m6zzl3ja2lw","id":"jhz5m6zzl3ja2lw"},"id":"brgo4x6uhvzdlp1","previousOperationId":"m3maq1umnvq6wi2"}
{"type":"log","timestamp":1676304032393,"level":"debug","message":"Page request: GET (document) file:///C:/Users/josei/AppData/Local/Temp/jsreport/autocleanup/8c96a976-02e8-4d2a-bfab-c38fe4e99871-chrome-pdf.html","meta":{"rootId":"jhz5m6zzl3ja2lw","id":"jhz5m6zzl3ja2lw"},"id":"f07sd6um1ts0df8","previousOperationId":"m3maq1umnvq6wi2"}
{"type":"log","timestamp":1676304032437,"level":"debug","message":"Page request finished: GET (document) 200 file:///C:/Users/josei/AppData/Local/Temp/jsreport/autocleanup/8c96a976-02e8-4d2a-bfab-c38fe4e99871-chrome-pdf.html","meta":{"rootId":"jhz5m6zzl3ja2lw","id":"jhz5m6zzl3ja2lw"},"id":"9rtkahdarj93ij4","previousOperationId":"m3maq1umnvq6wi2"}
{"type":"log","timestamp":1676304032437,"level":"debug","message":"Page request: GET (stylesheet) https://cdnjs.cloudflare.com/ajax/libs/metro/4.1.5/css/metro.min.css","meta":{"rootId":"jhz5m6zzl3ja2lw","id":"jhz5m6zzl3ja2lw"},"id":"rjyu3x8f9irqnwk","previousOperationId":"m3maq1umnvq6wi2"}
{"type":"log","timestamp":1676304032437,"level":"debug","message":"Page request: GET (script) https://cdn.jsdelivr.net/npm/chart.js","meta":{"rootId":"jhz5m6zzl3ja2lw","id":"jhz5m6zzl3ja2lw"},"id":"mqvq8cnoe9d2tbi","previousOperationId":"m3maq1umnvq6wi2"}
{"type":"log","timestamp":1676304032453,"level":"debug","message":"Page request finished: GET (script) 200 https://cdn.jsdelivr.net/npm/chart.js","meta":{"rootId":"jhz5m6zzl3ja2lw","id":"jhz5m6zzl3ja2lw"},"id":"y2ulyqayn4exk3p","previousOperationId":"m3maq1umnvq6wi2"}
{"type":"log","timestamp":1676304032472,"level":"debug","message":"Page request finished: GET (stylesheet) 200 https://cdnjs.cloudflare.com/ajax/libs/metro/4.1.5/css/metro.min.css","meta":{"rootId":"jhz5m6zzl3ja2lw","id":"jhz5m6zzl3ja2lw"},"id":"q0jycqd9xtfeajw","previousOperationId":"m3maq1umnvq6wi2"}
{"type":"log","timestamp":1676304032478,"level":"debug","message":"(console:error) Invalid scale configuration for scale: yAxes","meta":{"userLevel":true,"rootId":"jhz5m6zzl3ja2lw","id":"jhz5m6zzl3ja2lw"},"id":"w3m1ug8agpwh7yj","previousOperationId":"m3maq1umnvq6wi2"}
{"type":"log","timestamp":1676304032588,"level":"debug","message":"Running chrome with params {\"printBackground\":true,\"timeout\":59762,\"margin\":{}}","meta":{"rootId":"jhz5m6zzl3ja2lw","id":"jhz5m6zzl3ja2lw"},"id":"g9vxduuazhby344","previousOperationId":"m3maq1umnvq6wi2"}
{"type":"operationEnd","operationId":"m3maq1umnvq6wi2","timestamp":1676304032671,"id":"ewsr44qyho496bl","previousEventId":"ejv0cwff9unzzoy","previousOperationId":"m3maq1umnvq6wi2"}
{"type":"log","timestamp":1676304032671,"level":"debug","message":"Skipping storing report.","meta":{"rootId":"jhz5m6zzl3ja2lw","id":"jhz5m6zzl3ja2lw"},"id":"d8gc7e3jdb5zxdd","previousOperationId":"m3maq1umnvq6wi2"}
{"type":"log","timestamp":1676304032671,"level":"info","message":"Rendering request 9 finished in 664 ms","meta":{"rootId":"jhz5m6zzl3ja2lw","id":"jhz5m6zzl3ja2lw"},"id":"ygrwaj86y54ppda","previousOperationId":"m3maq1umnvq6wi2"}
{"type":"operationEnd","subtype":"render","operationId":"s85jsncvueecds3","timestamp":1676304032671,"id":"ex7i7o8cmhyo5kt","previousEventId":"ewsr44qyho496bl","previousOperationId":"m3maq1umnvq6wi2"}
{"type":"operationEnd","doDiffs":false,"previousEventId":"8jtc4kdqsqe1dww","previousOperationId":"c6n1ubhkku2lis4","operationId":"c6n1ubhkku2lis4","timestamp":1676304032675,"id":"ewlv9yg6fen0i51"}
