{"type":"operationStart","subtype":"profile","data":{"_id":"ScLzw4a5yrP7pSMF","timestamp":"2023-02-13T16:43:08.423Z","state":"queued","mode":"standard","creationDate":"2023-02-13T16:43:08.426Z","modificationDate":"2023-02-13T16:43:08.426Z","shortid":"fuRRqtY","$entitySet":"profiles"},"doDiffs":false,"timestamp":1676306588425,"id":"regeqiy3kp4b375","previousOperationId":null,"operationId":"49f7yvojq8un63b"}
{"type":"log","level":"info","message":"Render request 71 queued for execution and waiting for available worker","previousOperationId":"49f7yvojq8un63b","timestamp":1676306588425,"id":"lwec598lmfd7xrt"}
{"type":"operationStart","subtype":"render","name":"prueba","previousOperationId":"49f7yvojq8un63b","timestamp":1676306588433,"id":"ti5nhte7c1y1qk4","previousEventId":"regeqiy3kp4b375","operationId":"oqe4fl027u2f0te"}
{"type":"log","timestamp":1676306588433,"level":"info","message":"Starting rendering request 71","meta":{"rootId":"jxzbparilrxk61o","id":"jxzbparilrxk61o"},"id":"s8tsahaglp7s1pk","previousOperationId":"oqe4fl027u2f0te"}
{"type":"log","timestamp":1676306588433,"level":"info","message":"Rendering template { name: prueba, recipe: chrome-pdf, engine: handlebars, preview: true }","meta":{"rootId":"jxzbparilrxk61o","id":"jxzbparilrxk61o"},"id":"570i1wvjig2njry","previousOperationId":"oqe4fl027u2f0te"}
{"type":"log","timestamp":1676306588434,"level":"debug","message":"Data item not defined for this template.","meta":{"rootId":"jxzbparilrxk61o","id":"jxzbparilrxk61o"},"id":"ap4ued9yowieg68","previousOperationId":"oqe4fl027u2f0te"}
{"type":"log","timestamp":1676306588438,"level":"debug","message":"Executing script script (beforeRender)","meta":{"rootId":"jxzbparilrxk61o","id":"jxzbparilrxk61o"},"id":"36cpblvmecn5wgj","previousOperationId":"oqe4fl027u2f0te"}
{"type":"operationStart","subtype":"scriptsBeforeRender","name":"scripts beforeRender","timestamp":1676306588469,"id":"ux9uwbji6ngi8f2","previousEventId":"ti5nhte7c1y1qk4","operationId":"bxodxu2uzke6ayz","previousOperationId":"oqe4fl027u2f0te"}
{"type":"operationStart","subtype":"script","name":"scripts script","previousOperationId":"bxodxu2uzke6ayz","timestamp":1676306588469,"id":"lhf4nmxp9w86twc","previousEventId":"ux9uwbji6ngi8f2","operationId":"zzavrgxybvo5xzj"}
{"type":"operationEnd","operationId":"zzavrgxybvo5xzj","timestamp":1676306588665,"id":"kbmz2pmj4u41i59","previousEventId":"ti5nhte7c1y1qk4","previousOperationId":"oqe4fl027u2f0te"}
{"type":"operationEnd","operationId":"bxodxu2uzke6ayz","timestamp":1676306588665,"id":"6d6yhkud450mzn1","previousEventId":"kbmz2pmj4u41i59","previousOperationId":"oqe4fl027u2f0te"}
{"type":"log","timestamp":1676306588665,"level":"debug","message":"Base url not specified, skipping its injection.","meta":{"rootId":"jxzbparilrxk61o","id":"jxzbparilrxk61o"},"id":"ca0u3x6apo0euwa","previousOperationId":"bxodxu2uzke6ayz"}
{"type":"operationStart","subtype":"engine","name":"handlebars","timestamp":1676306588665,"id":"o18zlsimlbozeht","previousEventId":"6d6yhkud450mzn1","operationId":"x0cah1t28v5bhca","previousOperationId":"bxodxu2uzke6ayz"}
{"type":"log","timestamp":1676306588665,"level":"debug","message":"Rendering engine handlebars","meta":{"rootId":"jxzbparilrxk61o","id":"jxzbparilrxk61o"},"id":"8gci7edok4qhx6b","previousOperationId":"x0cah1t28v5bhca"}
{"type":"operationEnd","operationId":"x0cah1t28v5bhca","timestamp":1676306588675,"id":"alyky22m0p813y6","previousEventId":"o18zlsimlbozeht","previousOperationId":"x0cah1t28v5bhca"}
{"type":"operationStart","subtype":"recipe","name":"chrome-pdf","timestamp":1676306588675,"id":"kkdurzzsio7hwff","previousEventId":"alyky22m0p813y6","operationId":"rgpgol9q27cet68","previousOperationId":"x0cah1t28v5bhca"}
{"type":"log","timestamp":1676306588675,"level":"debug","message":"Executing recipe chrome-pdf","meta":{"rootId":"jxzbparilrxk61o","id":"jxzbparilrxk61o"},"id":"vw6mfsaxy9dyxrh","previousOperationId":"rgpgol9q27cet68"}
{"type":"log","timestamp":1676306588687,"level":"debug","message":"Converting with chrome HeadlessChrome/105.0.5173.0 using chrome-pool strategy","meta":{"rootId":"jxzbparilrxk61o","id":"jxzbparilrxk61o"},"id":"k6e27qvq8u2jnyl","previousOperationId":"rgpgol9q27cet68"}
{"type":"log","timestamp":1676306588786,"level":"debug","message":"Page request: GET (document) file:///C:/Users/josei/AppData/Local/Temp/jsreport/autocleanup/748fa096-a62e-4a96-b112-454fe0fba91f-chrome-pdf.html","meta":{"rootId":"jxzbparilrxk61o","id":"jxzbparilrxk61o"},"id":"fevytrfjs17qp5v","previousOperationId":"rgpgol9q27cet68"}
{"type":"log","timestamp":1676306588797,"level":"debug","message":"Page request finished: GET (document) 200 file:///C:/Users/josei/AppData/Local/Temp/jsreport/autocleanup/748fa096-a62e-4a96-b112-454fe0fba91f-chrome-pdf.html","meta":{"rootId":"jxzbparilrxk61o","id":"jxzbparilrxk61o"},"id":"pu3kxel1lsl7v8w","previousOperationId":"rgpgol9q27cet68"}
{"type":"log","timestamp":1676306588797,"level":"debug","message":"Page request: GET (stylesheet) https://cdnjs.cloudflare.com/ajax/libs/metro/4.1.5/css/metro.min.css","meta":{"rootId":"jxzbparilrxk61o","id":"jxzbparilrxk61o"},"id":"q66yax7xd76breb","previousOperationId":"rgpgol9q27cet68"}
{"type":"log","timestamp":1676306588797,"level":"debug","message":"Page request: GET (script) https://cdn.jsdelivr.net/npm/chart.js","meta":{"rootId":"jxzbparilrxk61o","id":"jxzbparilrxk61o"},"id":"1n21wow4ef3qc49","previousOperationId":"rgpgol9q27cet68"}
{"type":"log","timestamp":1676306588824,"level":"debug","message":"Page request finished: GET (stylesheet) 200 https://cdnjs.cloudflare.com/ajax/libs/metro/4.1.5/css/metro.min.css","meta":{"rootId":"jxzbparilrxk61o","id":"jxzbparilrxk61o"},"id":"28qnhi12k82b05p","previousOperationId":"rgpgol9q27cet68"}
{"type":"log","timestamp":1676306588824,"level":"debug","message":"Page request finished: GET (script) 200 https://cdn.jsdelivr.net/npm/chart.js","meta":{"rootId":"jxzbparilrxk61o","id":"jxzbparilrxk61o"},"id":"hn70a77dbf6phqp","previousOperationId":"rgpgol9q27cet68"}
{"type":"log","timestamp":1676306588831,"level":"debug","message":"(console:error) Invalid scale configuration for scale: yAxes","meta":{"userLevel":true,"rootId":"jxzbparilrxk61o","id":"jxzbparilrxk61o"},"id":"1flquz6ggn3p822","previousOperationId":"rgpgol9q27cet68"}
{"type":"log","timestamp":1676306588939,"level":"debug","message":"Running chrome with params {\"printBackground\":true,\"timeout\":59741,\"margin\":{}}","meta":{"rootId":"jxzbparilrxk61o","id":"jxzbparilrxk61o"},"id":"sgm8e7w2rmx4wug","previousOperationId":"rgpgol9q27cet68"}
{"type":"operationEnd","operationId":"rgpgol9q27cet68","timestamp":1676306589033,"id":"0ukuvywmc9c1e8t","previousEventId":"kkdurzzsio7hwff","previousOperationId":"rgpgol9q27cet68"}
{"type":"log","timestamp":1676306589033,"level":"debug","message":"Skipping storing report.","meta":{"rootId":"jxzbparilrxk61o","id":"jxzbparilrxk61o"},"id":"66bief5bi33m6xe","previousOperationId":"rgpgol9q27cet68"}
{"type":"log","timestamp":1676306589033,"level":"info","message":"Rendering request 71 finished in 610 ms","meta":{"rootId":"jxzbparilrxk61o","id":"jxzbparilrxk61o"},"id":"pa3b4nt05iun61m","previousOperationId":"rgpgol9q27cet68"}
{"type":"operationEnd","subtype":"render","operationId":"oqe4fl027u2f0te","timestamp":1676306589033,"id":"fhf7nz6zdn6s8ga","previousEventId":"0ukuvywmc9c1e8t","previousOperationId":"rgpgol9q27cet68"}
{"type":"operationEnd","doDiffs":false,"previousEventId":"regeqiy3kp4b375","previousOperationId":"49f7yvojq8un63b","operationId":"49f7yvojq8un63b","timestamp":1676306589040,"id":"sxnq2sbu6jz0zr2"}
