{"type":"operationStart","subtype":"profile","data":{"_id":"8EOWJNjUqjZ5qbN9","timestamp":"2023-02-13T16:38:49.003Z","state":"queued","mode":"standard","creationDate":"2023-02-13T16:38:49.005Z","modificationDate":"2023-02-13T16:38:49.005Z","shortid":"aEKF6pz","$entitySet":"profiles"},"doDiffs":false,"timestamp":1676306329004,"id":"we325cc17ahftff","previousOperationId":null,"operationId":"pau9a8z5f766oz7"}
{"type":"log","level":"info","message":"Render request 59 queued for execution and waiting for available worker","previousOperationId":"pau9a8z5f766oz7","timestamp":1676306329004,"id":"4puiakfsdt7a5c2"}
{"type":"operationStart","subtype":"render","name":"prueba","previousOperationId":"pau9a8z5f766oz7","timestamp":1676306329013,"id":"mpcorjwc1xotg4m","previousEventId":"we325cc17ahftff","operationId":"dkucl36vyxbunhr"}
{"type":"log","timestamp":1676306329013,"level":"info","message":"Starting rendering request 59","meta":{"rootId":"khmktdh2d5wmmsw","id":"khmktdh2d5wmmsw"},"id":"qgnjfau52s5yv5h","previousOperationId":"dkucl36vyxbunhr"}
{"type":"log","timestamp":1676306329013,"level":"info","message":"Rendering template { name: prueba, recipe: chrome-pdf, engine: handlebars, preview: true }","meta":{"rootId":"khmktdh2d5wmmsw","id":"khmktdh2d5wmmsw"},"id":"37jfritr2sha5s7","previousOperationId":"dkucl36vyxbunhr"}
{"type":"log","timestamp":1676306329013,"level":"debug","message":"Data item not defined for this template.","meta":{"rootId":"khmktdh2d5wmmsw","id":"khmktdh2d5wmmsw"},"id":"0x2ucd5h22i29xt","previousOperationId":"dkucl36vyxbunhr"}
{"type":"log","timestamp":1676306329018,"level":"debug","message":"Executing script script (beforeRender)","meta":{"rootId":"khmktdh2d5wmmsw","id":"khmktdh2d5wmmsw"},"id":"vlia4hei40f6wsn","previousOperationId":"dkucl36vyxbunhr"}
{"type":"operationStart","subtype":"scriptsBeforeRender","name":"scripts beforeRender","timestamp":1676306329038,"id":"d1q5i811b9g28am","previousEventId":"mpcorjwc1xotg4m","operationId":"2pnfr8k22180e99","previousOperationId":"dkucl36vyxbunhr"}
{"type":"operationStart","subtype":"script","name":"scripts script","previousOperationId":"2pnfr8k22180e99","timestamp":1676306329038,"id":"hfg4sg2h1rn1urj","previousEventId":"d1q5i811b9g28am","operationId":"q1bcnpsnu48fsca"}
{"type":"operationEnd","operationId":"q1bcnpsnu48fsca","timestamp":1676306329280,"id":"j88zw7lv1jy16da","previousEventId":"mpcorjwc1xotg4m","previousOperationId":"dkucl36vyxbunhr"}
{"type":"operationEnd","operationId":"2pnfr8k22180e99","timestamp":1676306329280,"id":"vlxmr39mpdlw8n5","previousEventId":"j88zw7lv1jy16da","previousOperationId":"dkucl36vyxbunhr"}
{"type":"log","timestamp":1676306329280,"level":"debug","message":"Base url not specified, skipping its injection.","meta":{"rootId":"khmktdh2d5wmmsw","id":"khmktdh2d5wmmsw"},"id":"64keooophvbxdc1","previousOperationId":"2pnfr8k22180e99"}
{"type":"operationStart","subtype":"engine","name":"handlebars","timestamp":1676306329280,"id":"zfnjhv6i5nc3ngs","previousEventId":"vlxmr39mpdlw8n5","operationId":"9kjri85fhuinb22","previousOperationId":"2pnfr8k22180e99"}
{"type":"log","timestamp":1676306329280,"level":"debug","message":"Rendering engine handlebars","meta":{"rootId":"khmktdh2d5wmmsw","id":"khmktdh2d5wmmsw"},"id":"u2uburuhc6238h8","previousOperationId":"9kjri85fhuinb22"}
{"type":"operationEnd","operationId":"9kjri85fhuinb22","timestamp":1676306329292,"id":"v1z791mubw634m4","previousEventId":"zfnjhv6i5nc3ngs","previousOperationId":"9kjri85fhuinb22"}
{"type":"operationStart","subtype":"recipe","name":"chrome-pdf","timestamp":1676306329293,"id":"bh94cy2g4hz7l7f","previousEventId":"v1z791mubw634m4","operationId":"upe3qybha1k8xfw","previousOperationId":"9kjri85fhuinb22"}
{"type":"log","timestamp":1676306329293,"level":"debug","message":"Executing recipe chrome-pdf","meta":{"rootId":"khmktdh2d5wmmsw","id":"khmktdh2d5wmmsw"},"id":"sjse928m99adeg4","previousOperationId":"upe3qybha1k8xfw"}
{"type":"log","timestamp":1676306329295,"level":"debug","message":"Converting with chrome HeadlessChrome/105.0.5173.0 using chrome-pool strategy","meta":{"rootId":"khmktdh2d5wmmsw","id":"khmktdh2d5wmmsw"},"id":"va2nl90s259tvjg","previousOperationId":"upe3qybha1k8xfw"}
{"type":"log","timestamp":1676306329400,"level":"debug","message":"Page request: GET (document) file:///C:/Users/josei/AppData/Local/Temp/jsreport/autocleanup/90f3b0b5-fa77-4ec1-922d-5f3875bc28c1-chrome-pdf.html","meta":{"rootId":"khmktdh2d5wmmsw","id":"khmktdh2d5wmmsw"},"id":"l7prdztqzriigrd","previousOperationId":"upe3qybha1k8xfw"}
{"type":"log","timestamp":1676306329421,"level":"debug","message":"Page request finished: GET (document) 200 file:///C:/Users/josei/AppData/Local/Temp/jsreport/autocleanup/90f3b0b5-fa77-4ec1-922d-5f3875bc28c1-chrome-pdf.html","meta":{"rootId":"khmktdh2d5wmmsw","id":"khmktdh2d5wmmsw"},"id":"occm6wza61jswgj","previousOperationId":"upe3qybha1k8xfw"}
{"type":"log","timestamp":1676306329422,"level":"debug","message":"Page request: GET (stylesheet) https://cdnjs.cloudflare.com/ajax/libs/metro/4.1.5/css/metro.min.css","meta":{"rootId":"khmktdh2d5wmmsw","id":"khmktdh2d5wmmsw"},"id":"wnzufphhpngvzy1","previousOperationId":"upe3qybha1k8xfw"}
{"type":"log","timestamp":1676306329422,"level":"debug","message":"Page request: GET (script) https://cdn.jsdelivr.net/npm/chart.js","meta":{"rootId":"khmktdh2d5wmmsw","id":"khmktdh2d5wmmsw"},"id":"ly14pameawieotl","previousOperationId":"upe3qybha1k8xfw"}
{"type":"log","timestamp":1676306329447,"level":"debug","message":"Page request finished: GET (stylesheet) 200 https://cdnjs.cloudflare.com/ajax/libs/metro/4.1.5/css/metro.min.css","meta":{"rootId":"khmktdh2d5wmmsw","id":"khmktdh2d5wmmsw"},"id":"07hlstkz895ognx","previousOperationId":"upe3qybha1k8xfw"}
{"type":"log","timestamp":1676306329447,"level":"debug","message":"Page request finished: GET (script) 200 https://cdn.jsdelivr.net/npm/chart.js","meta":{"rootId":"khmktdh2d5wmmsw","id":"khmktdh2d5wmmsw"},"id":"l7dcwme93r5sq0d","previousOperationId":"upe3qybha1k8xfw"}
{"type":"log","timestamp":1676306329455,"level":"debug","message":"(console:error) Invalid scale configuration for scale: yAxes","meta":{"userLevel":true,"rootId":"khmktdh2d5wmmsw","id":"khmktdh2d5wmmsw"},"id":"j5q7y7wvwul275l","previousOperationId":"upe3qybha1k8xfw"}
{"type":"log","timestamp":1676306329567,"level":"debug","message":"Running chrome with params {\"printBackground\":true,\"timeout\":59709,\"margin\":{}}","meta":{"rootId":"khmktdh2d5wmmsw","id":"khmktdh2d5wmmsw"},"id":"wko8mhqb3s94jdy","previousOperationId":"upe3qybha1k8xfw"}
{"type":"operationEnd","operationId":"upe3qybha1k8xfw","timestamp":1676306329664,"id":"h731yosa0lpd20b","previousEventId":"bh94cy2g4hz7l7f","previousOperationId":"upe3qybha1k8xfw"}
{"type":"log","timestamp":1676306329664,"level":"debug","message":"Skipping storing report.","meta":{"rootId":"khmktdh2d5wmmsw","id":"khmktdh2d5wmmsw"},"id":"h2663mmrdc4tr10","previousOperationId":"upe3qybha1k8xfw"}
{"type":"log","timestamp":1676306329664,"level":"info","message":"Rendering request 59 finished in 661 ms","meta":{"rootId":"khmktdh2d5wmmsw","id":"khmktdh2d5wmmsw"},"id":"h2h75lozkda9r3y","previousOperationId":"upe3qybha1k8xfw"}
{"type":"operationEnd","subtype":"render","operationId":"dkucl36vyxbunhr","timestamp":1676306329664,"id":"mfj5ymyxlk7dn60","previousEventId":"h731yosa0lpd20b","previousOperationId":"upe3qybha1k8xfw"}
{"type":"operationEnd","doDiffs":false,"previousEventId":"we325cc17ahftff","previousOperationId":"pau9a8z5f766oz7","operationId":"pau9a8z5f766oz7","timestamp":1676306329670,"id":"bs57wlt1ear6qww"}
