{"type":"operationStart","subtype":"profile","data":{"_id":"fHcKCl0B0kVlvp5w","timestamp":"2023-02-13T16:14:43.446Z","state":"queued","mode":"standard","creationDate":"2023-02-13T16:14:43.448Z","modificationDate":"2023-02-13T16:14:43.448Z","shortid":"AHe-8k0","$entitySet":"profiles"},"doDiffs":false,"timestamp":1676304883447,"id":"qm8hi8vnpyccp31","previousOperationId":null,"operationId":"0y7vi0gvnk9t3kz"}
{"type":"log","level":"info","message":"Render request 32 queued for execution and waiting for available worker","previousOperationId":"0y7vi0gvnk9t3kz","timestamp":1676304883447,"id":"0xg213zw3qp80tv"}
{"type":"operationStart","subtype":"render","name":"prueba","previousOperationId":"0y7vi0gvnk9t3kz","timestamp":1676304883458,"id":"16j2mbq8cctq0m1","previousEventId":"qm8hi8vnpyccp31","operationId":"w4qa2fml2py0kw5"}
{"type":"log","timestamp":1676304883458,"level":"info","message":"Starting rendering request 32","meta":{"rootId":"knhmkmdvmc9ac8a","id":"knhmkmdvmc9ac8a"},"id":"t0y2m1tn4py21v5","previousOperationId":"w4qa2fml2py0kw5"}
{"type":"log","timestamp":1676304883458,"level":"info","message":"Rendering template { name: prueba, recipe: chrome-pdf, engine: handlebars, preview: true }","meta":{"rootId":"knhmkmdvmc9ac8a","id":"knhmkmdvmc9ac8a"},"id":"zusm4qscywoydjl","previousOperationId":"w4qa2fml2py0kw5"}
{"type":"log","timestamp":1676304883458,"level":"debug","message":"Data item not defined for this template.","meta":{"rootId":"knhmkmdvmc9ac8a","id":"knhmkmdvmc9ac8a"},"id":"60v9kkr4dlnurlo","previousOperationId":"w4qa2fml2py0kw5"}
{"type":"log","timestamp":1676304883461,"level":"debug","message":"Executing script script (beforeRender)","meta":{"rootId":"knhmkmdvmc9ac8a","id":"knhmkmdvmc9ac8a"},"id":"wt2vwd0m8hqne2u","previousOperationId":"w4qa2fml2py0kw5"}
{"type":"operationStart","subtype":"scriptsBeforeRender","name":"scripts beforeRender","timestamp":1676304883481,"id":"r4gaaaers6ctlls","previousEventId":"16j2mbq8cctq0m1","operationId":"5ra950ucya6fzdb","previousOperationId":"w4qa2fml2py0kw5"}
{"type":"operationStart","subtype":"script","name":"scripts script","previousOperationId":"5ra950ucya6fzdb","timestamp":1676304883481,"id":"l3odaas867km9ru","previousEventId":"r4gaaaers6ctlls","operationId":"hahaz5aybqcu7ah"}
{"type":"operationEnd","operationId":"hahaz5aybqcu7ah","timestamp":1676304883655,"id":"2w54cmy1dt9ft4h","previousEventId":"16j2mbq8cctq0m1","previousOperationId":"w4qa2fml2py0kw5"}
{"type":"operationEnd","operationId":"5ra950ucya6fzdb","timestamp":1676304883655,"id":"2c59hdgigyjnql2","previousEventId":"2w54cmy1dt9ft4h","previousOperationId":"w4qa2fml2py0kw5"}
{"type":"log","timestamp":1676304883655,"level":"debug","message":"Base url not specified, skipping its injection.","meta":{"rootId":"knhmkmdvmc9ac8a","id":"knhmkmdvmc9ac8a"},"id":"jo8typsvs31zaqv","previousOperationId":"5ra950ucya6fzdb"}
{"type":"operationStart","subtype":"engine","name":"handlebars","timestamp":1676304883655,"id":"yk7ep1sn382t3mx","previousEventId":"2c59hdgigyjnql2","operationId":"kh6191hb5a1u71k","previousOperationId":"5ra950ucya6fzdb"}
{"type":"log","timestamp":1676304883655,"level":"debug","message":"Rendering engine handlebars","meta":{"rootId":"knhmkmdvmc9ac8a","id":"knhmkmdvmc9ac8a"},"id":"y4pj9npniruui2f","previousOperationId":"kh6191hb5a1u71k"}
{"type":"operationEnd","operationId":"kh6191hb5a1u71k","timestamp":1676304883664,"id":"xwrvijhswg7mpkk","previousEventId":"yk7ep1sn382t3mx","previousOperationId":"kh6191hb5a1u71k"}
{"type":"operationStart","subtype":"recipe","name":"chrome-pdf","timestamp":1676304883664,"id":"1k4eiafhxif272i","previousEventId":"xwrvijhswg7mpkk","operationId":"g0qs454s1mtaxzc","previousOperationId":"kh6191hb5a1u71k"}
{"type":"log","timestamp":1676304883664,"level":"debug","message":"Executing recipe chrome-pdf","meta":{"rootId":"knhmkmdvmc9ac8a","id":"knhmkmdvmc9ac8a"},"id":"lx3mgagqnku7n2x","previousOperationId":"g0qs454s1mtaxzc"}
{"type":"log","timestamp":1676304883667,"level":"debug","message":"Converting with chrome HeadlessChrome/105.0.5173.0 using chrome-pool strategy","meta":{"rootId":"knhmkmdvmc9ac8a","id":"knhmkmdvmc9ac8a"},"id":"qrwezt9imhf3siq","previousOperationId":"g0qs454s1mtaxzc"}
{"type":"log","timestamp":1676304883766,"level":"debug","message":"Page request: GET (document) file:///C:/Users/josei/AppData/Local/Temp/jsreport/autocleanup/2b4c854d-bb1b-4401-82b1-a41540e243e6-chrome-pdf.html","meta":{"rootId":"knhmkmdvmc9ac8a","id":"knhmkmdvmc9ac8a"},"id":"uxsuxaaas1msxr7","previousOperationId":"g0qs454s1mtaxzc"}
{"type":"log","timestamp":1676304883779,"level":"debug","message":"Page request finished: GET (document) 200 file:///C:/Users/josei/AppData/Local/Temp/jsreport/autocleanup/2b4c854d-bb1b-4401-82b1-a41540e243e6-chrome-pdf.html","meta":{"rootId":"knhmkmdvmc9ac8a","id":"knhmkmdvmc9ac8a"},"id":"ol206awoqc1dqui","previousOperationId":"g0qs454s1mtaxzc"}
{"type":"log","timestamp":1676304883779,"level":"debug","message":"Page request: GET (stylesheet) https://cdnjs.cloudflare.com/ajax/libs/metro/4.1.5/css/metro.min.css","meta":{"rootId":"knhmkmdvmc9ac8a","id":"knhmkmdvmc9ac8a"},"id":"oe6tn3mgmazppla","previousOperationId":"g0qs454s1mtaxzc"}
{"type":"log","timestamp":1676304883779,"level":"debug","message":"Page request: GET (script) https://cdn.jsdelivr.net/npm/chart.js","meta":{"rootId":"knhmkmdvmc9ac8a","id":"knhmkmdvmc9ac8a"},"id":"vmtlo30rzprpue5","previousOperationId":"g0qs454s1mtaxzc"}
{"type":"log","timestamp":1676304883788,"level":"debug","message":"Page request finished: GET (script) 200 https://cdn.jsdelivr.net/npm/chart.js","meta":{"rootId":"knhmkmdvmc9ac8a","id":"knhmkmdvmc9ac8a"},"id":"xc6r6elxfjbjgrl","previousOperationId":"g0qs454s1mtaxzc"}
{"type":"log","timestamp":1676304883806,"level":"debug","message":"Page request finished: GET (stylesheet) 200 https://cdnjs.cloudflare.com/ajax/libs/metro/4.1.5/css/metro.min.css","meta":{"rootId":"knhmkmdvmc9ac8a","id":"knhmkmdvmc9ac8a"},"id":"rnkz0iogfyb3jmb","previousOperationId":"g0qs454s1mtaxzc"}
{"type":"log","timestamp":1676304883813,"level":"debug","message":"(console:error) Invalid scale configuration for scale: yAxes","meta":{"userLevel":true,"rootId":"knhmkmdvmc9ac8a","id":"knhmkmdvmc9ac8a"},"id":"qlkg55gchjaalc9","previousOperationId":"g0qs454s1mtaxzc"}
{"type":"log","timestamp":1676304883913,"level":"debug","message":"Running chrome with params {\"printBackground\":true,\"timeout\":59779,\"margin\":{}}","meta":{"rootId":"knhmkmdvmc9ac8a","id":"knhmkmdvmc9ac8a"},"id":"t5fpwbrfal8c18r","previousOperationId":"g0qs454s1mtaxzc"}
{"type":"operationEnd","operationId":"g0qs454s1mtaxzc","timestamp":1676304883993,"id":"p24rs4msyyfrhfl","previousEventId":"1k4eiafhxif272i","previousOperationId":"g0qs454s1mtaxzc"}
{"type":"log","timestamp":1676304883993,"level":"debug","message":"Skipping storing report.","meta":{"rootId":"knhmkmdvmc9ac8a","id":"knhmkmdvmc9ac8a"},"id":"2aa0qh6l9az6x1m","previousOperationId":"g0qs454s1mtaxzc"}
{"type":"log","timestamp":1676304883993,"level":"info","message":"Rendering request 32 finished in 547 ms","meta":{"rootId":"knhmkmdvmc9ac8a","id":"knhmkmdvmc9ac8a"},"id":"rc1r1txl7je7sa7","previousOperationId":"g0qs454s1mtaxzc"}
{"type":"operationEnd","subtype":"render","operationId":"w4qa2fml2py0kw5","timestamp":1676304883993,"id":"vj5zsik46fbx27v","previousEventId":"p24rs4msyyfrhfl","previousOperationId":"g0qs454s1mtaxzc"}
{"type":"operationEnd","doDiffs":false,"previousEventId":"qm8hi8vnpyccp31","previousOperationId":"0y7vi0gvnk9t3kz","operationId":"0y7vi0gvnk9t3kz","timestamp":1676304883995,"id":"clb14kd5914n555"}
