{"type":"operationStart","subtype":"profile","data":{"_id":"SLxCtu13BiDO40pE","timestamp":"2023-02-13T16:44:28.624Z","state":"queued","mode":"standard","creationDate":"2023-02-13T16:44:28.626Z","modificationDate":"2023-02-13T16:44:28.626Z","shortid":"OLQ5KZd","$entitySet":"profiles"},"doDiffs":false,"timestamp":1676306668625,"id":"iltfx2ny0nt6lys","previousOperationId":null,"operationId":"ptu4c0ayubzlvsq"}
{"type":"log","level":"info","message":"Render request 76 queued for execution and waiting for available worker","previousOperationId":"ptu4c0ayubzlvsq","timestamp":1676306668625,"id":"vfffk98xc2cgizi"}
{"type":"operationStart","subtype":"render","name":"prueba","previousOperationId":"ptu4c0ayubzlvsq","timestamp":1676306668635,"id":"ygrl5qw1w073fq2","previousEventId":"iltfx2ny0nt6lys","operationId":"lvlagqrpply69d2"}
{"type":"log","timestamp":1676306668635,"level":"info","message":"Starting rendering request 76","meta":{"rootId":"kommdujmgsog526","id":"kommdujmgsog526"},"id":"ur2r558p7edwzfg","previousOperationId":"lvlagqrpply69d2"}
{"type":"log","timestamp":1676306668635,"level":"info","message":"Rendering template { name: prueba, recipe: chrome-pdf, engine: handlebars, preview: true }","meta":{"rootId":"kommdujmgsog526","id":"kommdujmgsog526"},"id":"pc0e17otyi3k9fm","previousOperationId":"lvlagqrpply69d2"}
{"type":"log","timestamp":1676306668636,"level":"debug","message":"Data item not defined for this template.","meta":{"rootId":"kommdujmgsog526","id":"kommdujmgsog526"},"id":"idjsmn97a3c4mvn","previousOperationId":"lvlagqrpply69d2"}
{"type":"log","timestamp":1676306668638,"level":"debug","message":"Executing script script (beforeRender)","meta":{"rootId":"kommdujmgsog526","id":"kommdujmgsog526"},"id":"364jo1nic3mmuxk","previousOperationId":"lvlagqrpply69d2"}
{"type":"operationStart","subtype":"scriptsBeforeRender","name":"scripts beforeRender","timestamp":1676306668656,"id":"8v5rpxgxi7ufdqg","previousEventId":"ygrl5qw1w073fq2","operationId":"tk5t126obmoe7dh","previousOperationId":"lvlagqrpply69d2"}
{"type":"operationStart","subtype":"script","name":"scripts script","previousOperationId":"tk5t126obmoe7dh","timestamp":1676306668656,"id":"hd6tqokeboj0ni5","previousEventId":"8v5rpxgxi7ufdqg","operationId":"nlp7jzrq3a3wqov"}
{"type":"operationEnd","operationId":"nlp7jzrq3a3wqov","timestamp":1676306668889,"id":"mwqo8rbrtjhdjiz","previousEventId":"ygrl5qw1w073fq2","previousOperationId":"lvlagqrpply69d2"}
{"type":"operationEnd","operationId":"tk5t126obmoe7dh","timestamp":1676306668890,"id":"y1jzutfyqazlfpv","previousEventId":"mwqo8rbrtjhdjiz","previousOperationId":"lvlagqrpply69d2"}
{"type":"log","timestamp":1676306668890,"level":"debug","message":"Base url not specified, skipping its injection.","meta":{"rootId":"kommdujmgsog526","id":"kommdujmgsog526"},"id":"li4tphx9q9ijso8","previousOperationId":"tk5t126obmoe7dh"}
{"type":"operationStart","subtype":"engine","name":"handlebars","timestamp":1676306668890,"id":"br5bus87hq4sxwa","previousEventId":"y1jzutfyqazlfpv","operationId":"1jo74zmb405sjmd","previousOperationId":"tk5t126obmoe7dh"}
{"type":"log","timestamp":1676306668890,"level":"debug","message":"Rendering engine handlebars","meta":{"rootId":"kommdujmgsog526","id":"kommdujmgsog526"},"id":"9iuvg4znn09rks7","previousOperationId":"1jo74zmb405sjmd"}
{"type":"operationEnd","operationId":"1jo74zmb405sjmd","timestamp":1676306668900,"id":"wxhh62j1a3fx2my","previousEventId":"br5bus87hq4sxwa","previousOperationId":"1jo74zmb405sjmd"}
{"type":"operationStart","subtype":"recipe","name":"chrome-pdf","timestamp":1676306668900,"id":"txwan2ehrsbqtfi","previousEventId":"wxhh62j1a3fx2my","operationId":"cm1y3krhjiknv3t","previousOperationId":"1jo74zmb405sjmd"}
{"type":"log","timestamp":1676306668900,"level":"debug","message":"Executing recipe chrome-pdf","meta":{"rootId":"kommdujmgsog526","id":"kommdujmgsog526"},"id":"jdzb7bkq6dpsojg","previousOperationId":"cm1y3krhjiknv3t"}
{"type":"log","timestamp":1676306668902,"level":"debug","message":"Converting with chrome HeadlessChrome/105.0.5173.0 using chrome-pool strategy","meta":{"rootId":"kommdujmgsog526","id":"kommdujmgsog526"},"id":"f3ofsx68fl7zoq0","previousOperationId":"cm1y3krhjiknv3t"}
{"type":"log","timestamp":1676306668996,"level":"debug","message":"Page request: GET (document) file:///C:/Users/josei/AppData/Local/Temp/jsreport/autocleanup/1c9a9000-3a5c-40c1-a34f-98484b339066-chrome-pdf.html","meta":{"rootId":"kommdujmgsog526","id":"kommdujmgsog526"},"id":"350yel3p3gb7il4","previousOperationId":"cm1y3krhjiknv3t"}
{"type":"log","timestamp":1676306669007,"level":"debug","message":"Page request finished: GET (document) 200 file:///C:/Users/josei/AppData/Local/Temp/jsreport/autocleanup/1c9a9000-3a5c-40c1-a34f-98484b339066-chrome-pdf.html","meta":{"rootId":"kommdujmgsog526","id":"kommdujmgsog526"},"id":"n4la26dhqqr5be3","previousOperationId":"cm1y3krhjiknv3t"}
{"type":"log","timestamp":1676306669007,"level":"debug","message":"Page request: GET (stylesheet) https://cdnjs.cloudflare.com/ajax/libs/metro/4.1.5/css/metro.min.css","meta":{"rootId":"kommdujmgsog526","id":"kommdujmgsog526"},"id":"m0b35b2xe8p5g8z","previousOperationId":"cm1y3krhjiknv3t"}
{"type":"log","timestamp":1676306669007,"level":"debug","message":"Page request: GET (script) https://cdn.jsdelivr.net/npm/chart.js","meta":{"rootId":"kommdujmgsog526","id":"kommdujmgsog526"},"id":"25xyziu2bhkzg4t","previousOperationId":"cm1y3krhjiknv3t"}
{"type":"log","timestamp":1676306669033,"level":"debug","message":"Page request finished: GET (stylesheet) 200 https://cdnjs.cloudflare.com/ajax/libs/metro/4.1.5/css/metro.min.css","meta":{"rootId":"kommdujmgsog526","id":"kommdujmgsog526"},"id":"yzbo19bais2jb6m","previousOperationId":"cm1y3krhjiknv3t"}
{"type":"log","timestamp":1676306669033,"level":"debug","message":"Page request finished: GET (script) 200 https://cdn.jsdelivr.net/npm/chart.js","meta":{"rootId":"kommdujmgsog526","id":"kommdujmgsog526"},"id":"oypgbl4wlsdkwn9","previousOperationId":"cm1y3krhjiknv3t"}
{"type":"log","timestamp":1676306669041,"level":"debug","message":"(console:error) Invalid scale configuration for scale: yAxes","meta":{"userLevel":true,"rootId":"kommdujmgsog526","id":"kommdujmgsog526"},"id":"86osnwxdatae0yb","previousOperationId":"cm1y3krhjiknv3t"}
{"type":"log","timestamp":1676306669150,"level":"debug","message":"Running chrome with params {\"printBackground\":true,\"timeout\":59723,\"margin\":{}}","meta":{"rootId":"kommdujmgsog526","id":"kommdujmgsog526"},"id":"s0xywoemx7jj0xy","previousOperationId":"cm1y3krhjiknv3t"}
{"type":"operationEnd","operationId":"cm1y3krhjiknv3t","timestamp":1676306669245,"id":"nvhpmhs3hjyv6oo","previousEventId":"txwan2ehrsbqtfi","previousOperationId":"cm1y3krhjiknv3t"}
{"type":"log","timestamp":1676306669246,"level":"debug","message":"Skipping storing report.","meta":{"rootId":"kommdujmgsog526","id":"kommdujmgsog526"},"id":"b3b6kywxgyz3y80","previousOperationId":"cm1y3krhjiknv3t"}
{"type":"log","timestamp":1676306669246,"level":"info","message":"Rendering request 76 finished in 622 ms","meta":{"rootId":"kommdujmgsog526","id":"kommdujmgsog526"},"id":"ug031l2wqs98gq8","previousOperationId":"cm1y3krhjiknv3t"}
{"type":"operationEnd","subtype":"render","operationId":"lvlagqrpply69d2","timestamp":1676306669246,"id":"bkahqvm3u772l86","previousEventId":"nvhpmhs3hjyv6oo","previousOperationId":"cm1y3krhjiknv3t"}
{"type":"operationEnd","doDiffs":false,"previousEventId":"iltfx2ny0nt6lys","previousOperationId":"ptu4c0ayubzlvsq","operationId":"ptu4c0ayubzlvsq","timestamp":1676306669250,"id":"iidg58er2bho62q"}
