{"type":"operationStart","subtype":"profile","data":{"_id":"GZHAAtznAV50XgFY","timestamp":"2023-02-13T16:56:39.279Z","state":"queued","mode":"standard","creationDate":"2023-02-13T16:56:39.281Z","modificationDate":"2023-02-13T16:56:39.281Z","shortid":"c3OSjBY","$entitySet":"profiles"},"doDiffs":false,"timestamp":1676307399280,"id":"ljfg4agq3dw98uv","previousOperationId":null,"operationId":"5dksvaja79kzyub"}
{"type":"log","level":"info","message":"Render request 105 queued for execution and waiting for available worker","previousOperationId":"5dksvaja79kzyub","timestamp":1676307399280,"id":"qtdyfaptxppt6ia"}
{"type":"operationStart","subtype":"render","name":"prueba","previousOperationId":"5dksvaja79kzyub","timestamp":1676307399294,"id":"5eldtcp0t0fkbpe","previousEventId":"ljfg4agq3dw98uv","operationId":"ddhpomkitrkql8y"}
{"type":"log","timestamp":1676307399294,"level":"info","message":"Starting rendering request 105","meta":{"rootId":"kx3n020azpnoib9","id":"kx3n020azpnoib9"},"id":"qvoy0troaljbc20","previousOperationId":"ddhpomkitrkql8y"}
{"type":"log","timestamp":1676307399294,"level":"info","message":"Rendering template { name: prueba, recipe: chrome-pdf, engine: handlebars, preview: true }","meta":{"rootId":"kx3n020azpnoib9","id":"kx3n020azpnoib9"},"id":"36p4pkw1mmv33mf","previousOperationId":"ddhpomkitrkql8y"}
{"type":"log","timestamp":1676307399297,"level":"debug","message":"Data item not defined for this template.","meta":{"rootId":"kx3n020azpnoib9","id":"kx3n020azpnoib9"},"id":"bokael3ow1d9ryu","previousOperationId":"ddhpomkitrkql8y"}
{"type":"log","timestamp":1676307399304,"level":"debug","message":"Executing script script (beforeRender)","meta":{"rootId":"kx3n020azpnoib9","id":"kx3n020azpnoib9"},"id":"nu3400ts8vjgucd","previousOperationId":"ddhpomkitrkql8y"}
{"type":"operationStart","subtype":"scriptsBeforeRender","name":"scripts beforeRender","timestamp":1676307399323,"id":"0ps8mig8jg76kcn","previousEventId":"5eldtcp0t0fkbpe","operationId":"rj4rti839nv7h04","previousOperationId":"ddhpomkitrkql8y"}
{"type":"operationStart","subtype":"script","name":"scripts script","previousOperationId":"rj4rti839nv7h04","timestamp":1676307399323,"id":"23pvwo1tcnwzbvr","previousEventId":"0ps8mig8jg76kcn","operationId":"266y2v76jh9ldmd"}
{"type":"operationEnd","operationId":"266y2v76jh9ldmd","timestamp":1676307399507,"id":"eb8mih75bntca9x","previousEventId":"5eldtcp0t0fkbpe","previousOperationId":"ddhpomkitrkql8y"}
{"type":"operationEnd","operationId":"rj4rti839nv7h04","timestamp":1676307399507,"id":"hb5jvyx9rpkwldz","previousEventId":"eb8mih75bntca9x","previousOperationId":"ddhpomkitrkql8y"}
{"type":"log","timestamp":1676307399507,"level":"debug","message":"Base url not specified, skipping its injection.","meta":{"rootId":"kx3n020azpnoib9","id":"kx3n020azpnoib9"},"id":"dygj1r19wgrlq0a","previousOperationId":"rj4rti839nv7h04"}
{"type":"operationStart","subtype":"engine","name":"handlebars","timestamp":1676307399507,"id":"i4sl2p1bb0dfgy5","previousEventId":"hb5jvyx9rpkwldz","operationId":"709x6utplcbxggx","previousOperationId":"rj4rti839nv7h04"}
{"type":"log","timestamp":1676307399507,"level":"debug","message":"Rendering engine handlebars","meta":{"rootId":"kx3n020azpnoib9","id":"kx3n020azpnoib9"},"id":"bkg844gqs6j4fet","previousOperationId":"709x6utplcbxggx"}
{"type":"operationEnd","operationId":"709x6utplcbxggx","timestamp":1676307399516,"id":"9cp7vjm2npvsbev","previousEventId":"i4sl2p1bb0dfgy5","previousOperationId":"709x6utplcbxggx"}
{"type":"operationStart","subtype":"recipe","name":"chrome-pdf","timestamp":1676307399516,"id":"70xskjz1ktiemfz","previousEventId":"9cp7vjm2npvsbev","operationId":"9cq1dp435r9xgfo","previousOperationId":"709x6utplcbxggx"}
{"type":"log","timestamp":1676307399516,"level":"debug","message":"Executing recipe chrome-pdf","meta":{"rootId":"kx3n020azpnoib9","id":"kx3n020azpnoib9"},"id":"crsacvcsg932fo0","previousOperationId":"9cq1dp435r9xgfo"}
{"type":"log","timestamp":1676307399518,"level":"debug","message":"Converting with chrome HeadlessChrome/105.0.5173.0 using chrome-pool strategy","meta":{"rootId":"kx3n020azpnoib9","id":"kx3n020azpnoib9"},"id":"6sdqsyokzrzp3nc","previousOperationId":"9cq1dp435r9xgfo"}
{"type":"log","timestamp":1676307399613,"level":"debug","message":"Page request: GET (document) file:///C:/Users/josei/AppData/Local/Temp/jsreport/autocleanup/0d49a219-6d64-4ce6-b205-e988dbc395c6-chrome-pdf.html","meta":{"rootId":"kx3n020azpnoib9","id":"kx3n020azpnoib9"},"id":"kez7o785dm5chjk","previousOperationId":"9cq1dp435r9xgfo"}
{"type":"log","timestamp":1676307399624,"level":"debug","message":"Page request finished: GET (document) 200 file:///C:/Users/josei/AppData/Local/Temp/jsreport/autocleanup/0d49a219-6d64-4ce6-b205-e988dbc395c6-chrome-pdf.html","meta":{"rootId":"kx3n020azpnoib9","id":"kx3n020azpnoib9"},"id":"h0v2wzrkeroinig","previousOperationId":"9cq1dp435r9xgfo"}
{"type":"log","timestamp":1676307399625,"level":"debug","message":"Page request: GET (stylesheet) https://cdnjs.cloudflare.com/ajax/libs/metro/4.1.5/css/metro.min.css","meta":{"rootId":"kx3n020azpnoib9","id":"kx3n020azpnoib9"},"id":"mxroz3z6f6u96d6","previousOperationId":"9cq1dp435r9xgfo"}
{"type":"log","timestamp":1676307399625,"level":"debug","message":"Page request: GET (script) https://cdn.jsdelivr.net/npm/chart.js","meta":{"rootId":"kx3n020azpnoib9","id":"kx3n020azpnoib9"},"id":"yakug05udrgvvmn","previousOperationId":"9cq1dp435r9xgfo"}
{"type":"log","timestamp":1676307399634,"level":"debug","message":"Page request finished: GET (script) 200 https://cdn.jsdelivr.net/npm/chart.js","meta":{"rootId":"kx3n020azpnoib9","id":"kx3n020azpnoib9"},"id":"e4heuaaxp4z76qa","previousOperationId":"9cq1dp435r9xgfo"}
{"type":"log","timestamp":1676307399652,"level":"debug","message":"Page request finished: GET (stylesheet) 200 https://cdnjs.cloudflare.com/ajax/libs/metro/4.1.5/css/metro.min.css","meta":{"rootId":"kx3n020azpnoib9","id":"kx3n020azpnoib9"},"id":"51ytaxarrqgnzy0","previousOperationId":"9cq1dp435r9xgfo"}
{"type":"log","timestamp":1676307399661,"level":"debug","message":"(console:error) Invalid scale configuration for scale: yAxes","meta":{"userLevel":true,"rootId":"kx3n020azpnoib9","id":"kx3n020azpnoib9"},"id":"254mu1hstzlr3e6","previousOperationId":"9cq1dp435r9xgfo"}
{"type":"log","timestamp":1676307399769,"level":"debug","message":"Running chrome with params {\"printBackground\":true,\"timeout\":59762,\"margin\":{}}","meta":{"rootId":"kx3n020azpnoib9","id":"kx3n020azpnoib9"},"id":"1jskx8voito8mvw","previousOperationId":"9cq1dp435r9xgfo"}
{"type":"operationEnd","operationId":"9cq1dp435r9xgfo","timestamp":1676307399858,"id":"m4qrpt1n2uhx3jt","previousEventId":"70xskjz1ktiemfz","previousOperationId":"9cq1dp435r9xgfo"}
{"type":"log","timestamp":1676307399858,"level":"debug","message":"Skipping storing report.","meta":{"rootId":"kx3n020azpnoib9","id":"kx3n020azpnoib9"},"id":"qnilatti799qlrw","previousOperationId":"9cq1dp435r9xgfo"}
{"type":"log","timestamp":1676307399858,"level":"info","message":"Rendering request 105 finished in 579 ms","meta":{"rootId":"kx3n020azpnoib9","id":"kx3n020azpnoib9"},"id":"gvf4kie1zirms1e","previousOperationId":"9cq1dp435r9xgfo"}
{"type":"operationEnd","subtype":"render","operationId":"ddhpomkitrkql8y","timestamp":1676307399858,"id":"onmdlc2sic2qvpk","previousEventId":"m4qrpt1n2uhx3jt","previousOperationId":"9cq1dp435r9xgfo"}
{"type":"operationEnd","doDiffs":false,"previousEventId":"ljfg4agq3dw98uv","previousOperationId":"5dksvaja79kzyub","operationId":"5dksvaja79kzyub","timestamp":1676307399863,"id":"5fje8t4sa4wmcnk"}
