{"type":"operationStart","subtype":"profile","data":{"_id":"dLsvwtOJ9O7YDddc","timestamp":"2023-02-13T16:40:17.629Z","state":"queued","mode":"standard","creationDate":"2023-02-13T16:40:17.631Z","modificationDate":"2023-02-13T16:40:17.631Z","shortid":"U6fIgRi","$entitySet":"profiles"},"doDiffs":false,"timestamp":1676306417630,"id":"5br2jiss9gezcp5","previousOperationId":null,"operationId":"f3lk7rt0ocepsod"}
{"type":"log","level":"info","message":"Render request 67 queued for execution and waiting for available worker","previousOperationId":"f3lk7rt0ocepsod","timestamp":1676306417630,"id":"j4zp3phcilp1ofy"}
{"type":"operationStart","subtype":"render","name":"prueba","previousOperationId":"f3lk7rt0ocepsod","timestamp":1676306417640,"id":"68if0pppz5b1sef","previousEventId":"5br2jiss9gezcp5","operationId":"7qhrx95ton2wza1"}
{"type":"log","timestamp":1676306417640,"level":"info","message":"Starting rendering request 67","meta":{"rootId":"l0eoqnet7pmzqhh","id":"l0eoqnet7pmzqhh"},"id":"xa8dblad5gh5fvw","previousOperationId":"7qhrx95ton2wza1"}
{"type":"log","timestamp":1676306417640,"level":"info","message":"Rendering template { name: prueba, recipe: chrome-pdf, engine: handlebars, preview: true }","meta":{"rootId":"l0eoqnet7pmzqhh","id":"l0eoqnet7pmzqhh"},"id":"gbgilvweujr8tvy","previousOperationId":"7qhrx95ton2wza1"}
{"type":"log","timestamp":1676306417641,"level":"debug","message":"Data item not defined for this template.","meta":{"rootId":"l0eoqnet7pmzqhh","id":"l0eoqnet7pmzqhh"},"id":"6yg5c4odnkqycdn","previousOperationId":"7qhrx95ton2wza1"}
{"type":"log","timestamp":1676306417645,"level":"debug","message":"Executing script script (beforeRender)","meta":{"rootId":"l0eoqnet7pmzqhh","id":"l0eoqnet7pmzqhh"},"id":"1sk592w6clcvv6z","previousOperationId":"7qhrx95ton2wza1"}
{"type":"operationStart","subtype":"scriptsBeforeRender","name":"scripts beforeRender","timestamp":1676306417663,"id":"wxvjxucaj3r6mgh","previousEventId":"68if0pppz5b1sef","operationId":"k72nihj313dq70i","previousOperationId":"7qhrx95ton2wza1"}
{"type":"operationStart","subtype":"script","name":"scripts script","previousOperationId":"k72nihj313dq70i","timestamp":1676306417663,"id":"eohq8pnvh2gw2hj","previousEventId":"wxvjxucaj3r6mgh","operationId":"h7jps18gvz8o9a6"}
{"type":"operationEnd","operationId":"h7jps18gvz8o9a6","timestamp":1676306417833,"id":"f5qcbwti2jmzz8i","previousEventId":"68if0pppz5b1sef","previousOperationId":"7qhrx95ton2wza1"}
{"type":"operationEnd","operationId":"k72nihj313dq70i","timestamp":1676306417833,"id":"8itwfg5qkw5qzmm","previousEventId":"f5qcbwti2jmzz8i","previousOperationId":"7qhrx95ton2wza1"}
{"type":"log","timestamp":1676306417833,"level":"debug","message":"Base url not specified, skipping its injection.","meta":{"rootId":"l0eoqnet7pmzqhh","id":"l0eoqnet7pmzqhh"},"id":"dgkucyjpref67ob","previousOperationId":"k72nihj313dq70i"}
{"type":"operationStart","subtype":"engine","name":"handlebars","timestamp":1676306417833,"id":"jeb3mjj31cc5naw","previousEventId":"8itwfg5qkw5qzmm","operationId":"295eaya3cqqrt5i","previousOperationId":"k72nihj313dq70i"}
{"type":"log","timestamp":1676306417833,"level":"debug","message":"Rendering engine handlebars","meta":{"rootId":"l0eoqnet7pmzqhh","id":"l0eoqnet7pmzqhh"},"id":"ve54argh4kv7hwi","previousOperationId":"295eaya3cqqrt5i"}
{"type":"operationEnd","operationId":"295eaya3cqqrt5i","timestamp":1676306417848,"id":"b9lqt3r852tqqwo","previousEventId":"jeb3mjj31cc5naw","previousOperationId":"295eaya3cqqrt5i"}
{"type":"operationStart","subtype":"recipe","name":"chrome-pdf","timestamp":1676306417849,"id":"qau7u4exx0g50q4","previousEventId":"b9lqt3r852tqqwo","operationId":"5bp4cbba33tlo2w","previousOperationId":"295eaya3cqqrt5i"}
{"type":"log","timestamp":1676306417849,"level":"debug","message":"Executing recipe chrome-pdf","meta":{"rootId":"l0eoqnet7pmzqhh","id":"l0eoqnet7pmzqhh"},"id":"g9n800ibdlytucr","previousOperationId":"5bp4cbba33tlo2w"}
{"type":"log","timestamp":1676306417851,"level":"debug","message":"Converting with chrome HeadlessChrome/105.0.5173.0 using chrome-pool strategy","meta":{"rootId":"l0eoqnet7pmzqhh","id":"l0eoqnet7pmzqhh"},"id":"44y7p2iqbgap1nw","previousOperationId":"5bp4cbba33tlo2w"}
{"type":"log","timestamp":1676306417960,"level":"debug","message":"Page request: GET (document) file:///C:/Users/josei/AppData/Local/Temp/jsreport/autocleanup/2aeef2a8-8fb3-4367-bdef-602b6f7b25a1-chrome-pdf.html","meta":{"rootId":"l0eoqnet7pmzqhh","id":"l0eoqnet7pmzqhh"},"id":"2d2xcifudlh86i0","previousOperationId":"5bp4cbba33tlo2w"}
{"type":"log","timestamp":1676306417982,"level":"debug","message":"Page request finished: GET (document) 200 file:///C:/Users/josei/AppData/Local/Temp/jsreport/autocleanup/2aeef2a8-8fb3-4367-bdef-602b6f7b25a1-chrome-pdf.html","meta":{"rootId":"l0eoqnet7pmzqhh","id":"l0eoqnet7pmzqhh"},"id":"sao7aeergqpnltv","previousOperationId":"5bp4cbba33tlo2w"}
{"type":"log","timestamp":1676306417982,"level":"debug","message":"Page request: GET (stylesheet) https://cdnjs.cloudflare.com/ajax/libs/metro/4.1.5/css/metro.min.css","meta":{"rootId":"l0eoqnet7pmzqhh","id":"l0eoqnet7pmzqhh"},"id":"z0cmyxb0civpr7y","previousOperationId":"5bp4cbba33tlo2w"}
{"type":"log","timestamp":1676306417983,"level":"debug","message":"Page request: GET (script) https://cdn.jsdelivr.net/npm/chart.js","meta":{"rootId":"l0eoqnet7pmzqhh","id":"l0eoqnet7pmzqhh"},"id":"z737u481lsk1kve","previousOperationId":"5bp4cbba33tlo2w"}
{"type":"log","timestamp":1676306418007,"level":"debug","message":"Page request finished: GET (stylesheet) 200 https://cdnjs.cloudflare.com/ajax/libs/metro/4.1.5/css/metro.min.css","meta":{"rootId":"l0eoqnet7pmzqhh","id":"l0eoqnet7pmzqhh"},"id":"cywspvev5rxkw6v","previousOperationId":"5bp4cbba33tlo2w"}
{"type":"log","timestamp":1676306418008,"level":"debug","message":"Page request finished: GET (script) 200 https://cdn.jsdelivr.net/npm/chart.js","meta":{"rootId":"l0eoqnet7pmzqhh","id":"l0eoqnet7pmzqhh"},"id":"clq2wwmspgron9q","previousOperationId":"5bp4cbba33tlo2w"}
{"type":"log","timestamp":1676306418015,"level":"debug","message":"(console:error) Invalid scale configuration for scale: yAxes","meta":{"userLevel":true,"rootId":"l0eoqnet7pmzqhh","id":"l0eoqnet7pmzqhh"},"id":"iwtyvih7e4mgwc5","previousOperationId":"5bp4cbba33tlo2w"}
{"type":"log","timestamp":1676306418127,"level":"debug","message":"Running chrome with params {\"printBackground\":true,\"timeout\":59779,\"margin\":{}}","meta":{"rootId":"l0eoqnet7pmzqhh","id":"l0eoqnet7pmzqhh"},"id":"1hneeqbf6r5jbsf","previousOperationId":"5bp4cbba33tlo2w"}
{"type":"operationEnd","operationId":"5bp4cbba33tlo2w","timestamp":1676306418213,"id":"wk6w8a2csj9tl81","previousEventId":"qau7u4exx0g50q4","previousOperationId":"5bp4cbba33tlo2w"}
{"type":"log","timestamp":1676306418214,"level":"debug","message":"Skipping storing report.","meta":{"rootId":"l0eoqnet7pmzqhh","id":"l0eoqnet7pmzqhh"},"id":"oz86cr9z9b7lnsz","previousOperationId":"5bp4cbba33tlo2w"}
{"type":"log","timestamp":1676306418214,"level":"info","message":"Rendering request 67 finished in 585 ms","meta":{"rootId":"l0eoqnet7pmzqhh","id":"l0eoqnet7pmzqhh"},"id":"usz26zwcem0ojo7","previousOperationId":"5bp4cbba33tlo2w"}
{"type":"operationEnd","subtype":"render","operationId":"7qhrx95ton2wza1","timestamp":1676306418214,"id":"2yeoh6h3v37mh7w","previousEventId":"wk6w8a2csj9tl81","previousOperationId":"5bp4cbba33tlo2w"}
{"type":"operationEnd","doDiffs":false,"previousEventId":"5br2jiss9gezcp5","previousOperationId":"f3lk7rt0ocepsod","operationId":"f3lk7rt0ocepsod","timestamp":1676306418217,"id":"fqz08bhrxo5203o"}
