{"type":"operationStart","subtype":"profile","data":{"_id":"Tg7DeQhliemdEsGN","timestamp":"2023-02-13T16:44:24.531Z","state":"queued","mode":"standard","creationDate":"2023-02-13T16:44:24.533Z","modificationDate":"2023-02-13T16:44:24.533Z","shortid":"34_gldy","$entitySet":"profiles"},"doDiffs":false,"timestamp":1676306664532,"id":"mpbfthwygsa5yqa","previousOperationId":null,"operationId":"dbzwreksw0iobzh"}
{"type":"log","level":"info","message":"Render request 75 queued for execution and waiting for available worker","previousOperationId":"dbzwreksw0iobzh","timestamp":1676306664532,"id":"exd2psgu0w483l0"}
{"type":"operationStart","subtype":"render","name":"prueba","previousOperationId":"dbzwreksw0iobzh","timestamp":1676306664540,"id":"qw1pg4cgbzu6ela","previousEventId":"mpbfthwygsa5yqa","operationId":"li619z6txub5vlp"}
{"type":"log","timestamp":1676306664540,"level":"info","message":"Starting rendering request 75","meta":{"rootId":"l3bnhibtrmolpeq","id":"l3bnhibtrmolpeq"},"id":"d9cwuug6art58c5","previousOperationId":"li619z6txub5vlp"}
{"type":"log","timestamp":1676306664540,"level":"info","message":"Rendering template { name: prueba, recipe: chrome-pdf, engine: handlebars, preview: true }","meta":{"rootId":"l3bnhibtrmolpeq","id":"l3bnhibtrmolpeq"},"id":"v8lbavgzrn3e4kh","previousOperationId":"li619z6txub5vlp"}
{"type":"log","timestamp":1676306664543,"level":"debug","message":"Data item not defined for this template.","meta":{"rootId":"l3bnhibtrmolpeq","id":"l3bnhibtrmolpeq"},"id":"w9f1ygy0fhv2n4d","previousOperationId":"li619z6txub5vlp"}
{"type":"log","timestamp":1676306664547,"level":"debug","message":"Executing script script (beforeRender)","meta":{"rootId":"l3bnhibtrmolpeq","id":"l3bnhibtrmolpeq"},"id":"99i7dqf8sv5us6u","previousOperationId":"li619z6txub5vlp"}
{"type":"operationStart","subtype":"scriptsBeforeRender","name":"scripts beforeRender","timestamp":1676306664568,"id":"46ex8vpn0ch7jew","previousEventId":"qw1pg4cgbzu6ela","operationId":"oxhszpkguvugc19","previousOperationId":"li619z6txub5vlp"}
{"type":"operationStart","subtype":"script","name":"scripts script","previousOperationId":"oxhszpkguvugc19","timestamp":1676306664568,"id":"zcmqyjglx895g8x","previousEventId":"46ex8vpn0ch7jew","operationId":"57ldssnnjccn02u"}
{"type":"operationEnd","operationId":"57ldssnnjccn02u","timestamp":1676306664735,"id":"yyvvsa513zh9mi8","previousEventId":"qw1pg4cgbzu6ela","previousOperationId":"li619z6txub5vlp"}
{"type":"operationEnd","operationId":"oxhszpkguvugc19","timestamp":1676306664735,"id":"6cv94y6trgh0af4","previousEventId":"yyvvsa513zh9mi8","previousOperationId":"li619z6txub5vlp"}
{"type":"log","timestamp":1676306664735,"level":"debug","message":"Base url not specified, skipping its injection.","meta":{"rootId":"l3bnhibtrmolpeq","id":"l3bnhibtrmolpeq"},"id":"0lc6rqp757q8ag1","previousOperationId":"oxhszpkguvugc19"}
{"type":"operationStart","subtype":"engine","name":"handlebars","timestamp":1676306664735,"id":"an5kjk55ia2l7sj","previousEventId":"6cv94y6trgh0af4","operationId":"j0qy3t4xy7z3tao","previousOperationId":"oxhszpkguvugc19"}
{"type":"log","timestamp":1676306664735,"level":"debug","message":"Rendering engine handlebars","meta":{"rootId":"l3bnhibtrmolpeq","id":"l3bnhibtrmolpeq"},"id":"7emcpj2urefto92","previousOperationId":"j0qy3t4xy7z3tao"}
{"type":"operationEnd","operationId":"j0qy3t4xy7z3tao","timestamp":1676306664748,"id":"t0ozaii80meyaxv","previousEventId":"an5kjk55ia2l7sj","previousOperationId":"j0qy3t4xy7z3tao"}
{"type":"operationStart","subtype":"recipe","name":"chrome-pdf","timestamp":1676306664748,"id":"ac78x0wnsq1itvm","previousEventId":"t0ozaii80meyaxv","operationId":"d67m9ed7625ypvx","previousOperationId":"j0qy3t4xy7z3tao"}
{"type":"log","timestamp":1676306664748,"level":"debug","message":"Executing recipe chrome-pdf","meta":{"rootId":"l3bnhibtrmolpeq","id":"l3bnhibtrmolpeq"},"id":"0po408d47gmxl2e","previousOperationId":"d67m9ed7625ypvx"}
{"type":"log","timestamp":1676306664750,"level":"debug","message":"Converting with chrome HeadlessChrome/105.0.5173.0 using chrome-pool strategy","meta":{"rootId":"l3bnhibtrmolpeq","id":"l3bnhibtrmolpeq"},"id":"7910wwkahnxhdem","previousOperationId":"d67m9ed7625ypvx"}
{"type":"log","timestamp":1676306664852,"level":"debug","message":"Page request: GET (document) file:///C:/Users/josei/AppData/Local/Temp/jsreport/autocleanup/fcd4dfda-d718-40bc-9ab8-9d796aca047d-chrome-pdf.html","meta":{"rootId":"l3bnhibtrmolpeq","id":"l3bnhibtrmolpeq"},"id":"0ongdwpj7i3lwqm","previousOperationId":"d67m9ed7625ypvx"}
{"type":"log","timestamp":1676306664872,"level":"debug","message":"Page request finished: GET (document) 200 file:///C:/Users/josei/AppData/Local/Temp/jsreport/autocleanup/fcd4dfda-d718-40bc-9ab8-9d796aca047d-chrome-pdf.html","meta":{"rootId":"l3bnhibtrmolpeq","id":"l3bnhibtrmolpeq"},"id":"gc6n945r51765xd","previousOperationId":"d67m9ed7625ypvx"}
{"type":"log","timestamp":1676306664872,"level":"debug","message":"Page request: GET (stylesheet) https://cdnjs.cloudflare.com/ajax/libs/metro/4.1.5/css/metro.min.css","meta":{"rootId":"l3bnhibtrmolpeq","id":"l3bnhibtrmolpeq"},"id":"er0qxdixn4t54p3","previousOperationId":"d67m9ed7625ypvx"}
{"type":"log","timestamp":1676306664872,"level":"debug","message":"Page request: GET (script) https://cdn.jsdelivr.net/npm/chart.js","meta":{"rootId":"l3bnhibtrmolpeq","id":"l3bnhibtrmolpeq"},"id":"d0dpwoplrqdlpjo","previousOperationId":"d67m9ed7625ypvx"}
{"type":"log","timestamp":1676306664879,"level":"debug","message":"Page request finished: GET (script) 200 https://cdn.jsdelivr.net/npm/chart.js","meta":{"rootId":"l3bnhibtrmolpeq","id":"l3bnhibtrmolpeq"},"id":"k95odciny26xvg5","previousOperationId":"d67m9ed7625ypvx"}
{"type":"log","timestamp":1676306664898,"level":"debug","message":"Page request finished: GET (stylesheet) 200 https://cdnjs.cloudflare.com/ajax/libs/metro/4.1.5/css/metro.min.css","meta":{"rootId":"l3bnhibtrmolpeq","id":"l3bnhibtrmolpeq"},"id":"ec9j9rgwtrlj39d","previousOperationId":"d67m9ed7625ypvx"}
{"type":"log","timestamp":1676306664904,"level":"debug","message":"(console:error) Invalid scale configuration for scale: yAxes","meta":{"userLevel":true,"rootId":"l3bnhibtrmolpeq","id":"l3bnhibtrmolpeq"},"id":"pst0khnz721d0gd","previousOperationId":"d67m9ed7625ypvx"}
{"type":"log","timestamp":1676306665015,"level":"debug","message":"Running chrome with params {\"printBackground\":true,\"timeout\":59781,\"margin\":{}}","meta":{"rootId":"l3bnhibtrmolpeq","id":"l3bnhibtrmolpeq"},"id":"kpglpmiwk3iibm3","previousOperationId":"d67m9ed7625ypvx"}
{"type":"operationEnd","operationId":"d67m9ed7625ypvx","timestamp":1676306665103,"id":"zkkt8zfdcmzca8t","previousEventId":"ac78x0wnsq1itvm","previousOperationId":"d67m9ed7625ypvx"}
{"type":"log","timestamp":1676306665103,"level":"debug","message":"Skipping storing report.","meta":{"rootId":"l3bnhibtrmolpeq","id":"l3bnhibtrmolpeq"},"id":"lr42ta4mkuyw7m6","previousOperationId":"d67m9ed7625ypvx"}
{"type":"log","timestamp":1676306665103,"level":"info","message":"Rendering request 75 finished in 572 ms","meta":{"rootId":"l3bnhibtrmolpeq","id":"l3bnhibtrmolpeq"},"id":"2qhi585mkqvfbt1","previousOperationId":"d67m9ed7625ypvx"}
{"type":"operationEnd","subtype":"render","operationId":"li619z6txub5vlp","timestamp":1676306665103,"id":"bqa4quyrttf9r5a","previousEventId":"zkkt8zfdcmzca8t","previousOperationId":"d67m9ed7625ypvx"}
{"type":"operationEnd","doDiffs":false,"previousEventId":"mpbfthwygsa5yqa","previousOperationId":"dbzwreksw0iobzh","operationId":"dbzwreksw0iobzh","timestamp":1676306665107,"id":"l6iostccq0icktv"}
