{"type":"operationStart","subtype":"profile","data":{"_id":"yCGZTSr6mrNdumSw","timestamp":"2023-02-13T16:05:36.812Z","state":"queued","mode":"standard","creationDate":"2023-02-13T16:05:36.815Z","modificationDate":"2023-02-13T16:05:36.815Z","shortid":"PQz3JRR","$entitySet":"profiles"},"doDiffs":false,"timestamp":1676304336814,"id":"kblxutk7i0sp348","previousOperationId":null,"operationId":"mi1n9zjg6e0lx0w"}
{"type":"log","level":"info","message":"Render request 14 queued for execution and waiting for available worker","previousOperationId":"mi1n9zjg6e0lx0w","timestamp":1676304336814,"id":"czb6w6aehhxlxp3"}
{"type":"operationStart","subtype":"render","name":"prueba","previousOperationId":"mi1n9zjg6e0lx0w","timestamp":1676304336829,"id":"c76mjfi4e2xykrx","previousEventId":"kblxutk7i0sp348","operationId":"s7y3c3b26eqhnii"}
{"type":"log","timestamp":1676304336829,"level":"info","message":"Starting rendering request 14","meta":{"rootId":"l43u44m5qxjqrzu","id":"l43u44m5qxjqrzu"},"id":"navb60co8r50x71","previousOperationId":"s7y3c3b26eqhnii"}
{"type":"log","timestamp":1676304336830,"level":"info","message":"Rendering template { name: prueba, recipe: chrome-pdf, engine: handlebars, preview: true }","meta":{"rootId":"l43u44m5qxjqrzu","id":"l43u44m5qxjqrzu"},"id":"jktxktuhb11dbe9","previousOperationId":"s7y3c3b26eqhnii"}
{"type":"log","timestamp":1676304336831,"level":"debug","message":"Data item not defined for this template.","meta":{"rootId":"l43u44m5qxjqrzu","id":"l43u44m5qxjqrzu"},"id":"hze46n788w4grg5","previousOperationId":"s7y3c3b26eqhnii"}
{"type":"log","timestamp":1676304336834,"level":"debug","message":"Executing script script (beforeRender)","meta":{"rootId":"l43u44m5qxjqrzu","id":"l43u44m5qxjqrzu"},"id":"ffh3mhegjp3hs99","previousOperationId":"s7y3c3b26eqhnii"}
{"type":"operationStart","subtype":"scriptsBeforeRender","name":"scripts beforeRender","timestamp":1676304336855,"id":"s9bdnr67z7wp0qc","previousEventId":"c76mjfi4e2xykrx","operationId":"6c8c85dxp7ccu5d","previousOperationId":"s7y3c3b26eqhnii"}
{"type":"operationStart","subtype":"script","name":"scripts script","previousOperationId":"6c8c85dxp7ccu5d","timestamp":1676304336855,"id":"b1bchxddofliv0l","previousEventId":"s9bdnr67z7wp0qc","operationId":"3zieutk45hdwoi3"}
{"type":"operationEnd","operationId":"3zieutk45hdwoi3","timestamp":1676304337016,"id":"bojczrkpg3powfo","previousEventId":"c76mjfi4e2xykrx","previousOperationId":"s7y3c3b26eqhnii"}
{"type":"operationEnd","operationId":"6c8c85dxp7ccu5d","timestamp":1676304337016,"id":"jsrdhaem1g18nt7","previousEventId":"bojczrkpg3powfo","previousOperationId":"s7y3c3b26eqhnii"}
{"type":"log","timestamp":1676304337016,"level":"debug","message":"Base url not specified, skipping its injection.","meta":{"rootId":"l43u44m5qxjqrzu","id":"l43u44m5qxjqrzu"},"id":"kt6jdel88ijw731","previousOperationId":"6c8c85dxp7ccu5d"}
{"type":"operationStart","subtype":"engine","name":"handlebars","timestamp":1676304337017,"id":"65vjsl1d28a4n5o","previousEventId":"jsrdhaem1g18nt7","operationId":"ruj8054acs4hj7y","previousOperationId":"6c8c85dxp7ccu5d"}
{"type":"log","timestamp":1676304337017,"level":"debug","message":"Rendering engine handlebars","meta":{"rootId":"l43u44m5qxjqrzu","id":"l43u44m5qxjqrzu"},"id":"vb85p5fbtxz7lwc","previousOperationId":"ruj8054acs4hj7y"}
{"type":"operationEnd","operationId":"ruj8054acs4hj7y","timestamp":1676304337031,"id":"s8mtj4zqqw4qspd","previousEventId":"65vjsl1d28a4n5o","previousOperationId":"ruj8054acs4hj7y"}
{"type":"operationStart","subtype":"recipe","name":"chrome-pdf","timestamp":1676304337032,"id":"7uc344b5i3769m6","previousEventId":"s8mtj4zqqw4qspd","operationId":"tb2wpz7lvvtwvjo","previousOperationId":"ruj8054acs4hj7y"}
{"type":"log","timestamp":1676304337032,"level":"debug","message":"Executing recipe chrome-pdf","meta":{"rootId":"l43u44m5qxjqrzu","id":"l43u44m5qxjqrzu"},"id":"46qeyhb89lfn404","previousOperationId":"tb2wpz7lvvtwvjo"}
{"type":"log","timestamp":1676304337034,"level":"debug","message":"Converting with chrome HeadlessChrome/105.0.5173.0 using chrome-pool strategy","meta":{"rootId":"l43u44m5qxjqrzu","id":"l43u44m5qxjqrzu"},"id":"qgbwbpztep6e77g","previousOperationId":"tb2wpz7lvvtwvjo"}
{"type":"log","timestamp":1676304337125,"level":"debug","message":"Page request: GET (document) file:///C:/Users/josei/AppData/Local/Temp/jsreport/autocleanup/c9d98750-6a0f-4736-8488-d579b9c1ad9a-chrome-pdf.html","meta":{"rootId":"l43u44m5qxjqrzu","id":"l43u44m5qxjqrzu"},"id":"mbuhebp3vciw8ni","previousOperationId":"tb2wpz7lvvtwvjo"}
{"type":"log","timestamp":1676304337150,"level":"debug","message":"Page request finished: GET (document) 200 file:///C:/Users/josei/AppData/Local/Temp/jsreport/autocleanup/c9d98750-6a0f-4736-8488-d579b9c1ad9a-chrome-pdf.html","meta":{"rootId":"l43u44m5qxjqrzu","id":"l43u44m5qxjqrzu"},"id":"ly5cn982t17f10g","previousOperationId":"tb2wpz7lvvtwvjo"}
{"type":"log","timestamp":1676304337150,"level":"debug","message":"Page request: GET (stylesheet) https://cdnjs.cloudflare.com/ajax/libs/metro/4.1.5/css/metro.min.css","meta":{"rootId":"l43u44m5qxjqrzu","id":"l43u44m5qxjqrzu"},"id":"9z3k2nmripjt54q","previousOperationId":"tb2wpz7lvvtwvjo"}
{"type":"log","timestamp":1676304337151,"level":"debug","message":"Page request: GET (script) https://cdn.jsdelivr.net/npm/chart.js","meta":{"rootId":"l43u44m5qxjqrzu","id":"l43u44m5qxjqrzu"},"id":"tyulitn6w99nbml","previousOperationId":"tb2wpz7lvvtwvjo"}
{"type":"log","timestamp":1676304337156,"level":"debug","message":"Page request finished: GET (script) 200 https://cdn.jsdelivr.net/npm/chart.js","meta":{"rootId":"l43u44m5qxjqrzu","id":"l43u44m5qxjqrzu"},"id":"hzilbm6r4rha323","previousOperationId":"tb2wpz7lvvtwvjo"}
{"type":"log","timestamp":1676304337174,"level":"debug","message":"Page request finished: GET (stylesheet) 200 https://cdnjs.cloudflare.com/ajax/libs/metro/4.1.5/css/metro.min.css","meta":{"rootId":"l43u44m5qxjqrzu","id":"l43u44m5qxjqrzu"},"id":"z8mrmz5ms4zbzzm","previousOperationId":"tb2wpz7lvvtwvjo"}
{"type":"log","timestamp":1676304337182,"level":"debug","message":"(console:error) Invalid scale configuration for scale: yAxes","meta":{"userLevel":true,"rootId":"l43u44m5qxjqrzu","id":"l43u44m5qxjqrzu"},"id":"tuzygqwlacojw8d","previousOperationId":"tb2wpz7lvvtwvjo"}
{"type":"log","timestamp":1676304337283,"level":"debug","message":"Running chrome with params {\"printBackground\":true,\"timeout\":59778,\"margin\":{}}","meta":{"rootId":"l43u44m5qxjqrzu","id":"l43u44m5qxjqrzu"},"id":"p4qzctwyuz7h7va","previousOperationId":"tb2wpz7lvvtwvjo"}
{"type":"operationEnd","operationId":"tb2wpz7lvvtwvjo","timestamp":1676304337361,"id":"byy8vky0wfs0rxf","previousEventId":"7uc344b5i3769m6","previousOperationId":"tb2wpz7lvvtwvjo"}
{"type":"log","timestamp":1676304337361,"level":"debug","message":"Skipping storing report.","meta":{"rootId":"l43u44m5qxjqrzu","id":"l43u44m5qxjqrzu"},"id":"brri79wazm644iq","previousOperationId":"tb2wpz7lvvtwvjo"}
{"type":"log","timestamp":1676304337361,"level":"info","message":"Rendering request 14 finished in 550 ms","meta":{"rootId":"l43u44m5qxjqrzu","id":"l43u44m5qxjqrzu"},"id":"9djsx53ossle9hs","previousOperationId":"tb2wpz7lvvtwvjo"}
{"type":"operationEnd","subtype":"render","operationId":"s7y3c3b26eqhnii","timestamp":1676304337361,"id":"6281t06qlz05qsa","previousEventId":"byy8vky0wfs0rxf","previousOperationId":"tb2wpz7lvvtwvjo"}
{"type":"operationEnd","doDiffs":false,"previousEventId":"kblxutk7i0sp348","previousOperationId":"mi1n9zjg6e0lx0w","operationId":"mi1n9zjg6e0lx0w","timestamp":1676304337367,"id":"5iyuaxd0j56m6aw"}
