{"type":"operationStart","subtype":"profile","data":{"_id":"rOrQd7BMYm9VwkkP","timestamp":"2023-02-13T16:56:53.546Z","state":"queued","mode":"standard","creationDate":"2023-02-13T16:56:53.547Z","modificationDate":"2023-02-13T16:56:53.547Z","shortid":"ezjXOy7","$entitySet":"profiles"},"doDiffs":false,"timestamp":1676307413546,"id":"bgep88f6onv2tka","previousOperationId":null,"operationId":"hnsowv11gvfdbac"}
{"type":"log","level":"info","message":"Render request 106 queued for execution and waiting for available worker","previousOperationId":"hnsowv11gvfdbac","timestamp":1676307413547,"id":"lhcl3hplrbfpzfn"}
{"type":"operationStart","subtype":"render","name":"prueba","previousOperationId":"hnsowv11gvfdbac","timestamp":1676307413555,"id":"su40xri827zf8zy","previousEventId":"bgep88f6onv2tka","operationId":"97mb5m0xx44nbb0"}
{"type":"log","timestamp":1676307413555,"level":"info","message":"Starting rendering request 106","meta":{"rootId":"l4oqsxrs8hyr1gb","id":"l4oqsxrs8hyr1gb"},"id":"449nbhu23r0sykv","previousOperationId":"97mb5m0xx44nbb0"}
{"type":"log","timestamp":1676307413555,"level":"info","message":"Rendering template { name: prueba, recipe: chrome-pdf, engine: handlebars, preview: true }","meta":{"rootId":"l4oqsxrs8hyr1gb","id":"l4oqsxrs8hyr1gb"},"id":"b94je2gmkwry2a0","previousOperationId":"97mb5m0xx44nbb0"}
{"type":"log","timestamp":1676307413555,"level":"debug","message":"Data item not defined for this template.","meta":{"rootId":"l4oqsxrs8hyr1gb","id":"l4oqsxrs8hyr1gb"},"id":"wh64n8lmvj7rx2x","previousOperationId":"97mb5m0xx44nbb0"}
{"type":"log","timestamp":1676307413558,"level":"debug","message":"Executing script script (beforeRender)","meta":{"rootId":"l4oqsxrs8hyr1gb","id":"l4oqsxrs8hyr1gb"},"id":"94jr7yqjbwo482n","previousOperationId":"97mb5m0xx44nbb0"}
{"type":"operationStart","subtype":"scriptsBeforeRender","name":"scripts beforeRender","timestamp":1676307413573,"id":"o6t94fseigwh45k","previousEventId":"su40xri827zf8zy","operationId":"lvloba8tm5gpd4k","previousOperationId":"97mb5m0xx44nbb0"}
{"type":"operationStart","subtype":"script","name":"scripts script","previousOperationId":"lvloba8tm5gpd4k","timestamp":1676307413573,"id":"dkkzb3vacgqmmuv","previousEventId":"o6t94fseigwh45k","operationId":"n03880k8gckawex"}
{"type":"operationEnd","operationId":"n03880k8gckawex","timestamp":1676307413729,"id":"13lm7kum9nl9rox","previousEventId":"su40xri827zf8zy","previousOperationId":"97mb5m0xx44nbb0"}
{"type":"operationEnd","operationId":"lvloba8tm5gpd4k","timestamp":1676307413729,"id":"vrr6uqy9smttlhe","previousEventId":"13lm7kum9nl9rox","previousOperationId":"97mb5m0xx44nbb0"}
{"type":"log","timestamp":1676307413729,"level":"debug","message":"Base url not specified, skipping its injection.","meta":{"rootId":"l4oqsxrs8hyr1gb","id":"l4oqsxrs8hyr1gb"},"id":"0y51x893c19xpip","previousOperationId":"lvloba8tm5gpd4k"}
{"type":"operationStart","subtype":"engine","name":"handlebars","timestamp":1676307413729,"id":"v3ot9a9a87gs3hv","previousEventId":"vrr6uqy9smttlhe","operationId":"1sulap7wjp2t8fm","previousOperationId":"lvloba8tm5gpd4k"}
{"type":"log","timestamp":1676307413729,"level":"debug","message":"Rendering engine handlebars","meta":{"rootId":"l4oqsxrs8hyr1gb","id":"l4oqsxrs8hyr1gb"},"id":"5wejkybs3inzt0h","previousOperationId":"1sulap7wjp2t8fm"}
{"type":"operationEnd","operationId":"1sulap7wjp2t8fm","timestamp":1676307413741,"id":"31y0pjabjm1ji56","previousEventId":"v3ot9a9a87gs3hv","previousOperationId":"1sulap7wjp2t8fm"}
{"type":"operationStart","subtype":"recipe","name":"chrome-pdf","timestamp":1676307413741,"id":"vbw0culpfzi5d30","previousEventId":"31y0pjabjm1ji56","operationId":"mwg6kfzpo2vpy6m","previousOperationId":"1sulap7wjp2t8fm"}
{"type":"log","timestamp":1676307413741,"level":"debug","message":"Executing recipe chrome-pdf","meta":{"rootId":"l4oqsxrs8hyr1gb","id":"l4oqsxrs8hyr1gb"},"id":"g4ilfb6sd4ren8b","previousOperationId":"mwg6kfzpo2vpy6m"}
{"type":"log","timestamp":1676307413743,"level":"debug","message":"Converting with chrome HeadlessChrome/105.0.5173.0 using chrome-pool strategy","meta":{"rootId":"l4oqsxrs8hyr1gb","id":"l4oqsxrs8hyr1gb"},"id":"xaebtny7aqz4h8z","previousOperationId":"mwg6kfzpo2vpy6m"}
{"type":"log","timestamp":1676307413842,"level":"debug","message":"Page request: GET (document) file:///C:/Users/josei/AppData/Local/Temp/jsreport/autocleanup/d7beb808-c02a-4776-896b-a74f0d59aa33-chrome-pdf.html","meta":{"rootId":"l4oqsxrs8hyr1gb","id":"l4oqsxrs8hyr1gb"},"id":"whfqtgqpx59sflt","previousOperationId":"mwg6kfzpo2vpy6m"}
{"type":"log","timestamp":1676307413869,"level":"debug","message":"Page request finished: GET (document) 200 file:///C:/Users/josei/AppData/Local/Temp/jsreport/autocleanup/d7beb808-c02a-4776-896b-a74f0d59aa33-chrome-pdf.html","meta":{"rootId":"l4oqsxrs8hyr1gb","id":"l4oqsxrs8hyr1gb"},"id":"dktb0th1eofr9fw","previousOperationId":"mwg6kfzpo2vpy6m"}
{"type":"log","timestamp":1676307413878,"level":"debug","message":"Page request: GET (stylesheet) https://cdnjs.cloudflare.com/ajax/libs/metro/4.1.5/css/metro.min.css","meta":{"rootId":"l4oqsxrs8hyr1gb","id":"l4oqsxrs8hyr1gb"},"id":"7go23ayz94l3vz2","previousOperationId":"mwg6kfzpo2vpy6m"}
{"type":"log","timestamp":1676307413879,"level":"debug","message":"Page request: GET (script) https://cdn.jsdelivr.net/npm/chart.js","meta":{"rootId":"l4oqsxrs8hyr1gb","id":"l4oqsxrs8hyr1gb"},"id":"qzpjuey0fjfr3gl","previousOperationId":"mwg6kfzpo2vpy6m"}
{"type":"log","timestamp":1676307413905,"level":"debug","message":"Page request finished: GET (stylesheet) 200 https://cdnjs.cloudflare.com/ajax/libs/metro/4.1.5/css/metro.min.css","meta":{"rootId":"l4oqsxrs8hyr1gb","id":"l4oqsxrs8hyr1gb"},"id":"11f0jnqn6pyx3ll","previousOperationId":"mwg6kfzpo2vpy6m"}
{"type":"log","timestamp":1676307413906,"level":"debug","message":"Page request finished: GET (script) 200 https://cdn.jsdelivr.net/npm/chart.js","meta":{"rootId":"l4oqsxrs8hyr1gb","id":"l4oqsxrs8hyr1gb"},"id":"rb3scdgdk8zeuib","previousOperationId":"mwg6kfzpo2vpy6m"}
{"type":"log","timestamp":1676307413912,"level":"warn","message":"Page error: SyntaxError: Unexpected end of input","meta":{"rootId":"l4oqsxrs8hyr1gb","id":"l4oqsxrs8hyr1gb"},"id":"hfqdm2cgmk6y6t5","previousOperationId":"mwg6kfzpo2vpy6m"}
{"type":"log","timestamp":1676307413945,"level":"debug","message":"Running chrome with params {\"printBackground\":true,\"timeout\":59803,\"margin\":{}}","meta":{"rootId":"l4oqsxrs8hyr1gb","id":"l4oqsxrs8hyr1gb"},"id":"rnmh8oyqtadl0l5","previousOperationId":"mwg6kfzpo2vpy6m"}
{"type":"operationEnd","operationId":"mwg6kfzpo2vpy6m","timestamp":1676307414029,"id":"miootd59s4d6crf","previousEventId":"vbw0culpfzi5d30","previousOperationId":"mwg6kfzpo2vpy6m"}
{"type":"log","timestamp":1676307414029,"level":"debug","message":"Skipping storing report.","meta":{"rootId":"l4oqsxrs8hyr1gb","id":"l4oqsxrs8hyr1gb"},"id":"mqx4t134drfskdc","previousOperationId":"mwg6kfzpo2vpy6m"}
{"type":"log","timestamp":1676307414029,"level":"info","message":"Rendering request 106 finished in 483 ms","meta":{"rootId":"l4oqsxrs8hyr1gb","id":"l4oqsxrs8hyr1gb"},"id":"xyfe20razzbo4la","previousOperationId":"mwg6kfzpo2vpy6m"}
{"type":"operationEnd","subtype":"render","operationId":"97mb5m0xx44nbb0","timestamp":1676307414029,"id":"5jhmw8qisdho4ck","previousEventId":"miootd59s4d6crf","previousOperationId":"mwg6kfzpo2vpy6m"}
{"type":"operationEnd","doDiffs":false,"previousEventId":"bgep88f6onv2tka","previousOperationId":"hnsowv11gvfdbac","operationId":"hnsowv11gvfdbac","timestamp":1676307414033,"id":"3dvuqao3spe56ke"}
