{"type":"operationStart","subtype":"profile","data":{"_id":"JWyPauy2eWz08ZiN","timestamp":"2023-02-13T16:05:47.020Z","state":"queued","mode":"standard","creationDate":"2023-02-13T16:05:47.022Z","modificationDate":"2023-02-13T16:05:47.022Z","shortid":"XrxlJ9p","$entitySet":"profiles"},"doDiffs":false,"timestamp":1676304347021,"id":"a38qqdjqofmz3jn","previousOperationId":null,"operationId":"t9x3ud16rk4g2ug"}
{"type":"log","level":"info","message":"Render request 16 queued for execution and waiting for available worker","previousOperationId":"t9x3ud16rk4g2ug","timestamp":1676304347021,"id":"9xsma6ebf0dmp93"}
{"type":"operationStart","subtype":"render","name":"prueba","previousOperationId":"t9x3ud16rk4g2ug","timestamp":1676304347031,"id":"9tvi1n2fqvoawiz","previousEventId":"a38qqdjqofmz3jn","operationId":"7sunhr55nz21zp2"}
{"type":"log","timestamp":1676304347031,"level":"info","message":"Starting rendering request 16","meta":{"rootId":"libzd9lzlxwg5fw","id":"libzd9lzlxwg5fw"},"id":"pngii6z4fvzo0vs","previousOperationId":"7sunhr55nz21zp2"}
{"type":"log","timestamp":1676304347031,"level":"info","message":"Rendering template { name: prueba, recipe: chrome-pdf, engine: handlebars, preview: true }","meta":{"rootId":"libzd9lzlxwg5fw","id":"libzd9lzlxwg5fw"},"id":"il6xx9c61w1ttc9","previousOperationId":"7sunhr55nz21zp2"}
{"type":"log","timestamp":1676304347032,"level":"debug","message":"Data item not defined for this template.","meta":{"rootId":"libzd9lzlxwg5fw","id":"libzd9lzlxwg5fw"},"id":"9m1eauwquamy36t","previousOperationId":"7sunhr55nz21zp2"}
{"type":"log","timestamp":1676304347036,"level":"debug","message":"Executing script script (beforeRender)","meta":{"rootId":"libzd9lzlxwg5fw","id":"libzd9lzlxwg5fw"},"id":"xhkshiv42xdqacu","previousOperationId":"7sunhr55nz21zp2"}
{"type":"operationStart","subtype":"scriptsBeforeRender","name":"scripts beforeRender","timestamp":1676304347056,"id":"yc3e4qcoago75dg","previousEventId":"9tvi1n2fqvoawiz","operationId":"zja50rgjgaxvsgr","previousOperationId":"7sunhr55nz21zp2"}
{"type":"operationStart","subtype":"script","name":"scripts script","previousOperationId":"zja50rgjgaxvsgr","timestamp":1676304347056,"id":"tqq69osrrq30loh","previousEventId":"yc3e4qcoago75dg","operationId":"82fgxzif4dklkkt"}
{"type":"operationEnd","operationId":"82fgxzif4dklkkt","timestamp":1676304347224,"id":"fc3wrhrssa80mhs","previousEventId":"9tvi1n2fqvoawiz","previousOperationId":"7sunhr55nz21zp2"}
{"type":"operationEnd","operationId":"zja50rgjgaxvsgr","timestamp":1676304347224,"id":"t6stv31g7ocbfrv","previousEventId":"fc3wrhrssa80mhs","previousOperationId":"7sunhr55nz21zp2"}
{"type":"log","timestamp":1676304347224,"level":"debug","message":"Base url not specified, skipping its injection.","meta":{"rootId":"libzd9lzlxwg5fw","id":"libzd9lzlxwg5fw"},"id":"1hklmlnk8z4554y","previousOperationId":"zja50rgjgaxvsgr"}
{"type":"operationStart","subtype":"engine","name":"handlebars","timestamp":1676304347225,"id":"869iua0wh56k9n0","previousEventId":"t6stv31g7ocbfrv","operationId":"meg5um092nfiy10","previousOperationId":"zja50rgjgaxvsgr"}
{"type":"log","timestamp":1676304347225,"level":"debug","message":"Rendering engine handlebars","meta":{"rootId":"libzd9lzlxwg5fw","id":"libzd9lzlxwg5fw"},"id":"qkjtm61v6u6hvjn","previousOperationId":"meg5um092nfiy10"}
{"type":"operationEnd","operationId":"meg5um092nfiy10","timestamp":1676304347246,"id":"eq6n3bex3lvq3qd","previousEventId":"869iua0wh56k9n0","previousOperationId":"meg5um092nfiy10"}
{"type":"operationStart","subtype":"recipe","name":"chrome-pdf","timestamp":1676304347247,"id":"me66hb7m358eg0z","previousEventId":"eq6n3bex3lvq3qd","operationId":"6dne2ul139p5cxd","previousOperationId":"meg5um092nfiy10"}
{"type":"log","timestamp":1676304347247,"level":"debug","message":"Executing recipe chrome-pdf","meta":{"rootId":"libzd9lzlxwg5fw","id":"libzd9lzlxwg5fw"},"id":"8g9f1156yce0cd8","previousOperationId":"6dne2ul139p5cxd"}
{"type":"log","timestamp":1676304347254,"level":"debug","message":"Converting with chrome HeadlessChrome/105.0.5173.0 using chrome-pool strategy","meta":{"rootId":"libzd9lzlxwg5fw","id":"libzd9lzlxwg5fw"},"id":"74r92wmd0h62uuk","previousOperationId":"6dne2ul139p5cxd"}
{"type":"log","timestamp":1676304347355,"level":"debug","message":"Page request: GET (document) file:///C:/Users/josei/AppData/Local/Temp/jsreport/autocleanup/8ea25e7c-998f-4d16-90a4-755a6a28e5c7-chrome-pdf.html","meta":{"rootId":"libzd9lzlxwg5fw","id":"libzd9lzlxwg5fw"},"id":"4t8gnmclw7hn2ba","previousOperationId":"6dne2ul139p5cxd"}
{"type":"log","timestamp":1676304347376,"level":"debug","message":"Page request finished: GET (document) 200 file:///C:/Users/josei/AppData/Local/Temp/jsreport/autocleanup/8ea25e7c-998f-4d16-90a4-755a6a28e5c7-chrome-pdf.html","meta":{"rootId":"libzd9lzlxwg5fw","id":"libzd9lzlxwg5fw"},"id":"om6aetmjyu26auf","previousOperationId":"6dne2ul139p5cxd"}
{"type":"log","timestamp":1676304347378,"level":"debug","message":"Page request: GET (stylesheet) https://cdnjs.cloudflare.com/ajax/libs/metro/4.1.5/css/metro.min.css","meta":{"rootId":"libzd9lzlxwg5fw","id":"libzd9lzlxwg5fw"},"id":"t2wo9kwoxzi7q2l","previousOperationId":"6dne2ul139p5cxd"}
{"type":"log","timestamp":1676304347379,"level":"debug","message":"Page request: GET (script) https://cdn.jsdelivr.net/npm/chart.js","meta":{"rootId":"libzd9lzlxwg5fw","id":"libzd9lzlxwg5fw"},"id":"4joorx4ltt7npyd","previousOperationId":"6dne2ul139p5cxd"}
{"type":"log","timestamp":1676304347404,"level":"debug","message":"Page request finished: GET (stylesheet) 200 https://cdnjs.cloudflare.com/ajax/libs/metro/4.1.5/css/metro.min.css","meta":{"rootId":"libzd9lzlxwg5fw","id":"libzd9lzlxwg5fw"},"id":"r7sskbx88qzpxt7","previousOperationId":"6dne2ul139p5cxd"}
{"type":"log","timestamp":1676304347404,"level":"debug","message":"Page request finished: GET (script) 200 https://cdn.jsdelivr.net/npm/chart.js","meta":{"rootId":"libzd9lzlxwg5fw","id":"libzd9lzlxwg5fw"},"id":"n3nngbpeudw8l3o","previousOperationId":"6dne2ul139p5cxd"}
{"type":"log","timestamp":1676304347411,"level":"debug","message":"(console:error) Invalid scale configuration for scale: yAxes","meta":{"userLevel":true,"rootId":"libzd9lzlxwg5fw","id":"libzd9lzlxwg5fw"},"id":"pt996129nz5kp4v","previousOperationId":"6dne2ul139p5cxd"}
{"type":"log","timestamp":1676304347508,"level":"debug","message":"Running chrome with params {\"printBackground\":true,\"timeout\":59770,\"margin\":{}}","meta":{"rootId":"libzd9lzlxwg5fw","id":"libzd9lzlxwg5fw"},"id":"73vvpidzkele7xi","previousOperationId":"6dne2ul139p5cxd"}
{"type":"operationEnd","operationId":"6dne2ul139p5cxd","timestamp":1676304347585,"id":"dcui1ic69d9schh","previousEventId":"me66hb7m358eg0z","previousOperationId":"6dne2ul139p5cxd"}
{"type":"log","timestamp":1676304347585,"level":"debug","message":"Skipping storing report.","meta":{"rootId":"libzd9lzlxwg5fw","id":"libzd9lzlxwg5fw"},"id":"laa313vmzwag0mi","previousOperationId":"6dne2ul139p5cxd"}
{"type":"log","timestamp":1676304347585,"level":"info","message":"Rendering request 16 finished in 565 ms","meta":{"rootId":"libzd9lzlxwg5fw","id":"libzd9lzlxwg5fw"},"id":"w9un480nxxmq4e4","previousOperationId":"6dne2ul139p5cxd"}
{"type":"operationEnd","subtype":"render","operationId":"7sunhr55nz21zp2","timestamp":1676304347585,"id":"vi1ke0pqgpa3rz0","previousEventId":"dcui1ic69d9schh","previousOperationId":"6dne2ul139p5cxd"}
{"type":"operationEnd","doDiffs":false,"previousEventId":"a38qqdjqofmz3jn","previousOperationId":"t9x3ud16rk4g2ug","operationId":"t9x3ud16rk4g2ug","timestamp":1676304347589,"id":"1qas5zx5l51pj7h"}
