{"type":"operationStart","subtype":"profile","data":{"_id":"aTChsm2xjTva84ar","timestamp":"2023-02-13T16:40:23.427Z","state":"queued","mode":"standard","creationDate":"2023-02-13T16:40:23.432Z","modificationDate":"2023-02-13T16:40:23.432Z","shortid":"3IwiY7Q","$entitySet":"profiles"},"doDiffs":false,"timestamp":1676306423428,"id":"evw6u25guiwsqn9","previousOperationId":null,"operationId":"hk7q8fwsfa9yusz"}
{"type":"log","level":"info","message":"Render request 68 queued for execution and waiting for available worker","previousOperationId":"hk7q8fwsfa9yusz","timestamp":1676306423428,"id":"hw5b57iire0yh5a"}
{"type":"operationStart","subtype":"render","name":"prueba","previousOperationId":"hk7q8fwsfa9yusz","timestamp":1676306423443,"id":"9pjoxqkx3vv4u0n","previousEventId":"evw6u25guiwsqn9","operationId":"5e6blhqb2nlhheb"}
{"type":"log","timestamp":1676306423443,"level":"info","message":"Starting rendering request 68","meta":{"rootId":"llqtds2ad081klb","id":"llqtds2ad081klb"},"id":"0j85p7nj2sovt8z","previousOperationId":"5e6blhqb2nlhheb"}
{"type":"log","timestamp":1676306423443,"level":"info","message":"Rendering template { name: prueba, recipe: chrome-pdf, engine: handlebars, preview: true }","meta":{"rootId":"llqtds2ad081klb","id":"llqtds2ad081klb"},"id":"f2x5rlje088tpq7","previousOperationId":"5e6blhqb2nlhheb"}
{"type":"log","timestamp":1676306423444,"level":"debug","message":"Data item not defined for this template.","meta":{"rootId":"llqtds2ad081klb","id":"llqtds2ad081klb"},"id":"e67tvtt4ur0rke7","previousOperationId":"5e6blhqb2nlhheb"}
{"type":"log","timestamp":1676306423454,"level":"debug","message":"Executing script script (beforeRender)","meta":{"rootId":"llqtds2ad081klb","id":"llqtds2ad081klb"},"id":"vwn1mm3igfite7p","previousOperationId":"5e6blhqb2nlhheb"}
{"type":"operationStart","subtype":"scriptsBeforeRender","name":"scripts beforeRender","timestamp":1676306423479,"id":"f7fb7qn1i532esz","previousEventId":"9pjoxqkx3vv4u0n","operationId":"8kyiuvfe3xn3lnv","previousOperationId":"5e6blhqb2nlhheb"}
{"type":"operationStart","subtype":"script","name":"scripts script","previousOperationId":"8kyiuvfe3xn3lnv","timestamp":1676306423479,"id":"tqe810is94jsqen","previousEventId":"f7fb7qn1i532esz","operationId":"ytbbziu5f5ovkwq"}
{"type":"operationEnd","operationId":"ytbbziu5f5ovkwq","timestamp":1676306423630,"id":"8allrwr9biz2t8v","previousEventId":"9pjoxqkx3vv4u0n","previousOperationId":"5e6blhqb2nlhheb"}
{"type":"operationEnd","operationId":"8kyiuvfe3xn3lnv","timestamp":1676306423630,"id":"4awfvrjv78ltkra","previousEventId":"8allrwr9biz2t8v","previousOperationId":"5e6blhqb2nlhheb"}
{"type":"log","timestamp":1676306423630,"level":"debug","message":"Base url not specified, skipping its injection.","meta":{"rootId":"llqtds2ad081klb","id":"llqtds2ad081klb"},"id":"r0j6tn8celr5giv","previousOperationId":"8kyiuvfe3xn3lnv"}
{"type":"operationStart","subtype":"engine","name":"handlebars","timestamp":1676306423630,"id":"2nybf9ed3j2t13m","previousEventId":"4awfvrjv78ltkra","operationId":"lu69ejwafgvdyxn","previousOperationId":"8kyiuvfe3xn3lnv"}
{"type":"log","timestamp":1676306423630,"level":"debug","message":"Rendering engine handlebars","meta":{"rootId":"llqtds2ad081klb","id":"llqtds2ad081klb"},"id":"wqnkyqzmybdq75a","previousOperationId":"lu69ejwafgvdyxn"}
{"type":"operationEnd","operationId":"lu69ejwafgvdyxn","timestamp":1676306423639,"id":"bo9e8wnk3vqgjex","previousEventId":"2nybf9ed3j2t13m","previousOperationId":"lu69ejwafgvdyxn"}
{"type":"operationStart","subtype":"recipe","name":"chrome-pdf","timestamp":1676306423640,"id":"fbao5picg9x5u1a","previousEventId":"bo9e8wnk3vqgjex","operationId":"u68vyqfeg9yz8fp","previousOperationId":"lu69ejwafgvdyxn"}
{"type":"log","timestamp":1676306423640,"level":"debug","message":"Executing recipe chrome-pdf","meta":{"rootId":"llqtds2ad081klb","id":"llqtds2ad081klb"},"id":"zawzvf0aezunfqk","previousOperationId":"u68vyqfeg9yz8fp"}
{"type":"log","timestamp":1676306423643,"level":"debug","message":"Converting with chrome HeadlessChrome/105.0.5173.0 using chrome-pool strategy","meta":{"rootId":"llqtds2ad081klb","id":"llqtds2ad081klb"},"id":"xs9vsruh4vlgvhc","previousOperationId":"u68vyqfeg9yz8fp"}
{"type":"log","timestamp":1676306423749,"level":"debug","message":"Page request: GET (document) file:///C:/Users/josei/AppData/Local/Temp/jsreport/autocleanup/4f76a86e-b360-45ab-a3ae-96a26008ca5f-chrome-pdf.html","meta":{"rootId":"llqtds2ad081klb","id":"llqtds2ad081klb"},"id":"feicnr3hvy1lb9h","previousOperationId":"u68vyqfeg9yz8fp"}
{"type":"log","timestamp":1676306423760,"level":"debug","message":"Page request finished: GET (document) 200 file:///C:/Users/josei/AppData/Local/Temp/jsreport/autocleanup/4f76a86e-b360-45ab-a3ae-96a26008ca5f-chrome-pdf.html","meta":{"rootId":"llqtds2ad081klb","id":"llqtds2ad081klb"},"id":"df3ezuls63je0ul","previousOperationId":"u68vyqfeg9yz8fp"}
{"type":"log","timestamp":1676306423760,"level":"debug","message":"Page request: GET (stylesheet) https://cdnjs.cloudflare.com/ajax/libs/metro/4.1.5/css/metro.min.css","meta":{"rootId":"llqtds2ad081klb","id":"llqtds2ad081klb"},"id":"5uyt0q36r10tvpl","previousOperationId":"u68vyqfeg9yz8fp"}
{"type":"log","timestamp":1676306423761,"level":"debug","message":"Page request: GET (script) https://cdn.jsdelivr.net/npm/chart.js","meta":{"rootId":"llqtds2ad081klb","id":"llqtds2ad081klb"},"id":"2abg4062uy7kg7i","previousOperationId":"u68vyqfeg9yz8fp"}
{"type":"log","timestamp":1676306423785,"level":"debug","message":"Page request finished: GET (stylesheet) 200 https://cdnjs.cloudflare.com/ajax/libs/metro/4.1.5/css/metro.min.css","meta":{"rootId":"llqtds2ad081klb","id":"llqtds2ad081klb"},"id":"wj8tj77ov1xvdyh","previousOperationId":"u68vyqfeg9yz8fp"}
{"type":"log","timestamp":1676306423785,"level":"debug","message":"Page request finished: GET (script) 200 https://cdn.jsdelivr.net/npm/chart.js","meta":{"rootId":"llqtds2ad081klb","id":"llqtds2ad081klb"},"id":"5qwdo6jpmeh117m","previousOperationId":"u68vyqfeg9yz8fp"}
{"type":"log","timestamp":1676306423793,"level":"debug","message":"(console:error) Invalid scale configuration for scale: yAxes","meta":{"userLevel":true,"rootId":"llqtds2ad081klb","id":"llqtds2ad081klb"},"id":"tuhvflmnk4dw5ae","previousOperationId":"u68vyqfeg9yz8fp"}
{"type":"log","timestamp":1676306423901,"level":"debug","message":"Running chrome with params {\"printBackground\":true,\"timeout\":59785,\"margin\":{}}","meta":{"rootId":"llqtds2ad081klb","id":"llqtds2ad081klb"},"id":"1iu6n8wl4xv6sj6","previousOperationId":"u68vyqfeg9yz8fp"}
{"type":"operationEnd","operationId":"u68vyqfeg9yz8fp","timestamp":1676306424010,"id":"jmf6w11f2j4gghk","previousEventId":"fbao5picg9x5u1a","previousOperationId":"u68vyqfeg9yz8fp"}
{"type":"log","timestamp":1676306424010,"level":"debug","message":"Skipping storing report.","meta":{"rootId":"llqtds2ad081klb","id":"llqtds2ad081klb"},"id":"i1im360bogp0okr","previousOperationId":"u68vyqfeg9yz8fp"}
{"type":"log","timestamp":1676306424010,"level":"info","message":"Rendering request 68 finished in 583 ms","meta":{"rootId":"llqtds2ad081klb","id":"llqtds2ad081klb"},"id":"296llmfwb8cff3q","previousOperationId":"u68vyqfeg9yz8fp"}
{"type":"operationEnd","subtype":"render","operationId":"5e6blhqb2nlhheb","timestamp":1676306424010,"id":"6bgj3zz0y2nztjw","previousEventId":"jmf6w11f2j4gghk","previousOperationId":"u68vyqfeg9yz8fp"}
{"type":"operationEnd","doDiffs":false,"previousEventId":"evw6u25guiwsqn9","previousOperationId":"hk7q8fwsfa9yusz","operationId":"hk7q8fwsfa9yusz","timestamp":1676306424012,"id":"27rflbhzm7yl9tt"}
