{"type":"operationStart","subtype":"profile","data":{"_id":"VCdCj3UlyjvLH2Ya","timestamp":"2023-02-13T16:52:40.913Z","state":"queued","mode":"standard","creationDate":"2023-02-13T16:52:40.915Z","modificationDate":"2023-02-13T16:52:40.915Z","shortid":"TP2cD5v","$entitySet":"profiles"},"doDiffs":false,"timestamp":1676307160914,"id":"t63xs9jwz0f6g2x","previousOperationId":null,"operationId":"nzn5rbcz58yewpo"}
{"type":"log","level":"info","message":"Render request 100 queued for execution and waiting for available worker","previousOperationId":"nzn5rbcz58yewpo","timestamp":1676307160914,"id":"gx76g7ghnvsfutv"}
{"type":"operationStart","subtype":"render","name":"prueba","previousOperationId":"nzn5rbcz58yewpo","timestamp":1676307160926,"id":"0ybuljd8cd0bb2n","previousEventId":"t63xs9jwz0f6g2x","operationId":"m2ygg2agiwdy2mh"}
{"type":"log","timestamp":1676307160926,"level":"info","message":"Starting rendering request 100","meta":{"rootId":"ln5nt6aq43gop87","id":"ln5nt6aq43gop87"},"id":"lq20bjt98oo3ww5","previousOperationId":"m2ygg2agiwdy2mh"}
{"type":"log","timestamp":1676307160928,"level":"info","message":"Rendering template { name: prueba, recipe: chrome-pdf, engine: handlebars, preview: true }","meta":{"rootId":"ln5nt6aq43gop87","id":"ln5nt6aq43gop87"},"id":"tjtkm8xmnalfldw","previousOperationId":"m2ygg2agiwdy2mh"}
{"type":"log","timestamp":1676307160928,"level":"debug","message":"Data item not defined for this template.","meta":{"rootId":"ln5nt6aq43gop87","id":"ln5nt6aq43gop87"},"id":"jsykyin0sg6c8tp","previousOperationId":"m2ygg2agiwdy2mh"}
{"type":"log","timestamp":1676307160930,"level":"debug","message":"Executing script script (beforeRender)","meta":{"rootId":"ln5nt6aq43gop87","id":"ln5nt6aq43gop87"},"id":"4kylz4utp695ccc","previousOperationId":"m2ygg2agiwdy2mh"}
{"type":"operationStart","subtype":"scriptsBeforeRender","name":"scripts beforeRender","timestamp":1676307160972,"id":"qht9zyiouamatkt","previousEventId":"0ybuljd8cd0bb2n","operationId":"jexs8zk3kcj653k","previousOperationId":"m2ygg2agiwdy2mh"}
{"type":"operationStart","subtype":"script","name":"scripts script","previousOperationId":"jexs8zk3kcj653k","timestamp":1676307160972,"id":"cd836glmyizoob1","previousEventId":"qht9zyiouamatkt","operationId":"hzec5eebo0d9b9f"}
{"type":"operationEnd","operationId":"hzec5eebo0d9b9f","timestamp":1676307161162,"id":"fuyiakvzonya9mb","previousEventId":"0ybuljd8cd0bb2n","previousOperationId":"m2ygg2agiwdy2mh"}
{"type":"operationEnd","operationId":"jexs8zk3kcj653k","timestamp":1676307161162,"id":"lzj9jhlwrzdsdou","previousEventId":"fuyiakvzonya9mb","previousOperationId":"m2ygg2agiwdy2mh"}
{"type":"log","timestamp":1676307161162,"level":"debug","message":"Base url not specified, skipping its injection.","meta":{"rootId":"ln5nt6aq43gop87","id":"ln5nt6aq43gop87"},"id":"ftc6jfhswai2p72","previousOperationId":"jexs8zk3kcj653k"}
{"type":"operationStart","subtype":"engine","name":"handlebars","timestamp":1676307161162,"id":"v4jintb7v8zwcei","previousEventId":"lzj9jhlwrzdsdou","operationId":"14uzdyfsjp4bf5x","previousOperationId":"jexs8zk3kcj653k"}
{"type":"log","timestamp":1676307161162,"level":"debug","message":"Rendering engine handlebars","meta":{"rootId":"ln5nt6aq43gop87","id":"ln5nt6aq43gop87"},"id":"mljqhgwp07z2qmc","previousOperationId":"14uzdyfsjp4bf5x"}
{"type":"operationEnd","operationId":"14uzdyfsjp4bf5x","timestamp":1676307161172,"id":"mjp0vo08ubxzjw3","previousEventId":"v4jintb7v8zwcei","previousOperationId":"14uzdyfsjp4bf5x"}
{"type":"operationStart","subtype":"recipe","name":"chrome-pdf","timestamp":1676307161172,"id":"v3koig2phbaz3hc","previousEventId":"mjp0vo08ubxzjw3","operationId":"sstqq96iw1oq613","previousOperationId":"14uzdyfsjp4bf5x"}
{"type":"log","timestamp":1676307161172,"level":"debug","message":"Executing recipe chrome-pdf","meta":{"rootId":"ln5nt6aq43gop87","id":"ln5nt6aq43gop87"},"id":"cn6m6g806ezeluf","previousOperationId":"sstqq96iw1oq613"}
{"type":"log","timestamp":1676307161174,"level":"debug","message":"Converting with chrome HeadlessChrome/105.0.5173.0 using chrome-pool strategy","meta":{"rootId":"ln5nt6aq43gop87","id":"ln5nt6aq43gop87"},"id":"hqvxkfegp9612xw","previousOperationId":"sstqq96iw1oq613"}
{"type":"log","timestamp":1676307161265,"level":"debug","message":"Page request: GET (document) file:///C:/Users/josei/AppData/Local/Temp/jsreport/autocleanup/a74573de-df76-4b4b-9db8-050b1bedc36b-chrome-pdf.html","meta":{"rootId":"ln5nt6aq43gop87","id":"ln5nt6aq43gop87"},"id":"at8tiho8g6ka0tq","previousOperationId":"sstqq96iw1oq613"}
{"type":"log","timestamp":1676307161275,"level":"debug","message":"Page request finished: GET (document) 200 file:///C:/Users/josei/AppData/Local/Temp/jsreport/autocleanup/a74573de-df76-4b4b-9db8-050b1bedc36b-chrome-pdf.html","meta":{"rootId":"ln5nt6aq43gop87","id":"ln5nt6aq43gop87"},"id":"ive5erwkoknabwi","previousOperationId":"sstqq96iw1oq613"}
{"type":"log","timestamp":1676307161275,"level":"debug","message":"Page request: GET (stylesheet) https://cdnjs.cloudflare.com/ajax/libs/metro/4.1.5/css/metro.min.css","meta":{"rootId":"ln5nt6aq43gop87","id":"ln5nt6aq43gop87"},"id":"rnqeiqketv138in","previousOperationId":"sstqq96iw1oq613"}
{"type":"log","timestamp":1676307161275,"level":"debug","message":"Page request: GET (script) https://cdn.jsdelivr.net/npm/chart.js","meta":{"rootId":"ln5nt6aq43gop87","id":"ln5nt6aq43gop87"},"id":"o2djuibm7vc0sdl","previousOperationId":"sstqq96iw1oq613"}
{"type":"log","timestamp":1676307161300,"level":"debug","message":"Page request finished: GET (stylesheet) 200 https://cdnjs.cloudflare.com/ajax/libs/metro/4.1.5/css/metro.min.css","meta":{"rootId":"ln5nt6aq43gop87","id":"ln5nt6aq43gop87"},"id":"5b1y4de8ly5xdv5","previousOperationId":"sstqq96iw1oq613"}
{"type":"log","timestamp":1676307161300,"level":"debug","message":"Page request finished: GET (script) 200 https://cdn.jsdelivr.net/npm/chart.js","meta":{"rootId":"ln5nt6aq43gop87","id":"ln5nt6aq43gop87"},"id":"uyvhpswhu0oeq2o","previousOperationId":"sstqq96iw1oq613"}
{"type":"log","timestamp":1676307161307,"level":"debug","message":"(console:error) Invalid scale configuration for scale: yAxes","meta":{"userLevel":true,"rootId":"ln5nt6aq43gop87","id":"ln5nt6aq43gop87"},"id":"n905j81r9ivlv5c","previousOperationId":"sstqq96iw1oq613"}
{"type":"log","timestamp":1676307161422,"level":"debug","message":"Running chrome with params {\"printBackground\":true,\"timeout\":59739,\"margin\":{}}","meta":{"rootId":"ln5nt6aq43gop87","id":"ln5nt6aq43gop87"},"id":"z938l88z08jdcfu","previousOperationId":"sstqq96iw1oq613"}
{"type":"operationEnd","operationId":"sstqq96iw1oq613","timestamp":1676307161522,"id":"3n0qlic69vhax5p","previousEventId":"v3koig2phbaz3hc","previousOperationId":"sstqq96iw1oq613"}
{"type":"log","timestamp":1676307161522,"level":"debug","message":"Skipping storing report.","meta":{"rootId":"ln5nt6aq43gop87","id":"ln5nt6aq43gop87"},"id":"6cju8qfinxabjxn","previousOperationId":"sstqq96iw1oq613"}
{"type":"log","timestamp":1676307161522,"level":"info","message":"Rendering request 100 finished in 609 ms","meta":{"rootId":"ln5nt6aq43gop87","id":"ln5nt6aq43gop87"},"id":"5isoz4mnw1d9u7s","previousOperationId":"sstqq96iw1oq613"}
{"type":"operationEnd","subtype":"render","operationId":"m2ygg2agiwdy2mh","timestamp":1676307161522,"id":"3101ena3756zpo5","previousEventId":"3n0qlic69vhax5p","previousOperationId":"sstqq96iw1oq613"}
{"type":"operationEnd","doDiffs":false,"previousEventId":"t63xs9jwz0f6g2x","previousOperationId":"nzn5rbcz58yewpo","operationId":"nzn5rbcz58yewpo","timestamp":1676307161526,"id":"mtb7htwfapjrwat"}
