{"type":"operationStart","subtype":"profile","data":{"_id":"VMs8JGz7ZuShIRMq","timestamp":"2023-02-13T16:49:58.319Z","state":"queued","mode":"standard","creationDate":"2023-02-13T16:49:58.333Z","modificationDate":"2023-02-13T16:49:58.333Z","shortid":"79WpuAa","$entitySet":"profiles"},"doDiffs":false,"timestamp":1676306998324,"id":"crdmp6sqbqnpwic","previousOperationId":null,"operationId":"q7k8uv2gcksy4m0"}
{"type":"log","level":"info","message":"Render request 92 queued for execution and waiting for available worker","previousOperationId":"q7k8uv2gcksy4m0","timestamp":1676306998325,"id":"1ky103vli22wsz9"}
{"type":"operationStart","subtype":"render","name":"prueba","previousOperationId":"q7k8uv2gcksy4m0","timestamp":1676306998345,"id":"0289xiodul8sybt","previousEventId":"crdmp6sqbqnpwic","operationId":"0ibr5eytuwmy5hj"}
{"type":"log","timestamp":1676306998345,"level":"info","message":"Starting rendering request 92","meta":{"rootId":"m3y7wx2ig1vlgzy","id":"m3y7wx2ig1vlgzy"},"id":"l0be3ojru7qqasu","previousOperationId":"0ibr5eytuwmy5hj"}
{"type":"log","timestamp":1676306998346,"level":"info","message":"Rendering template { name: prueba, recipe: chrome-pdf, engine: handlebars, preview: true }","meta":{"rootId":"m3y7wx2ig1vlgzy","id":"m3y7wx2ig1vlgzy"},"id":"hk5z4vwerze9z95","previousOperationId":"0ibr5eytuwmy5hj"}
{"type":"log","timestamp":1676306998348,"level":"debug","message":"Data item not defined for this template.","meta":{"rootId":"m3y7wx2ig1vlgzy","id":"m3y7wx2ig1vlgzy"},"id":"a1quoo4v8frdfy0","previousOperationId":"0ibr5eytuwmy5hj"}
{"type":"log","timestamp":1676306998351,"level":"debug","message":"Executing script script (beforeRender)","meta":{"rootId":"m3y7wx2ig1vlgzy","id":"m3y7wx2ig1vlgzy"},"id":"ao2sotslc7lryi7","previousOperationId":"0ibr5eytuwmy5hj"}
{"type":"operationStart","subtype":"scriptsBeforeRender","name":"scripts beforeRender","timestamp":1676306998370,"id":"zmthbbeq4luekno","previousEventId":"0289xiodul8sybt","operationId":"wmzdej9qldgju7u","previousOperationId":"0ibr5eytuwmy5hj"}
{"type":"operationStart","subtype":"script","name":"scripts script","previousOperationId":"wmzdej9qldgju7u","timestamp":1676306998370,"id":"9pnsghmlvgl0bkt","previousEventId":"zmthbbeq4luekno","operationId":"bqs7biaycqzta4p"}
{"type":"operationEnd","operationId":"bqs7biaycqzta4p","timestamp":1676306998551,"id":"8so32rq6or7cou8","previousEventId":"0289xiodul8sybt","previousOperationId":"0ibr5eytuwmy5hj"}
{"type":"operationEnd","operationId":"wmzdej9qldgju7u","timestamp":1676306998551,"id":"85pteb5u31jsrj4","previousEventId":"8so32rq6or7cou8","previousOperationId":"0ibr5eytuwmy5hj"}
{"type":"log","timestamp":1676306998551,"level":"debug","message":"Base url not specified, skipping its injection.","meta":{"rootId":"m3y7wx2ig1vlgzy","id":"m3y7wx2ig1vlgzy"},"id":"gy2ndbzt9nb46vh","previousOperationId":"wmzdej9qldgju7u"}
{"type":"operationStart","subtype":"engine","name":"handlebars","timestamp":1676306998551,"id":"sj8rlrjd83t0y2v","previousEventId":"85pteb5u31jsrj4","operationId":"vkntjxzesoicyj0","previousOperationId":"wmzdej9qldgju7u"}
{"type":"log","timestamp":1676306998551,"level":"debug","message":"Rendering engine handlebars","meta":{"rootId":"m3y7wx2ig1vlgzy","id":"m3y7wx2ig1vlgzy"},"id":"5vg5hdqyo3f6bfc","previousOperationId":"vkntjxzesoicyj0"}
{"type":"operationEnd","operationId":"vkntjxzesoicyj0","timestamp":1676306998567,"id":"b4o6l9dnzidlyvv","previousEventId":"sj8rlrjd83t0y2v","previousOperationId":"vkntjxzesoicyj0"}
{"type":"operationStart","subtype":"recipe","name":"chrome-pdf","timestamp":1676306998567,"id":"ju5xhu4pcua34a2","previousEventId":"b4o6l9dnzidlyvv","operationId":"593ifmgxt1agai8","previousOperationId":"vkntjxzesoicyj0"}
{"type":"log","timestamp":1676306998567,"level":"debug","message":"Executing recipe chrome-pdf","meta":{"rootId":"m3y7wx2ig1vlgzy","id":"m3y7wx2ig1vlgzy"},"id":"42d71dzs5k2n489","previousOperationId":"593ifmgxt1agai8"}
{"type":"log","timestamp":1676306998570,"level":"debug","message":"Converting with chrome HeadlessChrome/105.0.5173.0 using chrome-pool strategy","meta":{"rootId":"m3y7wx2ig1vlgzy","id":"m3y7wx2ig1vlgzy"},"id":"gqw6amqs8k1cw56","previousOperationId":"593ifmgxt1agai8"}
{"type":"log","timestamp":1676306998676,"level":"debug","message":"Page request: GET (document) file:///C:/Users/josei/AppData/Local/Temp/jsreport/autocleanup/832e6bf1-7052-48d9-8aad-debaa30b56a1-chrome-pdf.html","meta":{"rootId":"m3y7wx2ig1vlgzy","id":"m3y7wx2ig1vlgzy"},"id":"yk17sx6rsvqpqtj","previousOperationId":"593ifmgxt1agai8"}
{"type":"log","timestamp":1676306998702,"level":"debug","message":"Page request finished: GET (document) 200 file:///C:/Users/josei/AppData/Local/Temp/jsreport/autocleanup/832e6bf1-7052-48d9-8aad-debaa30b56a1-chrome-pdf.html","meta":{"rootId":"m3y7wx2ig1vlgzy","id":"m3y7wx2ig1vlgzy"},"id":"e6nkheg5kujm6tv","previousOperationId":"593ifmgxt1agai8"}
{"type":"log","timestamp":1676306998702,"level":"debug","message":"Page request: GET (stylesheet) https://cdnjs.cloudflare.com/ajax/libs/metro/4.1.5/css/metro.min.css","meta":{"rootId":"m3y7wx2ig1vlgzy","id":"m3y7wx2ig1vlgzy"},"id":"8gr235tfge1nxv8","previousOperationId":"593ifmgxt1agai8"}
{"type":"log","timestamp":1676306998702,"level":"debug","message":"Page request: GET (script) https://cdn.jsdelivr.net/npm/chart.js","meta":{"rootId":"m3y7wx2ig1vlgzy","id":"m3y7wx2ig1vlgzy"},"id":"puj1xg081vvvt5s","previousOperationId":"593ifmgxt1agai8"}
{"type":"log","timestamp":1676306998733,"level":"debug","message":"Page request finished: GET (stylesheet) 200 https://cdnjs.cloudflare.com/ajax/libs/metro/4.1.5/css/metro.min.css","meta":{"rootId":"m3y7wx2ig1vlgzy","id":"m3y7wx2ig1vlgzy"},"id":"x1cajsgy7xipbin","previousOperationId":"593ifmgxt1agai8"}
{"type":"log","timestamp":1676306998733,"level":"debug","message":"Page request finished: GET (script) 200 https://cdn.jsdelivr.net/npm/chart.js","meta":{"rootId":"m3y7wx2ig1vlgzy","id":"m3y7wx2ig1vlgzy"},"id":"coyhtnt39vgmogh","previousOperationId":"593ifmgxt1agai8"}
{"type":"log","timestamp":1676306998742,"level":"debug","message":"(console:error) Invalid scale configuration for scale: yAxes","meta":{"userLevel":true,"rootId":"m3y7wx2ig1vlgzy","id":"m3y7wx2ig1vlgzy"},"id":"ti9w7pgmbkoc1gy","previousOperationId":"593ifmgxt1agai8"}
{"type":"log","timestamp":1676306998866,"level":"debug","message":"Running chrome with params {\"printBackground\":true,\"timeout\":59750,\"margin\":{}}","meta":{"rootId":"m3y7wx2ig1vlgzy","id":"m3y7wx2ig1vlgzy"},"id":"8g7h95acns43xdz","previousOperationId":"593ifmgxt1agai8"}
{"type":"operationEnd","operationId":"593ifmgxt1agai8","timestamp":1676306998961,"id":"7hgrof55ac4cxz9","previousEventId":"ju5xhu4pcua34a2","previousOperationId":"593ifmgxt1agai8"}
{"type":"log","timestamp":1676306998961,"level":"debug","message":"Skipping storing report.","meta":{"rootId":"m3y7wx2ig1vlgzy","id":"m3y7wx2ig1vlgzy"},"id":"fg7qfqlnmmrdxnk","previousOperationId":"593ifmgxt1agai8"}
{"type":"log","timestamp":1676306998961,"level":"info","message":"Rendering request 92 finished in 642 ms","meta":{"rootId":"m3y7wx2ig1vlgzy","id":"m3y7wx2ig1vlgzy"},"id":"vy0d0gy9m8v0rv6","previousOperationId":"593ifmgxt1agai8"}
{"type":"operationEnd","subtype":"render","operationId":"0ibr5eytuwmy5hj","timestamp":1676306998961,"id":"fdfwcfbkt0hxpc5","previousEventId":"7hgrof55ac4cxz9","previousOperationId":"593ifmgxt1agai8"}
{"type":"operationEnd","doDiffs":false,"previousEventId":"crdmp6sqbqnpwic","previousOperationId":"q7k8uv2gcksy4m0","operationId":"q7k8uv2gcksy4m0","timestamp":1676306998965,"id":"7itmqzu3srczlyr"}
