{"type":"operationStart","subtype":"profile","data":{"_id":"MM7ACUjpokOUYi1Q","timestamp":"2023-02-13T16:05:51.879Z","state":"queued","mode":"standard","creationDate":"2023-02-13T16:05:51.881Z","modificationDate":"2023-02-13T16:05:51.881Z","shortid":"3fu_mQx","$entitySet":"profiles"},"doDiffs":false,"timestamp":1676304351880,"id":"vui5ssq188hih78","previousOperationId":null,"operationId":"19kgsv4uc9n0yir"}
{"type":"log","level":"info","message":"Render request 17 queued for execution and waiting for available worker","previousOperationId":"19kgsv4uc9n0yir","timestamp":1676304351880,"id":"4cjdi7g5c3kkpac"}
{"type":"operationStart","subtype":"render","name":"prueba","previousOperationId":"19kgsv4uc9n0yir","timestamp":1676304351907,"id":"k4crlreg7np9rh7","previousEventId":"vui5ssq188hih78","operationId":"xzqz21f5dksu38b"}
{"type":"log","timestamp":1676304351908,"level":"info","message":"Starting rendering request 17","meta":{"rootId":"mebk7iyz5y5f3lv","id":"mebk7iyz5y5f3lv"},"id":"vf8emkckp8oz6ue","previousOperationId":"xzqz21f5dksu38b"}
{"type":"log","timestamp":1676304351908,"level":"info","message":"Rendering template { name: prueba, recipe: chrome-pdf, engine: handlebars, preview: true }","meta":{"rootId":"mebk7iyz5y5f3lv","id":"mebk7iyz5y5f3lv"},"id":"c33hcz2nu5ce1v1","previousOperationId":"xzqz21f5dksu38b"}
{"type":"log","timestamp":1676304351910,"level":"debug","message":"Data item not defined for this template.","meta":{"rootId":"mebk7iyz5y5f3lv","id":"mebk7iyz5y5f3lv"},"id":"xwad6wjs2nj8cpr","previousOperationId":"xzqz21f5dksu38b"}
{"type":"log","timestamp":1676304351919,"level":"debug","message":"Executing script script (beforeRender)","meta":{"rootId":"mebk7iyz5y5f3lv","id":"mebk7iyz5y5f3lv"},"id":"81gdlat5zb67ger","previousOperationId":"xzqz21f5dksu38b"}
{"type":"operationStart","subtype":"scriptsBeforeRender","name":"scripts beforeRender","timestamp":1676304351939,"id":"k2wo80c3ic5wq1s","previousEventId":"k4crlreg7np9rh7","operationId":"7j4r6xnhboidbmb","previousOperationId":"xzqz21f5dksu38b"}
{"type":"operationStart","subtype":"script","name":"scripts script","previousOperationId":"7j4r6xnhboidbmb","timestamp":1676304351939,"id":"f1ezfunpq3x4i6v","previousEventId":"k2wo80c3ic5wq1s","operationId":"yov5cuwk89i865c"}
{"type":"operationEnd","operationId":"yov5cuwk89i865c","timestamp":1676304352118,"id":"13gu1j24ihlzfkv","previousEventId":"k4crlreg7np9rh7","previousOperationId":"xzqz21f5dksu38b"}
{"type":"operationEnd","operationId":"7j4r6xnhboidbmb","timestamp":1676304352118,"id":"zqrrjdfd7ckr0as","previousEventId":"13gu1j24ihlzfkv","previousOperationId":"xzqz21f5dksu38b"}
{"type":"log","timestamp":1676304352118,"level":"debug","message":"Base url not specified, skipping its injection.","meta":{"rootId":"mebk7iyz5y5f3lv","id":"mebk7iyz5y5f3lv"},"id":"4pnpcx45a6ys1t2","previousOperationId":"7j4r6xnhboidbmb"}
{"type":"operationStart","subtype":"engine","name":"handlebars","timestamp":1676304352119,"id":"2z99jvxv1dvbizw","previousEventId":"zqrrjdfd7ckr0as","operationId":"gr43dl0gsfkwwjl","previousOperationId":"7j4r6xnhboidbmb"}
{"type":"log","timestamp":1676304352119,"level":"debug","message":"Rendering engine handlebars","meta":{"rootId":"mebk7iyz5y5f3lv","id":"mebk7iyz5y5f3lv"},"id":"ot45zhcql7ze3in","previousOperationId":"gr43dl0gsfkwwjl"}
{"type":"operationEnd","operationId":"gr43dl0gsfkwwjl","timestamp":1676304352136,"id":"on2tfsgymgu2w00","previousEventId":"2z99jvxv1dvbizw","previousOperationId":"gr43dl0gsfkwwjl"}
{"type":"operationStart","subtype":"recipe","name":"chrome-pdf","timestamp":1676304352136,"id":"il4ccewp3qvzk0o","previousEventId":"on2tfsgymgu2w00","operationId":"dpxi871xiz6m2gf","previousOperationId":"gr43dl0gsfkwwjl"}
{"type":"log","timestamp":1676304352136,"level":"debug","message":"Executing recipe chrome-pdf","meta":{"rootId":"mebk7iyz5y5f3lv","id":"mebk7iyz5y5f3lv"},"id":"9dc8sclx2h277ge","previousOperationId":"dpxi871xiz6m2gf"}
{"type":"log","timestamp":1676304352142,"level":"debug","message":"Converting with chrome HeadlessChrome/105.0.5173.0 using chrome-pool strategy","meta":{"rootId":"mebk7iyz5y5f3lv","id":"mebk7iyz5y5f3lv"},"id":"4q75ysbytk5pjf5","previousOperationId":"dpxi871xiz6m2gf"}
{"type":"log","timestamp":1676304352253,"level":"debug","message":"Page request: GET (document) file:///C:/Users/josei/AppData/Local/Temp/jsreport/autocleanup/a0dbb061-f294-4b95-b759-de8673ffd632-chrome-pdf.html","meta":{"rootId":"mebk7iyz5y5f3lv","id":"mebk7iyz5y5f3lv"},"id":"1coollxa5d3qlp8","previousOperationId":"dpxi871xiz6m2gf"}
{"type":"log","timestamp":1676304352263,"level":"debug","message":"Page request finished: GET (document) 200 file:///C:/Users/josei/AppData/Local/Temp/jsreport/autocleanup/a0dbb061-f294-4b95-b759-de8673ffd632-chrome-pdf.html","meta":{"rootId":"mebk7iyz5y5f3lv","id":"mebk7iyz5y5f3lv"},"id":"98amggw56b91up4","previousOperationId":"dpxi871xiz6m2gf"}
{"type":"log","timestamp":1676304352264,"level":"debug","message":"Page request: GET (stylesheet) https://cdnjs.cloudflare.com/ajax/libs/metro/4.1.5/css/metro.min.css","meta":{"rootId":"mebk7iyz5y5f3lv","id":"mebk7iyz5y5f3lv"},"id":"vbntcj7sew0xjt8","previousOperationId":"dpxi871xiz6m2gf"}
{"type":"log","timestamp":1676304352265,"level":"debug","message":"Page request: GET (script) https://cdn.jsdelivr.net/npm/chart.js","meta":{"rootId":"mebk7iyz5y5f3lv","id":"mebk7iyz5y5f3lv"},"id":"xlaerk6zjjmq4lc","previousOperationId":"dpxi871xiz6m2gf"}
{"type":"log","timestamp":1676304352273,"level":"debug","message":"Page request finished: GET (script) 200 https://cdn.jsdelivr.net/npm/chart.js","meta":{"rootId":"mebk7iyz5y5f3lv","id":"mebk7iyz5y5f3lv"},"id":"wq8oanphb15e3c0","previousOperationId":"dpxi871xiz6m2gf"}
{"type":"log","timestamp":1676304352294,"level":"debug","message":"Page request finished: GET (stylesheet) 200 https://cdnjs.cloudflare.com/ajax/libs/metro/4.1.5/css/metro.min.css","meta":{"rootId":"mebk7iyz5y5f3lv","id":"mebk7iyz5y5f3lv"},"id":"a041u434y818qrx","previousOperationId":"dpxi871xiz6m2gf"}
{"type":"log","timestamp":1676304352300,"level":"debug","message":"(console:error) Invalid scale configuration for scale: yAxes","meta":{"userLevel":true,"rootId":"mebk7iyz5y5f3lv","id":"mebk7iyz5y5f3lv"},"id":"gyziw1c6sd51hd3","previousOperationId":"dpxi871xiz6m2gf"}
{"type":"log","timestamp":1676304352392,"level":"debug","message":"Running chrome with params {\"printBackground\":true,\"timeout\":59741,\"margin\":{}}","meta":{"rootId":"mebk7iyz5y5f3lv","id":"mebk7iyz5y5f3lv"},"id":"9siycwwetfd6bpo","previousOperationId":"dpxi871xiz6m2gf"}
{"type":"operationEnd","operationId":"dpxi871xiz6m2gf","timestamp":1676304352470,"id":"x0zu4vixhiduf4z","previousEventId":"il4ccewp3qvzk0o","previousOperationId":"dpxi871xiz6m2gf"}
{"type":"log","timestamp":1676304352470,"level":"debug","message":"Skipping storing report.","meta":{"rootId":"mebk7iyz5y5f3lv","id":"mebk7iyz5y5f3lv"},"id":"0a4yz2csewdkz1v","previousOperationId":"dpxi871xiz6m2gf"}
{"type":"log","timestamp":1676304352470,"level":"info","message":"Rendering request 17 finished in 591 ms","meta":{"rootId":"mebk7iyz5y5f3lv","id":"mebk7iyz5y5f3lv"},"id":"9kal18d5tfp5hjl","previousOperationId":"dpxi871xiz6m2gf"}
{"type":"operationEnd","subtype":"render","operationId":"xzqz21f5dksu38b","timestamp":1676304352470,"id":"l2u9qbkl6ronsdk","previousEventId":"x0zu4vixhiduf4z","previousOperationId":"dpxi871xiz6m2gf"}
{"type":"operationEnd","doDiffs":false,"previousEventId":"vui5ssq188hih78","previousOperationId":"19kgsv4uc9n0yir","operationId":"19kgsv4uc9n0yir","timestamp":1676304352473,"id":"zro5y5co4ngkwkx"}
