{"type":"operationStart","subtype":"profile","data":{"_id":"gCn0XDzTwbGxp8lz","timestamp":"2023-02-13T16:32:13.000Z","state":"queued","mode":"standard","creationDate":"2023-02-13T16:32:13.002Z","modificationDate":"2023-02-13T16:32:13.002Z","shortid":"12Md_qW","$entitySet":"profiles"},"doDiffs":false,"timestamp":1676305933001,"id":"ckjpcmcirxpz2ek","previousOperationId":null,"operationId":"dce770maiixjtay"}
{"type":"log","level":"info","message":"Render request 50 queued for execution and waiting for available worker","previousOperationId":"dce770maiixjtay","timestamp":1676305933001,"id":"1lkkbwg6gpy0igr"}
{"type":"operationStart","subtype":"render","name":"prueba","previousOperationId":"dce770maiixjtay","timestamp":1676305933014,"id":"jwa3657ocjrjsyn","previousEventId":"ckjpcmcirxpz2ek","operationId":"rqt30ss81i2so6b"}
{"type":"log","timestamp":1676305933014,"level":"info","message":"Starting rendering request 50","meta":{"rootId":"mna6omiier1id38","id":"mna6omiier1id38"},"id":"48bu7txk7w0y30g","previousOperationId":"rqt30ss81i2so6b"}
{"type":"log","timestamp":1676305933014,"level":"info","message":"Rendering template { name: prueba, recipe: chrome-pdf, engine: handlebars, preview: true }","meta":{"rootId":"mna6omiier1id38","id":"mna6omiier1id38"},"id":"qegk5ow1b28wslx","previousOperationId":"rqt30ss81i2so6b"}
{"type":"log","timestamp":1676305933016,"level":"debug","message":"Data item not defined for this template.","meta":{"rootId":"mna6omiier1id38","id":"mna6omiier1id38"},"id":"h2gamv8jax7fo5j","previousOperationId":"rqt30ss81i2so6b"}
{"type":"log","timestamp":1676305933018,"level":"debug","message":"Executing script script (beforeRender)","meta":{"rootId":"mna6omiier1id38","id":"mna6omiier1id38"},"id":"sjv9zptiwrgbxzz","previousOperationId":"rqt30ss81i2so6b"}
{"type":"operationStart","subtype":"scriptsBeforeRender","name":"scripts beforeRender","timestamp":1676305933043,"id":"5zxw6bev80teeri","previousEventId":"jwa3657ocjrjsyn","operationId":"79jh6rckv2r7vy9","previousOperationId":"rqt30ss81i2so6b"}
{"type":"operationStart","subtype":"script","name":"scripts script","previousOperationId":"79jh6rckv2r7vy9","timestamp":1676305933043,"id":"vnu5mcd7ybe7gpx","previousEventId":"5zxw6bev80teeri","operationId":"84df26ok9pfd011"}
{"type":"operationEnd","operationId":"84df26ok9pfd011","timestamp":1676305933240,"id":"9bwdgtfu44lpwiw","previousEventId":"jwa3657ocjrjsyn","previousOperationId":"rqt30ss81i2so6b"}
{"type":"operationEnd","operationId":"79jh6rckv2r7vy9","timestamp":1676305933240,"id":"7setbzxlbuaxanf","previousEventId":"9bwdgtfu44lpwiw","previousOperationId":"rqt30ss81i2so6b"}
{"type":"log","timestamp":1676305933240,"level":"debug","message":"Base url not specified, skipping its injection.","meta":{"rootId":"mna6omiier1id38","id":"mna6omiier1id38"},"id":"ppx0uwki2cuenjw","previousOperationId":"79jh6rckv2r7vy9"}
{"type":"operationStart","subtype":"engine","name":"handlebars","timestamp":1676305933241,"id":"dm2ptts20sa2gos","previousEventId":"7setbzxlbuaxanf","operationId":"yr6f4b4jbvr4qke","previousOperationId":"79jh6rckv2r7vy9"}
{"type":"log","timestamp":1676305933241,"level":"debug","message":"Rendering engine handlebars","meta":{"rootId":"mna6omiier1id38","id":"mna6omiier1id38"},"id":"hwqlzny5r12iuh6","previousOperationId":"yr6f4b4jbvr4qke"}
{"type":"operationEnd","operationId":"yr6f4b4jbvr4qke","timestamp":1676305933252,"id":"s381i93s7ubgrci","previousEventId":"dm2ptts20sa2gos","previousOperationId":"yr6f4b4jbvr4qke"}
{"type":"operationStart","subtype":"recipe","name":"chrome-pdf","timestamp":1676305933252,"id":"oxl7gapqoym5wd1","previousEventId":"s381i93s7ubgrci","operationId":"4tfya30yotnk6u1","previousOperationId":"yr6f4b4jbvr4qke"}
{"type":"log","timestamp":1676305933252,"level":"debug","message":"Executing recipe chrome-pdf","meta":{"rootId":"mna6omiier1id38","id":"mna6omiier1id38"},"id":"iekkgooqs8pca3j","previousOperationId":"4tfya30yotnk6u1"}
{"type":"log","timestamp":1676305933255,"level":"debug","message":"Converting with chrome HeadlessChrome/105.0.5173.0 using chrome-pool strategy","meta":{"rootId":"mna6omiier1id38","id":"mna6omiier1id38"},"id":"61y0hibdpadyzig","previousOperationId":"4tfya30yotnk6u1"}
{"type":"log","timestamp":1676305933354,"level":"debug","message":"Page request: GET (document) file:///C:/Users/josei/AppData/Local/Temp/jsreport/autocleanup/f590e6d7-2f42-4c6c-858e-4a6f14799aad-chrome-pdf.html","meta":{"rootId":"mna6omiier1id38","id":"mna6omiier1id38"},"id":"o8qdmskbsqthcz4","previousOperationId":"4tfya30yotnk6u1"}
{"type":"log","timestamp":1676305933366,"level":"debug","message":"Page request finished: GET (document) 200 file:///C:/Users/josei/AppData/Local/Temp/jsreport/autocleanup/f590e6d7-2f42-4c6c-858e-4a6f14799aad-chrome-pdf.html","meta":{"rootId":"mna6omiier1id38","id":"mna6omiier1id38"},"id":"9r881meqijpsezw","previousOperationId":"4tfya30yotnk6u1"}
{"type":"log","timestamp":1676305933367,"level":"debug","message":"Page request: GET (stylesheet) https://cdnjs.cloudflare.com/ajax/libs/metro/4.1.5/css/metro.min.css","meta":{"rootId":"mna6omiier1id38","id":"mna6omiier1id38"},"id":"gj8aoo82pfsfwr1","previousOperationId":"4tfya30yotnk6u1"}
{"type":"log","timestamp":1676305933367,"level":"debug","message":"Page request: GET (script) https://cdn.jsdelivr.net/npm/chart.js","meta":{"rootId":"mna6omiier1id38","id":"mna6omiier1id38"},"id":"9i7oax73h78kxuh","previousOperationId":"4tfya30yotnk6u1"}
{"type":"log","timestamp":1676305933372,"level":"debug","message":"Page request finished: GET (script) 200 https://cdn.jsdelivr.net/npm/chart.js","meta":{"rootId":"mna6omiier1id38","id":"mna6omiier1id38"},"id":"by88q1ifbwcjh62","previousOperationId":"4tfya30yotnk6u1"}
{"type":"log","timestamp":1676305933390,"level":"debug","message":"Page request finished: GET (stylesheet) 200 https://cdnjs.cloudflare.com/ajax/libs/metro/4.1.5/css/metro.min.css","meta":{"rootId":"mna6omiier1id38","id":"mna6omiier1id38"},"id":"bxnbhebh0xf59on","previousOperationId":"4tfya30yotnk6u1"}
{"type":"log","timestamp":1676305933397,"level":"debug","message":"(console:error) Invalid scale configuration for scale: yAxes","meta":{"userLevel":true,"rootId":"mna6omiier1id38","id":"mna6omiier1id38"},"id":"fm81h20fw97sbpm","previousOperationId":"4tfya30yotnk6u1"}
{"type":"log","timestamp":1676305933510,"level":"debug","message":"Running chrome with params {\"printBackground\":true,\"timeout\":59747,\"margin\":{}}","meta":{"rootId":"mna6omiier1id38","id":"mna6omiier1id38"},"id":"wtwx2znuqccgo4y","previousOperationId":"4tfya30yotnk6u1"}
{"type":"operationEnd","operationId":"4tfya30yotnk6u1","timestamp":1676305933588,"id":"xa7umchramor1zn","previousEventId":"oxl7gapqoym5wd1","previousOperationId":"4tfya30yotnk6u1"}
{"type":"log","timestamp":1676305933588,"level":"debug","message":"Skipping storing report.","meta":{"rootId":"mna6omiier1id38","id":"mna6omiier1id38"},"id":"xstodmrjaefu6tg","previousOperationId":"4tfya30yotnk6u1"}
{"type":"log","timestamp":1676305933588,"level":"info","message":"Rendering request 50 finished in 588 ms","meta":{"rootId":"mna6omiier1id38","id":"mna6omiier1id38"},"id":"4f2ddkbu3t3qzep","previousOperationId":"4tfya30yotnk6u1"}
{"type":"operationEnd","subtype":"render","operationId":"rqt30ss81i2so6b","timestamp":1676305933588,"id":"log380ziia297uw","previousEventId":"xa7umchramor1zn","previousOperationId":"4tfya30yotnk6u1"}
{"type":"operationEnd","doDiffs":false,"previousEventId":"ckjpcmcirxpz2ek","previousOperationId":"dce770maiixjtay","operationId":"dce770maiixjtay","timestamp":1676305933593,"id":"1cdrkqkxgfxf6da"}
