{"type":"operationStart","subtype":"profile","data":{"_id":"EKSpbZ6LMm6izE8q","timestamp":"2023-02-13T16:34:00.726Z","state":"queued","mode":"standard","creationDate":"2023-02-13T16:34:00.728Z","modificationDate":"2023-02-13T16:34:00.728Z","shortid":"JMxe2xK","$entitySet":"profiles"},"doDiffs":false,"timestamp":1676306040727,"id":"6hm18khrv852e5p","previousOperationId":null,"operationId":"vo2i5uapvtqvhnp"}
{"type":"log","level":"info","message":"Render request 55 queued for execution and waiting for available worker","previousOperationId":"vo2i5uapvtqvhnp","timestamp":1676306040727,"id":"6k0ygjh2yz6x9ap"}
{"type":"operationStart","subtype":"render","name":"prueba","previousOperationId":"vo2i5uapvtqvhnp","timestamp":1676306040737,"id":"ddh0ia9pomvmmrk","previousEventId":"6hm18khrv852e5p","operationId":"w89w6fl9k7wux3m"}
{"type":"log","timestamp":1676306040737,"level":"info","message":"Starting rendering request 55","meta":{"rootId":"monstzziwt3qlf4","id":"monstzziwt3qlf4"},"id":"wdamtphjp8ybu4b","previousOperationId":"w89w6fl9k7wux3m"}
{"type":"log","timestamp":1676306040737,"level":"info","message":"Rendering template { name: prueba, recipe: chrome-pdf, engine: handlebars, preview: true }","meta":{"rootId":"monstzziwt3qlf4","id":"monstzziwt3qlf4"},"id":"wwea57ikkm2rvbz","previousOperationId":"w89w6fl9k7wux3m"}
{"type":"log","timestamp":1676306040738,"level":"debug","message":"Data item not defined for this template.","meta":{"rootId":"monstzziwt3qlf4","id":"monstzziwt3qlf4"},"id":"394qzih6xpn82na","previousOperationId":"w89w6fl9k7wux3m"}
{"type":"log","timestamp":1676306040740,"level":"debug","message":"Executing script script (beforeRender)","meta":{"rootId":"monstzziwt3qlf4","id":"monstzziwt3qlf4"},"id":"1necc7qeoy5yxjs","previousOperationId":"w89w6fl9k7wux3m"}
{"type":"operationStart","subtype":"scriptsBeforeRender","name":"scripts beforeRender","timestamp":1676306040758,"id":"o2i56c8li39rji6","previousEventId":"ddh0ia9pomvmmrk","operationId":"04o8h9r9zvq48oz","previousOperationId":"w89w6fl9k7wux3m"}
{"type":"operationStart","subtype":"script","name":"scripts script","previousOperationId":"04o8h9r9zvq48oz","timestamp":1676306040758,"id":"339kvrqbpy2ovv7","previousEventId":"o2i56c8li39rji6","operationId":"3ohru1oouxtgxm2"}
{"type":"operationEnd","operationId":"3ohru1oouxtgxm2","timestamp":1676306040917,"id":"fx4wn07wg639jid","previousEventId":"ddh0ia9pomvmmrk","previousOperationId":"w89w6fl9k7wux3m"}
{"type":"operationEnd","operationId":"04o8h9r9zvq48oz","timestamp":1676306040917,"id":"nd12szr6irjhjn3","previousEventId":"fx4wn07wg639jid","previousOperationId":"w89w6fl9k7wux3m"}
{"type":"log","timestamp":1676306040917,"level":"debug","message":"Base url not specified, skipping its injection.","meta":{"rootId":"monstzziwt3qlf4","id":"monstzziwt3qlf4"},"id":"tcg3d6hfhtgp2dw","previousOperationId":"04o8h9r9zvq48oz"}
{"type":"operationStart","subtype":"engine","name":"handlebars","timestamp":1676306040917,"id":"zkp4xt8xillf17u","previousEventId":"nd12szr6irjhjn3","operationId":"d0aczxazjuk3c6x","previousOperationId":"04o8h9r9zvq48oz"}
{"type":"log","timestamp":1676306040917,"level":"debug","message":"Rendering engine handlebars","meta":{"rootId":"monstzziwt3qlf4","id":"monstzziwt3qlf4"},"id":"p0vau4nprvo5c27","previousOperationId":"d0aczxazjuk3c6x"}
{"type":"operationEnd","operationId":"d0aczxazjuk3c6x","timestamp":1676306040931,"id":"8rfiiqw4z1t7gez","previousEventId":"zkp4xt8xillf17u","previousOperationId":"d0aczxazjuk3c6x"}
{"type":"operationStart","subtype":"recipe","name":"chrome-pdf","timestamp":1676306040931,"id":"jzzwk1hj532tbqn","previousEventId":"8rfiiqw4z1t7gez","operationId":"13b5t7q8w8o6tdo","previousOperationId":"d0aczxazjuk3c6x"}
{"type":"log","timestamp":1676306040931,"level":"debug","message":"Executing recipe chrome-pdf","meta":{"rootId":"monstzziwt3qlf4","id":"monstzziwt3qlf4"},"id":"pj2gdmyxb8qyj6p","previousOperationId":"13b5t7q8w8o6tdo"}
{"type":"log","timestamp":1676306040935,"level":"debug","message":"Converting with chrome HeadlessChrome/105.0.5173.0 using chrome-pool strategy","meta":{"rootId":"monstzziwt3qlf4","id":"monstzziwt3qlf4"},"id":"l6yry4pv6hinrw3","previousOperationId":"13b5t7q8w8o6tdo"}
{"type":"log","timestamp":1676306041038,"level":"debug","message":"Page request: GET (document) file:///C:/Users/josei/AppData/Local/Temp/jsreport/autocleanup/47111886-3158-4556-a3df-5e7b590043a4-chrome-pdf.html","meta":{"rootId":"monstzziwt3qlf4","id":"monstzziwt3qlf4"},"id":"1v14ngypz9m3o0z","previousOperationId":"13b5t7q8w8o6tdo"}
{"type":"log","timestamp":1676306041058,"level":"debug","message":"Page request finished: GET (document) 200 file:///C:/Users/josei/AppData/Local/Temp/jsreport/autocleanup/47111886-3158-4556-a3df-5e7b590043a4-chrome-pdf.html","meta":{"rootId":"monstzziwt3qlf4","id":"monstzziwt3qlf4"},"id":"uirlybhs21hbrs4","previousOperationId":"13b5t7q8w8o6tdo"}
{"type":"log","timestamp":1676306041058,"level":"debug","message":"Page request: GET (stylesheet) https://cdnjs.cloudflare.com/ajax/libs/metro/4.1.5/css/metro.min.css","meta":{"rootId":"monstzziwt3qlf4","id":"monstzziwt3qlf4"},"id":"2yspk1r91bag368","previousOperationId":"13b5t7q8w8o6tdo"}
{"type":"log","timestamp":1676306041059,"level":"debug","message":"Page request: GET (script) https://cdn.jsdelivr.net/npm/chart.js","meta":{"rootId":"monstzziwt3qlf4","id":"monstzziwt3qlf4"},"id":"3qi57fqxsg0nb6u","previousOperationId":"13b5t7q8w8o6tdo"}
{"type":"log","timestamp":1676306041066,"level":"debug","message":"Page request finished: GET (script) 200 https://cdn.jsdelivr.net/npm/chart.js","meta":{"rootId":"monstzziwt3qlf4","id":"monstzziwt3qlf4"},"id":"184zvuet83o1i0z","previousOperationId":"13b5t7q8w8o6tdo"}
{"type":"log","timestamp":1676306041083,"level":"debug","message":"Page request finished: GET (stylesheet) 200 https://cdnjs.cloudflare.com/ajax/libs/metro/4.1.5/css/metro.min.css","meta":{"rootId":"monstzziwt3qlf4","id":"monstzziwt3qlf4"},"id":"ya8soqprg1q3tkb","previousOperationId":"13b5t7q8w8o6tdo"}
{"type":"log","timestamp":1676306041090,"level":"debug","message":"(console:error) Invalid scale configuration for scale: yAxes","meta":{"userLevel":true,"rootId":"monstzziwt3qlf4","id":"monstzziwt3qlf4"},"id":"p5nd1k1mgurov11","previousOperationId":"13b5t7q8w8o6tdo"}
{"type":"log","timestamp":1676306041186,"level":"debug","message":"Running chrome with params {\"printBackground\":true,\"timeout\":59792,\"margin\":{}}","meta":{"rootId":"monstzziwt3qlf4","id":"monstzziwt3qlf4"},"id":"7o94virydiih7v1","previousOperationId":"13b5t7q8w8o6tdo"}
{"type":"operationEnd","operationId":"13b5t7q8w8o6tdo","timestamp":1676306041263,"id":"wpfgz9n2293t5wb","previousEventId":"jzzwk1hj532tbqn","previousOperationId":"13b5t7q8w8o6tdo"}
{"type":"log","timestamp":1676306041263,"level":"debug","message":"Skipping storing report.","meta":{"rootId":"monstzziwt3qlf4","id":"monstzziwt3qlf4"},"id":"jlm8t1sdb4vpvcg","previousOperationId":"13b5t7q8w8o6tdo"}
{"type":"log","timestamp":1676306041263,"level":"info","message":"Rendering request 55 finished in 537 ms","meta":{"rootId":"monstzziwt3qlf4","id":"monstzziwt3qlf4"},"id":"3gloe8ty1yv90r9","previousOperationId":"13b5t7q8w8o6tdo"}
{"type":"operationEnd","subtype":"render","operationId":"w89w6fl9k7wux3m","timestamp":1676306041263,"id":"werwns5r1594gjm","previousEventId":"wpfgz9n2293t5wb","previousOperationId":"13b5t7q8w8o6tdo"}
{"type":"operationEnd","doDiffs":false,"previousEventId":"6hm18khrv852e5p","previousOperationId":"vo2i5uapvtqvhnp","operationId":"vo2i5uapvtqvhnp","timestamp":1676306041268,"id":"eo61yv53pt5j3se"}
