{"type":"operationStart","subtype":"profile","data":{"_id":"VW7NnEpQ0MBJrMrZ","timestamp":"2023-02-13T16:23:49.295Z","state":"queued","mode":"standard","creationDate":"2023-02-13T16:23:49.299Z","modificationDate":"2023-02-13T16:23:49.299Z","shortid":"GQfbjvH","$entitySet":"profiles"},"doDiffs":false,"timestamp":1676305429296,"id":"83gcuxq24x76rqd","previousOperationId":null,"operationId":"wmyf672l2weou02"}
{"type":"log","level":"info","message":"Render request 44 queued for execution and waiting for available worker","previousOperationId":"wmyf672l2weou02","timestamp":1676305429296,"id":"sd8loqcxukslnki"}
{"type":"operationStart","subtype":"render","name":"prueba","previousOperationId":"wmyf672l2weou02","timestamp":1676305429313,"id":"4jz5fslr1goagen","previousEventId":"83gcuxq24x76rqd","operationId":"41oxbyuk5lnzt0v"}
{"type":"log","timestamp":1676305429313,"level":"info","message":"Starting rendering request 44","meta":{"rootId":"n7jbj3iinhsmp21","id":"n7jbj3iinhsmp21"},"id":"wwv6xjgniufkh4a","previousOperationId":"41oxbyuk5lnzt0v"}
{"type":"log","timestamp":1676305429313,"level":"info","message":"Rendering template { name: prueba, recipe: chrome-pdf, engine: handlebars, preview: true }","meta":{"rootId":"n7jbj3iinhsmp21","id":"n7jbj3iinhsmp21"},"id":"8l30cacrh3ht0ap","previousOperationId":"41oxbyuk5lnzt0v"}
{"type":"log","timestamp":1676305429314,"level":"debug","message":"Data item not defined for this template.","meta":{"rootId":"n7jbj3iinhsmp21","id":"n7jbj3iinhsmp21"},"id":"fenh9n9we0rigsi","previousOperationId":"41oxbyuk5lnzt0v"}
{"type":"log","timestamp":1676305429316,"level":"debug","message":"Executing script script (beforeRender)","meta":{"rootId":"n7jbj3iinhsmp21","id":"n7jbj3iinhsmp21"},"id":"hq2gmj4fv0rfrdf","previousOperationId":"41oxbyuk5lnzt0v"}
{"type":"operationStart","subtype":"scriptsBeforeRender","name":"scripts beforeRender","timestamp":1676305429340,"id":"z25wkc0ozu2lbdz","previousEventId":"4jz5fslr1goagen","operationId":"h8efs26c3fao8kk","previousOperationId":"41oxbyuk5lnzt0v"}
{"type":"operationStart","subtype":"script","name":"scripts script","previousOperationId":"h8efs26c3fao8kk","timestamp":1676305429340,"id":"jxh29oqu3jt8o68","previousEventId":"z25wkc0ozu2lbdz","operationId":"f5y4gub53vrn3mw"}
{"type":"operationEnd","operationId":"f5y4gub53vrn3mw","timestamp":1676305429520,"id":"kzecnzz88bwew7i","previousEventId":"4jz5fslr1goagen","previousOperationId":"41oxbyuk5lnzt0v"}
{"type":"operationEnd","operationId":"h8efs26c3fao8kk","timestamp":1676305429520,"id":"619cx5th4xqz6ju","previousEventId":"kzecnzz88bwew7i","previousOperationId":"41oxbyuk5lnzt0v"}
{"type":"log","timestamp":1676305429520,"level":"debug","message":"Base url not specified, skipping its injection.","meta":{"rootId":"n7jbj3iinhsmp21","id":"n7jbj3iinhsmp21"},"id":"0enn46nco8j5lbs","previousOperationId":"h8efs26c3fao8kk"}
{"type":"operationStart","subtype":"engine","name":"handlebars","timestamp":1676305429521,"id":"0gmp4j0t3zu1itp","previousEventId":"619cx5th4xqz6ju","operationId":"ola1ekpw6dtck5p","previousOperationId":"h8efs26c3fao8kk"}
{"type":"log","timestamp":1676305429521,"level":"debug","message":"Rendering engine handlebars","meta":{"rootId":"n7jbj3iinhsmp21","id":"n7jbj3iinhsmp21"},"id":"53xnm829do8hvup","previousOperationId":"ola1ekpw6dtck5p"}
{"type":"operationEnd","operationId":"ola1ekpw6dtck5p","timestamp":1676305429531,"id":"zn4ax7zhfzuiw36","previousEventId":"0gmp4j0t3zu1itp","previousOperationId":"ola1ekpw6dtck5p"}
{"type":"operationStart","subtype":"recipe","name":"chrome-pdf","timestamp":1676305429532,"id":"kuwdlyjgfaepkmo","previousEventId":"zn4ax7zhfzuiw36","operationId":"nc3dsx3kcg4gpzf","previousOperationId":"ola1ekpw6dtck5p"}
{"type":"log","timestamp":1676305429532,"level":"debug","message":"Executing recipe chrome-pdf","meta":{"rootId":"n7jbj3iinhsmp21","id":"n7jbj3iinhsmp21"},"id":"cnkb99fv47u1dv1","previousOperationId":"nc3dsx3kcg4gpzf"}
{"type":"log","timestamp":1676305429535,"level":"debug","message":"Converting with chrome HeadlessChrome/105.0.5173.0 using chrome-pool strategy","meta":{"rootId":"n7jbj3iinhsmp21","id":"n7jbj3iinhsmp21"},"id":"ic0p6fr685h66yg","previousOperationId":"nc3dsx3kcg4gpzf"}
{"type":"log","timestamp":1676305429641,"level":"debug","message":"Page request: GET (document) file:///C:/Users/josei/AppData/Local/Temp/jsreport/autocleanup/6bffedff-caf8-47f8-b23e-57d56b5a55fb-chrome-pdf.html","meta":{"rootId":"n7jbj3iinhsmp21","id":"n7jbj3iinhsmp21"},"id":"2ytyf8fo61nzihf","previousOperationId":"nc3dsx3kcg4gpzf"}
{"type":"log","timestamp":1676305429661,"level":"debug","message":"Page request finished: GET (document) 200 file:///C:/Users/josei/AppData/Local/Temp/jsreport/autocleanup/6bffedff-caf8-47f8-b23e-57d56b5a55fb-chrome-pdf.html","meta":{"rootId":"n7jbj3iinhsmp21","id":"n7jbj3iinhsmp21"},"id":"jjgkjk6wucid78e","previousOperationId":"nc3dsx3kcg4gpzf"}
{"type":"log","timestamp":1676305429662,"level":"debug","message":"Page request: GET (stylesheet) https://cdnjs.cloudflare.com/ajax/libs/metro/4.1.5/css/metro.min.css","meta":{"rootId":"n7jbj3iinhsmp21","id":"n7jbj3iinhsmp21"},"id":"l0a5cka2v9od9py","previousOperationId":"nc3dsx3kcg4gpzf"}
{"type":"log","timestamp":1676305429663,"level":"debug","message":"Page request: GET (script) https://cdn.jsdelivr.net/npm/chart.js","meta":{"rootId":"n7jbj3iinhsmp21","id":"n7jbj3iinhsmp21"},"id":"xg2zparn0tm05sw","previousOperationId":"nc3dsx3kcg4gpzf"}
{"type":"log","timestamp":1676305429675,"level":"debug","message":"Page request finished: GET (script) 200 https://cdn.jsdelivr.net/npm/chart.js","meta":{"rootId":"n7jbj3iinhsmp21","id":"n7jbj3iinhsmp21"},"id":"weq49nzkumc00xz","previousOperationId":"nc3dsx3kcg4gpzf"}
{"type":"log","timestamp":1676305429694,"level":"debug","message":"Page request finished: GET (stylesheet) 200 https://cdnjs.cloudflare.com/ajax/libs/metro/4.1.5/css/metro.min.css","meta":{"rootId":"n7jbj3iinhsmp21","id":"n7jbj3iinhsmp21"},"id":"rxiszv1ehv8upsl","previousOperationId":"nc3dsx3kcg4gpzf"}
{"type":"log","timestamp":1676305429795,"level":"debug","message":"Running chrome with params {\"printBackground\":true,\"timeout\":59762,\"margin\":{}}","meta":{"rootId":"n7jbj3iinhsmp21","id":"n7jbj3iinhsmp21"},"id":"ohpmt9wgfpoep32","previousOperationId":"nc3dsx3kcg4gpzf"}
{"type":"operationEnd","operationId":"nc3dsx3kcg4gpzf","timestamp":1676305429878,"id":"a1o8h1zy8qa0gji","previousEventId":"kuwdlyjgfaepkmo","previousOperationId":"nc3dsx3kcg4gpzf"}
{"type":"log","timestamp":1676305429878,"level":"debug","message":"Skipping storing report.","meta":{"rootId":"n7jbj3iinhsmp21","id":"n7jbj3iinhsmp21"},"id":"eg3t1zccv3ibtux","previousOperationId":"nc3dsx3kcg4gpzf"}
{"type":"log","timestamp":1676305429878,"level":"info","message":"Rendering request 44 finished in 583 ms","meta":{"rootId":"n7jbj3iinhsmp21","id":"n7jbj3iinhsmp21"},"id":"y7znqi2t2vsyb7m","previousOperationId":"nc3dsx3kcg4gpzf"}
{"type":"operationEnd","subtype":"render","operationId":"41oxbyuk5lnzt0v","timestamp":1676305429878,"id":"eqv6j1gxjanmayo","previousEventId":"a1o8h1zy8qa0gji","previousOperationId":"nc3dsx3kcg4gpzf"}
{"type":"operationEnd","doDiffs":false,"previousEventId":"83gcuxq24x76rqd","previousOperationId":"wmyf672l2weou02","operationId":"wmyf672l2weou02","timestamp":1676305429882,"id":"pv9vtodnngcsa71"}
