{"type":"operationStart","subtype":"profile","data":{"_id":"tJDuZvJLzXqWaxf9","timestamp":"2023-02-13T16:48:39.090Z","state":"queued","mode":"standard","creationDate":"2023-02-13T16:48:39.094Z","modificationDate":"2023-02-13T16:48:39.094Z","shortid":"px72p2q","$entitySet":"profiles"},"doDiffs":false,"timestamp":1676306919091,"id":"ae7eyz96h6nb2d6","previousOperationId":null,"operationId":"dtcezsyscc0a8vt"}
{"type":"log","level":"info","message":"Render request 91 queued for execution and waiting for available worker","previousOperationId":"dtcezsyscc0a8vt","timestamp":1676306919091,"id":"o31vi4cirgflbdk"}
{"type":"operationStart","subtype":"render","name":"prueba","previousOperationId":"dtcezsyscc0a8vt","timestamp":1676306919104,"id":"xyz2xtvmrskiywl","previousEventId":"ae7eyz96h6nb2d6","operationId":"6oy2ea48c9jfgj6"}
{"type":"log","timestamp":1676306919105,"level":"info","message":"Starting rendering request 91","meta":{"rootId":"njf5y3p0czdornd","id":"njf5y3p0czdornd"},"id":"ay9tvo69jfwzgp4","previousOperationId":"6oy2ea48c9jfgj6"}
{"type":"log","timestamp":1676306919105,"level":"info","message":"Rendering template { name: prueba, recipe: chrome-pdf, engine: handlebars, preview: true }","meta":{"rootId":"njf5y3p0czdornd","id":"njf5y3p0czdornd"},"id":"we76zik6n7g4p19","previousOperationId":"6oy2ea48c9jfgj6"}
{"type":"log","timestamp":1676306919105,"level":"debug","message":"Data item not defined for this template.","meta":{"rootId":"njf5y3p0czdornd","id":"njf5y3p0czdornd"},"id":"lkiq7qj7p1g8e5b","previousOperationId":"6oy2ea48c9jfgj6"}
{"type":"log","timestamp":1676306919109,"level":"debug","message":"Executing script script (beforeRender)","meta":{"rootId":"njf5y3p0czdornd","id":"njf5y3p0czdornd"},"id":"2757628glustcdr","previousOperationId":"6oy2ea48c9jfgj6"}
{"type":"operationStart","subtype":"scriptsBeforeRender","name":"scripts beforeRender","timestamp":1676306919133,"id":"zwu8tdd6721c0fh","previousEventId":"xyz2xtvmrskiywl","operationId":"88i062y0iu1zi6d","previousOperationId":"6oy2ea48c9jfgj6"}
{"type":"operationStart","subtype":"script","name":"scripts script","previousOperationId":"88i062y0iu1zi6d","timestamp":1676306919133,"id":"txstlymq12osf77","previousEventId":"zwu8tdd6721c0fh","operationId":"ghckeubai5syquu"}
{"type":"operationEnd","operationId":"ghckeubai5syquu","timestamp":1676306919308,"id":"anz5waas4nqfvye","previousEventId":"xyz2xtvmrskiywl","previousOperationId":"6oy2ea48c9jfgj6"}
{"type":"operationEnd","operationId":"88i062y0iu1zi6d","timestamp":1676306919308,"id":"3t6ugt8zcmqngfe","previousEventId":"anz5waas4nqfvye","previousOperationId":"6oy2ea48c9jfgj6"}
{"type":"log","timestamp":1676306919308,"level":"debug","message":"Base url not specified, skipping its injection.","meta":{"rootId":"njf5y3p0czdornd","id":"njf5y3p0czdornd"},"id":"vh7njckmy8pf4cp","previousOperationId":"88i062y0iu1zi6d"}
{"type":"operationStart","subtype":"engine","name":"handlebars","timestamp":1676306919308,"id":"alywd5vzztpm1h8","previousEventId":"3t6ugt8zcmqngfe","operationId":"r6c1s3df2xe896w","previousOperationId":"88i062y0iu1zi6d"}
{"type":"log","timestamp":1676306919308,"level":"debug","message":"Rendering engine handlebars","meta":{"rootId":"njf5y3p0czdornd","id":"njf5y3p0czdornd"},"id":"ztret7a4ri3ooaw","previousOperationId":"r6c1s3df2xe896w"}
{"type":"operationEnd","operationId":"r6c1s3df2xe896w","timestamp":1676306919317,"id":"0wgkoic6s8ckwe7","previousEventId":"alywd5vzztpm1h8","previousOperationId":"r6c1s3df2xe896w"}
{"type":"operationStart","subtype":"recipe","name":"chrome-pdf","timestamp":1676306919317,"id":"cngct70rkq460hi","previousEventId":"0wgkoic6s8ckwe7","operationId":"bzg066874t35bsb","previousOperationId":"r6c1s3df2xe896w"}
{"type":"log","timestamp":1676306919317,"level":"debug","message":"Executing recipe chrome-pdf","meta":{"rootId":"njf5y3p0czdornd","id":"njf5y3p0czdornd"},"id":"44a4bw7hsiq0af0","previousOperationId":"bzg066874t35bsb"}
{"type":"log","timestamp":1676306919319,"level":"debug","message":"Converting with chrome HeadlessChrome/105.0.5173.0 using chrome-pool strategy","meta":{"rootId":"njf5y3p0czdornd","id":"njf5y3p0czdornd"},"id":"cl0jfehs7iwcpyx","previousOperationId":"bzg066874t35bsb"}
{"type":"log","timestamp":1676306919415,"level":"debug","message":"Page request: GET (document) file:///C:/Users/josei/AppData/Local/Temp/jsreport/autocleanup/dcd4b1db-6e59-4ea1-9d05-9128c750a67d-chrome-pdf.html","meta":{"rootId":"njf5y3p0czdornd","id":"njf5y3p0czdornd"},"id":"9am51qttno1dcu4","previousOperationId":"bzg066874t35bsb"}
{"type":"log","timestamp":1676306919425,"level":"debug","message":"Page request finished: GET (document) 200 file:///C:/Users/josei/AppData/Local/Temp/jsreport/autocleanup/dcd4b1db-6e59-4ea1-9d05-9128c750a67d-chrome-pdf.html","meta":{"rootId":"njf5y3p0czdornd","id":"njf5y3p0czdornd"},"id":"w9flwofj1b9il0o","previousOperationId":"bzg066874t35bsb"}
{"type":"log","timestamp":1676306919426,"level":"debug","message":"Page request: GET (stylesheet) https://cdnjs.cloudflare.com/ajax/libs/metro/4.1.5/css/metro.min.css","meta":{"rootId":"njf5y3p0czdornd","id":"njf5y3p0czdornd"},"id":"xwakiy5ct77zb24","previousOperationId":"bzg066874t35bsb"}
{"type":"log","timestamp":1676306919426,"level":"debug","message":"Page request: GET (script) https://cdn.jsdelivr.net/npm/chart.js","meta":{"rootId":"njf5y3p0czdornd","id":"njf5y3p0czdornd"},"id":"erx63m1yzzzbq2n","previousOperationId":"bzg066874t35bsb"}
{"type":"log","timestamp":1676306919453,"level":"debug","message":"Page request finished: GET (stylesheet) 200 https://cdnjs.cloudflare.com/ajax/libs/metro/4.1.5/css/metro.min.css","meta":{"rootId":"njf5y3p0czdornd","id":"njf5y3p0czdornd"},"id":"ns93h0ep5epw8yt","previousOperationId":"bzg066874t35bsb"}
{"type":"log","timestamp":1676306919454,"level":"debug","message":"Page request finished: GET (script) 200 https://cdn.jsdelivr.net/npm/chart.js","meta":{"rootId":"njf5y3p0czdornd","id":"njf5y3p0czdornd"},"id":"b7j3jfwxpdv6288","previousOperationId":"bzg066874t35bsb"}
{"type":"log","timestamp":1676306919474,"level":"debug","message":"(console:error) Invalid scale configuration for scale: yAxes","meta":{"userLevel":true,"rootId":"njf5y3p0czdornd","id":"njf5y3p0czdornd"},"id":"46mhmgt0i7rgdcj","previousOperationId":"bzg066874t35bsb"}
{"type":"log","timestamp":1676306919584,"level":"debug","message":"Running chrome with params {\"printBackground\":true,\"timeout\":59772,\"margin\":{}}","meta":{"rootId":"njf5y3p0czdornd","id":"njf5y3p0czdornd"},"id":"sixxiqzsxnu68q1","previousOperationId":"bzg066874t35bsb"}
{"type":"operationEnd","operationId":"bzg066874t35bsb","timestamp":1676306919688,"id":"th1ortbdstfr09h","previousEventId":"cngct70rkq460hi","previousOperationId":"bzg066874t35bsb"}
{"type":"log","timestamp":1676306919688,"level":"debug","message":"Skipping storing report.","meta":{"rootId":"njf5y3p0czdornd","id":"njf5y3p0czdornd"},"id":"ffphx7mic63lp43","previousOperationId":"bzg066874t35bsb"}
{"type":"log","timestamp":1676306919688,"level":"info","message":"Rendering request 91 finished in 598 ms","meta":{"rootId":"njf5y3p0czdornd","id":"njf5y3p0czdornd"},"id":"jknkt4u9u8tdj38","previousOperationId":"bzg066874t35bsb"}
{"type":"operationEnd","subtype":"render","operationId":"6oy2ea48c9jfgj6","timestamp":1676306919688,"id":"06fqq3erle03cgm","previousEventId":"th1ortbdstfr09h","previousOperationId":"bzg066874t35bsb"}
{"type":"operationEnd","doDiffs":false,"previousEventId":"ae7eyz96h6nb2d6","previousOperationId":"dtcezsyscc0a8vt","operationId":"dtcezsyscc0a8vt","timestamp":1676306919693,"id":"v4h9lwbxzxr8omu"}
