{"type":"operationStart","subtype":"profile","data":{"_id":"sU9K98aqMnhCXXiz","timestamp":"2023-02-13T16:52:25.798Z","state":"queued","mode":"standard","creationDate":"2023-02-13T16:52:25.801Z","modificationDate":"2023-02-13T16:52:25.801Z","shortid":"V1nbfrY","$entitySet":"profiles"},"doDiffs":false,"timestamp":1676307145800,"id":"pmal0c05kel236m","previousOperationId":null,"operationId":"7pannfh4dfzutd9"}
{"type":"log","level":"info","message":"Render request 97 queued for execution and waiting for available worker","previousOperationId":"7pannfh4dfzutd9","timestamp":1676307145800,"id":"zjn2h7826h29rzt"}
{"type":"operationStart","subtype":"render","name":"prueba","previousOperationId":"7pannfh4dfzutd9","timestamp":1676307145822,"id":"0wyxc4qk0hafzag","previousEventId":"pmal0c05kel236m","operationId":"kxqto030iw8ll7p"}
{"type":"log","timestamp":1676307145822,"level":"info","message":"Starting rendering request 97","meta":{"rootId":"ntqy7qzhaieynrq","id":"ntqy7qzhaieynrq"},"id":"75zovxjer0wje8s","previousOperationId":"kxqto030iw8ll7p"}
{"type":"log","timestamp":1676307145822,"level":"info","message":"Rendering template { name: prueba, recipe: chrome-pdf, engine: handlebars, preview: true }","meta":{"rootId":"ntqy7qzhaieynrq","id":"ntqy7qzhaieynrq"},"id":"r6dfjai6mymmns8","previousOperationId":"kxqto030iw8ll7p"}
{"type":"log","timestamp":1676307145823,"level":"debug","message":"Data item not defined for this template.","meta":{"rootId":"ntqy7qzhaieynrq","id":"ntqy7qzhaieynrq"},"id":"1876oc3nbp42qas","previousOperationId":"kxqto030iw8ll7p"}
{"type":"log","timestamp":1676307145826,"level":"debug","message":"Executing script script (beforeRender)","meta":{"rootId":"ntqy7qzhaieynrq","id":"ntqy7qzhaieynrq"},"id":"2nx1cfajpu1qfz7","previousOperationId":"kxqto030iw8ll7p"}
{"type":"operationStart","subtype":"scriptsBeforeRender","name":"scripts beforeRender","timestamp":1676307145849,"id":"mtfs860xni7a5xr","previousEventId":"0wyxc4qk0hafzag","operationId":"btispx9hijr8adb","previousOperationId":"kxqto030iw8ll7p"}
{"type":"operationStart","subtype":"script","name":"scripts script","previousOperationId":"btispx9hijr8adb","timestamp":1676307145849,"id":"flwnx7o95zh4w7q","previousEventId":"mtfs860xni7a5xr","operationId":"zx7jnu30ucfdnvp"}
{"type":"operationEnd","operationId":"zx7jnu30ucfdnvp","timestamp":1676307146057,"id":"auq3z77o9w6u43e","previousEventId":"0wyxc4qk0hafzag","previousOperationId":"kxqto030iw8ll7p"}
{"type":"operationEnd","operationId":"btispx9hijr8adb","timestamp":1676307146057,"id":"iuei0k2gz6xgn5t","previousEventId":"auq3z77o9w6u43e","previousOperationId":"kxqto030iw8ll7p"}
{"type":"log","timestamp":1676307146057,"level":"debug","message":"Base url not specified, skipping its injection.","meta":{"rootId":"ntqy7qzhaieynrq","id":"ntqy7qzhaieynrq"},"id":"4ssox0u3xqnnvkj","previousOperationId":"btispx9hijr8adb"}
{"type":"operationStart","subtype":"engine","name":"handlebars","timestamp":1676307146057,"id":"v36f1haoxj0wdk1","previousEventId":"iuei0k2gz6xgn5t","operationId":"fg0pwknngiwv2sd","previousOperationId":"btispx9hijr8adb"}
{"type":"log","timestamp":1676307146057,"level":"debug","message":"Rendering engine handlebars","meta":{"rootId":"ntqy7qzhaieynrq","id":"ntqy7qzhaieynrq"},"id":"rc6mam2g7652zbm","previousOperationId":"fg0pwknngiwv2sd"}
{"type":"operationEnd","operationId":"fg0pwknngiwv2sd","timestamp":1676307146086,"id":"97hclj4sdcortpw","previousEventId":"v36f1haoxj0wdk1","previousOperationId":"fg0pwknngiwv2sd"}
{"type":"operationStart","subtype":"recipe","name":"chrome-pdf","timestamp":1676307146087,"id":"1kfq3idnpf2cwq2","previousEventId":"97hclj4sdcortpw","operationId":"8bhwnkgmzs2934k","previousOperationId":"fg0pwknngiwv2sd"}
{"type":"log","timestamp":1676307146087,"level":"debug","message":"Executing recipe chrome-pdf","meta":{"rootId":"ntqy7qzhaieynrq","id":"ntqy7qzhaieynrq"},"id":"mtb6z94qmeednjp","previousOperationId":"8bhwnkgmzs2934k"}
{"type":"log","timestamp":1676307146091,"level":"debug","message":"Converting with chrome HeadlessChrome/105.0.5173.0 using chrome-pool strategy","meta":{"rootId":"ntqy7qzhaieynrq","id":"ntqy7qzhaieynrq"},"id":"hximob5fn0q62dp","previousOperationId":"8bhwnkgmzs2934k"}
{"type":"log","timestamp":1676307146189,"level":"debug","message":"Page request: GET (document) file:///C:/Users/josei/AppData/Local/Temp/jsreport/autocleanup/69365dc9-acc0-4eb7-a62e-4164c712184a-chrome-pdf.html","meta":{"rootId":"ntqy7qzhaieynrq","id":"ntqy7qzhaieynrq"},"id":"8bnxaty5vblqspt","previousOperationId":"8bhwnkgmzs2934k"}
{"type":"log","timestamp":1676307146211,"level":"debug","message":"Page request: GET (stylesheet) https://cdnjs.cloudflare.com/ajax/libs/metro/4.1.5/css/metro.min.css","meta":{"rootId":"ntqy7qzhaieynrq","id":"ntqy7qzhaieynrq"},"id":"o0rsc9b1vxl6poz","previousOperationId":"8bhwnkgmzs2934k"}
{"type":"log","timestamp":1676307146211,"level":"debug","message":"Page request finished: GET (document) 200 file:///C:/Users/josei/AppData/Local/Temp/jsreport/autocleanup/69365dc9-acc0-4eb7-a62e-4164c712184a-chrome-pdf.html","meta":{"rootId":"ntqy7qzhaieynrq","id":"ntqy7qzhaieynrq"},"id":"y8973b4ghca0uw5","previousOperationId":"8bhwnkgmzs2934k"}
{"type":"log","timestamp":1676307146211,"level":"debug","message":"Page request: GET (script) https://cdn.jsdelivr.net/npm/chart.js","meta":{"rootId":"ntqy7qzhaieynrq","id":"ntqy7qzhaieynrq"},"id":"xroims8xot43x5k","previousOperationId":"8bhwnkgmzs2934k"}
{"type":"log","timestamp":1676307146234,"level":"debug","message":"Page request finished: GET (stylesheet) 200 https://cdnjs.cloudflare.com/ajax/libs/metro/4.1.5/css/metro.min.css","meta":{"rootId":"ntqy7qzhaieynrq","id":"ntqy7qzhaieynrq"},"id":"t8towj8km92x6g1","previousOperationId":"8bhwnkgmzs2934k"}
{"type":"log","timestamp":1676307146235,"level":"debug","message":"Page request finished: GET (script) 200 https://cdn.jsdelivr.net/npm/chart.js","meta":{"rootId":"ntqy7qzhaieynrq","id":"ntqy7qzhaieynrq"},"id":"mixubcpbscckk33","previousOperationId":"8bhwnkgmzs2934k"}
{"type":"log","timestamp":1676307146242,"level":"debug","message":"(console:error) Invalid scale configuration for scale: yAxes","meta":{"userLevel":true,"rootId":"ntqy7qzhaieynrq","id":"ntqy7qzhaieynrq"},"id":"ysnmt20kjdyc8nw","previousOperationId":"8bhwnkgmzs2934k"}
{"type":"log","timestamp":1676307146352,"level":"debug","message":"Running chrome with params {\"printBackground\":true,\"timeout\":59709,\"margin\":{}}","meta":{"rootId":"ntqy7qzhaieynrq","id":"ntqy7qzhaieynrq"},"id":"z79jwn44lf48zab","previousOperationId":"8bhwnkgmzs2934k"}
{"type":"operationEnd","operationId":"8bhwnkgmzs2934k","timestamp":1676307146452,"id":"k92v0v2czu7gv1k","previousEventId":"1kfq3idnpf2cwq2","previousOperationId":"8bhwnkgmzs2934k"}
{"type":"log","timestamp":1676307146452,"level":"debug","message":"Skipping storing report.","meta":{"rootId":"ntqy7qzhaieynrq","id":"ntqy7qzhaieynrq"},"id":"9bwkwa4jmo9ksf0","previousOperationId":"8bhwnkgmzs2934k"}
{"type":"log","timestamp":1676307146452,"level":"info","message":"Rendering request 97 finished in 654 ms","meta":{"rootId":"ntqy7qzhaieynrq","id":"ntqy7qzhaieynrq"},"id":"py6w3b1n1lcic0x","previousOperationId":"8bhwnkgmzs2934k"}
{"type":"operationEnd","subtype":"render","operationId":"kxqto030iw8ll7p","timestamp":1676307146452,"id":"t1gj2ckg78gc90o","previousEventId":"k92v0v2czu7gv1k","previousOperationId":"8bhwnkgmzs2934k"}
{"type":"operationEnd","doDiffs":false,"previousEventId":"pmal0c05kel236m","previousOperationId":"7pannfh4dfzutd9","operationId":"7pannfh4dfzutd9","timestamp":1676307146458,"id":"o34za6hhbsk7ppy"}
