{"type":"operationStart","subtype":"profile","data":{"_id":"UnLhPE0a3cJZWHu9","timestamp":"2023-02-13T16:06:06.318Z","state":"queued","mode":"standard","creationDate":"2023-02-13T16:06:06.321Z","modificationDate":"2023-02-13T16:06:06.321Z","shortid":"PBuOYyW","$entitySet":"profiles"},"doDiffs":false,"timestamp":1676304366320,"id":"7lsfwedvc7ib3eu","previousOperationId":null,"operationId":"nrwvzxtgclsat7y"}
{"type":"log","level":"info","message":"Render request 18 queued for execution and waiting for available worker","previousOperationId":"nrwvzxtgclsat7y","timestamp":1676304366320,"id":"dqrup9osyvse89f"}
{"type":"operationStart","subtype":"render","name":"prueba","previousOperationId":"nrwvzxtgclsat7y","timestamp":1676304366329,"id":"1xztc7ap5rla9hf","previousEventId":"7lsfwedvc7ib3eu","operationId":"w1n4zg04gbeasck"}
{"type":"log","timestamp":1676304366329,"level":"info","message":"Starting rendering request 18","meta":{"rootId":"nu9eifbuc0c3xh6","id":"nu9eifbuc0c3xh6"},"id":"s3c0jv4bwa5e9eh","previousOperationId":"w1n4zg04gbeasck"}
{"type":"log","timestamp":1676304366329,"level":"info","message":"Rendering template { name: prueba, recipe: chrome-pdf, engine: handlebars, preview: true }","meta":{"rootId":"nu9eifbuc0c3xh6","id":"nu9eifbuc0c3xh6"},"id":"fk4s6jtb1ross6v","previousOperationId":"w1n4zg04gbeasck"}
{"type":"log","timestamp":1676304366330,"level":"debug","message":"Data item not defined for this template.","meta":{"rootId":"nu9eifbuc0c3xh6","id":"nu9eifbuc0c3xh6"},"id":"fhg1pc654zq55ef","previousOperationId":"w1n4zg04gbeasck"}
{"type":"log","timestamp":1676304366332,"level":"debug","message":"Executing script script (beforeRender)","meta":{"rootId":"nu9eifbuc0c3xh6","id":"nu9eifbuc0c3xh6"},"id":"h7j85rbzrnaytmj","previousOperationId":"w1n4zg04gbeasck"}
{"type":"operationStart","subtype":"scriptsBeforeRender","name":"scripts beforeRender","timestamp":1676304366351,"id":"oyn60t0krejl6ae","previousEventId":"1xztc7ap5rla9hf","operationId":"kuvtwmf96mjo9ix","previousOperationId":"w1n4zg04gbeasck"}
{"type":"operationStart","subtype":"script","name":"scripts script","previousOperationId":"kuvtwmf96mjo9ix","timestamp":1676304366351,"id":"jyaslyf7xoxysib","previousEventId":"oyn60t0krejl6ae","operationId":"ixr79ljirakxb7c"}
{"type":"operationEnd","operationId":"ixr79ljirakxb7c","timestamp":1676304366525,"id":"l6szttu7frzta7u","previousEventId":"1xztc7ap5rla9hf","previousOperationId":"w1n4zg04gbeasck"}
{"type":"operationEnd","operationId":"kuvtwmf96mjo9ix","timestamp":1676304366525,"id":"8w2g8zdq6k4z14a","previousEventId":"l6szttu7frzta7u","previousOperationId":"w1n4zg04gbeasck"}
{"type":"log","timestamp":1676304366525,"level":"debug","message":"Base url not specified, skipping its injection.","meta":{"rootId":"nu9eifbuc0c3xh6","id":"nu9eifbuc0c3xh6"},"id":"wf0wd0mugwp96yb","previousOperationId":"kuvtwmf96mjo9ix"}
{"type":"operationStart","subtype":"engine","name":"handlebars","timestamp":1676304366526,"id":"01zb9ihrbv4bg3c","previousEventId":"8w2g8zdq6k4z14a","operationId":"5pmj3h7uokvijzm","previousOperationId":"kuvtwmf96mjo9ix"}
{"type":"log","timestamp":1676304366526,"level":"debug","message":"Rendering engine handlebars","meta":{"rootId":"nu9eifbuc0c3xh6","id":"nu9eifbuc0c3xh6"},"id":"c1k3cwerblasfdc","previousOperationId":"5pmj3h7uokvijzm"}
{"type":"operationEnd","operationId":"5pmj3h7uokvijzm","timestamp":1676304366542,"id":"emu495aj837jj2q","previousEventId":"01zb9ihrbv4bg3c","previousOperationId":"5pmj3h7uokvijzm"}
{"type":"operationStart","subtype":"recipe","name":"chrome-pdf","timestamp":1676304366542,"id":"hra3rz2swlol358","previousEventId":"emu495aj837jj2q","operationId":"kicc1q197mkve55","previousOperationId":"5pmj3h7uokvijzm"}
{"type":"log","timestamp":1676304366543,"level":"debug","message":"Executing recipe chrome-pdf","meta":{"rootId":"nu9eifbuc0c3xh6","id":"nu9eifbuc0c3xh6"},"id":"klefupf713jcrr8","previousOperationId":"kicc1q197mkve55"}
{"type":"log","timestamp":1676304366545,"level":"debug","message":"Converting with chrome HeadlessChrome/105.0.5173.0 using chrome-pool strategy","meta":{"rootId":"nu9eifbuc0c3xh6","id":"nu9eifbuc0c3xh6"},"id":"3q6bmtzxgpwwq9i","previousOperationId":"kicc1q197mkve55"}
{"type":"log","timestamp":1676304366641,"level":"debug","message":"Page request: GET (document) file:///C:/Users/josei/AppData/Local/Temp/jsreport/autocleanup/c2df8bf1-5834-4310-bee5-7dd03efb8d95-chrome-pdf.html","meta":{"rootId":"nu9eifbuc0c3xh6","id":"nu9eifbuc0c3xh6"},"id":"e2e7vml2k3ukzhi","previousOperationId":"kicc1q197mkve55"}
{"type":"log","timestamp":1676304366661,"level":"debug","message":"Page request finished: GET (document) 200 file:///C:/Users/josei/AppData/Local/Temp/jsreport/autocleanup/c2df8bf1-5834-4310-bee5-7dd03efb8d95-chrome-pdf.html","meta":{"rootId":"nu9eifbuc0c3xh6","id":"nu9eifbuc0c3xh6"},"id":"pya992f08o6utu6","previousOperationId":"kicc1q197mkve55"}
{"type":"log","timestamp":1676304366662,"level":"debug","message":"Page request: GET (stylesheet) https://cdnjs.cloudflare.com/ajax/libs/metro/4.1.5/css/metro.min.css","meta":{"rootId":"nu9eifbuc0c3xh6","id":"nu9eifbuc0c3xh6"},"id":"6ruoz6mgtt2i6tm","previousOperationId":"kicc1q197mkve55"}
{"type":"log","timestamp":1676304366662,"level":"debug","message":"Page request: GET (script) https://cdn.jsdelivr.net/npm/chart.js","meta":{"rootId":"nu9eifbuc0c3xh6","id":"nu9eifbuc0c3xh6"},"id":"awpcfncw0oo5s9n","previousOperationId":"kicc1q197mkve55"}
{"type":"log","timestamp":1676304366667,"level":"debug","message":"Page request finished: GET (script) 200 https://cdn.jsdelivr.net/npm/chart.js","meta":{"rootId":"nu9eifbuc0c3xh6","id":"nu9eifbuc0c3xh6"},"id":"7ph8jfw85e56bfe","previousOperationId":"kicc1q197mkve55"}
{"type":"log","timestamp":1676304366686,"level":"debug","message":"Page request finished: GET (stylesheet) 200 https://cdnjs.cloudflare.com/ajax/libs/metro/4.1.5/css/metro.min.css","meta":{"rootId":"nu9eifbuc0c3xh6","id":"nu9eifbuc0c3xh6"},"id":"urex8jk7d6gsy6q","previousOperationId":"kicc1q197mkve55"}
{"type":"log","timestamp":1676304366694,"level":"debug","message":"(console:error) Invalid scale configuration for scale: yAxes","meta":{"userLevel":true,"rootId":"nu9eifbuc0c3xh6","id":"nu9eifbuc0c3xh6"},"id":"j2cbfiye8ypprnx","previousOperationId":"kicc1q197mkve55"}
{"type":"log","timestamp":1676304366787,"level":"debug","message":"Running chrome with params {\"printBackground\":true,\"timeout\":59774,\"margin\":{}}","meta":{"rootId":"nu9eifbuc0c3xh6","id":"nu9eifbuc0c3xh6"},"id":"hg6ddqfx9nsri8s","previousOperationId":"kicc1q197mkve55"}
{"type":"operationEnd","operationId":"kicc1q197mkve55","timestamp":1676304366870,"id":"cu4xzkbl6js5vn2","previousEventId":"hra3rz2swlol358","previousOperationId":"kicc1q197mkve55"}
{"type":"log","timestamp":1676304366870,"level":"debug","message":"Skipping storing report.","meta":{"rootId":"nu9eifbuc0c3xh6","id":"nu9eifbuc0c3xh6"},"id":"jruuepsmgr10k16","previousOperationId":"kicc1q197mkve55"}
{"type":"log","timestamp":1676304366870,"level":"info","message":"Rendering request 18 finished in 552 ms","meta":{"rootId":"nu9eifbuc0c3xh6","id":"nu9eifbuc0c3xh6"},"id":"mbf0uelshce2ry3","previousOperationId":"kicc1q197mkve55"}
{"type":"operationEnd","subtype":"render","operationId":"w1n4zg04gbeasck","timestamp":1676304366870,"id":"ik67ukdizqjegi6","previousEventId":"cu4xzkbl6js5vn2","previousOperationId":"kicc1q197mkve55"}
{"type":"operationEnd","doDiffs":false,"previousEventId":"7lsfwedvc7ib3eu","previousOperationId":"nrwvzxtgclsat7y","operationId":"nrwvzxtgclsat7y","timestamp":1676304366874,"id":"p4qp5zgmaexvjtt"}
