{"type":"operationStart","subtype":"profile","data":{"_id":"myLJSEEdV75ipzKs","timestamp":"2023-02-13T16:22:38.329Z","state":"queued","mode":"standard","creationDate":"2023-02-13T16:22:38.331Z","modificationDate":"2023-02-13T16:22:38.331Z","shortid":"4Gw3HBM","$entitySet":"profiles"},"doDiffs":false,"timestamp":1676305358330,"id":"f1lo0plotmml2e2","previousOperationId":null,"operationId":"qllzvzjgu0eja7i"}
{"type":"log","level":"info","message":"Render request 40 queued for execution and waiting for available worker","previousOperationId":"qllzvzjgu0eja7i","timestamp":1676305358330,"id":"3776iuaddhjgihl"}
{"type":"operationStart","subtype":"render","name":"prueba","previousOperationId":"qllzvzjgu0eja7i","timestamp":1676305358352,"id":"iddkmm0jqgb83di","previousEventId":"f1lo0plotmml2e2","operationId":"anf912rh10iuiu6"}
{"type":"log","timestamp":1676305358352,"level":"info","message":"Starting rendering request 40","meta":{"rootId":"o0od22cyd8prxs7","id":"o0od22cyd8prxs7"},"id":"mcsrfedbcawysv0","previousOperationId":"anf912rh10iuiu6"}
{"type":"log","timestamp":1676305358352,"level":"info","message":"Rendering template { name: prueba, recipe: chrome-pdf, engine: handlebars, preview: true }","meta":{"rootId":"o0od22cyd8prxs7","id":"o0od22cyd8prxs7"},"id":"gr54f5hhjp8y7xx","previousOperationId":"anf912rh10iuiu6"}
{"type":"log","timestamp":1676305358353,"level":"debug","message":"Data item not defined for this template.","meta":{"rootId":"o0od22cyd8prxs7","id":"o0od22cyd8prxs7"},"id":"u1d3p9c3lpfnqnf","previousOperationId":"anf912rh10iuiu6"}
{"type":"log","timestamp":1676305358355,"level":"debug","message":"Executing script script (beforeRender)","meta":{"rootId":"o0od22cyd8prxs7","id":"o0od22cyd8prxs7"},"id":"9g9cdemls7mf4m1","previousOperationId":"anf912rh10iuiu6"}
{"type":"operationStart","subtype":"scriptsBeforeRender","name":"scripts beforeRender","timestamp":1676305358383,"id":"eb89xkq8wkoze1d","previousEventId":"iddkmm0jqgb83di","operationId":"3xvzdzn165d3qev","previousOperationId":"anf912rh10iuiu6"}
{"type":"operationStart","subtype":"script","name":"scripts script","previousOperationId":"3xvzdzn165d3qev","timestamp":1676305358384,"id":"ykamy996vmidj8s","previousEventId":"eb89xkq8wkoze1d","operationId":"r6q3bbx5yl6nnod"}
{"type":"operationEnd","operationId":"r6q3bbx5yl6nnod","timestamp":1676305358548,"id":"67voomgsvutzyyh","previousEventId":"iddkmm0jqgb83di","previousOperationId":"anf912rh10iuiu6"}
{"type":"operationEnd","operationId":"3xvzdzn165d3qev","timestamp":1676305358548,"id":"2wi2xsgzjzstoh2","previousEventId":"67voomgsvutzyyh","previousOperationId":"anf912rh10iuiu6"}
{"type":"log","timestamp":1676305358548,"level":"debug","message":"Base url not specified, skipping its injection.","meta":{"rootId":"o0od22cyd8prxs7","id":"o0od22cyd8prxs7"},"id":"bzdx6xb3vczllbi","previousOperationId":"3xvzdzn165d3qev"}
{"type":"operationStart","subtype":"engine","name":"handlebars","timestamp":1676305358548,"id":"81nngd2d1ku0336","previousEventId":"2wi2xsgzjzstoh2","operationId":"5rnlgdv0pi3lbr2","previousOperationId":"3xvzdzn165d3qev"}
{"type":"log","timestamp":1676305358548,"level":"debug","message":"Rendering engine handlebars","meta":{"rootId":"o0od22cyd8prxs7","id":"o0od22cyd8prxs7"},"id":"t1xpo5c50dmee27","previousOperationId":"5rnlgdv0pi3lbr2"}
{"type":"operationEnd","operationId":"5rnlgdv0pi3lbr2","timestamp":1676305358558,"id":"8th4knp1b2k4onq","previousEventId":"81nngd2d1ku0336","previousOperationId":"5rnlgdv0pi3lbr2"}
{"type":"operationStart","subtype":"recipe","name":"chrome-pdf","timestamp":1676305358559,"id":"0z4gybz7fnxlj6b","previousEventId":"8th4knp1b2k4onq","operationId":"oh5o0vp6y9bxhs5","previousOperationId":"5rnlgdv0pi3lbr2"}
{"type":"log","timestamp":1676305358559,"level":"debug","message":"Executing recipe chrome-pdf","meta":{"rootId":"o0od22cyd8prxs7","id":"o0od22cyd8prxs7"},"id":"465wtkksgoyygiw","previousOperationId":"oh5o0vp6y9bxhs5"}
{"type":"log","timestamp":1676305358563,"level":"debug","message":"Converting with chrome HeadlessChrome/105.0.5173.0 using chrome-pool strategy","meta":{"rootId":"o0od22cyd8prxs7","id":"o0od22cyd8prxs7"},"id":"3it2hfhoazpe798","previousOperationId":"oh5o0vp6y9bxhs5"}
{"type":"log","timestamp":1676305358676,"level":"debug","message":"Page request: GET (document) file:///C:/Users/josei/AppData/Local/Temp/jsreport/autocleanup/ba70e83b-8dce-4b2c-b4d0-daf6c5e828d1-chrome-pdf.html","meta":{"rootId":"o0od22cyd8prxs7","id":"o0od22cyd8prxs7"},"id":"62gdm4v4z37jdhy","previousOperationId":"oh5o0vp6y9bxhs5"}
{"type":"log","timestamp":1676305358700,"level":"debug","message":"Page request finished: GET (document) 200 file:///C:/Users/josei/AppData/Local/Temp/jsreport/autocleanup/ba70e83b-8dce-4b2c-b4d0-daf6c5e828d1-chrome-pdf.html","meta":{"rootId":"o0od22cyd8prxs7","id":"o0od22cyd8prxs7"},"id":"6gpobtk3uibs92m","previousOperationId":"oh5o0vp6y9bxhs5"}
{"type":"log","timestamp":1676305358701,"level":"debug","message":"Page request: GET (stylesheet) https://cdnjs.cloudflare.com/ajax/libs/metro/4.1.5/css/metro.min.css","meta":{"rootId":"o0od22cyd8prxs7","id":"o0od22cyd8prxs7"},"id":"zyf4yn2cs7psxml","previousOperationId":"oh5o0vp6y9bxhs5"}
{"type":"log","timestamp":1676305358701,"level":"debug","message":"Page request: GET (script) https://cdn.jsdelivr.net/npm/chart.js","meta":{"rootId":"o0od22cyd8prxs7","id":"o0od22cyd8prxs7"},"id":"q0wbsnj4dnfxyy3","previousOperationId":"oh5o0vp6y9bxhs5"}
{"type":"log","timestamp":1676305358716,"level":"debug","message":"Page request finished: GET (script) 200 https://cdn.jsdelivr.net/npm/chart.js","meta":{"rootId":"o0od22cyd8prxs7","id":"o0od22cyd8prxs7"},"id":"6r49daphll9bvps","previousOperationId":"oh5o0vp6y9bxhs5"}
{"type":"log","timestamp":1676305358735,"level":"debug","message":"Page request finished: GET (stylesheet) 200 https://cdnjs.cloudflare.com/ajax/libs/metro/4.1.5/css/metro.min.css","meta":{"rootId":"o0od22cyd8prxs7","id":"o0od22cyd8prxs7"},"id":"s96j9dmv1zts2lr","previousOperationId":"oh5o0vp6y9bxhs5"}
{"type":"log","timestamp":1676305358742,"level":"debug","message":"(console:error) Invalid scale configuration for scale: yAxes","meta":{"userLevel":true,"rootId":"o0od22cyd8prxs7","id":"o0od22cyd8prxs7"},"id":"wmxlpld1mwjtefy","previousOperationId":"oh5o0vp6y9bxhs5"}
{"type":"log","timestamp":1676305358853,"level":"debug","message":"Running chrome with params {\"printBackground\":true,\"timeout\":59768,\"margin\":{}}","meta":{"rootId":"o0od22cyd8prxs7","id":"o0od22cyd8prxs7"},"id":"qi14ey5kk0svcc4","previousOperationId":"oh5o0vp6y9bxhs5"}
{"type":"operationEnd","operationId":"oh5o0vp6y9bxhs5","timestamp":1676305358932,"id":"iyrf20jww6nnipy","previousEventId":"0z4gybz7fnxlj6b","previousOperationId":"oh5o0vp6y9bxhs5"}
{"type":"log","timestamp":1676305358932,"level":"debug","message":"Skipping storing report.","meta":{"rootId":"o0od22cyd8prxs7","id":"o0od22cyd8prxs7"},"id":"zvetqui2v6q4fp2","previousOperationId":"oh5o0vp6y9bxhs5"}
{"type":"log","timestamp":1676305358932,"level":"info","message":"Rendering request 40 finished in 603 ms","meta":{"rootId":"o0od22cyd8prxs7","id":"o0od22cyd8prxs7"},"id":"iaet3uhlsvz6tzd","previousOperationId":"oh5o0vp6y9bxhs5"}
{"type":"operationEnd","subtype":"render","operationId":"anf912rh10iuiu6","timestamp":1676305358932,"id":"odmxifg86rerjb6","previousEventId":"iyrf20jww6nnipy","previousOperationId":"oh5o0vp6y9bxhs5"}
{"type":"operationEnd","doDiffs":false,"previousEventId":"f1lo0plotmml2e2","previousOperationId":"qllzvzjgu0eja7i","operationId":"qllzvzjgu0eja7i","timestamp":1676305358936,"id":"c751pkqsowsic1l"}
