{"type":"operationStart","subtype":"profile","data":{"_id":"n2mRVYXTKAHeje28","timestamp":"2023-02-13T16:57:06.952Z","state":"queued","mode":"standard","creationDate":"2023-02-13T16:57:06.954Z","modificationDate":"2023-02-13T16:57:06.954Z","shortid":"_JUkEkv","$entitySet":"profiles"},"doDiffs":false,"timestamp":1676307426954,"id":"jsw7z0l6iy7t1c9","previousOperationId":null,"operationId":"z6ibe8ytdwecj2m"}
{"type":"log","level":"info","message":"Render request 109 queued for execution and waiting for available worker","previousOperationId":"z6ibe8ytdwecj2m","timestamp":1676307426954,"id":"dg9fclxn7aivr29"}
{"type":"operationStart","subtype":"render","name":"prueba","previousOperationId":"z6ibe8ytdwecj2m","timestamp":1676307426964,"id":"way3dg16xu9d693","previousEventId":"jsw7z0l6iy7t1c9","operationId":"1lhaesa5np24id0"}
{"type":"log","timestamp":1676307426964,"level":"info","message":"Starting rendering request 109","meta":{"rootId":"o0tyw06v1zlzz1g","id":"o0tyw06v1zlzz1g"},"id":"c5igksnk7q9h6ak","previousOperationId":"1lhaesa5np24id0"}
{"type":"log","timestamp":1676307426964,"level":"info","message":"Rendering template { name: prueba, recipe: chrome-pdf, engine: handlebars, preview: true }","meta":{"rootId":"o0tyw06v1zlzz1g","id":"o0tyw06v1zlzz1g"},"id":"qsmsimsipm1047j","previousOperationId":"1lhaesa5np24id0"}
{"type":"log","timestamp":1676307426965,"level":"debug","message":"Data item not defined for this template.","meta":{"rootId":"o0tyw06v1zlzz1g","id":"o0tyw06v1zlzz1g"},"id":"y2cc9v8diyhaesi","previousOperationId":"1lhaesa5np24id0"}
{"type":"log","timestamp":1676307426967,"level":"debug","message":"Executing script script (beforeRender)","meta":{"rootId":"o0tyw06v1zlzz1g","id":"o0tyw06v1zlzz1g"},"id":"5rnddghj0vmtlyi","previousOperationId":"1lhaesa5np24id0"}
{"type":"operationStart","subtype":"scriptsBeforeRender","name":"scripts beforeRender","timestamp":1676307426985,"id":"xzwvn8ca3a9cj8o","previousEventId":"way3dg16xu9d693","operationId":"d1wxamalpvwmsg7","previousOperationId":"1lhaesa5np24id0"}
{"type":"operationStart","subtype":"script","name":"scripts script","previousOperationId":"d1wxamalpvwmsg7","timestamp":1676307426985,"id":"i4o989eoa51ku6q","previousEventId":"xzwvn8ca3a9cj8o","operationId":"6l1ai83jtb8jjji"}
{"type":"operationEnd","operationId":"6l1ai83jtb8jjji","timestamp":1676307427161,"id":"fj764px6woux7b3","previousEventId":"way3dg16xu9d693","previousOperationId":"1lhaesa5np24id0"}
{"type":"operationEnd","operationId":"d1wxamalpvwmsg7","timestamp":1676307427161,"id":"iw9hb6gxm7l5mwj","previousEventId":"fj764px6woux7b3","previousOperationId":"1lhaesa5np24id0"}
{"type":"log","timestamp":1676307427161,"level":"debug","message":"Base url not specified, skipping its injection.","meta":{"rootId":"o0tyw06v1zlzz1g","id":"o0tyw06v1zlzz1g"},"id":"xpx18fssc1c4dik","previousOperationId":"d1wxamalpvwmsg7"}
{"type":"operationStart","subtype":"engine","name":"handlebars","timestamp":1676307427161,"id":"e87hyw2qrunux97","previousEventId":"iw9hb6gxm7l5mwj","operationId":"pcbetjo6unvgraj","previousOperationId":"d1wxamalpvwmsg7"}
{"type":"log","timestamp":1676307427161,"level":"debug","message":"Rendering engine handlebars","meta":{"rootId":"o0tyw06v1zlzz1g","id":"o0tyw06v1zlzz1g"},"id":"raoh5fv8ntmmrhh","previousOperationId":"pcbetjo6unvgraj"}
{"type":"operationEnd","operationId":"pcbetjo6unvgraj","timestamp":1676307427169,"id":"n2oantkiptsxtqt","previousEventId":"e87hyw2qrunux97","previousOperationId":"pcbetjo6unvgraj"}
{"type":"operationStart","subtype":"recipe","name":"chrome-pdf","timestamp":1676307427169,"id":"bacbsxi12qvkrqa","previousEventId":"n2oantkiptsxtqt","operationId":"pqrxetshguheshi","previousOperationId":"pcbetjo6unvgraj"}
{"type":"log","timestamp":1676307427169,"level":"debug","message":"Executing recipe chrome-pdf","meta":{"rootId":"o0tyw06v1zlzz1g","id":"o0tyw06v1zlzz1g"},"id":"rbo1ys8kjw5lmhn","previousOperationId":"pqrxetshguheshi"}
{"type":"log","timestamp":1676307427173,"level":"debug","message":"Converting with chrome HeadlessChrome/105.0.5173.0 using chrome-pool strategy","meta":{"rootId":"o0tyw06v1zlzz1g","id":"o0tyw06v1zlzz1g"},"id":"64xrm9ct0ksff3a","previousOperationId":"pqrxetshguheshi"}
{"type":"log","timestamp":1676307427279,"level":"debug","message":"Page request: GET (document) file:///C:/Users/josei/AppData/Local/Temp/jsreport/autocleanup/709cf6cf-0979-4bcb-a4e0-6bc6174d6410-chrome-pdf.html","meta":{"rootId":"o0tyw06v1zlzz1g","id":"o0tyw06v1zlzz1g"},"id":"daj5e1g4duehjyp","previousOperationId":"pqrxetshguheshi"}
{"type":"log","timestamp":1676307427290,"level":"debug","message":"Page request finished: GET (document) 200 file:///C:/Users/josei/AppData/Local/Temp/jsreport/autocleanup/709cf6cf-0979-4bcb-a4e0-6bc6174d6410-chrome-pdf.html","meta":{"rootId":"o0tyw06v1zlzz1g","id":"o0tyw06v1zlzz1g"},"id":"6i2qq6qlqbzq86r","previousOperationId":"pqrxetshguheshi"}
{"type":"log","timestamp":1676307427290,"level":"debug","message":"Page request: GET (stylesheet) https://cdnjs.cloudflare.com/ajax/libs/metro/4.1.5/css/metro.min.css","meta":{"rootId":"o0tyw06v1zlzz1g","id":"o0tyw06v1zlzz1g"},"id":"lu621he5kvxuueb","previousOperationId":"pqrxetshguheshi"}
{"type":"log","timestamp":1676307427291,"level":"debug","message":"Page request: GET (script) https://cdn.jsdelivr.net/npm/chart.js","meta":{"rootId":"o0tyw06v1zlzz1g","id":"o0tyw06v1zlzz1g"},"id":"q5vahoj06g2yo0w","previousOperationId":"pqrxetshguheshi"}
{"type":"log","timestamp":1676307427318,"level":"debug","message":"Page request finished: GET (stylesheet) 200 https://cdnjs.cloudflare.com/ajax/libs/metro/4.1.5/css/metro.min.css","meta":{"rootId":"o0tyw06v1zlzz1g","id":"o0tyw06v1zlzz1g"},"id":"9dww84m1n4eevtv","previousOperationId":"pqrxetshguheshi"}
{"type":"log","timestamp":1676307427319,"level":"debug","message":"Page request finished: GET (script) 200 https://cdn.jsdelivr.net/npm/chart.js","meta":{"rootId":"o0tyw06v1zlzz1g","id":"o0tyw06v1zlzz1g"},"id":"tt9k0fa5ezbh68e","previousOperationId":"pqrxetshguheshi"}
{"type":"log","timestamp":1676307427326,"level":"debug","message":"(console:error) Invalid scale configuration for scale: yAxes","meta":{"userLevel":true,"rootId":"o0tyw06v1zlzz1g","id":"o0tyw06v1zlzz1g"},"id":"0kd5p5zd5mwqne9","previousOperationId":"pqrxetshguheshi"}
{"type":"log","timestamp":1676307427461,"level":"debug","message":"Running chrome with params {\"printBackground\":true,\"timeout\":59781,\"margin\":{}}","meta":{"rootId":"o0tyw06v1zlzz1g","id":"o0tyw06v1zlzz1g"},"id":"hhm7yctcgdh15sv","previousOperationId":"pqrxetshguheshi"}
{"type":"operationEnd","operationId":"pqrxetshguheshi","timestamp":1676307427567,"id":"e7ddnwe407lxovd","previousEventId":"bacbsxi12qvkrqa","previousOperationId":"pqrxetshguheshi"}
{"type":"log","timestamp":1676307427567,"level":"debug","message":"Skipping storing report.","meta":{"rootId":"o0tyw06v1zlzz1g","id":"o0tyw06v1zlzz1g"},"id":"2kxojgi7wyugqmq","previousOperationId":"pqrxetshguheshi"}
{"type":"log","timestamp":1676307427567,"level":"info","message":"Rendering request 109 finished in 615 ms","meta":{"rootId":"o0tyw06v1zlzz1g","id":"o0tyw06v1zlzz1g"},"id":"nduoja4f22frrpv","previousOperationId":"pqrxetshguheshi"}
{"type":"operationEnd","subtype":"render","operationId":"1lhaesa5np24id0","timestamp":1676307427567,"id":"sml9z5v8cejaqfu","previousEventId":"e7ddnwe407lxovd","previousOperationId":"pqrxetshguheshi"}
{"type":"operationEnd","doDiffs":false,"previousEventId":"jsw7z0l6iy7t1c9","previousOperationId":"z6ibe8ytdwecj2m","operationId":"z6ibe8ytdwecj2m","timestamp":1676307427572,"id":"ye7xpic9mx5r2n5"}
