{"type":"operationStart","subtype":"profile","data":{"_id":"gSZZ88xXnIqS9UAt","timestamp":"2023-02-13T16:45:08.382Z","state":"queued","mode":"standard","creationDate":"2023-02-13T16:45:08.385Z","modificationDate":"2023-02-13T16:45:08.385Z","shortid":"_PbCS-K","$entitySet":"profiles"},"doDiffs":false,"timestamp":1676306708384,"id":"n2sipoxo9wtqotr","previousOperationId":null,"operationId":"z019ynmslqw30li"}
{"type":"log","level":"info","message":"Render request 81 queued for execution and waiting for available worker","previousOperationId":"z019ynmslqw30li","timestamp":1676306708384,"id":"djgqvllwpfximie"}
{"type":"operationStart","subtype":"render","name":"prueba","previousOperationId":"z019ynmslqw30li","timestamp":1676306708393,"id":"2ctyf1qd6zy5k97","previousEventId":"n2sipoxo9wtqotr","operationId":"eq30ywlrbifyvyg"}
{"type":"log","timestamp":1676306708394,"level":"info","message":"Starting rendering request 81","meta":{"rootId":"oc5x5q6jish875p","id":"oc5x5q6jish875p"},"id":"hd4mapjbfy4rd6f","previousOperationId":"eq30ywlrbifyvyg"}
{"type":"log","timestamp":1676306708394,"level":"info","message":"Rendering template { name: prueba, recipe: chrome-pdf, engine: handlebars, preview: true }","meta":{"rootId":"oc5x5q6jish875p","id":"oc5x5q6jish875p"},"id":"414ix0xc39a6a13","previousOperationId":"eq30ywlrbifyvyg"}
{"type":"log","timestamp":1676306708394,"level":"debug","message":"Data item not defined for this template.","meta":{"rootId":"oc5x5q6jish875p","id":"oc5x5q6jish875p"},"id":"l25mh1izm3xfxiv","previousOperationId":"eq30ywlrbifyvyg"}
{"type":"log","timestamp":1676306708397,"level":"debug","message":"Executing script script (beforeRender)","meta":{"rootId":"oc5x5q6jish875p","id":"oc5x5q6jish875p"},"id":"jsv1g67fqfabqgv","previousOperationId":"eq30ywlrbifyvyg"}
{"type":"operationStart","subtype":"scriptsBeforeRender","name":"scripts beforeRender","timestamp":1676306708417,"id":"hdpbjvff4dkaiqy","previousEventId":"2ctyf1qd6zy5k97","operationId":"rb11nxev8th5zqu","previousOperationId":"eq30ywlrbifyvyg"}
{"type":"operationStart","subtype":"script","name":"scripts script","previousOperationId":"rb11nxev8th5zqu","timestamp":1676306708417,"id":"a21lt4dbg4xpnn0","previousEventId":"hdpbjvff4dkaiqy","operationId":"dc7cdjfxobauevj"}
{"type":"operationEnd","operationId":"dc7cdjfxobauevj","timestamp":1676306708594,"id":"oxqxwj64sp4lvbi","previousEventId":"2ctyf1qd6zy5k97","previousOperationId":"eq30ywlrbifyvyg"}
{"type":"operationEnd","operationId":"rb11nxev8th5zqu","timestamp":1676306708594,"id":"c46sy0rwx9yuws2","previousEventId":"oxqxwj64sp4lvbi","previousOperationId":"eq30ywlrbifyvyg"}
{"type":"log","timestamp":1676306708595,"level":"debug","message":"Base url not specified, skipping its injection.","meta":{"rootId":"oc5x5q6jish875p","id":"oc5x5q6jish875p"},"id":"ztpcux5pgv1dx1o","previousOperationId":"rb11nxev8th5zqu"}
{"type":"operationStart","subtype":"engine","name":"handlebars","timestamp":1676306708595,"id":"s9ywjp8x6rmmqq3","previousEventId":"c46sy0rwx9yuws2","operationId":"e4xi8h1l96jj8cn","previousOperationId":"rb11nxev8th5zqu"}
{"type":"log","timestamp":1676306708595,"level":"debug","message":"Rendering engine handlebars","meta":{"rootId":"oc5x5q6jish875p","id":"oc5x5q6jish875p"},"id":"sk5uqe74baktvj9","previousOperationId":"e4xi8h1l96jj8cn"}
{"type":"operationEnd","operationId":"e4xi8h1l96jj8cn","timestamp":1676306708607,"id":"66uveqossi8rjsf","previousEventId":"s9ywjp8x6rmmqq3","previousOperationId":"e4xi8h1l96jj8cn"}
{"type":"operationStart","subtype":"recipe","name":"chrome-pdf","timestamp":1676306708607,"id":"iqhf26ob2pshump","previousEventId":"66uveqossi8rjsf","operationId":"mn2sgy23zlubv89","previousOperationId":"e4xi8h1l96jj8cn"}
{"type":"log","timestamp":1676306708607,"level":"debug","message":"Executing recipe chrome-pdf","meta":{"rootId":"oc5x5q6jish875p","id":"oc5x5q6jish875p"},"id":"ytpowd49ci9rp14","previousOperationId":"mn2sgy23zlubv89"}
{"type":"log","timestamp":1676306708609,"level":"debug","message":"Converting with chrome HeadlessChrome/105.0.5173.0 using chrome-pool strategy","meta":{"rootId":"oc5x5q6jish875p","id":"oc5x5q6jish875p"},"id":"2y74qxujtpuyv9w","previousOperationId":"mn2sgy23zlubv89"}
{"type":"log","timestamp":1676306708710,"level":"debug","message":"Page request: GET (document) file:///C:/Users/josei/AppData/Local/Temp/jsreport/autocleanup/6166c1b2-658a-4f48-bd4a-240dafd18d10-chrome-pdf.html","meta":{"rootId":"oc5x5q6jish875p","id":"oc5x5q6jish875p"},"id":"o2wl4q66fpfscsq","previousOperationId":"mn2sgy23zlubv89"}
{"type":"log","timestamp":1676306708732,"level":"debug","message":"Page request finished: GET (document) 200 file:///C:/Users/josei/AppData/Local/Temp/jsreport/autocleanup/6166c1b2-658a-4f48-bd4a-240dafd18d10-chrome-pdf.html","meta":{"rootId":"oc5x5q6jish875p","id":"oc5x5q6jish875p"},"id":"tkh6hw88x9f0of5","previousOperationId":"mn2sgy23zlubv89"}
{"type":"log","timestamp":1676306708732,"level":"debug","message":"Page request: GET (stylesheet) https://cdnjs.cloudflare.com/ajax/libs/metro/4.1.5/css/metro.min.css","meta":{"rootId":"oc5x5q6jish875p","id":"oc5x5q6jish875p"},"id":"hq08cmueip77yzh","previousOperationId":"mn2sgy23zlubv89"}
{"type":"log","timestamp":1676306708732,"level":"debug","message":"Page request: GET (script) https://cdn.jsdelivr.net/npm/chart.js","meta":{"rootId":"oc5x5q6jish875p","id":"oc5x5q6jish875p"},"id":"ynlfs11x2zlipcm","previousOperationId":"mn2sgy23zlubv89"}
{"type":"log","timestamp":1676306708759,"level":"debug","message":"Page request finished: GET (stylesheet) 200 https://cdnjs.cloudflare.com/ajax/libs/metro/4.1.5/css/metro.min.css","meta":{"rootId":"oc5x5q6jish875p","id":"oc5x5q6jish875p"},"id":"6p1steg4kjki70m","previousOperationId":"mn2sgy23zlubv89"}
{"type":"log","timestamp":1676306708759,"level":"debug","message":"Page request finished: GET (script) 200 https://cdn.jsdelivr.net/npm/chart.js","meta":{"rootId":"oc5x5q6jish875p","id":"oc5x5q6jish875p"},"id":"a0modmph1zrhi01","previousOperationId":"mn2sgy23zlubv89"}
{"type":"log","timestamp":1676306708766,"level":"debug","message":"(console:error) Invalid scale configuration for scale: yAxes","meta":{"userLevel":true,"rootId":"oc5x5q6jish875p","id":"oc5x5q6jish875p"},"id":"kwr2l82e48lzcyk","previousOperationId":"mn2sgy23zlubv89"}
{"type":"log","timestamp":1676306708896,"level":"debug","message":"Running chrome with params {\"printBackground\":true,\"timeout\":59774,\"margin\":{}}","meta":{"rootId":"oc5x5q6jish875p","id":"oc5x5q6jish875p"},"id":"mis0zyy23ero54k","previousOperationId":"mn2sgy23zlubv89"}
{"type":"operationEnd","operationId":"mn2sgy23zlubv89","timestamp":1676306708991,"id":"yxvf7lnw3fdotkf","previousEventId":"iqhf26ob2pshump","previousOperationId":"mn2sgy23zlubv89"}
{"type":"log","timestamp":1676306708991,"level":"debug","message":"Skipping storing report.","meta":{"rootId":"oc5x5q6jish875p","id":"oc5x5q6jish875p"},"id":"76wemo26uimvm2q","previousOperationId":"mn2sgy23zlubv89"}
{"type":"log","timestamp":1676306708991,"level":"info","message":"Rendering request 81 finished in 609 ms","meta":{"rootId":"oc5x5q6jish875p","id":"oc5x5q6jish875p"},"id":"12off7xn5el8xex","previousOperationId":"mn2sgy23zlubv89"}
{"type":"operationEnd","subtype":"render","operationId":"eq30ywlrbifyvyg","timestamp":1676306708991,"id":"hentsmi3jmh1c7d","previousEventId":"yxvf7lnw3fdotkf","previousOperationId":"mn2sgy23zlubv89"}
{"type":"operationEnd","doDiffs":false,"previousEventId":"n2sipoxo9wtqotr","previousOperationId":"z019ynmslqw30li","operationId":"z019ynmslqw30li","timestamp":1676306708999,"id":"v70y4pk3yn7qxec"}
