{"type":"operationStart","subtype":"profile","data":{"_id":"C1MIG80Lj2krfiCj","timestamp":"2023-02-13T16:45:39.059Z","state":"queued","mode":"standard","creationDate":"2023-02-13T16:45:39.061Z","modificationDate":"2023-02-13T16:45:39.061Z","shortid":"Tv4hog3","$entitySet":"profiles"},"doDiffs":false,"timestamp":1676306739060,"id":"4v785p91ilsah9k","previousOperationId":null,"operationId":"fxykxlqlqj6h2bc"}
{"type":"log","level":"info","message":"Render request 86 queued for execution and waiting for available worker","previousOperationId":"fxykxlqlqj6h2bc","timestamp":1676306739060,"id":"x6ogha9sgv1ib5x"}
{"type":"operationStart","subtype":"render","name":"prueba","previousOperationId":"fxykxlqlqj6h2bc","timestamp":1676306739074,"id":"x8o6zpattfohkou","previousEventId":"4v785p91ilsah9k","operationId":"5ez1ipctndc4bjk"}
{"type":"log","timestamp":1676306739074,"level":"info","message":"Starting rendering request 86","meta":{"rootId":"oguhiweike38dts","id":"oguhiweike38dts"},"id":"8xuj32aox4zq1ge","previousOperationId":"5ez1ipctndc4bjk"}
{"type":"log","timestamp":1676306739074,"level":"info","message":"Rendering template { name: prueba, recipe: chrome-pdf, engine: handlebars, preview: true }","meta":{"rootId":"oguhiweike38dts","id":"oguhiweike38dts"},"id":"rr31dx01809jn5s","previousOperationId":"5ez1ipctndc4bjk"}
{"type":"log","timestamp":1676306739074,"level":"debug","message":"Data item not defined for this template.","meta":{"rootId":"oguhiweike38dts","id":"oguhiweike38dts"},"id":"05bfm41hrr9zdue","previousOperationId":"5ez1ipctndc4bjk"}
{"type":"log","timestamp":1676306739081,"level":"debug","message":"Executing script script (beforeRender)","meta":{"rootId":"oguhiweike38dts","id":"oguhiweike38dts"},"id":"mjx43dnmjgior16","previousOperationId":"5ez1ipctndc4bjk"}
{"type":"operationStart","subtype":"scriptsBeforeRender","name":"scripts beforeRender","timestamp":1676306739096,"id":"2oz2rl8lxf0ynfh","previousEventId":"x8o6zpattfohkou","operationId":"mr0j3uwagkfuy3n","previousOperationId":"5ez1ipctndc4bjk"}
{"type":"operationStart","subtype":"script","name":"scripts script","previousOperationId":"mr0j3uwagkfuy3n","timestamp":1676306739096,"id":"jsntn4lcs6pngm9","previousEventId":"2oz2rl8lxf0ynfh","operationId":"o5dmq1m837oq0rq"}
{"type":"operationEnd","operationId":"o5dmq1m837oq0rq","timestamp":1676306739263,"id":"mfwycakkibobewh","previousEventId":"x8o6zpattfohkou","previousOperationId":"5ez1ipctndc4bjk"}
{"type":"operationEnd","operationId":"mr0j3uwagkfuy3n","timestamp":1676306739263,"id":"tdfru0ueg05vjg2","previousEventId":"mfwycakkibobewh","previousOperationId":"5ez1ipctndc4bjk"}
{"type":"log","timestamp":1676306739263,"level":"debug","message":"Base url not specified, skipping its injection.","meta":{"rootId":"oguhiweike38dts","id":"oguhiweike38dts"},"id":"8x6mw8zxsslz1w4","previousOperationId":"mr0j3uwagkfuy3n"}
{"type":"operationStart","subtype":"engine","name":"handlebars","timestamp":1676306739263,"id":"7lpp939w3qg3cgw","previousEventId":"tdfru0ueg05vjg2","operationId":"e4u0387g5kms1xj","previousOperationId":"mr0j3uwagkfuy3n"}
{"type":"log","timestamp":1676306739263,"level":"debug","message":"Rendering engine handlebars","meta":{"rootId":"oguhiweike38dts","id":"oguhiweike38dts"},"id":"c0te8fudhkkpshm","previousOperationId":"e4u0387g5kms1xj"}
{"type":"operationEnd","operationId":"e4u0387g5kms1xj","timestamp":1676306739277,"id":"ktocx3oji3mqf57","previousEventId":"7lpp939w3qg3cgw","previousOperationId":"e4u0387g5kms1xj"}
{"type":"operationStart","subtype":"recipe","name":"chrome-pdf","timestamp":1676306739278,"id":"jpqqtulbl1x1tpu","previousEventId":"ktocx3oji3mqf57","operationId":"vdutsvtfp4sg0e0","previousOperationId":"e4u0387g5kms1xj"}
{"type":"log","timestamp":1676306739278,"level":"debug","message":"Executing recipe chrome-pdf","meta":{"rootId":"oguhiweike38dts","id":"oguhiweike38dts"},"id":"jkmlvtppjzk1klz","previousOperationId":"vdutsvtfp4sg0e0"}
{"type":"log","timestamp":1676306739280,"level":"debug","message":"Converting with chrome HeadlessChrome/105.0.5173.0 using chrome-pool strategy","meta":{"rootId":"oguhiweike38dts","id":"oguhiweike38dts"},"id":"4ieq67g06qnk4pk","previousOperationId":"vdutsvtfp4sg0e0"}
{"type":"log","timestamp":1676306739382,"level":"debug","message":"Page request: GET (document) file:///C:/Users/josei/AppData/Local/Temp/jsreport/autocleanup/6c3a3aa9-943a-4258-9456-efa85f90ba87-chrome-pdf.html","meta":{"rootId":"oguhiweike38dts","id":"oguhiweike38dts"},"id":"o5r8x2yj28qsag5","previousOperationId":"vdutsvtfp4sg0e0"}
{"type":"log","timestamp":1676306739404,"level":"debug","message":"Page request finished: GET (document) 200 file:///C:/Users/josei/AppData/Local/Temp/jsreport/autocleanup/6c3a3aa9-943a-4258-9456-efa85f90ba87-chrome-pdf.html","meta":{"rootId":"oguhiweike38dts","id":"oguhiweike38dts"},"id":"dgit8apeo9so2qj","previousOperationId":"vdutsvtfp4sg0e0"}
{"type":"log","timestamp":1676306739405,"level":"debug","message":"Page request: GET (stylesheet) https://cdnjs.cloudflare.com/ajax/libs/metro/4.1.5/css/metro.min.css","meta":{"rootId":"oguhiweike38dts","id":"oguhiweike38dts"},"id":"1rxzh2ecu5kg933","previousOperationId":"vdutsvtfp4sg0e0"}
{"type":"log","timestamp":1676306739405,"level":"debug","message":"Page request: GET (script) https://cdn.jsdelivr.net/npm/chart.js","meta":{"rootId":"oguhiweike38dts","id":"oguhiweike38dts"},"id":"2oaiuxelp6gspkj","previousOperationId":"vdutsvtfp4sg0e0"}
{"type":"log","timestamp":1676306739411,"level":"debug","message":"Page request finished: GET (script) 200 https://cdn.jsdelivr.net/npm/chart.js","meta":{"rootId":"oguhiweike38dts","id":"oguhiweike38dts"},"id":"8ah9eli5s5legsu","previousOperationId":"vdutsvtfp4sg0e0"}
{"type":"log","timestamp":1676306739429,"level":"debug","message":"Page request finished: GET (stylesheet) 200 https://cdnjs.cloudflare.com/ajax/libs/metro/4.1.5/css/metro.min.css","meta":{"rootId":"oguhiweike38dts","id":"oguhiweike38dts"},"id":"3bxwblt37f4unl2","previousOperationId":"vdutsvtfp4sg0e0"}
{"type":"log","timestamp":1676306739435,"level":"debug","message":"(console:error) Invalid scale configuration for scale: yAxes","meta":{"userLevel":true,"rootId":"oguhiweike38dts","id":"oguhiweike38dts"},"id":"cxok22qwxp8f4db","previousOperationId":"vdutsvtfp4sg0e0"}
{"type":"log","timestamp":1676306739542,"level":"debug","message":"Running chrome with params {\"printBackground\":true,\"timeout\":59780,\"margin\":{}}","meta":{"rootId":"oguhiweike38dts","id":"oguhiweike38dts"},"id":"3mz23hdgpr0fdkl","previousOperationId":"vdutsvtfp4sg0e0"}
{"type":"operationEnd","operationId":"vdutsvtfp4sg0e0","timestamp":1676306739632,"id":"cy2diwm0okwmmzq","previousEventId":"jpqqtulbl1x1tpu","previousOperationId":"vdutsvtfp4sg0e0"}
{"type":"log","timestamp":1676306739632,"level":"debug","message":"Skipping storing report.","meta":{"rootId":"oguhiweike38dts","id":"oguhiweike38dts"},"id":"eraep9azxpzlcob","previousOperationId":"vdutsvtfp4sg0e0"}
{"type":"log","timestamp":1676306739632,"level":"info","message":"Rendering request 86 finished in 573 ms","meta":{"rootId":"oguhiweike38dts","id":"oguhiweike38dts"},"id":"2d3f03s1hygbejf","previousOperationId":"vdutsvtfp4sg0e0"}
{"type":"operationEnd","subtype":"render","operationId":"5ez1ipctndc4bjk","timestamp":1676306739632,"id":"taz58w5bezc9fkp","previousEventId":"cy2diwm0okwmmzq","previousOperationId":"vdutsvtfp4sg0e0"}
{"type":"operationEnd","doDiffs":false,"previousEventId":"4v785p91ilsah9k","previousOperationId":"fxykxlqlqj6h2bc","operationId":"fxykxlqlqj6h2bc","timestamp":1676306739637,"id":"ff9b0m7ttt2fecq"}
