{"type":"operationStart","subtype":"profile","data":{"_id":"0vs4BCp4QnzpxvXu","timestamp":"2023-02-13T16:52:31.083Z","state":"queued","mode":"standard","creationDate":"2023-02-13T16:52:31.084Z","modificationDate":"2023-02-13T16:52:31.084Z","shortid":"vUR-lui","$entitySet":"profiles"},"doDiffs":false,"timestamp":1676307151083,"id":"1rq0n0hzuzo8pt7","previousOperationId":null,"operationId":"usb3uvuykm1gl9a"}
{"type":"log","level":"info","message":"Render request 98 queued for execution and waiting for available worker","previousOperationId":"usb3uvuykm1gl9a","timestamp":1676307151083,"id":"92txrclovm4y2n1"}
{"type":"operationStart","subtype":"render","name":"prueba","previousOperationId":"usb3uvuykm1gl9a","timestamp":1676307151095,"id":"f807c246svef4uv","previousEventId":"1rq0n0hzuzo8pt7","operationId":"iiqy6twxj26jc80"}
{"type":"log","timestamp":1676307151096,"level":"info","message":"Starting rendering request 98","meta":{"rootId":"or5euos56nep4a1","id":"or5euos56nep4a1"},"id":"7jgt0mx4gzbxq35","previousOperationId":"iiqy6twxj26jc80"}
{"type":"log","timestamp":1676307151096,"level":"info","message":"Rendering template { name: prueba, recipe: chrome-pdf, engine: handlebars, preview: true }","meta":{"rootId":"or5euos56nep4a1","id":"or5euos56nep4a1"},"id":"lq36e1zkynr4pty","previousOperationId":"iiqy6twxj26jc80"}
{"type":"log","timestamp":1676307151096,"level":"debug","message":"Data item not defined for this template.","meta":{"rootId":"or5euos56nep4a1","id":"or5euos56nep4a1"},"id":"783a1lybgnywox6","previousOperationId":"iiqy6twxj26jc80"}
{"type":"log","timestamp":1676307151100,"level":"debug","message":"Executing script script (beforeRender)","meta":{"rootId":"or5euos56nep4a1","id":"or5euos56nep4a1"},"id":"6ioreg0p7rat5kf","previousOperationId":"iiqy6twxj26jc80"}
{"type":"operationStart","subtype":"scriptsBeforeRender","name":"scripts beforeRender","timestamp":1676307151120,"id":"xthqr70lrbflgp8","previousEventId":"f807c246svef4uv","operationId":"5u9xnmamk8xoc3w","previousOperationId":"iiqy6twxj26jc80"}
{"type":"operationStart","subtype":"script","name":"scripts script","previousOperationId":"5u9xnmamk8xoc3w","timestamp":1676307151120,"id":"pzylfy9zqo7kiws","previousEventId":"xthqr70lrbflgp8","operationId":"53wiqr3etbb7xai"}
{"type":"operationEnd","operationId":"53wiqr3etbb7xai","timestamp":1676307151314,"id":"0mldeugz5gp24ga","previousEventId":"f807c246svef4uv","previousOperationId":"iiqy6twxj26jc80"}
{"type":"operationEnd","operationId":"5u9xnmamk8xoc3w","timestamp":1676307151314,"id":"wtbljrdkox6396q","previousEventId":"0mldeugz5gp24ga","previousOperationId":"iiqy6twxj26jc80"}
{"type":"log","timestamp":1676307151314,"level":"debug","message":"Base url not specified, skipping its injection.","meta":{"rootId":"or5euos56nep4a1","id":"or5euos56nep4a1"},"id":"ivt42wbj53hgzm4","previousOperationId":"5u9xnmamk8xoc3w"}
{"type":"operationStart","subtype":"engine","name":"handlebars","timestamp":1676307151315,"id":"9xugnytyglmziok","previousEventId":"wtbljrdkox6396q","operationId":"cvy6ifhl6yfv7rc","previousOperationId":"5u9xnmamk8xoc3w"}
{"type":"log","timestamp":1676307151315,"level":"debug","message":"Rendering engine handlebars","meta":{"rootId":"or5euos56nep4a1","id":"or5euos56nep4a1"},"id":"jsh0tp7awjg1vmy","previousOperationId":"cvy6ifhl6yfv7rc"}
{"type":"operationEnd","operationId":"cvy6ifhl6yfv7rc","timestamp":1676307151324,"id":"zokzx5de937fzr4","previousEventId":"9xugnytyglmziok","previousOperationId":"cvy6ifhl6yfv7rc"}
{"type":"operationStart","subtype":"recipe","name":"chrome-pdf","timestamp":1676307151324,"id":"0iu3ezcnlnu54jd","previousEventId":"zokzx5de937fzr4","operationId":"k1x1flwsyv9rv4m","previousOperationId":"cvy6ifhl6yfv7rc"}
{"type":"log","timestamp":1676307151324,"level":"debug","message":"Executing recipe chrome-pdf","meta":{"rootId":"or5euos56nep4a1","id":"or5euos56nep4a1"},"id":"rkus22njgw4o6jy","previousOperationId":"k1x1flwsyv9rv4m"}
{"type":"log","timestamp":1676307151327,"level":"debug","message":"Converting with chrome HeadlessChrome/105.0.5173.0 using chrome-pool strategy","meta":{"rootId":"or5euos56nep4a1","id":"or5euos56nep4a1"},"id":"d41xtipc17fo7pz","previousOperationId":"k1x1flwsyv9rv4m"}
{"type":"log","timestamp":1676307151426,"level":"debug","message":"Page request: GET (document) file:///C:/Users/josei/AppData/Local/Temp/jsreport/autocleanup/3d21cd53-a869-4348-83a7-69ea295eac68-chrome-pdf.html","meta":{"rootId":"or5euos56nep4a1","id":"or5euos56nep4a1"},"id":"101up9fipu4raxk","previousOperationId":"k1x1flwsyv9rv4m"}
{"type":"log","timestamp":1676307151439,"level":"debug","message":"Page request finished: GET (document) 200 file:///C:/Users/josei/AppData/Local/Temp/jsreport/autocleanup/3d21cd53-a869-4348-83a7-69ea295eac68-chrome-pdf.html","meta":{"rootId":"or5euos56nep4a1","id":"or5euos56nep4a1"},"id":"w3b2hryzfmwferj","previousOperationId":"k1x1flwsyv9rv4m"}
{"type":"log","timestamp":1676307151440,"level":"debug","message":"Page request: GET (stylesheet) https://cdnjs.cloudflare.com/ajax/libs/metro/4.1.5/css/metro.min.css","meta":{"rootId":"or5euos56nep4a1","id":"or5euos56nep4a1"},"id":"fohrv74awuv4ppw","previousOperationId":"k1x1flwsyv9rv4m"}
{"type":"log","timestamp":1676307151441,"level":"debug","message":"Page request: GET (script) https://cdn.jsdelivr.net/npm/chart.js","meta":{"rootId":"or5euos56nep4a1","id":"or5euos56nep4a1"},"id":"kt5bwa22lckifpn","previousOperationId":"k1x1flwsyv9rv4m"}
{"type":"log","timestamp":1676307151449,"level":"debug","message":"Page request finished: GET (script) 200 https://cdn.jsdelivr.net/npm/chart.js","meta":{"rootId":"or5euos56nep4a1","id":"or5euos56nep4a1"},"id":"d8fc9cp2471vszc","previousOperationId":"k1x1flwsyv9rv4m"}
{"type":"log","timestamp":1676307151468,"level":"debug","message":"Page request finished: GET (stylesheet) 200 https://cdnjs.cloudflare.com/ajax/libs/metro/4.1.5/css/metro.min.css","meta":{"rootId":"or5euos56nep4a1","id":"or5euos56nep4a1"},"id":"vnww1tztqtprynp","previousOperationId":"k1x1flwsyv9rv4m"}
{"type":"log","timestamp":1676307151475,"level":"debug","message":"(console:error) Invalid scale configuration for scale: yAxes","meta":{"userLevel":true,"rootId":"or5euos56nep4a1","id":"or5euos56nep4a1"},"id":"h6nx6hu75hu79yv","previousOperationId":"k1x1flwsyv9rv4m"}
{"type":"log","timestamp":1676307151581,"level":"debug","message":"Running chrome with params {\"printBackground\":true,\"timeout\":59757,\"margin\":{}}","meta":{"rootId":"or5euos56nep4a1","id":"or5euos56nep4a1"},"id":"i3dbhkiw0s8kuxg","previousOperationId":"k1x1flwsyv9rv4m"}
{"type":"operationEnd","operationId":"k1x1flwsyv9rv4m","timestamp":1676307151672,"id":"5c5b4g9w4sz5z8d","previousEventId":"0iu3ezcnlnu54jd","previousOperationId":"k1x1flwsyv9rv4m"}
{"type":"log","timestamp":1676307151673,"level":"debug","message":"Skipping storing report.","meta":{"rootId":"or5euos56nep4a1","id":"or5euos56nep4a1"},"id":"4gxn9hayk16f2mk","previousOperationId":"k1x1flwsyv9rv4m"}
{"type":"log","timestamp":1676307151673,"level":"info","message":"Rendering request 98 finished in 590 ms","meta":{"rootId":"or5euos56nep4a1","id":"or5euos56nep4a1"},"id":"y6wkmxnr44a6xwk","previousOperationId":"k1x1flwsyv9rv4m"}
{"type":"operationEnd","subtype":"render","operationId":"iiqy6twxj26jc80","timestamp":1676307151673,"id":"6uihgf3bjxrsyew","previousEventId":"5c5b4g9w4sz5z8d","previousOperationId":"k1x1flwsyv9rv4m"}
{"type":"operationEnd","doDiffs":false,"previousEventId":"1rq0n0hzuzo8pt7","previousOperationId":"usb3uvuykm1gl9a","operationId":"usb3uvuykm1gl9a","timestamp":1676307151676,"id":"ps06s3zax3qexfi"}
