{"type":"operationStart","subtype":"profile","data":{"_id":"OH2gqDqelN2F9qiP","timestamp":"2023-02-13T16:08:24.416Z","state":"queued","mode":"standard","creationDate":"2023-02-13T16:08:24.419Z","modificationDate":"2023-02-13T16:08:24.419Z","shortid":"eb1UoAY","$entitySet":"profiles"},"doDiffs":false,"timestamp":1676304504418,"id":"122mr1r4c2ubjf6","previousOperationId":null,"operationId":"2oafhb49u6ns0r6"}
{"type":"log","level":"info","message":"Render request 23 queued for execution and waiting for available worker","previousOperationId":"2oafhb49u6ns0r6","timestamp":1676304504418,"id":"syxhu5bo0f2c7cw"}
{"type":"operationStart","subtype":"render","name":"prueba","previousOperationId":"2oafhb49u6ns0r6","timestamp":1676304504434,"id":"fkkbb1wr1dce3it","previousEventId":"122mr1r4c2ubjf6","operationId":"1qejxkm5xhr3hqs"}
{"type":"log","timestamp":1676304504434,"level":"info","message":"Starting rendering request 23","meta":{"rootId":"pakyrph8konaypt","id":"pakyrph8konaypt"},"id":"93156me02nyt4w0","previousOperationId":"1qejxkm5xhr3hqs"}
{"type":"log","timestamp":1676304504434,"level":"info","message":"Rendering template { name: prueba, recipe: chrome-pdf, engine: handlebars, preview: true }","meta":{"rootId":"pakyrph8konaypt","id":"pakyrph8konaypt"},"id":"4tq7zyhvadtvxfz","previousOperationId":"1qejxkm5xhr3hqs"}
{"type":"log","timestamp":1676304504435,"level":"debug","message":"Data item not defined for this template.","meta":{"rootId":"pakyrph8konaypt","id":"pakyrph8konaypt"},"id":"7o10lyky78rl0hv","previousOperationId":"1qejxkm5xhr3hqs"}
{"type":"log","timestamp":1676304504437,"level":"debug","message":"Executing script script (beforeRender)","meta":{"rootId":"pakyrph8konaypt","id":"pakyrph8konaypt"},"id":"1hnim3d87rkjbjg","previousOperationId":"1qejxkm5xhr3hqs"}
{"type":"operationStart","subtype":"scriptsBeforeRender","name":"scripts beforeRender","timestamp":1676304504466,"id":"680s9bj2fulbypg","previousEventId":"fkkbb1wr1dce3it","operationId":"6n78gym2folzmdp","previousOperationId":"1qejxkm5xhr3hqs"}
{"type":"operationStart","subtype":"script","name":"scripts script","previousOperationId":"6n78gym2folzmdp","timestamp":1676304504466,"id":"ffu80isof8hnbg3","previousEventId":"680s9bj2fulbypg","operationId":"j80muqsus47sp3b"}
{"type":"operationEnd","operationId":"j80muqsus47sp3b","timestamp":1676304504677,"id":"4tge4ylo30shhf8","previousEventId":"fkkbb1wr1dce3it","previousOperationId":"1qejxkm5xhr3hqs"}
{"type":"operationEnd","operationId":"6n78gym2folzmdp","timestamp":1676304504677,"id":"6uvof5g68scwooc","previousEventId":"4tge4ylo30shhf8","previousOperationId":"1qejxkm5xhr3hqs"}
{"type":"log","timestamp":1676304504677,"level":"debug","message":"Base url not specified, skipping its injection.","meta":{"rootId":"pakyrph8konaypt","id":"pakyrph8konaypt"},"id":"38gan6804ualtby","previousOperationId":"6n78gym2folzmdp"}
{"type":"operationStart","subtype":"engine","name":"handlebars","timestamp":1676304504677,"id":"ybmn8792iykatlx","previousEventId":"6uvof5g68scwooc","operationId":"beglv5nsbuqcq9x","previousOperationId":"6n78gym2folzmdp"}
{"type":"log","timestamp":1676304504677,"level":"debug","message":"Rendering engine handlebars","meta":{"rootId":"pakyrph8konaypt","id":"pakyrph8konaypt"},"id":"bu7zerpw7q53wse","previousOperationId":"beglv5nsbuqcq9x"}
{"type":"operationEnd","operationId":"beglv5nsbuqcq9x","timestamp":1676304504686,"id":"yp0ncm1rch94me2","previousEventId":"ybmn8792iykatlx","previousOperationId":"beglv5nsbuqcq9x"}
{"type":"operationStart","subtype":"recipe","name":"chrome-pdf","timestamp":1676304504687,"id":"howjeymtsmb8bvd","previousEventId":"yp0ncm1rch94me2","operationId":"3ejznsyqa0a0bey","previousOperationId":"beglv5nsbuqcq9x"}
{"type":"log","timestamp":1676304504687,"level":"debug","message":"Executing recipe chrome-pdf","meta":{"rootId":"pakyrph8konaypt","id":"pakyrph8konaypt"},"id":"txjwaeul551hu5f","previousOperationId":"3ejznsyqa0a0bey"}
{"type":"log","timestamp":1676304504689,"level":"debug","message":"Converting with chrome HeadlessChrome/105.0.5173.0 using chrome-pool strategy","meta":{"rootId":"pakyrph8konaypt","id":"pakyrph8konaypt"},"id":"s181wyc5m04zy8p","previousOperationId":"3ejznsyqa0a0bey"}
{"type":"log","timestamp":1676304504779,"level":"debug","message":"Page request: GET (document) file:///C:/Users/josei/AppData/Local/Temp/jsreport/autocleanup/b95f0fa3-054b-4efd-b461-0b76768bc5ef-chrome-pdf.html","meta":{"rootId":"pakyrph8konaypt","id":"pakyrph8konaypt"},"id":"jlj6jj1o7sg6v9j","previousOperationId":"3ejznsyqa0a0bey"}
{"type":"log","timestamp":1676304504788,"level":"debug","message":"Page request finished: GET (document) 200 file:///C:/Users/josei/AppData/Local/Temp/jsreport/autocleanup/b95f0fa3-054b-4efd-b461-0b76768bc5ef-chrome-pdf.html","meta":{"rootId":"pakyrph8konaypt","id":"pakyrph8konaypt"},"id":"64gtigx8nsxu81o","previousOperationId":"3ejznsyqa0a0bey"}
{"type":"log","timestamp":1676304504789,"level":"debug","message":"Page request: GET (stylesheet) https://cdnjs.cloudflare.com/ajax/libs/metro/4.1.5/css/metro.min.css","meta":{"rootId":"pakyrph8konaypt","id":"pakyrph8konaypt"},"id":"fp6d0bbrazj8ah0","previousOperationId":"3ejznsyqa0a0bey"}
{"type":"log","timestamp":1676304504789,"level":"debug","message":"Page request: GET (script) https://cdn.jsdelivr.net/npm/chart.js","meta":{"rootId":"pakyrph8konaypt","id":"pakyrph8konaypt"},"id":"nagpwe1t65vlkqj","previousOperationId":"3ejznsyqa0a0bey"}
{"type":"log","timestamp":1676304504798,"level":"debug","message":"Page request finished: GET (script) 200 https://cdn.jsdelivr.net/npm/chart.js","meta":{"rootId":"pakyrph8konaypt","id":"pakyrph8konaypt"},"id":"25uhehl7yzd9xm3","previousOperationId":"3ejznsyqa0a0bey"}
{"type":"log","timestamp":1676304504815,"level":"debug","message":"Page request finished: GET (stylesheet) 200 https://cdnjs.cloudflare.com/ajax/libs/metro/4.1.5/css/metro.min.css","meta":{"rootId":"pakyrph8konaypt","id":"pakyrph8konaypt"},"id":"ckyboi80af8znbs","previousOperationId":"3ejznsyqa0a0bey"}
{"type":"log","timestamp":1676304504824,"level":"debug","message":"(console:error) Invalid scale configuration for scale: yAxes","meta":{"userLevel":true,"rootId":"pakyrph8konaypt","id":"pakyrph8konaypt"},"id":"hvsurj7jz7t37nh","previousOperationId":"3ejznsyqa0a0bey"}
{"type":"log","timestamp":1676304504920,"level":"debug","message":"Running chrome with params {\"printBackground\":true,\"timeout\":59728,\"margin\":{}}","meta":{"rootId":"pakyrph8konaypt","id":"pakyrph8konaypt"},"id":"rv25kt4xc2gtp0e","previousOperationId":"3ejznsyqa0a0bey"}
{"type":"operationEnd","operationId":"3ejznsyqa0a0bey","timestamp":1676304505002,"id":"negngotou67h2vk","previousEventId":"howjeymtsmb8bvd","previousOperationId":"3ejznsyqa0a0bey"}
{"type":"log","timestamp":1676304505002,"level":"debug","message":"Skipping storing report.","meta":{"rootId":"pakyrph8konaypt","id":"pakyrph8konaypt"},"id":"updwvjhjcktyzdf","previousOperationId":"3ejznsyqa0a0bey"}
{"type":"log","timestamp":1676304505002,"level":"info","message":"Rendering request 23 finished in 586 ms","meta":{"rootId":"pakyrph8konaypt","id":"pakyrph8konaypt"},"id":"hn8911dl86m4lbo","previousOperationId":"3ejznsyqa0a0bey"}
{"type":"operationEnd","subtype":"render","operationId":"1qejxkm5xhr3hqs","timestamp":1676304505002,"id":"yuhf58cpjgph3e0","previousEventId":"negngotou67h2vk","previousOperationId":"3ejznsyqa0a0bey"}
{"type":"operationEnd","doDiffs":false,"previousEventId":"122mr1r4c2ubjf6","previousOperationId":"2oafhb49u6ns0r6","operationId":"2oafhb49u6ns0r6","timestamp":1676304505008,"id":"wi4qeqzc7s7itad"}
