{"type":"operationStart","subtype":"profile","data":{"_id":"ILOiUx2Ehmempurz","timestamp":"2023-02-13T16:39:14.551Z","state":"queued","mode":"standard","creationDate":"2023-02-13T16:39:14.554Z","modificationDate":"2023-02-13T16:39:14.554Z","shortid":"zVvF3zP","$entitySet":"profiles"},"doDiffs":false,"timestamp":1676306354553,"id":"600n5g77h6ndmrr","previousOperationId":null,"operationId":"ij4tt8x1k6jp238"}
{"type":"log","level":"info","message":"Render request 60 queued for execution and waiting for available worker","previousOperationId":"ij4tt8x1k6jp238","timestamp":1676306354553,"id":"2t9ysiplh6vd9bp"}
{"type":"operationStart","subtype":"render","name":"prueba","previousOperationId":"ij4tt8x1k6jp238","timestamp":1676306354560,"id":"v3sroiqgyxp7ylg","previousEventId":"600n5g77h6ndmrr","operationId":"mvpzjgslc07gmyo"}
{"type":"log","timestamp":1676306354560,"level":"info","message":"Starting rendering request 60","meta":{"rootId":"pbtyljsx9in7vex","id":"pbtyljsx9in7vex"},"id":"ojo0okumc81py2m","previousOperationId":"mvpzjgslc07gmyo"}
{"type":"log","timestamp":1676306354560,"level":"info","message":"Rendering template { name: prueba, recipe: chrome-pdf, engine: handlebars, preview: true }","meta":{"rootId":"pbtyljsx9in7vex","id":"pbtyljsx9in7vex"},"id":"h76ljm9wqt9senf","previousOperationId":"mvpzjgslc07gmyo"}
{"type":"log","timestamp":1676306354560,"level":"debug","message":"Data item not defined for this template.","meta":{"rootId":"pbtyljsx9in7vex","id":"pbtyljsx9in7vex"},"id":"0ip2de6jln54bns","previousOperationId":"mvpzjgslc07gmyo"}
{"type":"log","timestamp":1676306354565,"level":"debug","message":"Executing script script (beforeRender)","meta":{"rootId":"pbtyljsx9in7vex","id":"pbtyljsx9in7vex"},"id":"uvqbeqv0nh45ax3","previousOperationId":"mvpzjgslc07gmyo"}
{"type":"operationStart","subtype":"scriptsBeforeRender","name":"scripts beforeRender","timestamp":1676306354585,"id":"qgq9jy0galf11vi","previousEventId":"v3sroiqgyxp7ylg","operationId":"h2vr9xv2ykpzutj","previousOperationId":"mvpzjgslc07gmyo"}
{"type":"operationStart","subtype":"script","name":"scripts script","previousOperationId":"h2vr9xv2ykpzutj","timestamp":1676306354585,"id":"9gtyo4h79ez1wy3","previousEventId":"qgq9jy0galf11vi","operationId":"py1o1tr8jz4ziph"}
{"type":"operationEnd","operationId":"py1o1tr8jz4ziph","timestamp":1676306354789,"id":"ih3kwgkuagbkz7y","previousEventId":"v3sroiqgyxp7ylg","previousOperationId":"mvpzjgslc07gmyo"}
{"type":"operationEnd","operationId":"h2vr9xv2ykpzutj","timestamp":1676306354789,"id":"imxqq6i2spxll7c","previousEventId":"ih3kwgkuagbkz7y","previousOperationId":"mvpzjgslc07gmyo"}
{"type":"log","timestamp":1676306354789,"level":"debug","message":"Base url not specified, skipping its injection.","meta":{"rootId":"pbtyljsx9in7vex","id":"pbtyljsx9in7vex"},"id":"ea2s30cftpq9u3n","previousOperationId":"h2vr9xv2ykpzutj"}
{"type":"operationStart","subtype":"engine","name":"handlebars","timestamp":1676306354790,"id":"4qlv00iqz8orjai","previousEventId":"imxqq6i2spxll7c","operationId":"c3rsbpuqcljromq","previousOperationId":"h2vr9xv2ykpzutj"}
{"type":"log","timestamp":1676306354790,"level":"debug","message":"Rendering engine handlebars","meta":{"rootId":"pbtyljsx9in7vex","id":"pbtyljsx9in7vex"},"id":"6qgtbdk676xqa00","previousOperationId":"c3rsbpuqcljromq"}
{"type":"operationEnd","operationId":"c3rsbpuqcljromq","timestamp":1676306354802,"id":"0vviun2t0xsv93i","previousEventId":"4qlv00iqz8orjai","previousOperationId":"c3rsbpuqcljromq"}
{"type":"operationStart","subtype":"recipe","name":"chrome-pdf","timestamp":1676306354802,"id":"jmwwyneaxf7iv84","previousEventId":"0vviun2t0xsv93i","operationId":"5r81yk5ol3ybw56","previousOperationId":"c3rsbpuqcljromq"}
{"type":"log","timestamp":1676306354802,"level":"debug","message":"Executing recipe chrome-pdf","meta":{"rootId":"pbtyljsx9in7vex","id":"pbtyljsx9in7vex"},"id":"v763fhm89vqow8g","previousOperationId":"5r81yk5ol3ybw56"}
{"type":"log","timestamp":1676306354804,"level":"debug","message":"Converting with chrome HeadlessChrome/105.0.5173.0 using chrome-pool strategy","meta":{"rootId":"pbtyljsx9in7vex","id":"pbtyljsx9in7vex"},"id":"bmdd5v0yblxcbry","previousOperationId":"5r81yk5ol3ybw56"}
{"type":"log","timestamp":1676306354902,"level":"debug","message":"Page request: GET (document) file:///C:/Users/josei/AppData/Local/Temp/jsreport/autocleanup/a5e00947-a283-446f-b4c3-e62fbc2bbf7d-chrome-pdf.html","meta":{"rootId":"pbtyljsx9in7vex","id":"pbtyljsx9in7vex"},"id":"w61mqlp3zk2p79f","previousOperationId":"5r81yk5ol3ybw56"}
{"type":"log","timestamp":1676306354924,"level":"debug","message":"Page request finished: GET (document) 200 file:///C:/Users/josei/AppData/Local/Temp/jsreport/autocleanup/a5e00947-a283-446f-b4c3-e62fbc2bbf7d-chrome-pdf.html","meta":{"rootId":"pbtyljsx9in7vex","id":"pbtyljsx9in7vex"},"id":"ox1r2bl6191i87b","previousOperationId":"5r81yk5ol3ybw56"}
{"type":"log","timestamp":1676306354924,"level":"debug","message":"Page request: GET (stylesheet) https://cdnjs.cloudflare.com/ajax/libs/metro/4.1.5/css/metro.min.css","meta":{"rootId":"pbtyljsx9in7vex","id":"pbtyljsx9in7vex"},"id":"lknxlcgoiqbcpjz","previousOperationId":"5r81yk5ol3ybw56"}
{"type":"log","timestamp":1676306354925,"level":"debug","message":"Page request: GET (script) https://cdn.jsdelivr.net/npm/chart.js","meta":{"rootId":"pbtyljsx9in7vex","id":"pbtyljsx9in7vex"},"id":"yfa6onmrrbzhv0i","previousOperationId":"5r81yk5ol3ybw56"}
{"type":"log","timestamp":1676306354931,"level":"debug","message":"Page request finished: GET (script) 200 https://cdn.jsdelivr.net/npm/chart.js","meta":{"rootId":"pbtyljsx9in7vex","id":"pbtyljsx9in7vex"},"id":"yskr7unfcxzz3kp","previousOperationId":"5r81yk5ol3ybw56"}
{"type":"log","timestamp":1676306354950,"level":"debug","message":"Page request finished: GET (stylesheet) 200 https://cdnjs.cloudflare.com/ajax/libs/metro/4.1.5/css/metro.min.css","meta":{"rootId":"pbtyljsx9in7vex","id":"pbtyljsx9in7vex"},"id":"m615mao1iy1mb5e","previousOperationId":"5r81yk5ol3ybw56"}
{"type":"log","timestamp":1676306354956,"level":"debug","message":"(console:error) Invalid scale configuration for scale: yAxes","meta":{"userLevel":true,"rootId":"pbtyljsx9in7vex","id":"pbtyljsx9in7vex"},"id":"pmejppjan0y79ky","previousOperationId":"5r81yk5ol3ybw56"}
{"type":"log","timestamp":1676306355070,"level":"debug","message":"Running chrome with params {\"printBackground\":true,\"timeout\":59747,\"margin\":{}}","meta":{"rootId":"pbtyljsx9in7vex","id":"pbtyljsx9in7vex"},"id":"i94uxq78zmyqp3f","previousOperationId":"5r81yk5ol3ybw56"}
{"type":"operationEnd","operationId":"5r81yk5ol3ybw56","timestamp":1676306355194,"id":"mfz0jebgs5caek7","previousEventId":"jmwwyneaxf7iv84","previousOperationId":"5r81yk5ol3ybw56"}
{"type":"log","timestamp":1676306355194,"level":"debug","message":"Skipping storing report.","meta":{"rootId":"pbtyljsx9in7vex","id":"pbtyljsx9in7vex"},"id":"vneww5ysgkf8k2m","previousOperationId":"5r81yk5ol3ybw56"}
{"type":"log","timestamp":1676306355194,"level":"info","message":"Rendering request 60 finished in 643 ms","meta":{"rootId":"pbtyljsx9in7vex","id":"pbtyljsx9in7vex"},"id":"t9lpsq3o4gxx7xi","previousOperationId":"5r81yk5ol3ybw56"}
{"type":"operationEnd","subtype":"render","operationId":"mvpzjgslc07gmyo","timestamp":1676306355194,"id":"yvd78yb9ehp7ful","previousEventId":"mfz0jebgs5caek7","previousOperationId":"5r81yk5ol3ybw56"}
{"type":"operationEnd","doDiffs":false,"previousEventId":"600n5g77h6ndmrr","previousOperationId":"ij4tt8x1k6jp238","operationId":"ij4tt8x1k6jp238","timestamp":1676306355201,"id":"gfywaskpeixy0k9"}
