{"type":"operationStart","subtype":"profile","data":{"_id":"yI6davm65kQowogQ","timestamp":"2023-02-09T18:53:15.169Z","state":"queued","mode":"standard","creationDate":"2023-02-09T18:53:15.203Z","modificationDate":"2023-02-09T18:53:15.203Z","shortid":"MRo4urL","$entitySet":"profiles"},"doDiffs":false,"timestamp":1675968795172,"id":"9vd9r8gnw1gwxno","previousOperationId":null,"operationId":"lktfaqzridwf3y6"}
{"type":"log","level":"info","message":"Render request 2 queued for execution and waiting for available worker","previousOperationId":"lktfaqzridwf3y6","timestamp":1675968795172,"id":"0sg4dounnmsw9uw"}
{"type":"operationStart","subtype":"render","name":"prueba","previousOperationId":"lktfaqzridwf3y6","timestamp":1675968795211,"id":"04spnwn4vjmr0ep","previousEventId":"9vd9r8gnw1gwxno","operationId":"lcx09hut82bj0oe"}
{"type":"log","timestamp":1675968795212,"level":"info","message":"Starting rendering request 2","meta":{"rootId":"pegifme5wma99ww","id":"pegifme5wma99ww"},"id":"stgyx65xp4j4csy","previousOperationId":"lcx09hut82bj0oe"}
{"type":"log","timestamp":1675968795213,"level":"info","message":"Rendering template { name: prueba, recipe: chrome-pdf, engine: handlebars, preview: true }","meta":{"rootId":"pegifme5wma99ww","id":"pegifme5wma99ww"},"id":"s1r79wtr09tw62j","previousOperationId":"lcx09hut82bj0oe"}
{"type":"log","timestamp":1675968795214,"level":"debug","message":"Data item not defined for this template.","meta":{"rootId":"pegifme5wma99ww","id":"pegifme5wma99ww"},"id":"lth77bara57nt2u","previousOperationId":"lcx09hut82bj0oe"}
{"type":"log","timestamp":1675968795223,"level":"debug","message":"Executing script script (beforeRender)","meta":{"rootId":"pegifme5wma99ww","id":"pegifme5wma99ww"},"id":"2gj5sb1au283poj","previousOperationId":"lcx09hut82bj0oe"}
{"type":"operationStart","subtype":"scriptsBeforeRender","name":"scripts beforeRender","timestamp":1675968795248,"id":"vqr3okxq84jpcvl","previousEventId":"04spnwn4vjmr0ep","operationId":"fjq4nhxnwggwbni","previousOperationId":"lcx09hut82bj0oe"}
{"type":"operationStart","subtype":"script","name":"scripts script","previousOperationId":"fjq4nhxnwggwbni","timestamp":1675968795248,"id":"gfp23ffevvr0c3o","previousEventId":"vqr3okxq84jpcvl","operationId":"z9lojxicbtyy3y0"}
{"type":"operationEnd","operationId":"z9lojxicbtyy3y0","timestamp":1675968795418,"id":"9rzm4u5zg3fv18l","previousEventId":"04spnwn4vjmr0ep","previousOperationId":"lcx09hut82bj0oe"}
{"type":"operationEnd","operationId":"fjq4nhxnwggwbni","timestamp":1675968795418,"id":"ln6fdczv1mjx0r8","previousEventId":"9rzm4u5zg3fv18l","previousOperationId":"lcx09hut82bj0oe"}
{"type":"log","timestamp":1675968795418,"level":"debug","message":"Base url not specified, skipping its injection.","meta":{"rootId":"pegifme5wma99ww","id":"pegifme5wma99ww"},"id":"a83yqo13j1z3jjz","previousOperationId":"fjq4nhxnwggwbni"}
{"type":"operationStart","subtype":"engine","name":"handlebars","timestamp":1675968795418,"id":"w30hl1o0f8wespm","previousEventId":"ln6fdczv1mjx0r8","operationId":"p5ot8m44s3npx2i","previousOperationId":"fjq4nhxnwggwbni"}
{"type":"log","timestamp":1675968795418,"level":"debug","message":"Rendering engine handlebars","meta":{"rootId":"pegifme5wma99ww","id":"pegifme5wma99ww"},"id":"219i7c2mef4eumy","previousOperationId":"p5ot8m44s3npx2i"}
{"type":"operationEnd","operationId":"p5ot8m44s3npx2i","timestamp":1675968795432,"id":"7be44lehw8mrlbe","previousEventId":"w30hl1o0f8wespm","previousOperationId":"p5ot8m44s3npx2i"}
{"type":"operationStart","subtype":"recipe","name":"chrome-pdf","timestamp":1675968795433,"id":"f274o9i2owlaruq","previousEventId":"7be44lehw8mrlbe","operationId":"iv6ahpqhycup4ll","previousOperationId":"p5ot8m44s3npx2i"}
{"type":"log","timestamp":1675968795433,"level":"debug","message":"Executing recipe chrome-pdf","meta":{"rootId":"pegifme5wma99ww","id":"pegifme5wma99ww"},"id":"q8262lj163ou6ql","previousOperationId":"iv6ahpqhycup4ll"}
{"type":"log","timestamp":1675968795435,"level":"debug","message":"Converting with chrome HeadlessChrome/105.0.5173.0 using chrome-pool strategy","meta":{"rootId":"pegifme5wma99ww","id":"pegifme5wma99ww"},"id":"zw0eu1z8szxtny0","previousOperationId":"iv6ahpqhycup4ll"}
{"type":"log","timestamp":1675968795530,"level":"debug","message":"Page request: GET (document) file:///C:/Users/josei/AppData/Local/Temp/jsreport/autocleanup/8aeae233-774a-44ae-9719-86ae24feb236-chrome-pdf.html","meta":{"rootId":"pegifme5wma99ww","id":"pegifme5wma99ww"},"id":"00ptp5twhxcbdz9","previousOperationId":"iv6ahpqhycup4ll"}
{"type":"log","timestamp":1675968795546,"level":"debug","message":"Page request finished: GET (document) 200 file:///C:/Users/josei/AppData/Local/Temp/jsreport/autocleanup/8aeae233-774a-44ae-9719-86ae24feb236-chrome-pdf.html","meta":{"rootId":"pegifme5wma99ww","id":"pegifme5wma99ww"},"id":"1hdk7rffg54lwsg","previousOperationId":"iv6ahpqhycup4ll"}
{"type":"log","timestamp":1675968795546,"level":"debug","message":"Page request: GET (stylesheet) https://cdnjs.cloudflare.com/ajax/libs/metro/4.1.5/css/metro.min.css","meta":{"rootId":"pegifme5wma99ww","id":"pegifme5wma99ww"},"id":"fu6q7yc6d805792","previousOperationId":"iv6ahpqhycup4ll"}
{"type":"log","timestamp":1675968795547,"level":"debug","message":"Page request: GET (script) https://cdn.jsdelivr.net/npm/chart.js","meta":{"rootId":"pegifme5wma99ww","id":"pegifme5wma99ww"},"id":"w3ik1186elma7wh","previousOperationId":"iv6ahpqhycup4ll"}
{"type":"log","timestamp":1675968795571,"level":"debug","message":"Page request finished: GET (stylesheet) 200 https://cdnjs.cloudflare.com/ajax/libs/metro/4.1.5/css/metro.min.css","meta":{"rootId":"pegifme5wma99ww","id":"pegifme5wma99ww"},"id":"e8ixxvf5ybojks5","previousOperationId":"iv6ahpqhycup4ll"}
{"type":"log","timestamp":1675968795572,"level":"debug","message":"Page request finished: GET (script) 200 https://cdn.jsdelivr.net/npm/chart.js","meta":{"rootId":"pegifme5wma99ww","id":"pegifme5wma99ww"},"id":"0v8xskq53fmgk1v","previousOperationId":"iv6ahpqhycup4ll"}
{"type":"log","timestamp":1675968795609,"level":"debug","message":"Running chrome with params {\"printBackground\":true,\"timeout\":59735,\"margin\":{}}","meta":{"rootId":"pegifme5wma99ww","id":"pegifme5wma99ww"},"id":"spdf0pldtvjg843","previousOperationId":"iv6ahpqhycup4ll"}
{"type":"operationEnd","operationId":"iv6ahpqhycup4ll","timestamp":1675968795682,"id":"qncxybwy147jg6r","previousEventId":"f274o9i2owlaruq","previousOperationId":"iv6ahpqhycup4ll"}
{"type":"log","timestamp":1675968795682,"level":"debug","message":"Skipping storing report.","meta":{"rootId":"pegifme5wma99ww","id":"pegifme5wma99ww"},"id":"3n0w1knau4kcphc","previousOperationId":"iv6ahpqhycup4ll"}
{"type":"log","timestamp":1675968795682,"level":"info","message":"Rendering request 2 finished in 513 ms","meta":{"rootId":"pegifme5wma99ww","id":"pegifme5wma99ww"},"id":"lv6fsapwy2funh7","previousOperationId":"iv6ahpqhycup4ll"}
{"type":"operationEnd","subtype":"render","operationId":"lcx09hut82bj0oe","timestamp":1675968795682,"id":"pdlfnnzr7ju20aj","previousEventId":"qncxybwy147jg6r","previousOperationId":"iv6ahpqhycup4ll"}
{"type":"operationEnd","doDiffs":false,"previousEventId":"9vd9r8gnw1gwxno","previousOperationId":"lktfaqzridwf3y6","operationId":"lktfaqzridwf3y6","timestamp":1675968795690,"id":"vi5ws0zezmmp7af"}
