{"type":"operationStart","subtype":"profile","data":{"_id":"KCu9lgQ91pZIl3cc","timestamp":"2023-02-13T16:19:21.795Z","state":"queued","mode":"standard","creationDate":"2023-02-13T16:19:21.798Z","modificationDate":"2023-02-13T16:19:21.798Z","shortid":"Mu7eG7D","$entitySet":"profiles"},"doDiffs":false,"timestamp":1676305161797,"id":"z3dn4w92f3n0o32","previousOperationId":null,"operationId":"fmxj80vkbfr5py8"}
{"type":"log","level":"info","message":"Render request 37 queued for execution and waiting for available worker","previousOperationId":"fmxj80vkbfr5py8","timestamp":1676305161797,"id":"bc6zlz6e2hyvr8w"}
{"type":"operationStart","subtype":"render","name":"prueba","previousOperationId":"fmxj80vkbfr5py8","timestamp":1676305161807,"id":"y4856vv9j6xgrr2","previousEventId":"z3dn4w92f3n0o32","operationId":"rbwot6bu7vldr74"}
{"type":"log","timestamp":1676305161807,"level":"info","message":"Starting rendering request 37","meta":{"rootId":"phqk07lyi38elcw","id":"phqk07lyi38elcw"},"id":"dyrgczd4v42hr01","previousOperationId":"rbwot6bu7vldr74"}
{"type":"log","timestamp":1676305161807,"level":"info","message":"Rendering template { name: prueba, recipe: chrome-pdf, engine: handlebars, preview: true }","meta":{"rootId":"phqk07lyi38elcw","id":"phqk07lyi38elcw"},"id":"avtsvtwnwl2agkz","previousOperationId":"rbwot6bu7vldr74"}
{"type":"log","timestamp":1676305161807,"level":"debug","message":"Data item not defined for this template.","meta":{"rootId":"phqk07lyi38elcw","id":"phqk07lyi38elcw"},"id":"qgoo47go91dmdrc","previousOperationId":"rbwot6bu7vldr74"}
{"type":"log","timestamp":1676305161810,"level":"debug","message":"Executing script script (beforeRender)","meta":{"rootId":"phqk07lyi38elcw","id":"phqk07lyi38elcw"},"id":"ig48yzozashnil3","previousOperationId":"rbwot6bu7vldr74"}
{"type":"operationStart","subtype":"scriptsBeforeRender","name":"scripts beforeRender","timestamp":1676305161829,"id":"28ot9oshqm3yd8w","previousEventId":"y4856vv9j6xgrr2","operationId":"5v2s4k33o2zmuth","previousOperationId":"rbwot6bu7vldr74"}
{"type":"operationStart","subtype":"script","name":"scripts script","previousOperationId":"5v2s4k33o2zmuth","timestamp":1676305161829,"id":"m9q0f7po4sa185c","previousEventId":"28ot9oshqm3yd8w","operationId":"sgueezb3n1hw392"}
{"type":"operationEnd","operationId":"sgueezb3n1hw392","timestamp":1676305162028,"id":"17s5w8dh8lkh208","previousEventId":"y4856vv9j6xgrr2","previousOperationId":"rbwot6bu7vldr74"}
{"type":"operationEnd","operationId":"5v2s4k33o2zmuth","timestamp":1676305162028,"id":"2twebn2eewc4mmo","previousEventId":"17s5w8dh8lkh208","previousOperationId":"rbwot6bu7vldr74"}
{"type":"log","timestamp":1676305162028,"level":"debug","message":"Base url not specified, skipping its injection.","meta":{"rootId":"phqk07lyi38elcw","id":"phqk07lyi38elcw"},"id":"iarjq7i7zg3jv34","previousOperationId":"5v2s4k33o2zmuth"}
{"type":"operationStart","subtype":"engine","name":"handlebars","timestamp":1676305162029,"id":"vy43j6ktswuwmhl","previousEventId":"2twebn2eewc4mmo","operationId":"roe6khdm7sea7bi","previousOperationId":"5v2s4k33o2zmuth"}
{"type":"log","timestamp":1676305162029,"level":"debug","message":"Rendering engine handlebars","meta":{"rootId":"phqk07lyi38elcw","id":"phqk07lyi38elcw"},"id":"76503u776wwr4sy","previousOperationId":"roe6khdm7sea7bi"}
{"type":"operationEnd","operationId":"roe6khdm7sea7bi","timestamp":1676305162043,"id":"ebocm8rhfugjks5","previousEventId":"vy43j6ktswuwmhl","previousOperationId":"roe6khdm7sea7bi"}
{"type":"operationStart","subtype":"recipe","name":"chrome-pdf","timestamp":1676305162043,"id":"zwegmxgyhrcsxr5","previousEventId":"ebocm8rhfugjks5","operationId":"09ubqs1wp8ga9ex","previousOperationId":"roe6khdm7sea7bi"}
{"type":"log","timestamp":1676305162043,"level":"debug","message":"Executing recipe chrome-pdf","meta":{"rootId":"phqk07lyi38elcw","id":"phqk07lyi38elcw"},"id":"5etg3if9rm4whkm","previousOperationId":"09ubqs1wp8ga9ex"}
{"type":"log","timestamp":1676305162046,"level":"debug","message":"Converting with chrome HeadlessChrome/105.0.5173.0 using chrome-pool strategy","meta":{"rootId":"phqk07lyi38elcw","id":"phqk07lyi38elcw"},"id":"9sr9v52rt80jeom","previousOperationId":"09ubqs1wp8ga9ex"}
{"type":"log","timestamp":1676305162141,"level":"debug","message":"Page request: GET (document) file:///C:/Users/josei/AppData/Local/Temp/jsreport/autocleanup/b6238964-2ba5-4ff2-966c-fc51f6e21041-chrome-pdf.html","meta":{"rootId":"phqk07lyi38elcw","id":"phqk07lyi38elcw"},"id":"dg777ag4ljnw7hv","previousOperationId":"09ubqs1wp8ga9ex"}
{"type":"log","timestamp":1676305162161,"level":"debug","message":"Page request: GET (stylesheet) https://cdnjs.cloudflare.com/ajax/libs/metro/4.1.5/css/metro.min.css","meta":{"rootId":"phqk07lyi38elcw","id":"phqk07lyi38elcw"},"id":"5xqpw3mq8db15pq","previousOperationId":"09ubqs1wp8ga9ex"}
{"type":"log","timestamp":1676305162161,"level":"debug","message":"Page request finished: GET (document) 200 file:///C:/Users/josei/AppData/Local/Temp/jsreport/autocleanup/b6238964-2ba5-4ff2-966c-fc51f6e21041-chrome-pdf.html","meta":{"rootId":"phqk07lyi38elcw","id":"phqk07lyi38elcw"},"id":"9o81smhn1o3kk2k","previousOperationId":"09ubqs1wp8ga9ex"}
{"type":"log","timestamp":1676305162162,"level":"debug","message":"Page request: GET (script) https://cdn.jsdelivr.net/npm/chart.js","meta":{"rootId":"phqk07lyi38elcw","id":"phqk07lyi38elcw"},"id":"53ummemiq613pu4","previousOperationId":"09ubqs1wp8ga9ex"}
{"type":"log","timestamp":1676305162186,"level":"debug","message":"Page request finished: GET (stylesheet) 200 https://cdnjs.cloudflare.com/ajax/libs/metro/4.1.5/css/metro.min.css","meta":{"rootId":"phqk07lyi38elcw","id":"phqk07lyi38elcw"},"id":"19yph1w9fv5lk10","previousOperationId":"09ubqs1wp8ga9ex"}
{"type":"log","timestamp":1676305162186,"level":"debug","message":"Page request finished: GET (script) 200 https://cdn.jsdelivr.net/npm/chart.js","meta":{"rootId":"phqk07lyi38elcw","id":"phqk07lyi38elcw"},"id":"tiz5r1dn5d9xpmm","previousOperationId":"09ubqs1wp8ga9ex"}
{"type":"log","timestamp":1676305162193,"level":"debug","message":"(console:error) Invalid scale configuration for scale: yAxes","meta":{"userLevel":true,"rootId":"phqk07lyi38elcw","id":"phqk07lyi38elcw"},"id":"vh8n78kum0dsg8x","previousOperationId":"09ubqs1wp8ga9ex"}
{"type":"log","timestamp":1676305162293,"level":"debug","message":"Running chrome with params {\"printBackground\":true,\"timeout\":59750,\"margin\":{}}","meta":{"rootId":"phqk07lyi38elcw","id":"phqk07lyi38elcw"},"id":"jvdixasvhku6am7","previousOperationId":"09ubqs1wp8ga9ex"}
{"type":"operationEnd","operationId":"09ubqs1wp8ga9ex","timestamp":1676305162372,"id":"jbj0u2bn7t8iert","previousEventId":"zwegmxgyhrcsxr5","previousOperationId":"09ubqs1wp8ga9ex"}
{"type":"log","timestamp":1676305162372,"level":"debug","message":"Skipping storing report.","meta":{"rootId":"phqk07lyi38elcw","id":"phqk07lyi38elcw"},"id":"4ar0x4wg4gdh88z","previousOperationId":"09ubqs1wp8ga9ex"}
{"type":"log","timestamp":1676305162372,"level":"info","message":"Rendering request 37 finished in 577 ms","meta":{"rootId":"phqk07lyi38elcw","id":"phqk07lyi38elcw"},"id":"749undqle0666kf","previousOperationId":"09ubqs1wp8ga9ex"}
{"type":"operationEnd","subtype":"render","operationId":"rbwot6bu7vldr74","timestamp":1676305162372,"id":"xopm9uaegzd3674","previousEventId":"jbj0u2bn7t8iert","previousOperationId":"09ubqs1wp8ga9ex"}
{"type":"operationEnd","doDiffs":false,"previousEventId":"z3dn4w92f3n0o32","previousOperationId":"fmxj80vkbfr5py8","operationId":"fmxj80vkbfr5py8","timestamp":1676305162376,"id":"o6r65tht3tvdjzs"}
