{"type":"operationStart","subtype":"profile","data":{"_id":"Cq9Xz5W833sLBa93","timestamp":"2023-02-13T16:45:33.364Z","state":"queued","mode":"standard","creationDate":"2023-02-13T16:45:33.366Z","modificationDate":"2023-02-13T16:45:33.366Z","shortid":"JWkSNzC","$entitySet":"profiles"},"doDiffs":false,"timestamp":1676306733365,"id":"avix0bxm4r7c2jv","previousOperationId":null,"operationId":"puu00cpvu2l5emp"}
{"type":"log","level":"info","message":"Render request 85 queued for execution and waiting for available worker","previousOperationId":"puu00cpvu2l5emp","timestamp":1676306733365,"id":"y7ke21wuwtj2iel"}
{"type":"operationStart","subtype":"render","name":"prueba","previousOperationId":"puu00cpvu2l5emp","timestamp":1676306733374,"id":"663gimm0uiintsy","previousEventId":"avix0bxm4r7c2jv","operationId":"jz1veu23jyvq8w6"}
{"type":"log","timestamp":1676306733374,"level":"info","message":"Starting rendering request 85","meta":{"rootId":"pit0fh3xu6mu0mx","id":"pit0fh3xu6mu0mx"},"id":"7fhhwunb3e0iyxk","previousOperationId":"jz1veu23jyvq8w6"}
{"type":"log","timestamp":1676306733374,"level":"info","message":"Rendering template { name: prueba, recipe: chrome-pdf, engine: handlebars, preview: true }","meta":{"rootId":"pit0fh3xu6mu0mx","id":"pit0fh3xu6mu0mx"},"id":"dr1mhek286vkmon","previousOperationId":"jz1veu23jyvq8w6"}
{"type":"log","timestamp":1676306733375,"level":"debug","message":"Data item not defined for this template.","meta":{"rootId":"pit0fh3xu6mu0mx","id":"pit0fh3xu6mu0mx"},"id":"ixfw5efegb4oakr","previousOperationId":"jz1veu23jyvq8w6"}
{"type":"log","timestamp":1676306733377,"level":"debug","message":"Executing script script (beforeRender)","meta":{"rootId":"pit0fh3xu6mu0mx","id":"pit0fh3xu6mu0mx"},"id":"q3urkvgzvnvxa00","previousOperationId":"jz1veu23jyvq8w6"}
{"type":"operationStart","subtype":"scriptsBeforeRender","name":"scripts beforeRender","timestamp":1676306733395,"id":"4mejbx626xwi0ok","previousEventId":"663gimm0uiintsy","operationId":"nxjmzrqpt7fc5pa","previousOperationId":"jz1veu23jyvq8w6"}
{"type":"operationStart","subtype":"script","name":"scripts script","previousOperationId":"nxjmzrqpt7fc5pa","timestamp":1676306733395,"id":"9bh2q2cx8nmqlvn","previousEventId":"4mejbx626xwi0ok","operationId":"48k0i4yfpfsdfta"}
{"type":"operationEnd","operationId":"48k0i4yfpfsdfta","timestamp":1676306733551,"id":"vclpv3yzvutcwcp","previousEventId":"663gimm0uiintsy","previousOperationId":"jz1veu23jyvq8w6"}
{"type":"operationEnd","operationId":"nxjmzrqpt7fc5pa","timestamp":1676306733551,"id":"5w5bl5quav5oitk","previousEventId":"vclpv3yzvutcwcp","previousOperationId":"jz1veu23jyvq8w6"}
{"type":"log","timestamp":1676306733551,"level":"debug","message":"Base url not specified, skipping its injection.","meta":{"rootId":"pit0fh3xu6mu0mx","id":"pit0fh3xu6mu0mx"},"id":"ruet0w6jps5o2zg","previousOperationId":"nxjmzrqpt7fc5pa"}
{"type":"operationStart","subtype":"engine","name":"handlebars","timestamp":1676306733552,"id":"6njuuplbwsqbnd9","previousEventId":"5w5bl5quav5oitk","operationId":"7lsnlpsw7cal106","previousOperationId":"nxjmzrqpt7fc5pa"}
{"type":"log","timestamp":1676306733552,"level":"debug","message":"Rendering engine handlebars","meta":{"rootId":"pit0fh3xu6mu0mx","id":"pit0fh3xu6mu0mx"},"id":"1lqd5owpt8dyune","previousOperationId":"7lsnlpsw7cal106"}
{"type":"operationEnd","operationId":"7lsnlpsw7cal106","timestamp":1676306733566,"id":"19x62b6udhlm365","previousEventId":"6njuuplbwsqbnd9","previousOperationId":"7lsnlpsw7cal106"}
{"type":"operationStart","subtype":"recipe","name":"chrome-pdf","timestamp":1676306733566,"id":"51pvr2c28p13zl4","previousEventId":"19x62b6udhlm365","operationId":"67h9ebwlbsf14hw","previousOperationId":"7lsnlpsw7cal106"}
{"type":"log","timestamp":1676306733566,"level":"debug","message":"Executing recipe chrome-pdf","meta":{"rootId":"pit0fh3xu6mu0mx","id":"pit0fh3xu6mu0mx"},"id":"yg32whe19rxzyfp","previousOperationId":"67h9ebwlbsf14hw"}
{"type":"log","timestamp":1676306733590,"level":"debug","message":"Converting with chrome HeadlessChrome/105.0.5173.0 using chrome-pool strategy","meta":{"rootId":"pit0fh3xu6mu0mx","id":"pit0fh3xu6mu0mx"},"id":"lxptslcxe1k33ho","previousOperationId":"67h9ebwlbsf14hw"}
{"type":"log","timestamp":1676306733688,"level":"debug","message":"Page request: GET (document) file:///C:/Users/josei/AppData/Local/Temp/jsreport/autocleanup/89fc53aa-e513-4c73-9f69-f94e8edfbdf4-chrome-pdf.html","meta":{"rootId":"pit0fh3xu6mu0mx","id":"pit0fh3xu6mu0mx"},"id":"icwkaqopcss14hx","previousOperationId":"67h9ebwlbsf14hw"}
{"type":"log","timestamp":1676306733707,"level":"debug","message":"Page request: GET (stylesheet) https://cdnjs.cloudflare.com/ajax/libs/metro/4.1.5/css/metro.min.css","meta":{"rootId":"pit0fh3xu6mu0mx","id":"pit0fh3xu6mu0mx"},"id":"5c7vl279zd14ows","previousOperationId":"67h9ebwlbsf14hw"}
{"type":"log","timestamp":1676306733708,"level":"debug","message":"Page request: GET (script) https://cdn.jsdelivr.net/npm/chart.js","meta":{"rootId":"pit0fh3xu6mu0mx","id":"pit0fh3xu6mu0mx"},"id":"fheqy3tnjtllx2r","previousOperationId":"67h9ebwlbsf14hw"}
{"type":"log","timestamp":1676306733708,"level":"debug","message":"Page request finished: GET (document) 200 file:///C:/Users/josei/AppData/Local/Temp/jsreport/autocleanup/89fc53aa-e513-4c73-9f69-f94e8edfbdf4-chrome-pdf.html","meta":{"rootId":"pit0fh3xu6mu0mx","id":"pit0fh3xu6mu0mx"},"id":"746ito1vdfgm3fd","previousOperationId":"67h9ebwlbsf14hw"}
{"type":"log","timestamp":1676306733714,"level":"debug","message":"Page request finished: GET (script) 200 https://cdn.jsdelivr.net/npm/chart.js","meta":{"rootId":"pit0fh3xu6mu0mx","id":"pit0fh3xu6mu0mx"},"id":"v7pkfywbrq580eu","previousOperationId":"67h9ebwlbsf14hw"}
{"type":"log","timestamp":1676306733731,"level":"debug","message":"Page request finished: GET (stylesheet) 200 https://cdnjs.cloudflare.com/ajax/libs/metro/4.1.5/css/metro.min.css","meta":{"rootId":"pit0fh3xu6mu0mx","id":"pit0fh3xu6mu0mx"},"id":"qybjvx1se7cphuj","previousOperationId":"67h9ebwlbsf14hw"}
{"type":"log","timestamp":1676306733739,"level":"debug","message":"(console:error) Invalid scale configuration for scale: yAxes","meta":{"userLevel":true,"rootId":"pit0fh3xu6mu0mx","id":"pit0fh3xu6mu0mx"},"id":"kukhyee52m4a5a7","previousOperationId":"67h9ebwlbsf14hw"}
{"type":"log","timestamp":1676306733855,"level":"debug","message":"Running chrome with params {\"printBackground\":true,\"timeout\":59775,\"margin\":{}}","meta":{"rootId":"pit0fh3xu6mu0mx","id":"pit0fh3xu6mu0mx"},"id":"n804j32k1rp9688","previousOperationId":"67h9ebwlbsf14hw"}
{"type":"operationEnd","operationId":"67h9ebwlbsf14hw","timestamp":1676306733977,"id":"20ardftd0cflnpl","previousEventId":"51pvr2c28p13zl4","previousOperationId":"67h9ebwlbsf14hw"}
{"type":"log","timestamp":1676306733978,"level":"debug","message":"Skipping storing report.","meta":{"rootId":"pit0fh3xu6mu0mx","id":"pit0fh3xu6mu0mx"},"id":"rmc2dlybd3ytzk6","previousOperationId":"67h9ebwlbsf14hw"}
{"type":"log","timestamp":1676306733978,"level":"info","message":"Rendering request 85 finished in 614 ms","meta":{"rootId":"pit0fh3xu6mu0mx","id":"pit0fh3xu6mu0mx"},"id":"3mkktu9lxwymiln","previousOperationId":"67h9ebwlbsf14hw"}
{"type":"operationEnd","subtype":"render","operationId":"jz1veu23jyvq8w6","timestamp":1676306733978,"id":"ajyq7g0mo7dlwxk","previousEventId":"20ardftd0cflnpl","previousOperationId":"67h9ebwlbsf14hw"}
{"type":"operationEnd","doDiffs":false,"previousEventId":"avix0bxm4r7c2jv","previousOperationId":"puu00cpvu2l5emp","operationId":"puu00cpvu2l5emp","timestamp":1676306733984,"id":"3hfa85f3lf0j40t"}
