{"type":"operationStart","subtype":"profile","data":{"_id":"1PCkfa5a0jDTycH2","timestamp":"2023-02-13T16:56:56.980Z","state":"queued","mode":"standard","creationDate":"2023-02-13T16:56:56.982Z","modificationDate":"2023-02-13T16:56:56.982Z","shortid":"ybyf2Iy","$entitySet":"profiles"},"doDiffs":false,"timestamp":1676307416981,"id":"fyoj27w1edthsbz","previousOperationId":null,"operationId":"a26jnwi7mqtbn62"}
{"type":"log","level":"info","message":"Render request 107 queued for execution and waiting for available worker","previousOperationId":"a26jnwi7mqtbn62","timestamp":1676307416981,"id":"6gi59dqd735gkp4"}
{"type":"operationStart","subtype":"render","name":"prueba","previousOperationId":"a26jnwi7mqtbn62","timestamp":1676307416989,"id":"t4e5d0bcmoptrk2","previousEventId":"fyoj27w1edthsbz","operationId":"q2vi07fabjagr5q"}
{"type":"log","timestamp":1676307416989,"level":"info","message":"Starting rendering request 107","meta":{"rootId":"qu50x8km28ncwk5","id":"qu50x8km28ncwk5"},"id":"l6ghsfq705o02wu","previousOperationId":"q2vi07fabjagr5q"}
{"type":"log","timestamp":1676307416989,"level":"info","message":"Rendering template { name: prueba, recipe: chrome-pdf, engine: handlebars, preview: true }","meta":{"rootId":"qu50x8km28ncwk5","id":"qu50x8km28ncwk5"},"id":"a6hpot1fgqlibme","previousOperationId":"q2vi07fabjagr5q"}
{"type":"log","timestamp":1676307416991,"level":"debug","message":"Data item not defined for this template.","meta":{"rootId":"qu50x8km28ncwk5","id":"qu50x8km28ncwk5"},"id":"2xyytyrcakghjxv","previousOperationId":"q2vi07fabjagr5q"}
{"type":"log","timestamp":1676307416994,"level":"debug","message":"Executing script script (beforeRender)","meta":{"rootId":"qu50x8km28ncwk5","id":"qu50x8km28ncwk5"},"id":"48kwezhvfqvelpr","previousOperationId":"q2vi07fabjagr5q"}
{"type":"operationStart","subtype":"scriptsBeforeRender","name":"scripts beforeRender","timestamp":1676307417013,"id":"pio9l81bdhqo42t","previousEventId":"t4e5d0bcmoptrk2","operationId":"3b9c8kvr3pnffs5","previousOperationId":"q2vi07fabjagr5q"}
{"type":"operationStart","subtype":"script","name":"scripts script","previousOperationId":"3b9c8kvr3pnffs5","timestamp":1676307417013,"id":"msehuyrat977ese","previousEventId":"pio9l81bdhqo42t","operationId":"5gb9yw5uak8pyvr"}
{"type":"operationEnd","operationId":"5gb9yw5uak8pyvr","timestamp":1676307417165,"id":"itunyp0jkasscsj","previousEventId":"t4e5d0bcmoptrk2","previousOperationId":"q2vi07fabjagr5q"}
{"type":"operationEnd","operationId":"3b9c8kvr3pnffs5","timestamp":1676307417165,"id":"g20ffhxchm13id8","previousEventId":"itunyp0jkasscsj","previousOperationId":"q2vi07fabjagr5q"}
{"type":"log","timestamp":1676307417165,"level":"debug","message":"Base url not specified, skipping its injection.","meta":{"rootId":"qu50x8km28ncwk5","id":"qu50x8km28ncwk5"},"id":"0auzsoxxaf285cz","previousOperationId":"3b9c8kvr3pnffs5"}
{"type":"operationStart","subtype":"engine","name":"handlebars","timestamp":1676307417165,"id":"8f12w9m7wcpku04","previousEventId":"g20ffhxchm13id8","operationId":"gqbgyd5wnea5yro","previousOperationId":"3b9c8kvr3pnffs5"}
{"type":"log","timestamp":1676307417165,"level":"debug","message":"Rendering engine handlebars","meta":{"rootId":"qu50x8km28ncwk5","id":"qu50x8km28ncwk5"},"id":"5v97l83ldu45a07","previousOperationId":"gqbgyd5wnea5yro"}
{"type":"operationEnd","operationId":"gqbgyd5wnea5yro","timestamp":1676307417172,"id":"c3y43yosj572mm9","previousEventId":"8f12w9m7wcpku04","previousOperationId":"gqbgyd5wnea5yro"}
{"type":"operationStart","subtype":"recipe","name":"chrome-pdf","timestamp":1676307417172,"id":"ruygwnukslaq9rp","previousEventId":"c3y43yosj572mm9","operationId":"q00n8lh3maj9c91","previousOperationId":"gqbgyd5wnea5yro"}
{"type":"log","timestamp":1676307417172,"level":"debug","message":"Executing recipe chrome-pdf","meta":{"rootId":"qu50x8km28ncwk5","id":"qu50x8km28ncwk5"},"id":"j9ox8kzttk75k9h","previousOperationId":"q00n8lh3maj9c91"}
{"type":"log","timestamp":1676307417176,"level":"debug","message":"Converting with chrome HeadlessChrome/105.0.5173.0 using chrome-pool strategy","meta":{"rootId":"qu50x8km28ncwk5","id":"qu50x8km28ncwk5"},"id":"y21x94fu5rbcemy","previousOperationId":"q00n8lh3maj9c91"}
{"type":"log","timestamp":1676307417267,"level":"debug","message":"Page request: GET (document) file:///C:/Users/josei/AppData/Local/Temp/jsreport/autocleanup/61e853e6-1165-42fa-9922-c1a53f8ac9d6-chrome-pdf.html","meta":{"rootId":"qu50x8km28ncwk5","id":"qu50x8km28ncwk5"},"id":"7hqwczly0em6tkw","previousOperationId":"q00n8lh3maj9c91"}
{"type":"log","timestamp":1676307417279,"level":"debug","message":"Page request finished: GET (document) 200 file:///C:/Users/josei/AppData/Local/Temp/jsreport/autocleanup/61e853e6-1165-42fa-9922-c1a53f8ac9d6-chrome-pdf.html","meta":{"rootId":"qu50x8km28ncwk5","id":"qu50x8km28ncwk5"},"id":"2fk91n8vdg6v72p","previousOperationId":"q00n8lh3maj9c91"}
{"type":"log","timestamp":1676307417279,"level":"debug","message":"Page request: GET (stylesheet) https://cdnjs.cloudflare.com/ajax/libs/metro/4.1.5/css/metro.min.css","meta":{"rootId":"qu50x8km28ncwk5","id":"qu50x8km28ncwk5"},"id":"a172ufdk26y7e22","previousOperationId":"q00n8lh3maj9c91"}
{"type":"log","timestamp":1676307417280,"level":"debug","message":"Page request: GET (script) https://cdn.jsdelivr.net/npm/chart.js","meta":{"rootId":"qu50x8km28ncwk5","id":"qu50x8km28ncwk5"},"id":"zn81fiuf9volln8","previousOperationId":"q00n8lh3maj9c91"}
{"type":"log","timestamp":1676307417306,"level":"debug","message":"Page request finished: GET (stylesheet) 200 https://cdnjs.cloudflare.com/ajax/libs/metro/4.1.5/css/metro.min.css","meta":{"rootId":"qu50x8km28ncwk5","id":"qu50x8km28ncwk5"},"id":"a63c9vzgct7a2di","previousOperationId":"q00n8lh3maj9c91"}
{"type":"log","timestamp":1676307417308,"level":"debug","message":"Page request finished: GET (script) 200 https://cdn.jsdelivr.net/npm/chart.js","meta":{"rootId":"qu50x8km28ncwk5","id":"qu50x8km28ncwk5"},"id":"t125umbk59d9jps","previousOperationId":"q00n8lh3maj9c91"}
{"type":"log","timestamp":1676307417315,"level":"debug","message":"(console:error) Invalid scale configuration for scale: yAxes","meta":{"userLevel":true,"rootId":"qu50x8km28ncwk5","id":"qu50x8km28ncwk5"},"id":"jim6z6sdg3eg7ud","previousOperationId":"q00n8lh3maj9c91"}
{"type":"log","timestamp":1676307417438,"level":"debug","message":"Running chrome with params {\"printBackground\":true,\"timeout\":59806,\"margin\":{}}","meta":{"rootId":"qu50x8km28ncwk5","id":"qu50x8km28ncwk5"},"id":"lr88ztirht8jw0s","previousOperationId":"q00n8lh3maj9c91"}
{"type":"operationEnd","operationId":"q00n8lh3maj9c91","timestamp":1676307417541,"id":"2vycf3tfkxagrqk","previousEventId":"ruygwnukslaq9rp","previousOperationId":"q00n8lh3maj9c91"}
{"type":"log","timestamp":1676307417541,"level":"debug","message":"Skipping storing report.","meta":{"rootId":"qu50x8km28ncwk5","id":"qu50x8km28ncwk5"},"id":"dbkvekltqo50efs","previousOperationId":"q00n8lh3maj9c91"}
{"type":"log","timestamp":1676307417542,"level":"info","message":"Rendering request 107 finished in 562 ms","meta":{"rootId":"qu50x8km28ncwk5","id":"qu50x8km28ncwk5"},"id":"jpvlf2lm77c9f1w","previousOperationId":"q00n8lh3maj9c91"}
{"type":"operationEnd","subtype":"render","operationId":"q2vi07fabjagr5q","timestamp":1676307417542,"id":"ckmv6iae31y99nz","previousEventId":"2vycf3tfkxagrqk","previousOperationId":"q00n8lh3maj9c91"}
{"type":"operationEnd","doDiffs":false,"previousEventId":"fyoj27w1edthsbz","previousOperationId":"a26jnwi7mqtbn62","operationId":"a26jnwi7mqtbn62","timestamp":1676307417547,"id":"9at5a0kqfdurw78"}
