{"type":"operationStart","subtype":"profile","data":{"_id":"LOdSS5lagb7o8WLT","timestamp":"2023-02-13T16:05:16.056Z","state":"queued","mode":"standard","creationDate":"2023-02-13T16:05:16.059Z","modificationDate":"2023-02-13T16:05:16.059Z","shortid":"8QrI3pO","$entitySet":"profiles"},"doDiffs":false,"timestamp":1676304316057,"id":"z7a0ldjivkid88o","previousOperationId":null,"operationId":"svukbsfaryz1m7j"}
{"type":"log","level":"info","message":"Render request 11 queued for execution and waiting for available worker","previousOperationId":"svukbsfaryz1m7j","timestamp":1676304316057,"id":"v5jhrn342fan37e"}
{"type":"operationStart","subtype":"render","name":"prueba","previousOperationId":"svukbsfaryz1m7j","timestamp":1676304316067,"id":"ydx1ooaio5dar6f","previousEventId":"z7a0ldjivkid88o","operationId":"24kkg0v1o536hr8"}
{"type":"log","timestamp":1676304316067,"level":"info","message":"Starting rendering request 11","meta":{"rootId":"r773vws1eosh4va","id":"r773vws1eosh4va"},"id":"l6c88ek5rd24eaq","previousOperationId":"24kkg0v1o536hr8"}
{"type":"log","timestamp":1676304316067,"level":"info","message":"Rendering template { name: prueba, recipe: chrome-pdf, engine: handlebars, preview: true }","meta":{"rootId":"r773vws1eosh4va","id":"r773vws1eosh4va"},"id":"l4orwpppil3fhbc","previousOperationId":"24kkg0v1o536hr8"}
{"type":"log","timestamp":1676304316068,"level":"debug","message":"Data item not defined for this template.","meta":{"rootId":"r773vws1eosh4va","id":"r773vws1eosh4va"},"id":"uvgzk6xw723os2i","previousOperationId":"24kkg0v1o536hr8"}
{"type":"log","timestamp":1676304316071,"level":"debug","message":"Executing script script (beforeRender)","meta":{"rootId":"r773vws1eosh4va","id":"r773vws1eosh4va"},"id":"jnxali759fxvxji","previousOperationId":"24kkg0v1o536hr8"}
{"type":"operationStart","subtype":"scriptsBeforeRender","name":"scripts beforeRender","timestamp":1676304316093,"id":"oid9814uc8jew5s","previousEventId":"ydx1ooaio5dar6f","operationId":"a6qz75tb4ezap4a","previousOperationId":"24kkg0v1o536hr8"}
{"type":"operationStart","subtype":"script","name":"scripts script","previousOperationId":"a6qz75tb4ezap4a","timestamp":1676304316093,"id":"dlufd8snlem7zfv","previousEventId":"oid9814uc8jew5s","operationId":"z0cxpf8wdczkryp"}
{"type":"operationEnd","operationId":"z0cxpf8wdczkryp","timestamp":1676304316312,"id":"llkj15kcb4njg8r","previousEventId":"ydx1ooaio5dar6f","previousOperationId":"24kkg0v1o536hr8"}
{"type":"operationEnd","operationId":"a6qz75tb4ezap4a","timestamp":1676304316312,"id":"z0h4u06o7yuaqom","previousEventId":"llkj15kcb4njg8r","previousOperationId":"24kkg0v1o536hr8"}
{"type":"log","timestamp":1676304316312,"level":"debug","message":"Base url not specified, skipping its injection.","meta":{"rootId":"r773vws1eosh4va","id":"r773vws1eosh4va"},"id":"gg2b6wqirsmr4lk","previousOperationId":"a6qz75tb4ezap4a"}
{"type":"operationStart","subtype":"engine","name":"handlebars","timestamp":1676304316312,"id":"9algp1vw3nwufs5","previousEventId":"z0h4u06o7yuaqom","operationId":"1wg1fozxgfc5rr9","previousOperationId":"a6qz75tb4ezap4a"}
{"type":"log","timestamp":1676304316312,"level":"debug","message":"Rendering engine handlebars","meta":{"rootId":"r773vws1eosh4va","id":"r773vws1eosh4va"},"id":"n4kpsiq7kg9pkid","previousOperationId":"1wg1fozxgfc5rr9"}
{"type":"operationEnd","operationId":"1wg1fozxgfc5rr9","timestamp":1676304316326,"id":"d93w37ycvrkqko8","previousEventId":"9algp1vw3nwufs5","previousOperationId":"1wg1fozxgfc5rr9"}
{"type":"operationStart","subtype":"recipe","name":"chrome-pdf","timestamp":1676304316327,"id":"6cgrrefwx1pgage","previousEventId":"d93w37ycvrkqko8","operationId":"upy2mnx35t2v7px","previousOperationId":"1wg1fozxgfc5rr9"}
{"type":"log","timestamp":1676304316327,"level":"debug","message":"Executing recipe chrome-pdf","meta":{"rootId":"r773vws1eosh4va","id":"r773vws1eosh4va"},"id":"6znsoy58r9rrjbt","previousOperationId":"upy2mnx35t2v7px"}
{"type":"log","timestamp":1676304316329,"level":"debug","message":"Converting with chrome HeadlessChrome/105.0.5173.0 using chrome-pool strategy","meta":{"rootId":"r773vws1eosh4va","id":"r773vws1eosh4va"},"id":"y98w1w31o4s6azs","previousOperationId":"upy2mnx35t2v7px"}
{"type":"log","timestamp":1676304316432,"level":"debug","message":"Page request: GET (document) file:///C:/Users/josei/AppData/Local/Temp/jsreport/autocleanup/f9358737-ef0a-42ee-bfb2-ad42295735f4-chrome-pdf.html","meta":{"rootId":"r773vws1eosh4va","id":"r773vws1eosh4va"},"id":"4ypsvn411zs6ajx","previousOperationId":"upy2mnx35t2v7px"}
{"type":"log","timestamp":1676304316453,"level":"debug","message":"Page request finished: GET (document) 200 file:///C:/Users/josei/AppData/Local/Temp/jsreport/autocleanup/f9358737-ef0a-42ee-bfb2-ad42295735f4-chrome-pdf.html","meta":{"rootId":"r773vws1eosh4va","id":"r773vws1eosh4va"},"id":"n5gfri10p069819","previousOperationId":"upy2mnx35t2v7px"}
{"type":"log","timestamp":1676304316453,"level":"debug","message":"Page request: GET (stylesheet) https://cdnjs.cloudflare.com/ajax/libs/metro/4.1.5/css/metro.min.css","meta":{"rootId":"r773vws1eosh4va","id":"r773vws1eosh4va"},"id":"7s1vriy4sznc9fo","previousOperationId":"upy2mnx35t2v7px"}
{"type":"log","timestamp":1676304316453,"level":"debug","message":"Page request: GET (script) https://cdn.jsdelivr.net/npm/chart.js","meta":{"rootId":"r773vws1eosh4va","id":"r773vws1eosh4va"},"id":"5kie1hissofo3ip","previousOperationId":"upy2mnx35t2v7px"}
{"type":"log","timestamp":1676304316477,"level":"debug","message":"Page request finished: GET (stylesheet) 200 https://cdnjs.cloudflare.com/ajax/libs/metro/4.1.5/css/metro.min.css","meta":{"rootId":"r773vws1eosh4va","id":"r773vws1eosh4va"},"id":"kd1fcppet9r1ywv","previousOperationId":"upy2mnx35t2v7px"}
{"type":"log","timestamp":1676304316478,"level":"debug","message":"Page request finished: GET (script) 200 https://cdn.jsdelivr.net/npm/chart.js","meta":{"rootId":"r773vws1eosh4va","id":"r773vws1eosh4va"},"id":"6zft441i525wgi9","previousOperationId":"upy2mnx35t2v7px"}
{"type":"log","timestamp":1676304316485,"level":"debug","message":"(console:error) Invalid scale configuration for scale: yAxes","meta":{"userLevel":true,"rootId":"r773vws1eosh4va","id":"r773vws1eosh4va"},"id":"tkqk26itx5r7u6j","previousOperationId":"upy2mnx35t2v7px"}
{"type":"log","timestamp":1676304316582,"level":"debug","message":"Running chrome with params {\"printBackground\":true,\"timeout\":59728,\"margin\":{}}","meta":{"rootId":"r773vws1eosh4va","id":"r773vws1eosh4va"},"id":"dqa45udow6kemeg","previousOperationId":"upy2mnx35t2v7px"}
{"type":"operationEnd","operationId":"upy2mnx35t2v7px","timestamp":1676304316660,"id":"fgx2xke59zr25kz","previousEventId":"6cgrrefwx1pgage","previousOperationId":"upy2mnx35t2v7px"}
{"type":"log","timestamp":1676304316660,"level":"debug","message":"Skipping storing report.","meta":{"rootId":"r773vws1eosh4va","id":"r773vws1eosh4va"},"id":"urmodkp328uvh64","previousOperationId":"upy2mnx35t2v7px"}
{"type":"log","timestamp":1676304316660,"level":"info","message":"Rendering request 11 finished in 604 ms","meta":{"rootId":"r773vws1eosh4va","id":"r773vws1eosh4va"},"id":"rih85saioyrepud","previousOperationId":"upy2mnx35t2v7px"}
{"type":"operationEnd","subtype":"render","operationId":"24kkg0v1o536hr8","timestamp":1676304316660,"id":"vd041du409tq0uf","previousEventId":"fgx2xke59zr25kz","previousOperationId":"upy2mnx35t2v7px"}
{"type":"operationEnd","doDiffs":false,"previousEventId":"z7a0ldjivkid88o","previousOperationId":"svukbsfaryz1m7j","operationId":"svukbsfaryz1m7j","timestamp":1676304316666,"id":"rqhxh9kdeiqaqwh"}
