{"type":"operationStart","subtype":"profile","data":{"_id":"qwRT2DEJfZxgtJgn","timestamp":"2023-02-13T16:45:12.787Z","state":"queued","mode":"standard","creationDate":"2023-02-13T16:45:12.789Z","modificationDate":"2023-02-13T16:45:12.789Z","shortid":"R2-jMXe","$entitySet":"profiles"},"doDiffs":false,"timestamp":1676306712788,"id":"4absfq7ytqru5jx","previousOperationId":null,"operationId":"9v0d2tnqy8721dy"}
{"type":"log","level":"info","message":"Render request 82 queued for execution and waiting for available worker","previousOperationId":"9v0d2tnqy8721dy","timestamp":1676306712788,"id":"srz6jsp800rhyqk"}
{"type":"operationStart","subtype":"render","name":"prueba","previousOperationId":"9v0d2tnqy8721dy","timestamp":1676306712797,"id":"i54a5f67onceif5","previousEventId":"4absfq7ytqru5jx","operationId":"2318cnltmcazbfe"}
{"type":"log","timestamp":1676306712797,"level":"info","message":"Starting rendering request 82","meta":{"rootId":"rat2yw3iqxdeqd6","id":"rat2yw3iqxdeqd6"},"id":"z1c3pg1apuoslnq","previousOperationId":"2318cnltmcazbfe"}
{"type":"log","timestamp":1676306712797,"level":"info","message":"Rendering template { name: prueba, recipe: chrome-pdf, engine: handlebars, preview: true }","meta":{"rootId":"rat2yw3iqxdeqd6","id":"rat2yw3iqxdeqd6"},"id":"bf6ebp5yeyz66gf","previousOperationId":"2318cnltmcazbfe"}
{"type":"log","timestamp":1676306712798,"level":"debug","message":"Data item not defined for this template.","meta":{"rootId":"rat2yw3iqxdeqd6","id":"rat2yw3iqxdeqd6"},"id":"l07ps6uc59owwbk","previousOperationId":"2318cnltmcazbfe"}
{"type":"log","timestamp":1676306712800,"level":"debug","message":"Executing script script (beforeRender)","meta":{"rootId":"rat2yw3iqxdeqd6","id":"rat2yw3iqxdeqd6"},"id":"w8a3ie0pdg4styi","previousOperationId":"2318cnltmcazbfe"}
{"type":"operationStart","subtype":"scriptsBeforeRender","name":"scripts beforeRender","timestamp":1676306712818,"id":"prx8zz08nxj2e9l","previousEventId":"i54a5f67onceif5","operationId":"bu8k79ttouv0hdx","previousOperationId":"2318cnltmcazbfe"}
{"type":"operationStart","subtype":"script","name":"scripts script","previousOperationId":"bu8k79ttouv0hdx","timestamp":1676306712818,"id":"g9u3p2g4adv8qdw","previousEventId":"prx8zz08nxj2e9l","operationId":"p11rbnumc2ukaai"}
{"type":"operationEnd","operationId":"p11rbnumc2ukaai","timestamp":1676306712994,"id":"bk3jaxdxepkz7ur","previousEventId":"i54a5f67onceif5","previousOperationId":"2318cnltmcazbfe"}
{"type":"operationEnd","operationId":"bu8k79ttouv0hdx","timestamp":1676306712994,"id":"t3jjzg5cgzaellt","previousEventId":"bk3jaxdxepkz7ur","previousOperationId":"2318cnltmcazbfe"}
{"type":"log","timestamp":1676306712994,"level":"debug","message":"Base url not specified, skipping its injection.","meta":{"rootId":"rat2yw3iqxdeqd6","id":"rat2yw3iqxdeqd6"},"id":"5so7fsjr8xj386p","previousOperationId":"bu8k79ttouv0hdx"}
{"type":"operationStart","subtype":"engine","name":"handlebars","timestamp":1676306712994,"id":"kguyivt2ozcneys","previousEventId":"t3jjzg5cgzaellt","operationId":"fz8cqijaxabsz8d","previousOperationId":"bu8k79ttouv0hdx"}
{"type":"log","timestamp":1676306712994,"level":"debug","message":"Rendering engine handlebars","meta":{"rootId":"rat2yw3iqxdeqd6","id":"rat2yw3iqxdeqd6"},"id":"4cqaj3ci7zel5ye","previousOperationId":"fz8cqijaxabsz8d"}
{"type":"operationEnd","operationId":"fz8cqijaxabsz8d","timestamp":1676306713002,"id":"hl8tzutilh421k6","previousEventId":"kguyivt2ozcneys","previousOperationId":"fz8cqijaxabsz8d"}
{"type":"operationStart","subtype":"recipe","name":"chrome-pdf","timestamp":1676306713002,"id":"rxx2d0k9w6a8as7","previousEventId":"hl8tzutilh421k6","operationId":"u60zv1snu1trvf4","previousOperationId":"fz8cqijaxabsz8d"}
{"type":"log","timestamp":1676306713002,"level":"debug","message":"Executing recipe chrome-pdf","meta":{"rootId":"rat2yw3iqxdeqd6","id":"rat2yw3iqxdeqd6"},"id":"wcerrc7pd9wzvvw","previousOperationId":"u60zv1snu1trvf4"}
{"type":"log","timestamp":1676306713005,"level":"debug","message":"Converting with chrome HeadlessChrome/105.0.5173.0 using chrome-pool strategy","meta":{"rootId":"rat2yw3iqxdeqd6","id":"rat2yw3iqxdeqd6"},"id":"25chx9uu45s3s1j","previousOperationId":"u60zv1snu1trvf4"}
{"type":"log","timestamp":1676306713102,"level":"debug","message":"Page request: GET (document) file:///C:/Users/josei/AppData/Local/Temp/jsreport/autocleanup/086c47f2-bbdd-41e0-9854-197d0cff5cab-chrome-pdf.html","meta":{"rootId":"rat2yw3iqxdeqd6","id":"rat2yw3iqxdeqd6"},"id":"7jlde2vvyjh5m6x","previousOperationId":"u60zv1snu1trvf4"}
{"type":"log","timestamp":1676306713114,"level":"debug","message":"Page request finished: GET (document) 200 file:///C:/Users/josei/AppData/Local/Temp/jsreport/autocleanup/086c47f2-bbdd-41e0-9854-197d0cff5cab-chrome-pdf.html","meta":{"rootId":"rat2yw3iqxdeqd6","id":"rat2yw3iqxdeqd6"},"id":"mblhk2m6nuyco74","previousOperationId":"u60zv1snu1trvf4"}
{"type":"log","timestamp":1676306713114,"level":"debug","message":"Page request: GET (stylesheet) https://cdnjs.cloudflare.com/ajax/libs/metro/4.1.5/css/metro.min.css","meta":{"rootId":"rat2yw3iqxdeqd6","id":"rat2yw3iqxdeqd6"},"id":"p4vsjdwrpr67lzq","previousOperationId":"u60zv1snu1trvf4"}
{"type":"log","timestamp":1676306713114,"level":"debug","message":"Page request: GET (script) https://cdn.jsdelivr.net/npm/chart.js","meta":{"rootId":"rat2yw3iqxdeqd6","id":"rat2yw3iqxdeqd6"},"id":"cbh36fhf5q1q4up","previousOperationId":"u60zv1snu1trvf4"}
{"type":"log","timestamp":1676306713123,"level":"debug","message":"Page request finished: GET (script) 200 https://cdn.jsdelivr.net/npm/chart.js","meta":{"rootId":"rat2yw3iqxdeqd6","id":"rat2yw3iqxdeqd6"},"id":"k6rm89jxhokkymk","previousOperationId":"u60zv1snu1trvf4"}
{"type":"log","timestamp":1676306713140,"level":"debug","message":"Page request finished: GET (stylesheet) 200 https://cdnjs.cloudflare.com/ajax/libs/metro/4.1.5/css/metro.min.css","meta":{"rootId":"rat2yw3iqxdeqd6","id":"rat2yw3iqxdeqd6"},"id":"apede0ldrafiwub","previousOperationId":"u60zv1snu1trvf4"}
{"type":"log","timestamp":1676306713146,"level":"debug","message":"(console:error) Invalid scale configuration for scale: yAxes","meta":{"userLevel":true,"rootId":"rat2yw3iqxdeqd6","id":"rat2yw3iqxdeqd6"},"id":"v5jlm0exhm6awjk","previousOperationId":"u60zv1snu1trvf4"}
{"type":"log","timestamp":1676306713261,"level":"debug","message":"Running chrome with params {\"printBackground\":true,\"timeout\":59784,\"margin\":{}}","meta":{"rootId":"rat2yw3iqxdeqd6","id":"rat2yw3iqxdeqd6"},"id":"63b009bk1hs3i3j","previousOperationId":"u60zv1snu1trvf4"}
{"type":"operationEnd","operationId":"u60zv1snu1trvf4","timestamp":1676306713350,"id":"hf8advui3056p0q","previousEventId":"rxx2d0k9w6a8as7","previousOperationId":"u60zv1snu1trvf4"}
{"type":"log","timestamp":1676306713350,"level":"debug","message":"Skipping storing report.","meta":{"rootId":"rat2yw3iqxdeqd6","id":"rat2yw3iqxdeqd6"},"id":"cuiyn37xzmjw9du","previousOperationId":"u60zv1snu1trvf4"}
{"type":"log","timestamp":1676306713350,"level":"info","message":"Rendering request 82 finished in 563 ms","meta":{"rootId":"rat2yw3iqxdeqd6","id":"rat2yw3iqxdeqd6"},"id":"ca7ij9ewvvybgjx","previousOperationId":"u60zv1snu1trvf4"}
{"type":"operationEnd","subtype":"render","operationId":"2318cnltmcazbfe","timestamp":1676306713350,"id":"kutgphhpbiyuytp","previousEventId":"hf8advui3056p0q","previousOperationId":"u60zv1snu1trvf4"}
{"type":"operationEnd","doDiffs":false,"previousEventId":"4absfq7ytqru5jx","previousOperationId":"9v0d2tnqy8721dy","operationId":"9v0d2tnqy8721dy","timestamp":1676306713353,"id":"zzu63w1rymyctyt"}
