{"type":"operationStart","subtype":"profile","data":{"_id":"1evc5OyoJUOXW2p7","timestamp":"2023-02-13T16:33:23.022Z","state":"queued","mode":"standard","creationDate":"2023-02-13T16:33:23.024Z","modificationDate":"2023-02-13T16:33:23.024Z","shortid":"cyQA_Yl","$entitySet":"profiles"},"doDiffs":false,"timestamp":1676306003023,"id":"whczxe9dgcgit8l","previousOperationId":null,"operationId":"uecyuc84z9bjnin"}
{"type":"log","level":"info","message":"Render request 52 queued for execution and waiting for available worker","previousOperationId":"uecyuc84z9bjnin","timestamp":1676306003023,"id":"5v3u5qvwji0v6w1"}
{"type":"operationStart","subtype":"render","name":"prueba","previousOperationId":"uecyuc84z9bjnin","timestamp":1676306003033,"id":"rd8b88ec4l4x00q","previousEventId":"whczxe9dgcgit8l","operationId":"tse7c9n4ncuab25"}
{"type":"log","timestamp":1676306003033,"level":"info","message":"Starting rendering request 52","meta":{"rootId":"rhzf5ye5v07ryxw","id":"rhzf5ye5v07ryxw"},"id":"00ypcqgnwd0d0er","previousOperationId":"tse7c9n4ncuab25"}
{"type":"log","timestamp":1676306003033,"level":"info","message":"Rendering template { name: prueba, recipe: chrome-pdf, engine: handlebars, preview: true }","meta":{"rootId":"rhzf5ye5v07ryxw","id":"rhzf5ye5v07ryxw"},"id":"hnb0hgfounlqg6g","previousOperationId":"tse7c9n4ncuab25"}
{"type":"log","timestamp":1676306003034,"level":"debug","message":"Data item not defined for this template.","meta":{"rootId":"rhzf5ye5v07ryxw","id":"rhzf5ye5v07ryxw"},"id":"qm8twi2albexrtn","previousOperationId":"tse7c9n4ncuab25"}
{"type":"log","timestamp":1676306003039,"level":"debug","message":"Executing script script (beforeRender)","meta":{"rootId":"rhzf5ye5v07ryxw","id":"rhzf5ye5v07ryxw"},"id":"j0tpj9f5hiv3tev","previousOperationId":"tse7c9n4ncuab25"}
{"type":"operationStart","subtype":"scriptsBeforeRender","name":"scripts beforeRender","timestamp":1676306003060,"id":"8kq7axy8gj5i4u1","previousEventId":"rd8b88ec4l4x00q","operationId":"2d2trks7g4ud7ef","previousOperationId":"tse7c9n4ncuab25"}
{"type":"operationStart","subtype":"script","name":"scripts script","previousOperationId":"2d2trks7g4ud7ef","timestamp":1676306003060,"id":"kqztc28kj3g9c79","previousEventId":"8kq7axy8gj5i4u1","operationId":"yii8ehd0wf2b93v"}
{"type":"operationEnd","operationId":"yii8ehd0wf2b93v","timestamp":1676306003248,"id":"wbw3xb0zqnlqxxn","previousEventId":"rd8b88ec4l4x00q","previousOperationId":"tse7c9n4ncuab25"}
{"type":"operationEnd","operationId":"2d2trks7g4ud7ef","timestamp":1676306003248,"id":"tpkykr3plensdzo","previousEventId":"wbw3xb0zqnlqxxn","previousOperationId":"tse7c9n4ncuab25"}
{"type":"log","timestamp":1676306003248,"level":"debug","message":"Base url not specified, skipping its injection.","meta":{"rootId":"rhzf5ye5v07ryxw","id":"rhzf5ye5v07ryxw"},"id":"vv3a3wueiq1rimz","previousOperationId":"2d2trks7g4ud7ef"}
{"type":"operationStart","subtype":"engine","name":"handlebars","timestamp":1676306003248,"id":"wb557mhhzbeya4o","previousEventId":"tpkykr3plensdzo","operationId":"m77523ox2w55h2c","previousOperationId":"2d2trks7g4ud7ef"}
{"type":"log","timestamp":1676306003248,"level":"debug","message":"Rendering engine handlebars","meta":{"rootId":"rhzf5ye5v07ryxw","id":"rhzf5ye5v07ryxw"},"id":"v86cq8m6cfnaxvt","previousOperationId":"m77523ox2w55h2c"}
{"type":"operationEnd","operationId":"m77523ox2w55h2c","timestamp":1676306003263,"id":"4watsdpexdiwk05","previousEventId":"wb557mhhzbeya4o","previousOperationId":"m77523ox2w55h2c"}
{"type":"operationStart","subtype":"recipe","name":"chrome-pdf","timestamp":1676306003263,"id":"j3ce94xoj2az0e9","previousEventId":"4watsdpexdiwk05","operationId":"2basb9j9uh4rrfl","previousOperationId":"m77523ox2w55h2c"}
{"type":"log","timestamp":1676306003263,"level":"debug","message":"Executing recipe chrome-pdf","meta":{"rootId":"rhzf5ye5v07ryxw","id":"rhzf5ye5v07ryxw"},"id":"b2a3gw66tc357bz","previousOperationId":"2basb9j9uh4rrfl"}
{"type":"log","timestamp":1676306003266,"level":"debug","message":"Converting with chrome HeadlessChrome/105.0.5173.0 using chrome-pool strategy","meta":{"rootId":"rhzf5ye5v07ryxw","id":"rhzf5ye5v07ryxw"},"id":"gppm13ae15tgogf","previousOperationId":"2basb9j9uh4rrfl"}
{"type":"log","timestamp":1676306003361,"level":"debug","message":"Page request: GET (document) file:///C:/Users/josei/AppData/Local/Temp/jsreport/autocleanup/268547f5-a705-424e-bf61-ad1ce1d57192-chrome-pdf.html","meta":{"rootId":"rhzf5ye5v07ryxw","id":"rhzf5ye5v07ryxw"},"id":"k4fzmv98nxku2bm","previousOperationId":"2basb9j9uh4rrfl"}
{"type":"log","timestamp":1676306003381,"level":"debug","message":"Page request finished: GET (document) 200 file:///C:/Users/josei/AppData/Local/Temp/jsreport/autocleanup/268547f5-a705-424e-bf61-ad1ce1d57192-chrome-pdf.html","meta":{"rootId":"rhzf5ye5v07ryxw","id":"rhzf5ye5v07ryxw"},"id":"3gpv0xevvwrb44x","previousOperationId":"2basb9j9uh4rrfl"}
{"type":"log","timestamp":1676306003381,"level":"debug","message":"Page request: GET (stylesheet) https://cdnjs.cloudflare.com/ajax/libs/metro/4.1.5/css/metro.min.css","meta":{"rootId":"rhzf5ye5v07ryxw","id":"rhzf5ye5v07ryxw"},"id":"0nhg9tu22kqwdsv","previousOperationId":"2basb9j9uh4rrfl"}
{"type":"log","timestamp":1676306003382,"level":"debug","message":"Page request: GET (script) https://cdn.jsdelivr.net/npm/chart.js","meta":{"rootId":"rhzf5ye5v07ryxw","id":"rhzf5ye5v07ryxw"},"id":"oq1r7yyvtdppzvx","previousOperationId":"2basb9j9uh4rrfl"}
{"type":"log","timestamp":1676306003390,"level":"debug","message":"Page request finished: GET (script) 200 https://cdn.jsdelivr.net/npm/chart.js","meta":{"rootId":"rhzf5ye5v07ryxw","id":"rhzf5ye5v07ryxw"},"id":"fsyd3d4qmziyipk","previousOperationId":"2basb9j9uh4rrfl"}
{"type":"log","timestamp":1676306003407,"level":"debug","message":"Page request finished: GET (stylesheet) 200 https://cdnjs.cloudflare.com/ajax/libs/metro/4.1.5/css/metro.min.css","meta":{"rootId":"rhzf5ye5v07ryxw","id":"rhzf5ye5v07ryxw"},"id":"ncco4nhh3ye02v7","previousOperationId":"2basb9j9uh4rrfl"}
{"type":"log","timestamp":1676306003414,"level":"debug","message":"(console:error) Invalid scale configuration for scale: yAxes","meta":{"userLevel":true,"rootId":"rhzf5ye5v07ryxw","id":"rhzf5ye5v07ryxw"},"id":"y12a55izoybjq7l","previousOperationId":"2basb9j9uh4rrfl"}
{"type":"log","timestamp":1676306003511,"level":"debug","message":"Running chrome with params {\"printBackground\":true,\"timeout\":59757,\"margin\":{}}","meta":{"rootId":"rhzf5ye5v07ryxw","id":"rhzf5ye5v07ryxw"},"id":"x9did8w0m9fjpr3","previousOperationId":"2basb9j9uh4rrfl"}
{"type":"operationEnd","operationId":"2basb9j9uh4rrfl","timestamp":1676306003589,"id":"cka7fvv4i8s90lu","previousEventId":"j3ce94xoj2az0e9","previousOperationId":"2basb9j9uh4rrfl"}
{"type":"log","timestamp":1676306003589,"level":"debug","message":"Skipping storing report.","meta":{"rootId":"rhzf5ye5v07ryxw","id":"rhzf5ye5v07ryxw"},"id":"efgegtsh8qkgmvs","previousOperationId":"2basb9j9uh4rrfl"}
{"type":"log","timestamp":1676306003589,"level":"info","message":"Rendering request 52 finished in 567 ms","meta":{"rootId":"rhzf5ye5v07ryxw","id":"rhzf5ye5v07ryxw"},"id":"3enj1h7pildv917","previousOperationId":"2basb9j9uh4rrfl"}
{"type":"operationEnd","subtype":"render","operationId":"tse7c9n4ncuab25","timestamp":1676306003589,"id":"gsmv30j8nxidjhs","previousEventId":"cka7fvv4i8s90lu","previousOperationId":"2basb9j9uh4rrfl"}
{"type":"operationEnd","doDiffs":false,"previousEventId":"whczxe9dgcgit8l","previousOperationId":"uecyuc84z9bjnin","operationId":"uecyuc84z9bjnin","timestamp":1676306003595,"id":"b60i22ocxw2qs3r"}
