{"type":"operationStart","subtype":"profile","data":{"_id":"wvwN3IhXBCM0XBJj","timestamp":"2023-02-13T16:06:13.469Z","state":"queued","mode":"standard","creationDate":"2023-02-13T16:06:13.471Z","modificationDate":"2023-02-13T16:06:13.471Z","shortid":"fCufFbX","$entitySet":"profiles"},"doDiffs":false,"timestamp":1676304373471,"id":"4t3ukadsjnmpr19","previousOperationId":null,"operationId":"3ctil7vbl5trimt"}
{"type":"log","level":"info","message":"Render request 19 queued for execution and waiting for available worker","previousOperationId":"3ctil7vbl5trimt","timestamp":1676304373471,"id":"wm1jlfws9yrkmph"}
{"type":"operationStart","subtype":"render","name":"prueba","previousOperationId":"3ctil7vbl5trimt","timestamp":1676304373481,"id":"xtofqvg2xz01o4q","previousEventId":"4t3ukadsjnmpr19","operationId":"88vvp7e7ig5xytg"}
{"type":"log","timestamp":1676304373481,"level":"info","message":"Starting rendering request 19","meta":{"rootId":"rkhkuelrph6y68w","id":"rkhkuelrph6y68w"},"id":"ac65dcvxqfmuc8n","previousOperationId":"88vvp7e7ig5xytg"}
{"type":"log","timestamp":1676304373481,"level":"info","message":"Rendering template { name: prueba, recipe: chrome-pdf, engine: handlebars, preview: true }","meta":{"rootId":"rkhkuelrph6y68w","id":"rkhkuelrph6y68w"},"id":"deuf6hr20dqodx0","previousOperationId":"88vvp7e7ig5xytg"}
{"type":"log","timestamp":1676304373481,"level":"debug","message":"Data item not defined for this template.","meta":{"rootId":"rkhkuelrph6y68w","id":"rkhkuelrph6y68w"},"id":"g1jytw9aaww8xto","previousOperationId":"88vvp7e7ig5xytg"}
{"type":"log","timestamp":1676304373485,"level":"debug","message":"Executing script script (beforeRender)","meta":{"rootId":"rkhkuelrph6y68w","id":"rkhkuelrph6y68w"},"id":"6v6i044299m71ff","previousOperationId":"88vvp7e7ig5xytg"}
{"type":"operationStart","subtype":"scriptsBeforeRender","name":"scripts beforeRender","timestamp":1676304373507,"id":"7xneeg7kw38wubd","previousEventId":"xtofqvg2xz01o4q","operationId":"ga1z2050lssoswk","previousOperationId":"88vvp7e7ig5xytg"}
{"type":"operationStart","subtype":"script","name":"scripts script","previousOperationId":"ga1z2050lssoswk","timestamp":1676304373507,"id":"xs5yu7u5dcdwl3b","previousEventId":"7xneeg7kw38wubd","operationId":"epwvqsd1tioellh"}
{"type":"operationEnd","operationId":"epwvqsd1tioellh","timestamp":1676304373676,"id":"fd2xk7g4esuojws","previousEventId":"xtofqvg2xz01o4q","previousOperationId":"88vvp7e7ig5xytg"}
{"type":"operationEnd","operationId":"ga1z2050lssoswk","timestamp":1676304373676,"id":"bl3m9l5nf5ma9yt","previousEventId":"fd2xk7g4esuojws","previousOperationId":"88vvp7e7ig5xytg"}
{"type":"log","timestamp":1676304373676,"level":"debug","message":"Base url not specified, skipping its injection.","meta":{"rootId":"rkhkuelrph6y68w","id":"rkhkuelrph6y68w"},"id":"k11ip42q0j4u3vz","previousOperationId":"ga1z2050lssoswk"}
{"type":"operationStart","subtype":"engine","name":"handlebars","timestamp":1676304373677,"id":"rfe9qxpxa4ftpwc","previousEventId":"bl3m9l5nf5ma9yt","operationId":"nz5p229s4ao5jlp","previousOperationId":"ga1z2050lssoswk"}
{"type":"log","timestamp":1676304373677,"level":"debug","message":"Rendering engine handlebars","meta":{"rootId":"rkhkuelrph6y68w","id":"rkhkuelrph6y68w"},"id":"57tuygbq7zfws55","previousOperationId":"nz5p229s4ao5jlp"}
{"type":"operationEnd","operationId":"nz5p229s4ao5jlp","timestamp":1676304373687,"id":"ck5l3m6e9cbxju5","previousEventId":"rfe9qxpxa4ftpwc","previousOperationId":"nz5p229s4ao5jlp"}
{"type":"operationStart","subtype":"recipe","name":"chrome-pdf","timestamp":1676304373687,"id":"3lybcxcwh63xvir","previousEventId":"ck5l3m6e9cbxju5","operationId":"65ihgeou395btt2","previousOperationId":"nz5p229s4ao5jlp"}
{"type":"log","timestamp":1676304373687,"level":"debug","message":"Executing recipe chrome-pdf","meta":{"rootId":"rkhkuelrph6y68w","id":"rkhkuelrph6y68w"},"id":"bxyr203n30j34hq","previousOperationId":"65ihgeou395btt2"}
{"type":"log","timestamp":1676304373689,"level":"debug","message":"Converting with chrome HeadlessChrome/105.0.5173.0 using chrome-pool strategy","meta":{"rootId":"rkhkuelrph6y68w","id":"rkhkuelrph6y68w"},"id":"lm94u2qh396xywr","previousOperationId":"65ihgeou395btt2"}
{"type":"log","timestamp":1676304373805,"level":"debug","message":"Page request: GET (document) file:///C:/Users/josei/AppData/Local/Temp/jsreport/autocleanup/978660dc-4db7-4364-90be-1617993bb40e-chrome-pdf.html","meta":{"rootId":"rkhkuelrph6y68w","id":"rkhkuelrph6y68w"},"id":"i223aoqxmv4cbei","previousOperationId":"65ihgeou395btt2"}
{"type":"log","timestamp":1676304373817,"level":"debug","message":"Page request finished: GET (document) 200 file:///C:/Users/josei/AppData/Local/Temp/jsreport/autocleanup/978660dc-4db7-4364-90be-1617993bb40e-chrome-pdf.html","meta":{"rootId":"rkhkuelrph6y68w","id":"rkhkuelrph6y68w"},"id":"srqe5vn7oh8qe8q","previousOperationId":"65ihgeou395btt2"}
{"type":"log","timestamp":1676304373819,"level":"debug","message":"Page request: GET (stylesheet) https://cdnjs.cloudflare.com/ajax/libs/metro/4.1.5/css/metro.min.css","meta":{"rootId":"rkhkuelrph6y68w","id":"rkhkuelrph6y68w"},"id":"y5wp99uujhxbqbv","previousOperationId":"65ihgeou395btt2"}
{"type":"log","timestamp":1676304373819,"level":"debug","message":"Page request: GET (script) https://cdn.jsdelivr.net/npm/chart.js","meta":{"rootId":"rkhkuelrph6y68w","id":"rkhkuelrph6y68w"},"id":"muw667djes9zi1y","previousOperationId":"65ihgeou395btt2"}
{"type":"log","timestamp":1676304373849,"level":"debug","message":"Page request finished: GET (stylesheet) 200 https://cdnjs.cloudflare.com/ajax/libs/metro/4.1.5/css/metro.min.css","meta":{"rootId":"rkhkuelrph6y68w","id":"rkhkuelrph6y68w"},"id":"lt4sple0xckdwhw","previousOperationId":"65ihgeou395btt2"}
{"type":"log","timestamp":1676304373849,"level":"debug","message":"Page request finished: GET (script) 200 https://cdn.jsdelivr.net/npm/chart.js","meta":{"rootId":"rkhkuelrph6y68w","id":"rkhkuelrph6y68w"},"id":"xvsw1p2mwzu7v04","previousOperationId":"65ihgeou395btt2"}
{"type":"log","timestamp":1676304373856,"level":"debug","message":"(console:error) Invalid scale configuration for scale: yAxes","meta":{"userLevel":true,"rootId":"rkhkuelrph6y68w","id":"rkhkuelrph6y68w"},"id":"qxll5idw1e403n7","previousOperationId":"65ihgeou395btt2"}
{"type":"log","timestamp":1676304373966,"level":"debug","message":"Running chrome with params {\"printBackground\":true,\"timeout\":59780,\"margin\":{}}","meta":{"rootId":"rkhkuelrph6y68w","id":"rkhkuelrph6y68w"},"id":"7n87pyimce50a6u","previousOperationId":"65ihgeou395btt2"}
{"type":"operationEnd","operationId":"65ihgeou395btt2","timestamp":1676304374048,"id":"7yejua3jy6v4i20","previousEventId":"3lybcxcwh63xvir","previousOperationId":"65ihgeou395btt2"}
{"type":"log","timestamp":1676304374048,"level":"debug","message":"Skipping storing report.","meta":{"rootId":"rkhkuelrph6y68w","id":"rkhkuelrph6y68w"},"id":"rlcf3sn0uf2xm9r","previousOperationId":"65ihgeou395btt2"}
{"type":"log","timestamp":1676304374048,"level":"info","message":"Rendering request 19 finished in 579 ms","meta":{"rootId":"rkhkuelrph6y68w","id":"rkhkuelrph6y68w"},"id":"sdxmf0mlwt4kfl0","previousOperationId":"65ihgeou395btt2"}
{"type":"operationEnd","subtype":"render","operationId":"88vvp7e7ig5xytg","timestamp":1676304374048,"id":"02buc5ccs8om3xr","previousEventId":"7yejua3jy6v4i20","previousOperationId":"65ihgeou395btt2"}
{"type":"operationEnd","doDiffs":false,"previousEventId":"4t3ukadsjnmpr19","previousOperationId":"3ctil7vbl5trimt","operationId":"3ctil7vbl5trimt","timestamp":1676304374053,"id":"ur05rac4hbgb6hj"}
