{"type":"operationStart","subtype":"profile","data":{"_id":"HwajyfAXHbAcGuSj","timestamp":"2023-02-13T16:28:10.484Z","state":"queued","mode":"standard","creationDate":"2023-02-13T16:28:10.486Z","modificationDate":"2023-02-13T16:28:10.486Z","shortid":"2D8FtmR","$entitySet":"profiles"},"doDiffs":false,"timestamp":1676305690485,"id":"vuq5w8grgoy0ush","previousOperationId":null,"operationId":"shi7orggdfkq2v3"}
{"type":"log","level":"info","message":"Render request 46 queued for execution and waiting for available worker","previousOperationId":"shi7orggdfkq2v3","timestamp":1676305690486,"id":"nlp1wwv4lknbd8e"}
{"type":"operationStart","subtype":"render","name":"prueba","previousOperationId":"shi7orggdfkq2v3","timestamp":1676305690514,"id":"elk0v8a0jj74c85","previousEventId":"vuq5w8grgoy0ush","operationId":"obti1o5mzlkxpe1"}
{"type":"log","timestamp":1676305690514,"level":"info","message":"Starting rendering request 46","meta":{"rootId":"rt8m0cetfpui84x","id":"rt8m0cetfpui84x"},"id":"m49hh2m0veyfcjk","previousOperationId":"obti1o5mzlkxpe1"}
{"type":"log","timestamp":1676305690514,"level":"info","message":"Rendering template { name: prueba, recipe: chrome-pdf, engine: handlebars, preview: true }","meta":{"rootId":"rt8m0cetfpui84x","id":"rt8m0cetfpui84x"},"id":"dcirpr41tst9kf9","previousOperationId":"obti1o5mzlkxpe1"}
{"type":"log","timestamp":1676305690515,"level":"debug","message":"Data item not defined for this template.","meta":{"rootId":"rt8m0cetfpui84x","id":"rt8m0cetfpui84x"},"id":"udwder15zzm0zcs","previousOperationId":"obti1o5mzlkxpe1"}
{"type":"log","timestamp":1676305690524,"level":"debug","message":"Executing script script (beforeRender)","meta":{"rootId":"rt8m0cetfpui84x","id":"rt8m0cetfpui84x"},"id":"o7bswvmtjp43dhz","previousOperationId":"obti1o5mzlkxpe1"}
{"type":"operationStart","subtype":"scriptsBeforeRender","name":"scripts beforeRender","timestamp":1676305690543,"id":"fcz2pqhgrnoez0n","previousEventId":"elk0v8a0jj74c85","operationId":"7lx565x9r2o6kt0","previousOperationId":"obti1o5mzlkxpe1"}
{"type":"operationStart","subtype":"script","name":"scripts script","previousOperationId":"7lx565x9r2o6kt0","timestamp":1676305690543,"id":"03cvvuhek03at7k","previousEventId":"fcz2pqhgrnoez0n","operationId":"rongr5ep2gihhxt"}
{"type":"operationEnd","operationId":"rongr5ep2gihhxt","timestamp":1676305690741,"id":"509t8uqhqzwt8dz","previousEventId":"elk0v8a0jj74c85","previousOperationId":"obti1o5mzlkxpe1"}
{"type":"operationEnd","operationId":"7lx565x9r2o6kt0","timestamp":1676305690741,"id":"of3b60c01fvf0wh","previousEventId":"509t8uqhqzwt8dz","previousOperationId":"obti1o5mzlkxpe1"}
{"type":"log","timestamp":1676305690741,"level":"debug","message":"Base url not specified, skipping its injection.","meta":{"rootId":"rt8m0cetfpui84x","id":"rt8m0cetfpui84x"},"id":"eh80urrs07zkv4g","previousOperationId":"7lx565x9r2o6kt0"}
{"type":"operationStart","subtype":"engine","name":"handlebars","timestamp":1676305690742,"id":"0vnzfq9m9vgofr8","previousEventId":"of3b60c01fvf0wh","operationId":"mgtu7lvng5fwqy6","previousOperationId":"7lx565x9r2o6kt0"}
{"type":"log","timestamp":1676305690742,"level":"debug","message":"Rendering engine handlebars","meta":{"rootId":"rt8m0cetfpui84x","id":"rt8m0cetfpui84x"},"id":"kodfvaiujbmlygi","previousOperationId":"mgtu7lvng5fwqy6"}
{"type":"operationEnd","operationId":"mgtu7lvng5fwqy6","timestamp":1676305690753,"id":"7ual4kwigv4p85n","previousEventId":"0vnzfq9m9vgofr8","previousOperationId":"mgtu7lvng5fwqy6"}
{"type":"operationStart","subtype":"recipe","name":"chrome-pdf","timestamp":1676305690753,"id":"ry2rntj9av9gp2q","previousEventId":"7ual4kwigv4p85n","operationId":"e4cvioik7ots65r","previousOperationId":"mgtu7lvng5fwqy6"}
{"type":"log","timestamp":1676305690753,"level":"debug","message":"Executing recipe chrome-pdf","meta":{"rootId":"rt8m0cetfpui84x","id":"rt8m0cetfpui84x"},"id":"cv7nvi9ilsaf5v2","previousOperationId":"e4cvioik7ots65r"}
{"type":"log","timestamp":1676305690756,"level":"debug","message":"Converting with chrome HeadlessChrome/105.0.5173.0 using chrome-pool strategy","meta":{"rootId":"rt8m0cetfpui84x","id":"rt8m0cetfpui84x"},"id":"zty80b5bgz44dc4","previousOperationId":"e4cvioik7ots65r"}
{"type":"log","timestamp":1676305690853,"level":"debug","message":"Page request: GET (document) file:///C:/Users/josei/AppData/Local/Temp/jsreport/autocleanup/e816dec8-5e28-42ca-a277-59f62ee8de12-chrome-pdf.html","meta":{"rootId":"rt8m0cetfpui84x","id":"rt8m0cetfpui84x"},"id":"v3qb82awzehb7ze","previousOperationId":"e4cvioik7ots65r"}
{"type":"log","timestamp":1676305690876,"level":"debug","message":"Page request finished: GET (document) 200 file:///C:/Users/josei/AppData/Local/Temp/jsreport/autocleanup/e816dec8-5e28-42ca-a277-59f62ee8de12-chrome-pdf.html","meta":{"rootId":"rt8m0cetfpui84x","id":"rt8m0cetfpui84x"},"id":"cgbhuby3z469a0k","previousOperationId":"e4cvioik7ots65r"}
{"type":"log","timestamp":1676305690876,"level":"debug","message":"Page request: GET (stylesheet) https://cdnjs.cloudflare.com/ajax/libs/metro/4.1.5/css/metro.min.css","meta":{"rootId":"rt8m0cetfpui84x","id":"rt8m0cetfpui84x"},"id":"e110zwdjga3a4rk","previousOperationId":"e4cvioik7ots65r"}
{"type":"log","timestamp":1676305690876,"level":"debug","message":"Page request: GET (script) https://cdn.jsdelivr.net/npm/chart.js","meta":{"rootId":"rt8m0cetfpui84x","id":"rt8m0cetfpui84x"},"id":"5licnret97n0q4h","previousOperationId":"e4cvioik7ots65r"}
{"type":"log","timestamp":1676305690881,"level":"debug","message":"Page request finished: GET (script) 200 https://cdn.jsdelivr.net/npm/chart.js","meta":{"rootId":"rt8m0cetfpui84x","id":"rt8m0cetfpui84x"},"id":"m4pds6n1r6n35wx","previousOperationId":"e4cvioik7ots65r"}
{"type":"log","timestamp":1676305690901,"level":"debug","message":"Page request finished: GET (stylesheet) 200 https://cdnjs.cloudflare.com/ajax/libs/metro/4.1.5/css/metro.min.css","meta":{"rootId":"rt8m0cetfpui84x","id":"rt8m0cetfpui84x"},"id":"fzxopo2kqqvkxph","previousOperationId":"e4cvioik7ots65r"}
{"type":"log","timestamp":1676305690908,"level":"debug","message":"(console:error) Invalid scale configuration for scale: yAxes","meta":{"userLevel":true,"rootId":"rt8m0cetfpui84x","id":"rt8m0cetfpui84x"},"id":"v01ilr8onn675cn","previousOperationId":"e4cvioik7ots65r"}
{"type":"log","timestamp":1676305691004,"level":"debug","message":"Running chrome with params {\"printBackground\":true,\"timeout\":59729,\"margin\":{}}","meta":{"rootId":"rt8m0cetfpui84x","id":"rt8m0cetfpui84x"},"id":"2z1ylspnz3ezoxz","previousOperationId":"e4cvioik7ots65r"}
{"type":"operationEnd","operationId":"e4cvioik7ots65r","timestamp":1676305691081,"id":"4z7q50tog14q8fm","previousEventId":"ry2rntj9av9gp2q","previousOperationId":"e4cvioik7ots65r"}
{"type":"log","timestamp":1676305691081,"level":"debug","message":"Skipping storing report.","meta":{"rootId":"rt8m0cetfpui84x","id":"rt8m0cetfpui84x"},"id":"mtyklpo3uizxm52","previousOperationId":"e4cvioik7ots65r"}
{"type":"log","timestamp":1676305691081,"level":"info","message":"Rendering request 46 finished in 597 ms","meta":{"rootId":"rt8m0cetfpui84x","id":"rt8m0cetfpui84x"},"id":"4ss6vb1lcgk55mg","previousOperationId":"e4cvioik7ots65r"}
{"type":"operationEnd","subtype":"render","operationId":"obti1o5mzlkxpe1","timestamp":1676305691081,"id":"19ijal2p1bm3pey","previousEventId":"4z7q50tog14q8fm","previousOperationId":"e4cvioik7ots65r"}
{"type":"operationEnd","doDiffs":false,"previousEventId":"vuq5w8grgoy0ush","previousOperationId":"shi7orggdfkq2v3","operationId":"shi7orggdfkq2v3","timestamp":1676305691085,"id":"e0d6scgzo99g1dx"}
