{"type":"operationStart","subtype":"profile","data":{"_id":"6KJj9y8PBJAtRiHl","timestamp":"2023-02-13T15:59:54.832Z","state":"queued","mode":"standard","creationDate":"2023-02-13T15:59:54.836Z","modificationDate":"2023-02-13T15:59:54.836Z","shortid":"-dW2bsO","$entitySet":"profiles"},"doDiffs":false,"timestamp":1676303994833,"id":"kyyitoa7bst5hup","previousOperationId":null,"operationId":"tmvw36v8oyhi24r"}
{"type":"log","level":"info","message":"Render request 7 queued for execution and waiting for available worker","previousOperationId":"tmvw36v8oyhi24r","timestamp":1676303994833,"id":"s0fsl1h13i641yi"}
{"type":"operationStart","subtype":"render","name":"prueba","previousOperationId":"tmvw36v8oyhi24r","timestamp":1676303994843,"id":"te2a98ajsrvnyem","previousEventId":"kyyitoa7bst5hup","operationId":"yvm08mtbv8hmkbx"}
{"type":"log","timestamp":1676303994843,"level":"info","message":"Starting rendering request 7","meta":{"rootId":"rxbinbgd6u1o5dp","id":"rxbinbgd6u1o5dp"},"id":"ftdqctapvek9m59","previousOperationId":"yvm08mtbv8hmkbx"}
{"type":"log","timestamp":1676303994843,"level":"info","message":"Rendering template { name: prueba, recipe: chrome-pdf, engine: handlebars, preview: true }","meta":{"rootId":"rxbinbgd6u1o5dp","id":"rxbinbgd6u1o5dp"},"id":"mwd0fd7g59vm8tf","previousOperationId":"yvm08mtbv8hmkbx"}
{"type":"log","timestamp":1676303994844,"level":"debug","message":"Data item not defined for this template.","meta":{"rootId":"rxbinbgd6u1o5dp","id":"rxbinbgd6u1o5dp"},"id":"35bialds1o4oyuy","previousOperationId":"yvm08mtbv8hmkbx"}
{"type":"log","timestamp":1676303994850,"level":"debug","message":"Executing script script (beforeRender)","meta":{"rootId":"rxbinbgd6u1o5dp","id":"rxbinbgd6u1o5dp"},"id":"cmbvcfq2y506c8y","previousOperationId":"yvm08mtbv8hmkbx"}
{"type":"operationStart","subtype":"scriptsBeforeRender","name":"scripts beforeRender","timestamp":1676303994871,"id":"yt0n4h9tsbssorf","previousEventId":"te2a98ajsrvnyem","operationId":"67s971u25n6thww","previousOperationId":"yvm08mtbv8hmkbx"}
{"type":"operationStart","subtype":"script","name":"scripts script","previousOperationId":"67s971u25n6thww","timestamp":1676303994871,"id":"9wsmvqclx3v2fj5","previousEventId":"yt0n4h9tsbssorf","operationId":"vprp0dfamt269p6"}
{"type":"operationEnd","operationId":"vprp0dfamt269p6","timestamp":1676303995094,"id":"2b94l09noq8kbwd","previousEventId":"te2a98ajsrvnyem","previousOperationId":"yvm08mtbv8hmkbx"}
{"type":"operationEnd","operationId":"67s971u25n6thww","timestamp":1676303995094,"id":"a5tw22vc0v44ih4","previousEventId":"2b94l09noq8kbwd","previousOperationId":"yvm08mtbv8hmkbx"}
{"type":"log","timestamp":1676303995094,"level":"debug","message":"Base url not specified, skipping its injection.","meta":{"rootId":"rxbinbgd6u1o5dp","id":"rxbinbgd6u1o5dp"},"id":"zop7ggh89mi23a4","previousOperationId":"67s971u25n6thww"}
{"type":"operationStart","subtype":"engine","name":"handlebars","timestamp":1676303995094,"id":"bmcxgcun6wbs8fn","previousEventId":"a5tw22vc0v44ih4","operationId":"uhj9z9l3yew3o0p","previousOperationId":"67s971u25n6thww"}
{"type":"log","timestamp":1676303995094,"level":"debug","message":"Rendering engine handlebars","meta":{"rootId":"rxbinbgd6u1o5dp","id":"rxbinbgd6u1o5dp"},"id":"muw4ew4w4evylg3","previousOperationId":"uhj9z9l3yew3o0p"}
{"type":"operationEnd","operationId":"uhj9z9l3yew3o0p","timestamp":1676303995110,"id":"g5okcvu7ilpuixb","previousEventId":"bmcxgcun6wbs8fn","previousOperationId":"uhj9z9l3yew3o0p"}
{"type":"operationStart","subtype":"recipe","name":"chrome-pdf","timestamp":1676303995110,"id":"a0ct7711dncwwre","previousEventId":"g5okcvu7ilpuixb","operationId":"ud50bxcw4ib8i8r","previousOperationId":"uhj9z9l3yew3o0p"}
{"type":"log","timestamp":1676303995110,"level":"debug","message":"Executing recipe chrome-pdf","meta":{"rootId":"rxbinbgd6u1o5dp","id":"rxbinbgd6u1o5dp"},"id":"fa4pn1vxwumiwfr","previousOperationId":"ud50bxcw4ib8i8r"}
{"type":"log","timestamp":1676303995127,"level":"debug","message":"Converting with chrome HeadlessChrome/105.0.5173.0 using chrome-pool strategy","meta":{"rootId":"rxbinbgd6u1o5dp","id":"rxbinbgd6u1o5dp"},"id":"97mny4tf0yat91v","previousOperationId":"ud50bxcw4ib8i8r"}
{"type":"log","timestamp":1676303995225,"level":"debug","message":"Page request: GET (document) file:///C:/Users/josei/AppData/Local/Temp/jsreport/autocleanup/62ca933a-0894-4e4f-af1c-43f8f65370e9-chrome-pdf.html","meta":{"rootId":"rxbinbgd6u1o5dp","id":"rxbinbgd6u1o5dp"},"id":"rxzmkw40rvcyml5","previousOperationId":"ud50bxcw4ib8i8r"}
{"type":"log","timestamp":1676303995245,"level":"debug","message":"Page request finished: GET (document) 200 file:///C:/Users/josei/AppData/Local/Temp/jsreport/autocleanup/62ca933a-0894-4e4f-af1c-43f8f65370e9-chrome-pdf.html","meta":{"rootId":"rxbinbgd6u1o5dp","id":"rxbinbgd6u1o5dp"},"id":"s7c76jgxeb07k4l","previousOperationId":"ud50bxcw4ib8i8r"}
{"type":"log","timestamp":1676303995245,"level":"debug","message":"Page request: GET (stylesheet) https://cdnjs.cloudflare.com/ajax/libs/metro/4.1.5/css/metro.min.css","meta":{"rootId":"rxbinbgd6u1o5dp","id":"rxbinbgd6u1o5dp"},"id":"exno035rcg9g95u","previousOperationId":"ud50bxcw4ib8i8r"}
{"type":"log","timestamp":1676303995245,"level":"debug","message":"Page request: GET (script) https://cdn.jsdelivr.net/npm/chart.js","meta":{"rootId":"rxbinbgd6u1o5dp","id":"rxbinbgd6u1o5dp"},"id":"6hutf54x57jvo2a","previousOperationId":"ud50bxcw4ib8i8r"}
{"type":"log","timestamp":1676303995253,"level":"debug","message":"Page request finished: GET (script) 200 https://cdn.jsdelivr.net/npm/chart.js","meta":{"rootId":"rxbinbgd6u1o5dp","id":"rxbinbgd6u1o5dp"},"id":"cjekv4m2hyn7t8c","previousOperationId":"ud50bxcw4ib8i8r"}
{"type":"log","timestamp":1676303995269,"level":"debug","message":"Page request finished: GET (stylesheet) 200 https://cdnjs.cloudflare.com/ajax/libs/metro/4.1.5/css/metro.min.css","meta":{"rootId":"rxbinbgd6u1o5dp","id":"rxbinbgd6u1o5dp"},"id":"bhlnxmfekqj2vqe","previousOperationId":"ud50bxcw4ib8i8r"}
{"type":"log","timestamp":1676303995275,"level":"warn","message":"Page error: TypeError: Cannot read properties of null (reading 'getContext')\n    at file:///C:/Users/josei/AppData/Local/Temp/jsreport/autocleanup/62ca933a-0894-4e4f-af1c-43f8f65370e9-chrome-pdf.html:82:43","meta":{"rootId":"rxbinbgd6u1o5dp","id":"rxbinbgd6u1o5dp"},"id":"osfnm8esi6wg76a","previousOperationId":"ud50bxcw4ib8i8r"}
{"type":"log","timestamp":1676303995308,"level":"debug","message":"Running chrome with params {\"printBackground\":true,\"timeout\":59706,\"margin\":{}}","meta":{"rootId":"rxbinbgd6u1o5dp","id":"rxbinbgd6u1o5dp"},"id":"savxa3cbylbixkp","previousOperationId":"ud50bxcw4ib8i8r"}
{"type":"operationEnd","operationId":"ud50bxcw4ib8i8r","timestamp":1676303995393,"id":"ovkjnuh05j802us","previousEventId":"a0ct7711dncwwre","previousOperationId":"ud50bxcw4ib8i8r"}
{"type":"log","timestamp":1676303995393,"level":"debug","message":"Skipping storing report.","meta":{"rootId":"rxbinbgd6u1o5dp","id":"rxbinbgd6u1o5dp"},"id":"a5ehznkb7llx9yr","previousOperationId":"ud50bxcw4ib8i8r"}
{"type":"log","timestamp":1676303995393,"level":"info","message":"Rendering request 7 finished in 561 ms","meta":{"rootId":"rxbinbgd6u1o5dp","id":"rxbinbgd6u1o5dp"},"id":"bkulr0pm3lv435g","previousOperationId":"ud50bxcw4ib8i8r"}
{"type":"operationEnd","subtype":"render","operationId":"yvm08mtbv8hmkbx","timestamp":1676303995393,"id":"ih3en5gp4t3aldb","previousEventId":"ovkjnuh05j802us","previousOperationId":"ud50bxcw4ib8i8r"}
{"type":"operationEnd","doDiffs":false,"previousEventId":"kyyitoa7bst5hup","previousOperationId":"tmvw36v8oyhi24r","operationId":"tmvw36v8oyhi24r","timestamp":1676303995398,"id":"hn05itp3nigriji"}
