{"type":"operationStart","subtype":"profile","data":{"_id":"mT8O06PqPiq0Llby","timestamp":"2023-02-13T16:43:41.127Z","state":"queued","mode":"standard","creationDate":"2023-02-13T16:43:41.130Z","modificationDate":"2023-02-13T16:43:41.130Z","shortid":"4UVU_TG","$entitySet":"profiles"},"doDiffs":false,"timestamp":1676306621129,"id":"3rv8kgoasnyojci","previousOperationId":null,"operationId":"cowzjw11lktw3zm"}
{"type":"log","level":"info","message":"Render request 74 queued for execution and waiting for available worker","previousOperationId":"cowzjw11lktw3zm","timestamp":1676306621129,"id":"5mx0snysobxxs0w"}
{"type":"operationStart","subtype":"render","name":"prueba","previousOperationId":"cowzjw11lktw3zm","timestamp":1676306621143,"id":"u82sbmu8fu2g50m","previousEventId":"3rv8kgoasnyojci","operationId":"uducpkfj29h30vu"}
{"type":"log","timestamp":1676306621143,"level":"info","message":"Starting rendering request 74","meta":{"rootId":"t0s4r9nx8fbxw9u","id":"t0s4r9nx8fbxw9u"},"id":"7v3ql8b83aqx2kj","previousOperationId":"uducpkfj29h30vu"}
{"type":"log","timestamp":1676306621143,"level":"info","message":"Rendering template { name: prueba, recipe: chrome-pdf, engine: handlebars, preview: true }","meta":{"rootId":"t0s4r9nx8fbxw9u","id":"t0s4r9nx8fbxw9u"},"id":"ypy8np1l3e88stj","previousOperationId":"uducpkfj29h30vu"}
{"type":"log","timestamp":1676306621146,"level":"debug","message":"Data item not defined for this template.","meta":{"rootId":"t0s4r9nx8fbxw9u","id":"t0s4r9nx8fbxw9u"},"id":"ohc5opwwq45ud8k","previousOperationId":"uducpkfj29h30vu"}
{"type":"log","timestamp":1676306621153,"level":"debug","message":"Executing script script (beforeRender)","meta":{"rootId":"t0s4r9nx8fbxw9u","id":"t0s4r9nx8fbxw9u"},"id":"xhrfk838zliw316","previousOperationId":"uducpkfj29h30vu"}
{"type":"operationStart","subtype":"scriptsBeforeRender","name":"scripts beforeRender","timestamp":1676306621178,"id":"t4xy4o9rib1a2zk","previousEventId":"u82sbmu8fu2g50m","operationId":"essbuvzvdnoycul","previousOperationId":"uducpkfj29h30vu"}
{"type":"operationStart","subtype":"script","name":"scripts script","previousOperationId":"essbuvzvdnoycul","timestamp":1676306621178,"id":"fomt2fvz9scsg8i","previousEventId":"t4xy4o9rib1a2zk","operationId":"paapu7azpsweij5"}
{"type":"operationEnd","operationId":"paapu7azpsweij5","timestamp":1676306621354,"id":"gg595xhecbkgdvv","previousEventId":"u82sbmu8fu2g50m","previousOperationId":"uducpkfj29h30vu"}
{"type":"operationEnd","operationId":"essbuvzvdnoycul","timestamp":1676306621354,"id":"n4fra4q2u1bz0c4","previousEventId":"gg595xhecbkgdvv","previousOperationId":"uducpkfj29h30vu"}
{"type":"log","timestamp":1676306621354,"level":"debug","message":"Base url not specified, skipping its injection.","meta":{"rootId":"t0s4r9nx8fbxw9u","id":"t0s4r9nx8fbxw9u"},"id":"dajoauwbbg53qh5","previousOperationId":"essbuvzvdnoycul"}
{"type":"operationStart","subtype":"engine","name":"handlebars","timestamp":1676306621354,"id":"n83xdvu79n5gxc3","previousEventId":"n4fra4q2u1bz0c4","operationId":"pxohrjjcay52anj","previousOperationId":"essbuvzvdnoycul"}
{"type":"log","timestamp":1676306621354,"level":"debug","message":"Rendering engine handlebars","meta":{"rootId":"t0s4r9nx8fbxw9u","id":"t0s4r9nx8fbxw9u"},"id":"nwxrimf2grdvbzt","previousOperationId":"pxohrjjcay52anj"}
{"type":"operationEnd","operationId":"pxohrjjcay52anj","timestamp":1676306621362,"id":"a0dxvv8pb5hyhnm","previousEventId":"n83xdvu79n5gxc3","previousOperationId":"pxohrjjcay52anj"}
{"type":"operationStart","subtype":"recipe","name":"chrome-pdf","timestamp":1676306621362,"id":"cehx3p50rkecrls","previousEventId":"a0dxvv8pb5hyhnm","operationId":"7itg4jrfa2litz7","previousOperationId":"pxohrjjcay52anj"}
{"type":"log","timestamp":1676306621362,"level":"debug","message":"Executing recipe chrome-pdf","meta":{"rootId":"t0s4r9nx8fbxw9u","id":"t0s4r9nx8fbxw9u"},"id":"tgsncl4osrm2530","previousOperationId":"7itg4jrfa2litz7"}
{"type":"log","timestamp":1676306621364,"level":"debug","message":"Converting with chrome HeadlessChrome/105.0.5173.0 using chrome-pool strategy","meta":{"rootId":"t0s4r9nx8fbxw9u","id":"t0s4r9nx8fbxw9u"},"id":"e5xeyb1zzr7m99k","previousOperationId":"7itg4jrfa2litz7"}
{"type":"log","timestamp":1676306621459,"level":"debug","message":"Page request: GET (document) file:///C:/Users/josei/AppData/Local/Temp/jsreport/autocleanup/8b9a30ee-3279-4823-8998-1d64f17ba43e-chrome-pdf.html","meta":{"rootId":"t0s4r9nx8fbxw9u","id":"t0s4r9nx8fbxw9u"},"id":"fgv5b31jjfi0g1r","previousOperationId":"7itg4jrfa2litz7"}
{"type":"log","timestamp":1676306621470,"level":"debug","message":"Page request finished: GET (document) 200 file:///C:/Users/josei/AppData/Local/Temp/jsreport/autocleanup/8b9a30ee-3279-4823-8998-1d64f17ba43e-chrome-pdf.html","meta":{"rootId":"t0s4r9nx8fbxw9u","id":"t0s4r9nx8fbxw9u"},"id":"ga9wubqiqvw4hyf","previousOperationId":"7itg4jrfa2litz7"}
{"type":"log","timestamp":1676306621470,"level":"debug","message":"Page request: GET (stylesheet) https://cdnjs.cloudflare.com/ajax/libs/metro/4.1.5/css/metro.min.css","meta":{"rootId":"t0s4r9nx8fbxw9u","id":"t0s4r9nx8fbxw9u"},"id":"ugrlcy9sutyv8bn","previousOperationId":"7itg4jrfa2litz7"}
{"type":"log","timestamp":1676306621471,"level":"debug","message":"Page request: GET (script) https://cdn.jsdelivr.net/npm/chart.js","meta":{"rootId":"t0s4r9nx8fbxw9u","id":"t0s4r9nx8fbxw9u"},"id":"x2v96qxuayb9clr","previousOperationId":"7itg4jrfa2litz7"}
{"type":"log","timestamp":1676306621477,"level":"debug","message":"Page request finished: GET (script) 200 https://cdn.jsdelivr.net/npm/chart.js","meta":{"rootId":"t0s4r9nx8fbxw9u","id":"t0s4r9nx8fbxw9u"},"id":"muwjqb050nwlhvu","previousOperationId":"7itg4jrfa2litz7"}
{"type":"log","timestamp":1676306621493,"level":"debug","message":"Page request finished: GET (stylesheet) 200 https://cdnjs.cloudflare.com/ajax/libs/metro/4.1.5/css/metro.min.css","meta":{"rootId":"t0s4r9nx8fbxw9u","id":"t0s4r9nx8fbxw9u"},"id":"8g20b76eo93y1ik","previousOperationId":"7itg4jrfa2litz7"}
{"type":"log","timestamp":1676306621500,"level":"debug","message":"(console:error) Invalid scale configuration for scale: yAxes","meta":{"userLevel":true,"rootId":"t0s4r9nx8fbxw9u","id":"t0s4r9nx8fbxw9u"},"id":"ygu5o7vnlupee88","previousOperationId":"7itg4jrfa2litz7"}
{"type":"log","timestamp":1676306621613,"level":"debug","message":"Running chrome with params {\"printBackground\":true,\"timeout\":59763,\"margin\":{}}","meta":{"rootId":"t0s4r9nx8fbxw9u","id":"t0s4r9nx8fbxw9u"},"id":"fdnip3jy7vv2ahl","previousOperationId":"7itg4jrfa2litz7"}
{"type":"operationEnd","operationId":"7itg4jrfa2litz7","timestamp":1676306621704,"id":"hebw6i49gtqlk7a","previousEventId":"cehx3p50rkecrls","previousOperationId":"7itg4jrfa2litz7"}
{"type":"log","timestamp":1676306621704,"level":"debug","message":"Skipping storing report.","meta":{"rootId":"t0s4r9nx8fbxw9u","id":"t0s4r9nx8fbxw9u"},"id":"ne79szv9qw6t7fa","previousOperationId":"7itg4jrfa2litz7"}
{"type":"log","timestamp":1676306621704,"level":"info","message":"Rendering request 74 finished in 577 ms","meta":{"rootId":"t0s4r9nx8fbxw9u","id":"t0s4r9nx8fbxw9u"},"id":"h2u6rwsjazt4ybt","previousOperationId":"7itg4jrfa2litz7"}
{"type":"operationEnd","subtype":"render","operationId":"uducpkfj29h30vu","timestamp":1676306621704,"id":"br2w0t753ef4h3n","previousEventId":"hebw6i49gtqlk7a","previousOperationId":"7itg4jrfa2litz7"}
{"type":"operationEnd","doDiffs":false,"previousEventId":"3rv8kgoasnyojci","previousOperationId":"cowzjw11lktw3zm","operationId":"cowzjw11lktw3zm","timestamp":1676306621709,"id":"ctbkyd7s0z8yzmx"}
