{"type":"operationStart","subtype":"profile","data":{"_id":"Kw7ypp3R95whqO5Z","timestamp":"2023-02-13T16:05:27.345Z","state":"queued","mode":"standard","creationDate":"2023-02-13T16:05:27.348Z","modificationDate":"2023-02-13T16:05:27.348Z","shortid":"b-qUQbu","$entitySet":"profiles"},"doDiffs":false,"timestamp":1676304327347,"id":"jxcm2m80p8hkzc7","previousOperationId":null,"operationId":"5rqqv53ccgbbk7j"}
{"type":"log","level":"info","message":"Render request 12 queued for execution and waiting for available worker","previousOperationId":"5rqqv53ccgbbk7j","timestamp":1676304327347,"id":"16nn50a4ypqqw87"}
{"type":"operationStart","subtype":"render","name":"prueba","previousOperationId":"5rqqv53ccgbbk7j","timestamp":1676304327356,"id":"yow45kuve0llyx2","previousEventId":"jxcm2m80p8hkzc7","operationId":"itwr2gtji542qg3"}
{"type":"log","timestamp":1676304327356,"level":"info","message":"Starting rendering request 12","meta":{"rootId":"t2yexdfgmn9tka5","id":"t2yexdfgmn9tka5"},"id":"48pqolq26xue407","previousOperationId":"itwr2gtji542qg3"}
{"type":"log","timestamp":1676304327356,"level":"info","message":"Rendering template { name: prueba, recipe: chrome-pdf, engine: handlebars, preview: true }","meta":{"rootId":"t2yexdfgmn9tka5","id":"t2yexdfgmn9tka5"},"id":"x55ifxzl33devfp","previousOperationId":"itwr2gtji542qg3"}
{"type":"log","timestamp":1676304327356,"level":"debug","message":"Data item not defined for this template.","meta":{"rootId":"t2yexdfgmn9tka5","id":"t2yexdfgmn9tka5"},"id":"ga6vt0zqw17198h","previousOperationId":"itwr2gtji542qg3"}
{"type":"log","timestamp":1676304327358,"level":"debug","message":"Executing script script (beforeRender)","meta":{"rootId":"t2yexdfgmn9tka5","id":"t2yexdfgmn9tka5"},"id":"f9wathuik8p9wy6","previousOperationId":"itwr2gtji542qg3"}
{"type":"operationStart","subtype":"scriptsBeforeRender","name":"scripts beforeRender","timestamp":1676304327380,"id":"st5voz774q06zvu","previousEventId":"yow45kuve0llyx2","operationId":"bzh61q71smm3ok3","previousOperationId":"itwr2gtji542qg3"}
{"type":"operationStart","subtype":"script","name":"scripts script","previousOperationId":"bzh61q71smm3ok3","timestamp":1676304327380,"id":"18l6t923trd2oo8","previousEventId":"st5voz774q06zvu","operationId":"ugtfnozles7p2zb"}
{"type":"operationEnd","operationId":"ugtfnozles7p2zb","timestamp":1676304327597,"id":"r1i6sibww3cwwxk","previousEventId":"yow45kuve0llyx2","previousOperationId":"itwr2gtji542qg3"}
{"type":"operationEnd","operationId":"bzh61q71smm3ok3","timestamp":1676304327597,"id":"ahhwzrajhxi2p1g","previousEventId":"r1i6sibww3cwwxk","previousOperationId":"itwr2gtji542qg3"}
{"type":"log","timestamp":1676304327597,"level":"debug","message":"Base url not specified, skipping its injection.","meta":{"rootId":"t2yexdfgmn9tka5","id":"t2yexdfgmn9tka5"},"id":"ryd3s2xmglxpv49","previousOperationId":"bzh61q71smm3ok3"}
{"type":"operationStart","subtype":"engine","name":"handlebars","timestamp":1676304327598,"id":"rewm1r7nrm2vyym","previousEventId":"ahhwzrajhxi2p1g","operationId":"6tt1rbr3g4gedjj","previousOperationId":"bzh61q71smm3ok3"}
{"type":"log","timestamp":1676304327598,"level":"debug","message":"Rendering engine handlebars","meta":{"rootId":"t2yexdfgmn9tka5","id":"t2yexdfgmn9tka5"},"id":"89kffqmu80vr4ht","previousOperationId":"6tt1rbr3g4gedjj"}
{"type":"operationEnd","operationId":"6tt1rbr3g4gedjj","timestamp":1676304327616,"id":"ytbbgxixtdqexjn","previousEventId":"rewm1r7nrm2vyym","previousOperationId":"6tt1rbr3g4gedjj"}
{"type":"operationStart","subtype":"recipe","name":"chrome-pdf","timestamp":1676304327616,"id":"f18l0d7jw0o5he8","previousEventId":"ytbbgxixtdqexjn","operationId":"q4c0k0yfgsflx0a","previousOperationId":"6tt1rbr3g4gedjj"}
{"type":"log","timestamp":1676304327616,"level":"debug","message":"Executing recipe chrome-pdf","meta":{"rootId":"t2yexdfgmn9tka5","id":"t2yexdfgmn9tka5"},"id":"ttion92iyn7za0v","previousOperationId":"q4c0k0yfgsflx0a"}
{"type":"log","timestamp":1676304327622,"level":"debug","message":"Converting with chrome HeadlessChrome/105.0.5173.0 using chrome-pool strategy","meta":{"rootId":"t2yexdfgmn9tka5","id":"t2yexdfgmn9tka5"},"id":"wxigc0fwr6kjo5y","previousOperationId":"q4c0k0yfgsflx0a"}
{"type":"log","timestamp":1676304327721,"level":"debug","message":"Page request: GET (document) file:///C:/Users/josei/AppData/Local/Temp/jsreport/autocleanup/d6fe0f80-b9c3-4c8f-9b2c-f0c0e8b97dec-chrome-pdf.html","meta":{"rootId":"t2yexdfgmn9tka5","id":"t2yexdfgmn9tka5"},"id":"n5ahv98jq3eteay","previousOperationId":"q4c0k0yfgsflx0a"}
{"type":"log","timestamp":1676304327741,"level":"debug","message":"Page request finished: GET (document) 200 file:///C:/Users/josei/AppData/Local/Temp/jsreport/autocleanup/d6fe0f80-b9c3-4c8f-9b2c-f0c0e8b97dec-chrome-pdf.html","meta":{"rootId":"t2yexdfgmn9tka5","id":"t2yexdfgmn9tka5"},"id":"47zy5c61bw0c70c","previousOperationId":"q4c0k0yfgsflx0a"}
{"type":"log","timestamp":1676304327741,"level":"debug","message":"Page request: GET (stylesheet) https://cdnjs.cloudflare.com/ajax/libs/metro/4.1.5/css/metro.min.css","meta":{"rootId":"t2yexdfgmn9tka5","id":"t2yexdfgmn9tka5"},"id":"d9jzex32f2flgew","previousOperationId":"q4c0k0yfgsflx0a"}
{"type":"log","timestamp":1676304327741,"level":"debug","message":"Page request: GET (script) https://cdn.jsdelivr.net/npm/chart.js","meta":{"rootId":"t2yexdfgmn9tka5","id":"t2yexdfgmn9tka5"},"id":"ubsic3bhn1jc3rz","previousOperationId":"q4c0k0yfgsflx0a"}
{"type":"log","timestamp":1676304327750,"level":"debug","message":"Page request finished: GET (script) 200 https://cdn.jsdelivr.net/npm/chart.js","meta":{"rootId":"t2yexdfgmn9tka5","id":"t2yexdfgmn9tka5"},"id":"xyd4hbvuohtxbob","previousOperationId":"q4c0k0yfgsflx0a"}
{"type":"log","timestamp":1676304327766,"level":"debug","message":"Page request finished: GET (stylesheet) 200 https://cdnjs.cloudflare.com/ajax/libs/metro/4.1.5/css/metro.min.css","meta":{"rootId":"t2yexdfgmn9tka5","id":"t2yexdfgmn9tka5"},"id":"hrbq16yph1xgw1h","previousOperationId":"q4c0k0yfgsflx0a"}
{"type":"log","timestamp":1676304327773,"level":"debug","message":"(console:error) Invalid scale configuration for scale: yAxes","meta":{"userLevel":true,"rootId":"t2yexdfgmn9tka5","id":"t2yexdfgmn9tka5"},"id":"hrs9piw9kye214g","previousOperationId":"q4c0k0yfgsflx0a"}
{"type":"log","timestamp":1676304327868,"level":"debug","message":"Running chrome with params {\"printBackground\":true,\"timeout\":59724,\"margin\":{}}","meta":{"rootId":"t2yexdfgmn9tka5","id":"t2yexdfgmn9tka5"},"id":"1asw8c640e10o8f","previousOperationId":"q4c0k0yfgsflx0a"}
{"type":"operationEnd","operationId":"q4c0k0yfgsflx0a","timestamp":1676304327946,"id":"h31s55aeasa6xy8","previousEventId":"f18l0d7jw0o5he8","previousOperationId":"q4c0k0yfgsflx0a"}
{"type":"log","timestamp":1676304327946,"level":"debug","message":"Skipping storing report.","meta":{"rootId":"t2yexdfgmn9tka5","id":"t2yexdfgmn9tka5"},"id":"0ijymniunic3xov","previousOperationId":"q4c0k0yfgsflx0a"}
{"type":"log","timestamp":1676304327947,"level":"info","message":"Rendering request 12 finished in 602 ms","meta":{"rootId":"t2yexdfgmn9tka5","id":"t2yexdfgmn9tka5"},"id":"b7sy9anavxrlgs4","previousOperationId":"q4c0k0yfgsflx0a"}
{"type":"operationEnd","subtype":"render","operationId":"itwr2gtji542qg3","timestamp":1676304327947,"id":"f0mgfa6u7xxezo2","previousEventId":"h31s55aeasa6xy8","previousOperationId":"q4c0k0yfgsflx0a"}
{"type":"operationEnd","doDiffs":false,"previousEventId":"jxcm2m80p8hkzc7","previousOperationId":"5rqqv53ccgbbk7j","operationId":"5rqqv53ccgbbk7j","timestamp":1676304327952,"id":"1afzlw4av75kcuc"}
