{"type":"operationStart","subtype":"profile","data":{"_id":"D2XWb0if2jwoYpZP","timestamp":"2023-02-13T16:40:05.998Z","state":"queued","mode":"standard","creationDate":"2023-02-13T16:40:06.000Z","modificationDate":"2023-02-13T16:40:06.000Z","shortid":"L6yhvWJ","$entitySet":"profiles"},"doDiffs":false,"timestamp":1676306405999,"id":"wi963f1gjkbsfh4","previousOperationId":null,"operationId":"i9afp4hujmkuena"}
{"type":"log","level":"info","message":"Render request 65 queued for execution and waiting for available worker","previousOperationId":"i9afp4hujmkuena","timestamp":1676306405999,"id":"svijka7xle5aqze"}
{"type":"operationStart","subtype":"render","name":"prueba","previousOperationId":"i9afp4hujmkuena","timestamp":1676306406009,"id":"ulkc1ztlxn5dbtn","previousEventId":"wi963f1gjkbsfh4","operationId":"0ugm7xiwqg6pxsm"}
{"type":"log","timestamp":1676306406009,"level":"info","message":"Starting rendering request 65","meta":{"rootId":"tzdr1qalwoo8oa2","id":"tzdr1qalwoo8oa2"},"id":"g6tgv8h3cr69a3t","previousOperationId":"0ugm7xiwqg6pxsm"}
{"type":"log","timestamp":1676306406009,"level":"info","message":"Rendering template { name: prueba, recipe: chrome-pdf, engine: handlebars, preview: true }","meta":{"rootId":"tzdr1qalwoo8oa2","id":"tzdr1qalwoo8oa2"},"id":"cue75gl5iq0xxuz","previousOperationId":"0ugm7xiwqg6pxsm"}
{"type":"log","timestamp":1676306406010,"level":"debug","message":"Data item not defined for this template.","meta":{"rootId":"tzdr1qalwoo8oa2","id":"tzdr1qalwoo8oa2"},"id":"pahr5be9i59goef","previousOperationId":"0ugm7xiwqg6pxsm"}
{"type":"log","timestamp":1676306406012,"level":"debug","message":"Executing script script (beforeRender)","meta":{"rootId":"tzdr1qalwoo8oa2","id":"tzdr1qalwoo8oa2"},"id":"fbijb5sy6hhcosm","previousOperationId":"0ugm7xiwqg6pxsm"}
{"type":"operationStart","subtype":"scriptsBeforeRender","name":"scripts beforeRender","timestamp":1676306406039,"id":"dt1f7gciud79hpi","previousEventId":"ulkc1ztlxn5dbtn","operationId":"ohsi021vb8djr2g","previousOperationId":"0ugm7xiwqg6pxsm"}
{"type":"operationStart","subtype":"script","name":"scripts script","previousOperationId":"ohsi021vb8djr2g","timestamp":1676306406039,"id":"5dvw5gsdyxpdo9q","previousEventId":"dt1f7gciud79hpi","operationId":"wjoc4bu5rtom5lx"}
{"type":"operationEnd","operationId":"wjoc4bu5rtom5lx","timestamp":1676306406273,"id":"cg6y4fax3o096s4","previousEventId":"ulkc1ztlxn5dbtn","previousOperationId":"0ugm7xiwqg6pxsm"}
{"type":"operationEnd","operationId":"ohsi021vb8djr2g","timestamp":1676306406273,"id":"v0ucbrkrqf6ebnr","previousEventId":"cg6y4fax3o096s4","previousOperationId":"0ugm7xiwqg6pxsm"}
{"type":"log","timestamp":1676306406273,"level":"debug","message":"Base url not specified, skipping its injection.","meta":{"rootId":"tzdr1qalwoo8oa2","id":"tzdr1qalwoo8oa2"},"id":"tc7ztfv5318pl2s","previousOperationId":"ohsi021vb8djr2g"}
{"type":"operationStart","subtype":"engine","name":"handlebars","timestamp":1676306406274,"id":"chohqd6qocaie1u","previousEventId":"v0ucbrkrqf6ebnr","operationId":"5ww29yxzex7g1v3","previousOperationId":"ohsi021vb8djr2g"}
{"type":"log","timestamp":1676306406274,"level":"debug","message":"Rendering engine handlebars","meta":{"rootId":"tzdr1qalwoo8oa2","id":"tzdr1qalwoo8oa2"},"id":"0kd2ipad3wkulth","previousOperationId":"5ww29yxzex7g1v3"}
{"type":"operationEnd","operationId":"5ww29yxzex7g1v3","timestamp":1676306406284,"id":"tutj9j858i2dhhg","previousEventId":"chohqd6qocaie1u","previousOperationId":"5ww29yxzex7g1v3"}
{"type":"operationStart","subtype":"recipe","name":"chrome-pdf","timestamp":1676306406284,"id":"innu0s6pynv541l","previousEventId":"tutj9j858i2dhhg","operationId":"jhnylx0jzq9glo5","previousOperationId":"5ww29yxzex7g1v3"}
{"type":"log","timestamp":1676306406284,"level":"debug","message":"Executing recipe chrome-pdf","meta":{"rootId":"tzdr1qalwoo8oa2","id":"tzdr1qalwoo8oa2"},"id":"rwu17r1qm6em8hq","previousOperationId":"jhnylx0jzq9glo5"}
{"type":"log","timestamp":1676306406286,"level":"debug","message":"Converting with chrome HeadlessChrome/105.0.5173.0 using chrome-pool strategy","meta":{"rootId":"tzdr1qalwoo8oa2","id":"tzdr1qalwoo8oa2"},"id":"v6jwu4fp3cpxusk","previousOperationId":"jhnylx0jzq9glo5"}
{"type":"log","timestamp":1676306406383,"level":"debug","message":"Page request: GET (document) file:///C:/Users/josei/AppData/Local/Temp/jsreport/autocleanup/b659ae4c-e499-45f9-989e-b266b75fa8fb-chrome-pdf.html","meta":{"rootId":"tzdr1qalwoo8oa2","id":"tzdr1qalwoo8oa2"},"id":"ievv9kqz0n5quta","previousOperationId":"jhnylx0jzq9glo5"}
{"type":"log","timestamp":1676306406393,"level":"debug","message":"Page request: GET (stylesheet) https://cdnjs.cloudflare.com/ajax/libs/metro/4.1.5/css/metro.min.css","meta":{"rootId":"tzdr1qalwoo8oa2","id":"tzdr1qalwoo8oa2"},"id":"scseriwx5h9cd2t","previousOperationId":"jhnylx0jzq9glo5"}
{"type":"log","timestamp":1676306406394,"level":"debug","message":"Page request finished: GET (document) 200 file:///C:/Users/josei/AppData/Local/Temp/jsreport/autocleanup/b659ae4c-e499-45f9-989e-b266b75fa8fb-chrome-pdf.html","meta":{"rootId":"tzdr1qalwoo8oa2","id":"tzdr1qalwoo8oa2"},"id":"f4j25slrxxu1evc","previousOperationId":"jhnylx0jzq9glo5"}
{"type":"log","timestamp":1676306406394,"level":"debug","message":"Page request: GET (script) https://cdn.jsdelivr.net/npm/chart.js","meta":{"rootId":"tzdr1qalwoo8oa2","id":"tzdr1qalwoo8oa2"},"id":"vxybk8qz166a3yy","previousOperationId":"jhnylx0jzq9glo5"}
{"type":"log","timestamp":1676306406400,"level":"debug","message":"Page request finished: GET (script) 200 https://cdn.jsdelivr.net/npm/chart.js","meta":{"rootId":"tzdr1qalwoo8oa2","id":"tzdr1qalwoo8oa2"},"id":"ie8cn6zbcsmu8t9","previousOperationId":"jhnylx0jzq9glo5"}
{"type":"log","timestamp":1676306406420,"level":"debug","message":"Page request finished: GET (stylesheet) 200 https://cdnjs.cloudflare.com/ajax/libs/metro/4.1.5/css/metro.min.css","meta":{"rootId":"tzdr1qalwoo8oa2","id":"tzdr1qalwoo8oa2"},"id":"ixdvgi9vme8vmyq","previousOperationId":"jhnylx0jzq9glo5"}
{"type":"log","timestamp":1676306406428,"level":"debug","message":"(console:error) Invalid scale configuration for scale: yAxes","meta":{"userLevel":true,"rootId":"tzdr1qalwoo8oa2","id":"tzdr1qalwoo8oa2"},"id":"9ap79as256wcx6n","previousOperationId":"jhnylx0jzq9glo5"}
{"type":"log","timestamp":1676306406541,"level":"debug","message":"Running chrome with params {\"printBackground\":true,\"timeout\":59712,\"margin\":{}}","meta":{"rootId":"tzdr1qalwoo8oa2","id":"tzdr1qalwoo8oa2"},"id":"n6yev8qho5simzo","previousOperationId":"jhnylx0jzq9glo5"}
{"type":"operationEnd","operationId":"jhnylx0jzq9glo5","timestamp":1676306406636,"id":"srr3kxiwmsxrn18","previousEventId":"innu0s6pynv541l","previousOperationId":"jhnylx0jzq9glo5"}
{"type":"log","timestamp":1676306406636,"level":"debug","message":"Skipping storing report.","meta":{"rootId":"tzdr1qalwoo8oa2","id":"tzdr1qalwoo8oa2"},"id":"4z0vv3ho9htxiuc","previousOperationId":"jhnylx0jzq9glo5"}
{"type":"log","timestamp":1676306406637,"level":"info","message":"Rendering request 65 finished in 639 ms","meta":{"rootId":"tzdr1qalwoo8oa2","id":"tzdr1qalwoo8oa2"},"id":"cmvfupu5thlv67k","previousOperationId":"jhnylx0jzq9glo5"}
{"type":"operationEnd","subtype":"render","operationId":"0ugm7xiwqg6pxsm","timestamp":1676306406637,"id":"ngs3gmls61lrw92","previousEventId":"srr3kxiwmsxrn18","previousOperationId":"jhnylx0jzq9glo5"}
{"type":"operationEnd","doDiffs":false,"previousEventId":"wi963f1gjkbsfh4","previousOperationId":"i9afp4hujmkuena","operationId":"i9afp4hujmkuena","timestamp":1676306406642,"id":"pz4cu1yyegcg554"}
