{"type":"operationStart","subtype":"profile","data":{"_id":"sKlQJ1pzrzNyDI8b","timestamp":"2023-02-13T16:45:01.329Z","state":"queued","mode":"standard","creationDate":"2023-02-13T16:45:01.331Z","modificationDate":"2023-02-13T16:45:01.331Z","shortid":"3LWrx8x","$entitySet":"profiles"},"doDiffs":false,"timestamp":1676306701330,"id":"umrt0hb5zh762mw","previousOperationId":null,"operationId":"ggh3sqpptdlbu8s"}
{"type":"log","level":"info","message":"Render request 80 queued for execution and waiting for available worker","previousOperationId":"ggh3sqpptdlbu8s","timestamp":1676306701330,"id":"vldj59c3rdagrnl"}
{"type":"operationStart","subtype":"render","name":"prueba","previousOperationId":"ggh3sqpptdlbu8s","timestamp":1676306701342,"id":"ir0kbc0t80x1x1p","previousEventId":"umrt0hb5zh762mw","operationId":"1fq1toouoyu593k"}
{"type":"log","timestamp":1676306701342,"level":"info","message":"Starting rendering request 80","meta":{"rootId":"tzejnh1mtnsniry","id":"tzejnh1mtnsniry"},"id":"cok9ezcldjpt6kq","previousOperationId":"1fq1toouoyu593k"}
{"type":"log","timestamp":1676306701342,"level":"info","message":"Rendering template { name: prueba, recipe: chrome-pdf, engine: handlebars, preview: true }","meta":{"rootId":"tzejnh1mtnsniry","id":"tzejnh1mtnsniry"},"id":"1ovspy309eh3ne2","previousOperationId":"1fq1toouoyu593k"}
{"type":"log","timestamp":1676306701345,"level":"debug","message":"Data item not defined for this template.","meta":{"rootId":"tzejnh1mtnsniry","id":"tzejnh1mtnsniry"},"id":"hpth74va6nym2qs","previousOperationId":"1fq1toouoyu593k"}
{"type":"log","timestamp":1676306701348,"level":"debug","message":"Executing script script (beforeRender)","meta":{"rootId":"tzejnh1mtnsniry","id":"tzejnh1mtnsniry"},"id":"zahpquse71rhxca","previousOperationId":"1fq1toouoyu593k"}
{"type":"operationStart","subtype":"scriptsBeforeRender","name":"scripts beforeRender","timestamp":1676306701368,"id":"s8iwv359tbgy50t","previousEventId":"ir0kbc0t80x1x1p","operationId":"0ziqg4f2ufpwnpl","previousOperationId":"1fq1toouoyu593k"}
{"type":"operationStart","subtype":"script","name":"scripts script","previousOperationId":"0ziqg4f2ufpwnpl","timestamp":1676306701368,"id":"uc66t22p9hvn9ny","previousEventId":"s8iwv359tbgy50t","operationId":"0fekcvgzbf63hh2"}
{"type":"operationEnd","operationId":"0fekcvgzbf63hh2","timestamp":1676306701517,"id":"t17jr5lsk4inokq","previousEventId":"ir0kbc0t80x1x1p","previousOperationId":"1fq1toouoyu593k"}
{"type":"operationEnd","operationId":"0ziqg4f2ufpwnpl","timestamp":1676306701517,"id":"f7fufovt2upj0k3","previousEventId":"t17jr5lsk4inokq","previousOperationId":"1fq1toouoyu593k"}
{"type":"log","timestamp":1676306701517,"level":"debug","message":"Base url not specified, skipping its injection.","meta":{"rootId":"tzejnh1mtnsniry","id":"tzejnh1mtnsniry"},"id":"r8jw5xfsq8gsst5","previousOperationId":"0ziqg4f2ufpwnpl"}
{"type":"operationStart","subtype":"engine","name":"handlebars","timestamp":1676306701517,"id":"27exb2jesl4f4zh","previousEventId":"f7fufovt2upj0k3","operationId":"giyxlsuamtfg0wa","previousOperationId":"0ziqg4f2ufpwnpl"}
{"type":"log","timestamp":1676306701517,"level":"debug","message":"Rendering engine handlebars","meta":{"rootId":"tzejnh1mtnsniry","id":"tzejnh1mtnsniry"},"id":"p3qar22cnnibup7","previousOperationId":"giyxlsuamtfg0wa"}
{"type":"operationEnd","operationId":"giyxlsuamtfg0wa","timestamp":1676306701532,"id":"9c1emkyjwuds5vw","previousEventId":"27exb2jesl4f4zh","previousOperationId":"giyxlsuamtfg0wa"}
{"type":"operationStart","subtype":"recipe","name":"chrome-pdf","timestamp":1676306701532,"id":"jk4qlwdqemg5tik","previousEventId":"9c1emkyjwuds5vw","operationId":"wdqn0j58u08gp2d","previousOperationId":"giyxlsuamtfg0wa"}
{"type":"log","timestamp":1676306701532,"level":"debug","message":"Executing recipe chrome-pdf","meta":{"rootId":"tzejnh1mtnsniry","id":"tzejnh1mtnsniry"},"id":"y6o3txackwdrgly","previousOperationId":"wdqn0j58u08gp2d"}
{"type":"log","timestamp":1676306701535,"level":"debug","message":"Converting with chrome HeadlessChrome/105.0.5173.0 using chrome-pool strategy","meta":{"rootId":"tzejnh1mtnsniry","id":"tzejnh1mtnsniry"},"id":"lu5vtbsqih4nu8g","previousOperationId":"wdqn0j58u08gp2d"}
{"type":"log","timestamp":1676306701642,"level":"debug","message":"Page request: GET (document) file:///C:/Users/josei/AppData/Local/Temp/jsreport/autocleanup/3497b1a3-2222-4dd0-b6e5-d72f1681215c-chrome-pdf.html","meta":{"rootId":"tzejnh1mtnsniry","id":"tzejnh1mtnsniry"},"id":"zjqacspgar2m1kn","previousOperationId":"wdqn0j58u08gp2d"}
{"type":"log","timestamp":1676306701663,"level":"debug","message":"Page request finished: GET (document) 200 file:///C:/Users/josei/AppData/Local/Temp/jsreport/autocleanup/3497b1a3-2222-4dd0-b6e5-d72f1681215c-chrome-pdf.html","meta":{"rootId":"tzejnh1mtnsniry","id":"tzejnh1mtnsniry"},"id":"ri9nbxhulq7e86k","previousOperationId":"wdqn0j58u08gp2d"}
{"type":"log","timestamp":1676306701663,"level":"debug","message":"Page request: GET (stylesheet) https://cdnjs.cloudflare.com/ajax/libs/metro/4.1.5/css/metro.min.css","meta":{"rootId":"tzejnh1mtnsniry","id":"tzejnh1mtnsniry"},"id":"dzahsi5x608zuu6","previousOperationId":"wdqn0j58u08gp2d"}
{"type":"log","timestamp":1676306701664,"level":"debug","message":"Page request: GET (script) https://cdn.jsdelivr.net/npm/chart.js","meta":{"rootId":"tzejnh1mtnsniry","id":"tzejnh1mtnsniry"},"id":"dahojn5wi548arp","previousOperationId":"wdqn0j58u08gp2d"}
{"type":"log","timestamp":1676306701670,"level":"debug","message":"Page request finished: GET (script) 200 https://cdn.jsdelivr.net/npm/chart.js","meta":{"rootId":"tzejnh1mtnsniry","id":"tzejnh1mtnsniry"},"id":"3k3e7w4nzv692xp","previousOperationId":"wdqn0j58u08gp2d"}
{"type":"log","timestamp":1676306701690,"level":"debug","message":"Page request finished: GET (stylesheet) 200 https://cdnjs.cloudflare.com/ajax/libs/metro/4.1.5/css/metro.min.css","meta":{"rootId":"tzejnh1mtnsniry","id":"tzejnh1mtnsniry"},"id":"4meg0l7yocyyzyw","previousOperationId":"wdqn0j58u08gp2d"}
{"type":"log","timestamp":1676306701698,"level":"debug","message":"(console:error) Invalid scale configuration for scale: yAxes","meta":{"userLevel":true,"rootId":"tzejnh1mtnsniry","id":"tzejnh1mtnsniry"},"id":"acno3442v4idmxp","previousOperationId":"wdqn0j58u08gp2d"}
{"type":"log","timestamp":1676306701811,"level":"debug","message":"Running chrome with params {\"printBackground\":true,\"timeout\":59795,\"margin\":{}}","meta":{"rootId":"tzejnh1mtnsniry","id":"tzejnh1mtnsniry"},"id":"wm1y6w0ck1r9kir","previousOperationId":"wdqn0j58u08gp2d"}
{"type":"operationEnd","operationId":"wdqn0j58u08gp2d","timestamp":1676306701907,"id":"bqzl4d1h5rfywtn","previousEventId":"jk4qlwdqemg5tik","previousOperationId":"wdqn0j58u08gp2d"}
{"type":"log","timestamp":1676306701907,"level":"debug","message":"Skipping storing report.","meta":{"rootId":"tzejnh1mtnsniry","id":"tzejnh1mtnsniry"},"id":"e19fcwnaj1vgdcv","previousOperationId":"wdqn0j58u08gp2d"}
{"type":"log","timestamp":1676306701907,"level":"info","message":"Rendering request 80 finished in 578 ms","meta":{"rootId":"tzejnh1mtnsniry","id":"tzejnh1mtnsniry"},"id":"pdg84yumsrz1eby","previousOperationId":"wdqn0j58u08gp2d"}
{"type":"operationEnd","subtype":"render","operationId":"1fq1toouoyu593k","timestamp":1676306701907,"id":"mzduyroda1yfx2v","previousEventId":"bqzl4d1h5rfywtn","previousOperationId":"wdqn0j58u08gp2d"}
{"type":"operationEnd","doDiffs":false,"previousEventId":"umrt0hb5zh762mw","previousOperationId":"ggh3sqpptdlbu8s","operationId":"ggh3sqpptdlbu8s","timestamp":1676306701909,"id":"lsg4pa6ehpu6u4v"}
