{"type":"operationStart","subtype":"profile","data":{"_id":"IrxbcSP7ej2Ymbh3","timestamp":"2023-02-13T16:28:29.850Z","state":"queued","mode":"standard","creationDate":"2023-02-13T16:28:29.853Z","modificationDate":"2023-02-13T16:28:29.853Z","shortid":"_nm3jzK","$entitySet":"profiles"},"doDiffs":false,"timestamp":1676305709852,"id":"3bah3hny2sgm1j9","previousOperationId":null,"operationId":"l960xu8bnftxw1v"}
{"type":"log","level":"info","message":"Render request 48 queued for execution and waiting for available worker","previousOperationId":"l960xu8bnftxw1v","timestamp":1676305709852,"id":"j19hlq46b7pk8x2"}
{"type":"operationStart","subtype":"render","name":"prueba","previousOperationId":"l960xu8bnftxw1v","timestamp":1676305709860,"id":"78irdmygjjpjlzi","previousEventId":"3bah3hny2sgm1j9","operationId":"wkf20wkmn0qa7e0"}
{"type":"log","timestamp":1676305709860,"level":"info","message":"Starting rendering request 48","meta":{"rootId":"u93bhsdhn06g1dr","id":"u93bhsdhn06g1dr"},"id":"rnl33yc4ttqvux0","previousOperationId":"wkf20wkmn0qa7e0"}
{"type":"log","timestamp":1676305709861,"level":"info","message":"Rendering template { name: prueba, recipe: chrome-pdf, engine: handlebars, preview: true }","meta":{"rootId":"u93bhsdhn06g1dr","id":"u93bhsdhn06g1dr"},"id":"qxmey8tyu507x86","previousOperationId":"wkf20wkmn0qa7e0"}
{"type":"log","timestamp":1676305709862,"level":"debug","message":"Data item not defined for this template.","meta":{"rootId":"u93bhsdhn06g1dr","id":"u93bhsdhn06g1dr"},"id":"646mh63t69weymc","previousOperationId":"wkf20wkmn0qa7e0"}
{"type":"log","timestamp":1676305709865,"level":"debug","message":"Executing script script (beforeRender)","meta":{"rootId":"u93bhsdhn06g1dr","id":"u93bhsdhn06g1dr"},"id":"io1pbhgv5ekbodq","previousOperationId":"wkf20wkmn0qa7e0"}
{"type":"operationStart","subtype":"scriptsBeforeRender","name":"scripts beforeRender","timestamp":1676305709890,"id":"88b004ph113jw3y","previousEventId":"78irdmygjjpjlzi","operationId":"xevd3ytdvq2eiou","previousOperationId":"wkf20wkmn0qa7e0"}
{"type":"operationStart","subtype":"script","name":"scripts script","previousOperationId":"xevd3ytdvq2eiou","timestamp":1676305709890,"id":"nwrm4p8mfzdez0s","previousEventId":"88b004ph113jw3y","operationId":"98rhveyrtsuwykz"}
{"type":"operationEnd","operationId":"98rhveyrtsuwykz","timestamp":1676305710046,"id":"vud9wzhgzin3p7m","previousEventId":"78irdmygjjpjlzi","previousOperationId":"wkf20wkmn0qa7e0"}
{"type":"operationEnd","operationId":"xevd3ytdvq2eiou","timestamp":1676305710046,"id":"7yybh3yg75kumuh","previousEventId":"vud9wzhgzin3p7m","previousOperationId":"wkf20wkmn0qa7e0"}
{"type":"log","timestamp":1676305710046,"level":"debug","message":"Base url not specified, skipping its injection.","meta":{"rootId":"u93bhsdhn06g1dr","id":"u93bhsdhn06g1dr"},"id":"0jzxffe1vntkxcn","previousOperationId":"xevd3ytdvq2eiou"}
{"type":"operationStart","subtype":"engine","name":"handlebars","timestamp":1676305710046,"id":"aw6czp1gyq1n6fb","previousEventId":"7yybh3yg75kumuh","operationId":"kfe6qla4jxbowyq","previousOperationId":"xevd3ytdvq2eiou"}
{"type":"log","timestamp":1676305710046,"level":"debug","message":"Rendering engine handlebars","meta":{"rootId":"u93bhsdhn06g1dr","id":"u93bhsdhn06g1dr"},"id":"mfqtxk08780nfga","previousOperationId":"kfe6qla4jxbowyq"}
{"type":"operationEnd","operationId":"kfe6qla4jxbowyq","timestamp":1676305710059,"id":"3h8b3ajn5blsvtu","previousEventId":"aw6czp1gyq1n6fb","previousOperationId":"kfe6qla4jxbowyq"}
{"type":"operationStart","subtype":"recipe","name":"chrome-pdf","timestamp":1676305710059,"id":"62hxzxw34fu7zlb","previousEventId":"3h8b3ajn5blsvtu","operationId":"kmir60jezfi1qhr","previousOperationId":"kfe6qla4jxbowyq"}
{"type":"log","timestamp":1676305710059,"level":"debug","message":"Executing recipe chrome-pdf","meta":{"rootId":"u93bhsdhn06g1dr","id":"u93bhsdhn06g1dr"},"id":"w5cf4r64xrx5u29","previousOperationId":"kmir60jezfi1qhr"}
{"type":"log","timestamp":1676305710062,"level":"debug","message":"Converting with chrome HeadlessChrome/105.0.5173.0 using chrome-pool strategy","meta":{"rootId":"u93bhsdhn06g1dr","id":"u93bhsdhn06g1dr"},"id":"0o2wm4jgmqz3nau","previousOperationId":"kmir60jezfi1qhr"}
{"type":"log","timestamp":1676305710159,"level":"debug","message":"Page request: GET (document) file:///C:/Users/josei/AppData/Local/Temp/jsreport/autocleanup/4ed212fc-fe2e-4b04-b145-7ca36380eb03-chrome-pdf.html","meta":{"rootId":"u93bhsdhn06g1dr","id":"u93bhsdhn06g1dr"},"id":"awp5lmztfj8ida7","previousOperationId":"kmir60jezfi1qhr"}
{"type":"log","timestamp":1676305710179,"level":"debug","message":"Page request finished: GET (document) 200 file:///C:/Users/josei/AppData/Local/Temp/jsreport/autocleanup/4ed212fc-fe2e-4b04-b145-7ca36380eb03-chrome-pdf.html","meta":{"rootId":"u93bhsdhn06g1dr","id":"u93bhsdhn06g1dr"},"id":"rzo4ay9ji94240t","previousOperationId":"kmir60jezfi1qhr"}
{"type":"log","timestamp":1676305710181,"level":"debug","message":"Page request: GET (stylesheet) https://cdnjs.cloudflare.com/ajax/libs/metro/4.1.5/css/metro.min.css","meta":{"rootId":"u93bhsdhn06g1dr","id":"u93bhsdhn06g1dr"},"id":"k55l3qy0wct6tat","previousOperationId":"kmir60jezfi1qhr"}
{"type":"log","timestamp":1676305710181,"level":"debug","message":"Page request: GET (script) https://cdn.jsdelivr.net/npm/chart.js","meta":{"rootId":"u93bhsdhn06g1dr","id":"u93bhsdhn06g1dr"},"id":"2h3daafq3pcavqt","previousOperationId":"kmir60jezfi1qhr"}
{"type":"log","timestamp":1676305710187,"level":"debug","message":"Page request finished: GET (script) 200 https://cdn.jsdelivr.net/npm/chart.js","meta":{"rootId":"u93bhsdhn06g1dr","id":"u93bhsdhn06g1dr"},"id":"0hjzmy1w54l8jd9","previousOperationId":"kmir60jezfi1qhr"}
{"type":"log","timestamp":1676305710206,"level":"debug","message":"Page request finished: GET (stylesheet) 200 https://cdnjs.cloudflare.com/ajax/libs/metro/4.1.5/css/metro.min.css","meta":{"rootId":"u93bhsdhn06g1dr","id":"u93bhsdhn06g1dr"},"id":"o21ians1j8ae5mb","previousOperationId":"kmir60jezfi1qhr"}
{"type":"log","timestamp":1676305710213,"level":"debug","message":"(console:error) Invalid scale configuration for scale: yAxes","meta":{"userLevel":true,"rootId":"u93bhsdhn06g1dr","id":"u93bhsdhn06g1dr"},"id":"vvsg635ay0qur6u","previousOperationId":"kmir60jezfi1qhr"}
{"type":"log","timestamp":1676305710309,"level":"debug","message":"Running chrome with params {\"printBackground\":true,\"timeout\":59789,\"margin\":{}}","meta":{"rootId":"u93bhsdhn06g1dr","id":"u93bhsdhn06g1dr"},"id":"1njy14o8huka6bk","previousOperationId":"kmir60jezfi1qhr"}
{"type":"operationEnd","operationId":"kmir60jezfi1qhr","timestamp":1676305710390,"id":"rpqan8xmr8oz92d","previousEventId":"62hxzxw34fu7zlb","previousOperationId":"kmir60jezfi1qhr"}
{"type":"log","timestamp":1676305710390,"level":"debug","message":"Skipping storing report.","meta":{"rootId":"u93bhsdhn06g1dr","id":"u93bhsdhn06g1dr"},"id":"klv5q3gy6wwqvoj","previousOperationId":"kmir60jezfi1qhr"}
{"type":"log","timestamp":1676305710390,"level":"info","message":"Rendering request 48 finished in 540 ms","meta":{"rootId":"u93bhsdhn06g1dr","id":"u93bhsdhn06g1dr"},"id":"0jybkhtt5tqyo6o","previousOperationId":"kmir60jezfi1qhr"}
{"type":"operationEnd","subtype":"render","operationId":"wkf20wkmn0qa7e0","timestamp":1676305710390,"id":"jrsge7k8s6rh0t6","previousEventId":"rpqan8xmr8oz92d","previousOperationId":"kmir60jezfi1qhr"}
{"type":"operationEnd","doDiffs":false,"previousEventId":"3bah3hny2sgm1j9","previousOperationId":"l960xu8bnftxw1v","operationId":"l960xu8bnftxw1v","timestamp":1676305710394,"id":"5novib5j4ha3n9c"}
