{"type":"operationStart","subtype":"profile","data":{"_id":"Lm6CS62uMJQMmzGa","timestamp":"2023-02-13T16:34:04.246Z","state":"queued","mode":"standard","creationDate":"2023-02-13T16:34:04.249Z","modificationDate":"2023-02-13T16:34:04.249Z","shortid":"WNsDDiM","$entitySet":"profiles"},"doDiffs":false,"timestamp":1676306044247,"id":"4jgx2pfkc24luwk","previousOperationId":null,"operationId":"itnq93as3u90rgd"}
{"type":"log","level":"info","message":"Render request 56 queued for execution and waiting for available worker","previousOperationId":"itnq93as3u90rgd","timestamp":1676306044247,"id":"i6zoanzxu1de5vf"}
{"type":"operationStart","subtype":"render","name":"prueba","previousOperationId":"itnq93as3u90rgd","timestamp":1676306044257,"id":"sjmv50ytzwuqpp1","previousEventId":"4jgx2pfkc24luwk","operationId":"dlfzecec007pass"}
{"type":"log","timestamp":1676306044257,"level":"info","message":"Starting rendering request 56","meta":{"rootId":"ua6b9hj5zzlcl4p","id":"ua6b9hj5zzlcl4p"},"id":"cfhy4dasclwup3d","previousOperationId":"dlfzecec007pass"}
{"type":"log","timestamp":1676306044257,"level":"info","message":"Rendering template { name: prueba, recipe: chrome-pdf, engine: handlebars, preview: true }","meta":{"rootId":"ua6b9hj5zzlcl4p","id":"ua6b9hj5zzlcl4p"},"id":"8dy3dg5j2tspjmd","previousOperationId":"dlfzecec007pass"}
{"type":"log","timestamp":1676306044257,"level":"debug","message":"Data item not defined for this template.","meta":{"rootId":"ua6b9hj5zzlcl4p","id":"ua6b9hj5zzlcl4p"},"id":"3c0aktcsjv1ye5t","previousOperationId":"dlfzecec007pass"}
{"type":"log","timestamp":1676306044260,"level":"debug","message":"Executing script script (beforeRender)","meta":{"rootId":"ua6b9hj5zzlcl4p","id":"ua6b9hj5zzlcl4p"},"id":"dm8me81oi0x9nc8","previousOperationId":"dlfzecec007pass"}
{"type":"operationStart","subtype":"scriptsBeforeRender","name":"scripts beforeRender","timestamp":1676306044278,"id":"exrckw1ri0zuoq3","previousEventId":"sjmv50ytzwuqpp1","operationId":"qebagwzb11aq8nt","previousOperationId":"dlfzecec007pass"}
{"type":"operationStart","subtype":"script","name":"scripts script","previousOperationId":"qebagwzb11aq8nt","timestamp":1676306044278,"id":"6w0p1ze75ffwr91","previousEventId":"exrckw1ri0zuoq3","operationId":"17edyjthnxualq9"}
{"type":"operationEnd","operationId":"17edyjthnxualq9","timestamp":1676306044446,"id":"5tj9wl8dupixm1e","previousEventId":"sjmv50ytzwuqpp1","previousOperationId":"dlfzecec007pass"}
{"type":"operationEnd","operationId":"qebagwzb11aq8nt","timestamp":1676306044446,"id":"y25lk4884puzwaa","previousEventId":"5tj9wl8dupixm1e","previousOperationId":"dlfzecec007pass"}
{"type":"log","timestamp":1676306044446,"level":"debug","message":"Base url not specified, skipping its injection.","meta":{"rootId":"ua6b9hj5zzlcl4p","id":"ua6b9hj5zzlcl4p"},"id":"qh6ne84swcypczl","previousOperationId":"qebagwzb11aq8nt"}
{"type":"operationStart","subtype":"engine","name":"handlebars","timestamp":1676306044447,"id":"b8q9pl0cod9u62n","previousEventId":"y25lk4884puzwaa","operationId":"usdkepzr11wgglh","previousOperationId":"qebagwzb11aq8nt"}
{"type":"log","timestamp":1676306044447,"level":"debug","message":"Rendering engine handlebars","meta":{"rootId":"ua6b9hj5zzlcl4p","id":"ua6b9hj5zzlcl4p"},"id":"rnkychxy3kfbret","previousOperationId":"usdkepzr11wgglh"}
{"type":"operationEnd","operationId":"usdkepzr11wgglh","timestamp":1676306044458,"id":"g1nnm0bhu7foqnh","previousEventId":"b8q9pl0cod9u62n","previousOperationId":"usdkepzr11wgglh"}
{"type":"operationStart","subtype":"recipe","name":"chrome-pdf","timestamp":1676306044458,"id":"mw4mx3alaa4gvc2","previousEventId":"g1nnm0bhu7foqnh","operationId":"ljq8yaaz64eo33t","previousOperationId":"usdkepzr11wgglh"}
{"type":"log","timestamp":1676306044458,"level":"debug","message":"Executing recipe chrome-pdf","meta":{"rootId":"ua6b9hj5zzlcl4p","id":"ua6b9hj5zzlcl4p"},"id":"k7nh2njyi4so4ek","previousOperationId":"ljq8yaaz64eo33t"}
{"type":"log","timestamp":1676306044460,"level":"debug","message":"Converting with chrome HeadlessChrome/105.0.5173.0 using chrome-pool strategy","meta":{"rootId":"ua6b9hj5zzlcl4p","id":"ua6b9hj5zzlcl4p"},"id":"55zil0dlrnqxqlg","previousOperationId":"ljq8yaaz64eo33t"}
{"type":"log","timestamp":1676306044571,"level":"debug","message":"Page request: GET (document) file:///C:/Users/josei/AppData/Local/Temp/jsreport/autocleanup/c3d1ccef-e795-4d93-9873-fe72b015bf20-chrome-pdf.html","meta":{"rootId":"ua6b9hj5zzlcl4p","id":"ua6b9hj5zzlcl4p"},"id":"h4mj5nvyk30hxat","previousOperationId":"ljq8yaaz64eo33t"}
{"type":"log","timestamp":1676306044582,"level":"debug","message":"Page request finished: GET (document) 200 file:///C:/Users/josei/AppData/Local/Temp/jsreport/autocleanup/c3d1ccef-e795-4d93-9873-fe72b015bf20-chrome-pdf.html","meta":{"rootId":"ua6b9hj5zzlcl4p","id":"ua6b9hj5zzlcl4p"},"id":"gesmtc4swqd1l1m","previousOperationId":"ljq8yaaz64eo33t"}
{"type":"log","timestamp":1676306044582,"level":"debug","message":"Page request: GET (stylesheet) https://cdnjs.cloudflare.com/ajax/libs/metro/4.1.5/css/metro.min.css","meta":{"rootId":"ua6b9hj5zzlcl4p","id":"ua6b9hj5zzlcl4p"},"id":"in744m9jjm1daw8","previousOperationId":"ljq8yaaz64eo33t"}
{"type":"log","timestamp":1676306044582,"level":"debug","message":"Page request: GET (script) https://cdn.jsdelivr.net/npm/chart.js","meta":{"rootId":"ua6b9hj5zzlcl4p","id":"ua6b9hj5zzlcl4p"},"id":"xhq7bzve89vqgdt","previousOperationId":"ljq8yaaz64eo33t"}
{"type":"log","timestamp":1676306044591,"level":"debug","message":"Page request finished: GET (script) 200 https://cdn.jsdelivr.net/npm/chart.js","meta":{"rootId":"ua6b9hj5zzlcl4p","id":"ua6b9hj5zzlcl4p"},"id":"gezaxu7p7s2rbhi","previousOperationId":"ljq8yaaz64eo33t"}
{"type":"log","timestamp":1676306044611,"level":"debug","message":"Page request finished: GET (stylesheet) 200 https://cdnjs.cloudflare.com/ajax/libs/metro/4.1.5/css/metro.min.css","meta":{"rootId":"ua6b9hj5zzlcl4p","id":"ua6b9hj5zzlcl4p"},"id":"ji0rponxuh4ysgd","previousOperationId":"ljq8yaaz64eo33t"}
{"type":"log","timestamp":1676306044620,"level":"debug","message":"(console:error) Invalid scale configuration for scale: yAxes","meta":{"userLevel":true,"rootId":"ua6b9hj5zzlcl4p","id":"ua6b9hj5zzlcl4p"},"id":"rk0t1ke0pe6o16e","previousOperationId":"ljq8yaaz64eo33t"}
{"type":"log","timestamp":1676306044740,"level":"debug","message":"Running chrome with params {\"printBackground\":true,\"timeout\":59787,\"margin\":{}}","meta":{"rootId":"ua6b9hj5zzlcl4p","id":"ua6b9hj5zzlcl4p"},"id":"4ujwuxm00jkz8rn","previousOperationId":"ljq8yaaz64eo33t"}
{"type":"operationEnd","operationId":"ljq8yaaz64eo33t","timestamp":1676306044822,"id":"yj44p6b4frf348i","previousEventId":"mw4mx3alaa4gvc2","previousOperationId":"ljq8yaaz64eo33t"}
{"type":"log","timestamp":1676306044822,"level":"debug","message":"Skipping storing report.","meta":{"rootId":"ua6b9hj5zzlcl4p","id":"ua6b9hj5zzlcl4p"},"id":"05y1c309ynyq0ib","previousOperationId":"ljq8yaaz64eo33t"}
{"type":"log","timestamp":1676306044822,"level":"info","message":"Rendering request 56 finished in 576 ms","meta":{"rootId":"ua6b9hj5zzlcl4p","id":"ua6b9hj5zzlcl4p"},"id":"eg0h9t0a7h1ap4q","previousOperationId":"ljq8yaaz64eo33t"}
{"type":"operationEnd","subtype":"render","operationId":"dlfzecec007pass","timestamp":1676306044822,"id":"gx2icwxfmdby800","previousEventId":"yj44p6b4frf348i","previousOperationId":"ljq8yaaz64eo33t"}
{"type":"operationEnd","doDiffs":false,"previousEventId":"4jgx2pfkc24luwk","previousOperationId":"itnq93as3u90rgd","operationId":"itnq93as3u90rgd","timestamp":1676306044825,"id":"kky6tsk3eas4k21"}
