{"type":"operationStart","subtype":"profile","data":{"_id":"ZGKyClfokwF5b8Lg","timestamp":"2023-02-13T16:23:02.188Z","state":"queued","mode":"standard","creationDate":"2023-02-13T16:23:02.190Z","modificationDate":"2023-02-13T16:23:02.190Z","shortid":"MTKAm8v","$entitySet":"profiles"},"doDiffs":false,"timestamp":1676305382189,"id":"qjp1aqczqzvugvq","previousOperationId":null,"operationId":"5zopkd7xhteh6te"}
{"type":"log","level":"info","message":"Render request 42 queued for execution and waiting for available worker","previousOperationId":"5zopkd7xhteh6te","timestamp":1676305382189,"id":"ysfa5e5nls9xup7"}
{"type":"operationStart","subtype":"render","name":"prueba","previousOperationId":"5zopkd7xhteh6te","timestamp":1676305382199,"id":"4l8lg2nwlobxei2","previousEventId":"qjp1aqczqzvugvq","operationId":"c1kp07igp23z2ud"}
{"type":"log","timestamp":1676305382199,"level":"info","message":"Starting rendering request 42","meta":{"rootId":"vcjzavyp5gtczir","id":"vcjzavyp5gtczir"},"id":"1mg1878u3a81k37","previousOperationId":"c1kp07igp23z2ud"}
{"type":"log","timestamp":1676305382199,"level":"info","message":"Rendering template { name: prueba, recipe: chrome-pdf, engine: handlebars, preview: true }","meta":{"rootId":"vcjzavyp5gtczir","id":"vcjzavyp5gtczir"},"id":"k94u1kuy97eyn0z","previousOperationId":"c1kp07igp23z2ud"}
{"type":"log","timestamp":1676305382200,"level":"debug","message":"Data item not defined for this template.","meta":{"rootId":"vcjzavyp5gtczir","id":"vcjzavyp5gtczir"},"id":"aquegjqyppv4qqn","previousOperationId":"c1kp07igp23z2ud"}
{"type":"log","timestamp":1676305382202,"level":"debug","message":"Executing script script (beforeRender)","meta":{"rootId":"vcjzavyp5gtczir","id":"vcjzavyp5gtczir"},"id":"dem6akl7hpjj9q2","previousOperationId":"c1kp07igp23z2ud"}
{"type":"operationStart","subtype":"scriptsBeforeRender","name":"scripts beforeRender","timestamp":1676305382227,"id":"v46pogihzfikr0m","previousEventId":"4l8lg2nwlobxei2","operationId":"pmqpkry5ct65dix","previousOperationId":"c1kp07igp23z2ud"}
{"type":"operationStart","subtype":"script","name":"scripts script","previousOperationId":"pmqpkry5ct65dix","timestamp":1676305382227,"id":"l033v9bqbrrdg4a","previousEventId":"v46pogihzfikr0m","operationId":"ya710llpuem8825"}
{"type":"operationEnd","operationId":"ya710llpuem8825","timestamp":1676305382375,"id":"g739la3gzamkw8g","previousEventId":"4l8lg2nwlobxei2","previousOperationId":"c1kp07igp23z2ud"}
{"type":"operationEnd","operationId":"pmqpkry5ct65dix","timestamp":1676305382375,"id":"35asabye8hwbfrj","previousEventId":"g739la3gzamkw8g","previousOperationId":"c1kp07igp23z2ud"}
{"type":"log","timestamp":1676305382375,"level":"debug","message":"Base url not specified, skipping its injection.","meta":{"rootId":"vcjzavyp5gtczir","id":"vcjzavyp5gtczir"},"id":"8yurwv51zew10iy","previousOperationId":"pmqpkry5ct65dix"}
{"type":"operationStart","subtype":"engine","name":"handlebars","timestamp":1676305382376,"id":"2evmvyv2rnv2rfd","previousEventId":"35asabye8hwbfrj","operationId":"fluz5mpqbg10eck","previousOperationId":"pmqpkry5ct65dix"}
{"type":"log","timestamp":1676305382376,"level":"debug","message":"Rendering engine handlebars","meta":{"rootId":"vcjzavyp5gtczir","id":"vcjzavyp5gtczir"},"id":"w4175dgqd7qdk8z","previousOperationId":"fluz5mpqbg10eck"}
{"type":"operationEnd","operationId":"fluz5mpqbg10eck","timestamp":1676305382388,"id":"bigwtsbfuhxm2cy","previousEventId":"2evmvyv2rnv2rfd","previousOperationId":"fluz5mpqbg10eck"}
{"type":"operationStart","subtype":"recipe","name":"chrome-pdf","timestamp":1676305382389,"id":"ioqq9b54x4g8q12","previousEventId":"bigwtsbfuhxm2cy","operationId":"wgqmunrd6nvze3r","previousOperationId":"fluz5mpqbg10eck"}
{"type":"log","timestamp":1676305382389,"level":"debug","message":"Executing recipe chrome-pdf","meta":{"rootId":"vcjzavyp5gtczir","id":"vcjzavyp5gtczir"},"id":"qkljoluecq5qrrx","previousOperationId":"wgqmunrd6nvze3r"}
{"type":"log","timestamp":1676305382392,"level":"debug","message":"Converting with chrome HeadlessChrome/105.0.5173.0 using chrome-pool strategy","meta":{"rootId":"vcjzavyp5gtczir","id":"vcjzavyp5gtczir"},"id":"crv1z8j8pmxmwri","previousOperationId":"wgqmunrd6nvze3r"}
{"type":"log","timestamp":1676305382493,"level":"debug","message":"Page request: GET (document) file:///C:/Users/josei/AppData/Local/Temp/jsreport/autocleanup/2ad8ddd7-8378-4a83-8221-f011c1d60d97-chrome-pdf.html","meta":{"rootId":"vcjzavyp5gtczir","id":"vcjzavyp5gtczir"},"id":"b4l9cs8hry7cbkt","previousOperationId":"wgqmunrd6nvze3r"}
{"type":"log","timestamp":1676305382515,"level":"debug","message":"Page request finished: GET (document) 200 file:///C:/Users/josei/AppData/Local/Temp/jsreport/autocleanup/2ad8ddd7-8378-4a83-8221-f011c1d60d97-chrome-pdf.html","meta":{"rootId":"vcjzavyp5gtczir","id":"vcjzavyp5gtczir"},"id":"1ar18c81b6il0u0","previousOperationId":"wgqmunrd6nvze3r"}
{"type":"log","timestamp":1676305382515,"level":"debug","message":"Page request: GET (stylesheet) https://cdnjs.cloudflare.com/ajax/libs/metro/4.1.5/css/metro.min.css","meta":{"rootId":"vcjzavyp5gtczir","id":"vcjzavyp5gtczir"},"id":"75lj09a5j25dbln","previousOperationId":"wgqmunrd6nvze3r"}
{"type":"log","timestamp":1676305382516,"level":"debug","message":"Page request: GET (script) https://cdn.jsdelivr.net/npm/chart.js","meta":{"rootId":"vcjzavyp5gtczir","id":"vcjzavyp5gtczir"},"id":"z1b2p4tmevgai2v","previousOperationId":"wgqmunrd6nvze3r"}
{"type":"log","timestamp":1676305382522,"level":"debug","message":"Page request finished: GET (script) 200 https://cdn.jsdelivr.net/npm/chart.js","meta":{"rootId":"vcjzavyp5gtczir","id":"vcjzavyp5gtczir"},"id":"81p4w4y0pw9x3pz","previousOperationId":"wgqmunrd6nvze3r"}
{"type":"log","timestamp":1676305382540,"level":"debug","message":"Page request finished: GET (stylesheet) 200 https://cdnjs.cloudflare.com/ajax/libs/metro/4.1.5/css/metro.min.css","meta":{"rootId":"vcjzavyp5gtczir","id":"vcjzavyp5gtczir"},"id":"62gto8c3llw837d","previousOperationId":"wgqmunrd6nvze3r"}
{"type":"log","timestamp":1676305382547,"level":"debug","message":"(console:error) Invalid scale configuration for scale: yAxes","meta":{"userLevel":true,"rootId":"vcjzavyp5gtczir","id":"vcjzavyp5gtczir"},"id":"ec7d22ymb1z0ad2","previousOperationId":"wgqmunrd6nvze3r"}
{"type":"log","timestamp":1676305382641,"level":"debug","message":"Running chrome with params {\"printBackground\":true,\"timeout\":59797,\"margin\":{}}","meta":{"rootId":"vcjzavyp5gtczir","id":"vcjzavyp5gtczir"},"id":"xirim5l8aira0fs","previousOperationId":"wgqmunrd6nvze3r"}
{"type":"operationEnd","operationId":"wgqmunrd6nvze3r","timestamp":1676305382720,"id":"qtfof4mmkg4m8tr","previousEventId":"ioqq9b54x4g8q12","previousOperationId":"wgqmunrd6nvze3r"}
{"type":"log","timestamp":1676305382720,"level":"debug","message":"Skipping storing report.","meta":{"rootId":"vcjzavyp5gtczir","id":"vcjzavyp5gtczir"},"id":"vt4drioek9b8jz1","previousOperationId":"wgqmunrd6nvze3r"}
{"type":"log","timestamp":1676305382720,"level":"info","message":"Rendering request 42 finished in 532 ms","meta":{"rootId":"vcjzavyp5gtczir","id":"vcjzavyp5gtczir"},"id":"e83088z3cqm8fol","previousOperationId":"wgqmunrd6nvze3r"}
{"type":"operationEnd","subtype":"render","operationId":"c1kp07igp23z2ud","timestamp":1676305382720,"id":"uh37lnmebq839ao","previousEventId":"qtfof4mmkg4m8tr","previousOperationId":"wgqmunrd6nvze3r"}
{"type":"operationEnd","doDiffs":false,"previousEventId":"qjp1aqczqzvugvq","previousOperationId":"5zopkd7xhteh6te","operationId":"5zopkd7xhteh6te","timestamp":1676305382724,"id":"d98ut8sp1rkqaes"}
