{"type":"operationStart","subtype":"profile","data":{"_id":"xvGicka9MVqvNVMj","timestamp":"2023-02-13T16:33:42.421Z","state":"queued","mode":"standard","creationDate":"2023-02-13T16:33:42.424Z","modificationDate":"2023-02-13T16:33:42.424Z","shortid":"44uFE0W","$entitySet":"profiles"},"doDiffs":false,"timestamp":1676306022422,"id":"nik7aw9me25xki1","previousOperationId":null,"operationId":"z7muslxml3gwrlz"}
{"type":"log","level":"info","message":"Render request 53 queued for execution and waiting for available worker","previousOperationId":"z7muslxml3gwrlz","timestamp":1676306022423,"id":"q47pw2k3zr6tbjx"}
{"type":"operationStart","subtype":"render","name":"prueba","previousOperationId":"z7muslxml3gwrlz","timestamp":1676306022431,"id":"hixv70y0lij84ok","previousEventId":"nik7aw9me25xki1","operationId":"u6hyygxxrb8ryof"}
{"type":"log","timestamp":1676306022431,"level":"info","message":"Starting rendering request 53","meta":{"rootId":"vhoxewrd5g1ooda","id":"vhoxewrd5g1ooda"},"id":"12jo06o3ev2w73l","previousOperationId":"u6hyygxxrb8ryof"}
{"type":"log","timestamp":1676306022431,"level":"info","message":"Rendering template { name: prueba, recipe: chrome-pdf, engine: handlebars, preview: true }","meta":{"rootId":"vhoxewrd5g1ooda","id":"vhoxewrd5g1ooda"},"id":"79swqasw1xatnzh","previousOperationId":"u6hyygxxrb8ryof"}
{"type":"log","timestamp":1676306022436,"level":"debug","message":"Data item not defined for this template.","meta":{"rootId":"vhoxewrd5g1ooda","id":"vhoxewrd5g1ooda"},"id":"mp0mzm12b5bxou9","previousOperationId":"u6hyygxxrb8ryof"}
{"type":"log","timestamp":1676306022440,"level":"debug","message":"Executing script script (beforeRender)","meta":{"rootId":"vhoxewrd5g1ooda","id":"vhoxewrd5g1ooda"},"id":"mdf6jkjvvlqsh7v","previousOperationId":"u6hyygxxrb8ryof"}
{"type":"operationStart","subtype":"scriptsBeforeRender","name":"scripts beforeRender","timestamp":1676306022458,"id":"h1k9li9cie3wc15","previousEventId":"hixv70y0lij84ok","operationId":"rreojo090cnpeh2","previousOperationId":"u6hyygxxrb8ryof"}
{"type":"operationStart","subtype":"script","name":"scripts script","previousOperationId":"rreojo090cnpeh2","timestamp":1676306022458,"id":"g3m1io0hfqgk0oi","previousEventId":"h1k9li9cie3wc15","operationId":"8hngxoxv8iegnhp"}
{"type":"operationEnd","operationId":"8hngxoxv8iegnhp","timestamp":1676306022657,"id":"8v0hx5dj8on9b2g","previousEventId":"hixv70y0lij84ok","previousOperationId":"u6hyygxxrb8ryof"}
{"type":"operationEnd","operationId":"rreojo090cnpeh2","timestamp":1676306022657,"id":"hh265nztth22its","previousEventId":"8v0hx5dj8on9b2g","previousOperationId":"u6hyygxxrb8ryof"}
{"type":"log","timestamp":1676306022658,"level":"debug","message":"Base url not specified, skipping its injection.","meta":{"rootId":"vhoxewrd5g1ooda","id":"vhoxewrd5g1ooda"},"id":"kqhle4w25nlbuyn","previousOperationId":"rreojo090cnpeh2"}
{"type":"operationStart","subtype":"engine","name":"handlebars","timestamp":1676306022658,"id":"lk6sohdw46xula5","previousEventId":"hh265nztth22its","operationId":"605981fd8eymz9j","previousOperationId":"rreojo090cnpeh2"}
{"type":"log","timestamp":1676306022658,"level":"debug","message":"Rendering engine handlebars","meta":{"rootId":"vhoxewrd5g1ooda","id":"vhoxewrd5g1ooda"},"id":"o6toime1xiopbht","previousOperationId":"605981fd8eymz9j"}
{"type":"operationEnd","operationId":"605981fd8eymz9j","timestamp":1676306022672,"id":"0j8x3ybhi1kxclt","previousEventId":"lk6sohdw46xula5","previousOperationId":"605981fd8eymz9j"}
{"type":"operationStart","subtype":"recipe","name":"chrome-pdf","timestamp":1676306022673,"id":"o40l5vshgugw2gs","previousEventId":"0j8x3ybhi1kxclt","operationId":"3tvzs32uoq22jz8","previousOperationId":"605981fd8eymz9j"}
{"type":"log","timestamp":1676306022673,"level":"debug","message":"Executing recipe chrome-pdf","meta":{"rootId":"vhoxewrd5g1ooda","id":"vhoxewrd5g1ooda"},"id":"ipy90128uiifqqr","previousOperationId":"3tvzs32uoq22jz8"}
{"type":"log","timestamp":1676306022676,"level":"debug","message":"Converting with chrome HeadlessChrome/105.0.5173.0 using chrome-pool strategy","meta":{"rootId":"vhoxewrd5g1ooda","id":"vhoxewrd5g1ooda"},"id":"lsmyxaw4subdvcp","previousOperationId":"3tvzs32uoq22jz8"}
{"type":"log","timestamp":1676306022771,"level":"debug","message":"Page request: GET (document) file:///C:/Users/josei/AppData/Local/Temp/jsreport/autocleanup/70747b84-f236-400a-aed5-f89c878f9283-chrome-pdf.html","meta":{"rootId":"vhoxewrd5g1ooda","id":"vhoxewrd5g1ooda"},"id":"0k9s62q3mv6iw6j","previousOperationId":"3tvzs32uoq22jz8"}
{"type":"log","timestamp":1676306022791,"level":"debug","message":"Page request finished: GET (document) 200 file:///C:/Users/josei/AppData/Local/Temp/jsreport/autocleanup/70747b84-f236-400a-aed5-f89c878f9283-chrome-pdf.html","meta":{"rootId":"vhoxewrd5g1ooda","id":"vhoxewrd5g1ooda"},"id":"u82t5ixalhc3mdf","previousOperationId":"3tvzs32uoq22jz8"}
{"type":"log","timestamp":1676306022791,"level":"debug","message":"Page request: GET (stylesheet) https://cdnjs.cloudflare.com/ajax/libs/metro/4.1.5/css/metro.min.css","meta":{"rootId":"vhoxewrd5g1ooda","id":"vhoxewrd5g1ooda"},"id":"0ug7n7q9y2fie0k","previousOperationId":"3tvzs32uoq22jz8"}
{"type":"log","timestamp":1676306022792,"level":"debug","message":"Page request: GET (script) https://cdn.jsdelivr.net/npm/chart.js","meta":{"rootId":"vhoxewrd5g1ooda","id":"vhoxewrd5g1ooda"},"id":"kfa8f05x4b88vso","previousOperationId":"3tvzs32uoq22jz8"}
{"type":"log","timestamp":1676306022800,"level":"debug","message":"Page request finished: GET (script) 200 https://cdn.jsdelivr.net/npm/chart.js","meta":{"rootId":"vhoxewrd5g1ooda","id":"vhoxewrd5g1ooda"},"id":"gdcrz9itgtdga17","previousOperationId":"3tvzs32uoq22jz8"}
{"type":"log","timestamp":1676306022819,"level":"debug","message":"Page request finished: GET (stylesheet) 200 https://cdnjs.cloudflare.com/ajax/libs/metro/4.1.5/css/metro.min.css","meta":{"rootId":"vhoxewrd5g1ooda","id":"vhoxewrd5g1ooda"},"id":"qxraveo9z1tr1ux","previousOperationId":"3tvzs32uoq22jz8"}
{"type":"log","timestamp":1676306022826,"level":"debug","message":"(console:error) Invalid scale configuration for scale: yAxes","meta":{"userLevel":true,"rootId":"vhoxewrd5g1ooda","id":"vhoxewrd5g1ooda"},"id":"c1yiaf38mt6j1n9","previousOperationId":"3tvzs32uoq22jz8"}
{"type":"log","timestamp":1676306022924,"level":"debug","message":"Running chrome with params {\"printBackground\":true,\"timeout\":59746,\"margin\":{}}","meta":{"rootId":"vhoxewrd5g1ooda","id":"vhoxewrd5g1ooda"},"id":"uvxvnj7owgaa4f1","previousOperationId":"3tvzs32uoq22jz8"}
{"type":"operationEnd","operationId":"3tvzs32uoq22jz8","timestamp":1676306023002,"id":"awg469ok3nmynqw","previousEventId":"o40l5vshgugw2gs","previousOperationId":"3tvzs32uoq22jz8"}
{"type":"log","timestamp":1676306023002,"level":"debug","message":"Skipping storing report.","meta":{"rootId":"vhoxewrd5g1ooda","id":"vhoxewrd5g1ooda"},"id":"5c86yt44e7cq6r1","previousOperationId":"3tvzs32uoq22jz8"}
{"type":"log","timestamp":1676306023002,"level":"info","message":"Rendering request 53 finished in 581 ms","meta":{"rootId":"vhoxewrd5g1ooda","id":"vhoxewrd5g1ooda"},"id":"598r4fo8o3tubp1","previousOperationId":"3tvzs32uoq22jz8"}
{"type":"operationEnd","subtype":"render","operationId":"u6hyygxxrb8ryof","timestamp":1676306023002,"id":"a7s4azshi7lncev","previousEventId":"awg469ok3nmynqw","previousOperationId":"3tvzs32uoq22jz8"}
{"type":"operationEnd","doDiffs":false,"previousEventId":"nik7aw9me25xki1","previousOperationId":"z7muslxml3gwrlz","operationId":"z7muslxml3gwrlz","timestamp":1676306023007,"id":"fnw7hqpxodbdmc1"}
