{"type":"operationStart","subtype":"profile","data":{"_id":"YBRIpXYnmFKTF6Ao","timestamp":"2023-02-13T16:13:46.834Z","state":"queued","mode":"standard","creationDate":"2023-02-13T16:13:46.836Z","modificationDate":"2023-02-13T16:13:46.836Z","shortid":"YG_Xqtx","$entitySet":"profiles"},"doDiffs":false,"timestamp":1676304826835,"id":"m2j0oe7dp26vjji","previousOperationId":null,"operationId":"6tlaleyza6v6kp5"}
{"type":"log","level":"info","message":"Render request 29 queued for execution and waiting for available worker","previousOperationId":"6tlaleyza6v6kp5","timestamp":1676304826835,"id":"g4ckn1telzjxkyn"}
{"type":"operationStart","subtype":"render","name":"prueba","previousOperationId":"6tlaleyza6v6kp5","timestamp":1676304826844,"id":"ol6t0vjli2cdkjz","previousEventId":"m2j0oe7dp26vjji","operationId":"f33bzq3myliwxdz"}
{"type":"log","timestamp":1676304826844,"level":"info","message":"Starting rendering request 29","meta":{"rootId":"vskj1s3574km9ta","id":"vskj1s3574km9ta"},"id":"stre9ub5yve516o","previousOperationId":"f33bzq3myliwxdz"}
{"type":"log","timestamp":1676304826845,"level":"info","message":"Rendering template { name: prueba, recipe: chrome-pdf, engine: handlebars, preview: true }","meta":{"rootId":"vskj1s3574km9ta","id":"vskj1s3574km9ta"},"id":"zy7zr132tvv2xzg","previousOperationId":"f33bzq3myliwxdz"}
{"type":"log","timestamp":1676304826845,"level":"debug","message":"Data item not defined for this template.","meta":{"rootId":"vskj1s3574km9ta","id":"vskj1s3574km9ta"},"id":"9nmcu68nvc8ww49","previousOperationId":"f33bzq3myliwxdz"}
{"type":"log","timestamp":1676304826848,"level":"debug","message":"Executing script script (beforeRender)","meta":{"rootId":"vskj1s3574km9ta","id":"vskj1s3574km9ta"},"id":"973o2ihmazxwwp8","previousOperationId":"f33bzq3myliwxdz"}
{"type":"operationStart","subtype":"scriptsBeforeRender","name":"scripts beforeRender","timestamp":1676304826868,"id":"rwlvi813rqxvrgs","previousEventId":"ol6t0vjli2cdkjz","operationId":"bswe8nec5gd8w9z","previousOperationId":"f33bzq3myliwxdz"}
{"type":"operationStart","subtype":"script","name":"scripts script","previousOperationId":"bswe8nec5gd8w9z","timestamp":1676304826868,"id":"z35yje7rxllihtd","previousEventId":"rwlvi813rqxvrgs","operationId":"h1x40mccukf3w1o"}
{"type":"operationEnd","operationId":"h1x40mccukf3w1o","timestamp":1676304827043,"id":"ub3jsro9l6h4ajq","previousEventId":"ol6t0vjli2cdkjz","previousOperationId":"f33bzq3myliwxdz"}
{"type":"operationEnd","operationId":"bswe8nec5gd8w9z","timestamp":1676304827043,"id":"e0ghsg6adtvjale","previousEventId":"ub3jsro9l6h4ajq","previousOperationId":"f33bzq3myliwxdz"}
{"type":"log","timestamp":1676304827043,"level":"debug","message":"Base url not specified, skipping its injection.","meta":{"rootId":"vskj1s3574km9ta","id":"vskj1s3574km9ta"},"id":"gpvoj3wcqf3t87l","previousOperationId":"bswe8nec5gd8w9z"}
{"type":"operationStart","subtype":"engine","name":"handlebars","timestamp":1676304827044,"id":"milunznedmd5dvo","previousEventId":"e0ghsg6adtvjale","operationId":"iv7ymwg360ifudy","previousOperationId":"bswe8nec5gd8w9z"}
{"type":"log","timestamp":1676304827044,"level":"debug","message":"Rendering engine handlebars","meta":{"rootId":"vskj1s3574km9ta","id":"vskj1s3574km9ta"},"id":"h3ihn7txb6salzg","previousOperationId":"iv7ymwg360ifudy"}
{"type":"operationEnd","operationId":"iv7ymwg360ifudy","timestamp":1676304827053,"id":"ya3cw57yy29p49g","previousEventId":"milunznedmd5dvo","previousOperationId":"iv7ymwg360ifudy"}
{"type":"operationStart","subtype":"recipe","name":"chrome-pdf","timestamp":1676304827053,"id":"3iew5bmo484cp8k","previousEventId":"ya3cw57yy29p49g","operationId":"m43k08o06od3mx1","previousOperationId":"iv7ymwg360ifudy"}
{"type":"log","timestamp":1676304827053,"level":"debug","message":"Executing recipe chrome-pdf","meta":{"rootId":"vskj1s3574km9ta","id":"vskj1s3574km9ta"},"id":"v32os1dwsela1h4","previousOperationId":"m43k08o06od3mx1"}
{"type":"log","timestamp":1676304827057,"level":"debug","message":"Converting with chrome HeadlessChrome/105.0.5173.0 using chrome-pool strategy","meta":{"rootId":"vskj1s3574km9ta","id":"vskj1s3574km9ta"},"id":"ib8v9nbjp4l9411","previousOperationId":"m43k08o06od3mx1"}
{"type":"log","timestamp":1676304827158,"level":"debug","message":"Page request: GET (document) file:///C:/Users/josei/AppData/Local/Temp/jsreport/autocleanup/fbbb99ff-ea31-4f3e-ac15-858be7fa8eea-chrome-pdf.html","meta":{"rootId":"vskj1s3574km9ta","id":"vskj1s3574km9ta"},"id":"73016pomiqzvctq","previousOperationId":"m43k08o06od3mx1"}
{"type":"log","timestamp":1676304827168,"level":"debug","message":"Page request finished: GET (document) 200 file:///C:/Users/josei/AppData/Local/Temp/jsreport/autocleanup/fbbb99ff-ea31-4f3e-ac15-858be7fa8eea-chrome-pdf.html","meta":{"rootId":"vskj1s3574km9ta","id":"vskj1s3574km9ta"},"id":"y3ajabb0b5hrgt3","previousOperationId":"m43k08o06od3mx1"}
{"type":"log","timestamp":1676304827168,"level":"debug","message":"Page request: GET (stylesheet) https://cdnjs.cloudflare.com/ajax/libs/metro/4.1.5/css/metro.min.css","meta":{"rootId":"vskj1s3574km9ta","id":"vskj1s3574km9ta"},"id":"g44z33fe01z2jt2","previousOperationId":"m43k08o06od3mx1"}
{"type":"log","timestamp":1676304827169,"level":"debug","message":"Page request: GET (script) https://cdn.jsdelivr.net/npm/chart.js","meta":{"rootId":"vskj1s3574km9ta","id":"vskj1s3574km9ta"},"id":"8pd0ik9nqnffd1u","previousOperationId":"m43k08o06od3mx1"}
{"type":"log","timestamp":1676304827194,"level":"debug","message":"Page request finished: GET (stylesheet) 200 https://cdnjs.cloudflare.com/ajax/libs/metro/4.1.5/css/metro.min.css","meta":{"rootId":"vskj1s3574km9ta","id":"vskj1s3574km9ta"},"id":"0sjnaydlxt8pbbk","previousOperationId":"m43k08o06od3mx1"}
{"type":"log","timestamp":1676304827195,"level":"debug","message":"Page request finished: GET (script) 200 https://cdn.jsdelivr.net/npm/chart.js","meta":{"rootId":"vskj1s3574km9ta","id":"vskj1s3574km9ta"},"id":"4aqsma2m42a2zmk","previousOperationId":"m43k08o06od3mx1"}
{"type":"log","timestamp":1676304827208,"level":"debug","message":"Page request: GET (document) file:///C:/Users/josei/AppData/Local/Temp/jsreport/autocleanup/bb","meta":{"rootId":"vskj1s3574km9ta","id":"vskj1s3574km9ta"},"id":"6f173jrhpji4xbx","previousOperationId":"m43k08o06od3mx1"}
{"type":"log","timestamp":1676304827210,"level":"warn","message":"Page request failed: GET (document) file:///C:/Users/josei/AppData/Local/Temp/jsreport/autocleanup/bb, failure: net::ERR_FILE_NOT_FOUND","meta":{"rootId":"vskj1s3574km9ta","id":"vskj1s3574km9ta"},"id":"vwyaehtgnpiba1v","previousOperationId":"m43k08o06od3mx1"}
{"type":"log","timestamp":1676304827292,"level":"debug","message":"Running chrome with params {\"printBackground\":true,\"timeout\":59778,\"margin\":{}}","meta":{"rootId":"vskj1s3574km9ta","id":"vskj1s3574km9ta"},"id":"69btn5agn10ierk","previousOperationId":"m43k08o06od3mx1"}
{"type":"operationEnd","operationId":"m43k08o06od3mx1","timestamp":1676304827309,"id":"n0vqa4k2a4bqo59","previousEventId":"3iew5bmo484cp8k","previousOperationId":"m43k08o06od3mx1"}
{"type":"log","timestamp":1676304827309,"level":"debug","message":"Skipping storing report.","meta":{"rootId":"vskj1s3574km9ta","id":"vskj1s3574km9ta"},"id":"qzzsfuv7wdiwqwn","previousOperationId":"m43k08o06od3mx1"}
{"type":"log","timestamp":1676304827309,"level":"info","message":"Rendering request 29 finished in 475 ms","meta":{"rootId":"vskj1s3574km9ta","id":"vskj1s3574km9ta"},"id":"mq1pfirtkx6k8o7","previousOperationId":"m43k08o06od3mx1"}
{"type":"operationEnd","subtype":"render","operationId":"f33bzq3myliwxdz","timestamp":1676304827309,"id":"muw3h7afjlatd7v","previousEventId":"n0vqa4k2a4bqo59","previousOperationId":"m43k08o06od3mx1"}
{"type":"operationEnd","doDiffs":false,"previousEventId":"m2j0oe7dp26vjji","previousOperationId":"6tlaleyza6v6kp5","operationId":"6tlaleyza6v6kp5","timestamp":1676304827316,"id":"itvf1yrd3wz6g3m"}
