{"type":"operationStart","subtype":"profile","data":{"_id":"emPhcFWCIsjWuZ6p","timestamp":"2023-02-13T15:53:20.458Z","state":"queued","mode":"standard","creationDate":"2023-02-13T15:53:20.460Z","modificationDate":"2023-02-13T15:53:20.460Z","shortid":"BeyWR0O","$entitySet":"profiles"},"doDiffs":false,"timestamp":1676303600459,"id":"osmocshxp5ao65b","previousOperationId":null,"operationId":"eeuynqndt0r61cv"}
{"type":"log","level":"info","message":"Render request 2 queued for execution and waiting for available worker","previousOperationId":"eeuynqndt0r61cv","timestamp":1676303600459,"id":"u0kn0gx5er83xrb"}
{"type":"operationStart","subtype":"render","name":"prueba","previousOperationId":"eeuynqndt0r61cv","timestamp":1676303600465,"id":"8e5z2t2ftwnmi5k","previousEventId":"osmocshxp5ao65b","operationId":"5jcf4jmaq37lwhx"}
{"type":"log","timestamp":1676303600466,"level":"info","message":"Starting rendering request 2","meta":{"rootId":"wyistkxxye66o1z","id":"wyistkxxye66o1z"},"id":"8s1d6xpqfr6kq1n","previousOperationId":"5jcf4jmaq37lwhx"}
{"type":"log","timestamp":1676303600467,"level":"info","message":"Rendering template { name: prueba, recipe: chrome-pdf, engine: handlebars, preview: false }","meta":{"rootId":"wyistkxxye66o1z","id":"wyistkxxye66o1z"},"id":"7gbsjwv8b7ibhwu","previousOperationId":"5jcf4jmaq37lwhx"}
{"type":"log","timestamp":1676303600467,"level":"debug","message":"Data item not defined for this template.","meta":{"rootId":"wyistkxxye66o1z","id":"wyistkxxye66o1z"},"id":"njeqbz1bwtu1qp8","previousOperationId":"5jcf4jmaq37lwhx"}
{"type":"log","timestamp":1676303600471,"level":"debug","message":"Executing script script (beforeRender)","meta":{"rootId":"wyistkxxye66o1z","id":"wyistkxxye66o1z"},"id":"brbc7f54krwuslv","previousOperationId":"5jcf4jmaq37lwhx"}
{"type":"operationStart","subtype":"scriptsBeforeRender","name":"scripts beforeRender","timestamp":1676303600491,"id":"yvt148nu688zun1","previousEventId":"8e5z2t2ftwnmi5k","operationId":"rfttdvpz3nyncge","previousOperationId":"5jcf4jmaq37lwhx"}
{"type":"operationStart","subtype":"script","name":"scripts script","previousOperationId":"rfttdvpz3nyncge","timestamp":1676303600491,"id":"tw54c0ukojhs2bn","previousEventId":"yvt148nu688zun1","operationId":"glcj7xwranxsl3o"}
{"type":"operationEnd","operationId":"glcj7xwranxsl3o","timestamp":1676303600648,"id":"bcb4kce394qkg7z","previousEventId":"8e5z2t2ftwnmi5k","previousOperationId":"5jcf4jmaq37lwhx"}
{"type":"operationEnd","operationId":"rfttdvpz3nyncge","timestamp":1676303600648,"id":"5o2j0q1k8cvhqpn","previousEventId":"bcb4kce394qkg7z","previousOperationId":"5jcf4jmaq37lwhx"}
{"type":"log","timestamp":1676303600648,"level":"debug","message":"Base url not specified, skipping its injection.","meta":{"rootId":"wyistkxxye66o1z","id":"wyistkxxye66o1z"},"id":"gmsg07hwcs70nku","previousOperationId":"rfttdvpz3nyncge"}
{"type":"operationStart","subtype":"engine","name":"handlebars","timestamp":1676303600648,"id":"iamrt91vq5v51cp","previousEventId":"5o2j0q1k8cvhqpn","operationId":"s00lzu14sy6ookt","previousOperationId":"rfttdvpz3nyncge"}
{"type":"log","timestamp":1676303600648,"level":"debug","message":"Rendering engine handlebars","meta":{"rootId":"wyistkxxye66o1z","id":"wyistkxxye66o1z"},"id":"oovyngci6proa0f","previousOperationId":"s00lzu14sy6ookt"}
{"type":"operationEnd","operationId":"s00lzu14sy6ookt","timestamp":1676303600660,"id":"hdmpot21ah8vkho","previousEventId":"iamrt91vq5v51cp","previousOperationId":"s00lzu14sy6ookt"}
{"type":"operationStart","subtype":"recipe","name":"chrome-pdf","timestamp":1676303600661,"id":"rf3hfpjvn7k480n","previousEventId":"hdmpot21ah8vkho","operationId":"lgs4gx37cwofs87","previousOperationId":"s00lzu14sy6ookt"}
{"type":"log","timestamp":1676303600661,"level":"debug","message":"Executing recipe chrome-pdf","meta":{"rootId":"wyistkxxye66o1z","id":"wyistkxxye66o1z"},"id":"6pssg9qxbnfb6dz","previousOperationId":"lgs4gx37cwofs87"}
{"type":"log","timestamp":1676303600665,"level":"debug","message":"Converting with chrome HeadlessChrome/105.0.5173.0 using chrome-pool strategy","meta":{"rootId":"wyistkxxye66o1z","id":"wyistkxxye66o1z"},"id":"qxt7mmz9uuhwoju","previousOperationId":"lgs4gx37cwofs87"}
{"type":"log","timestamp":1676303601046,"level":"debug","message":"Page request: GET (document) file:///C:/Users/josei/AppData/Local/Temp/jsreport/autocleanup/e7363976-e9e9-45dd-ae8e-056e6f1f78ea-chrome-pdf.html","meta":{"rootId":"wyistkxxye66o1z","id":"wyistkxxye66o1z"},"id":"q9zkcmg9qobj39l","previousOperationId":"lgs4gx37cwofs87"}
{"type":"log","timestamp":1676303601067,"level":"debug","message":"Page request: GET (stylesheet) https://cdnjs.cloudflare.com/ajax/libs/metro/4.1.5/css/metro.min.css","meta":{"rootId":"wyistkxxye66o1z","id":"wyistkxxye66o1z"},"id":"w3087jyykljpupr","previousOperationId":"lgs4gx37cwofs87"}
{"type":"log","timestamp":1676303601067,"level":"debug","message":"Page request: GET (script) https://cdn.jsdelivr.net/npm/chart.js","meta":{"rootId":"wyistkxxye66o1z","id":"wyistkxxye66o1z"},"id":"ceb5j3i35bm1fnx","previousOperationId":"lgs4gx37cwofs87"}
{"type":"log","timestamp":1676303601068,"level":"debug","message":"Page request finished: GET (document) 200 file:///C:/Users/josei/AppData/Local/Temp/jsreport/autocleanup/e7363976-e9e9-45dd-ae8e-056e6f1f78ea-chrome-pdf.html","meta":{"rootId":"wyistkxxye66o1z","id":"wyistkxxye66o1z"},"id":"jlquhngai6zg5vn","previousOperationId":"lgs4gx37cwofs87"}
{"type":"log","timestamp":1676303601102,"level":"debug","message":"Page request finished: GET (stylesheet) 200 https://cdnjs.cloudflare.com/ajax/libs/metro/4.1.5/css/metro.min.css","meta":{"rootId":"wyistkxxye66o1z","id":"wyistkxxye66o1z"},"id":"g8cb7atapa0bii2","previousOperationId":"lgs4gx37cwofs87"}
{"type":"log","timestamp":1676303601103,"level":"debug","message":"Page request finished: GET (script) 200 https://cdn.jsdelivr.net/npm/chart.js","meta":{"rootId":"wyistkxxye66o1z","id":"wyistkxxye66o1z"},"id":"foeqh4gxq7vmnx3","previousOperationId":"lgs4gx37cwofs87"}
{"type":"log","timestamp":1676303601112,"level":"debug","message":"(console:log) 2","meta":{"userLevel":true,"rootId":"wyistkxxye66o1z","id":"wyistkxxye66o1z"},"id":"x1xatj4r0tmaycy","previousOperationId":"lgs4gx37cwofs87"}
{"type":"log","timestamp":1676303601112,"level":"debug","message":"(console:log) 3","meta":{"userLevel":true,"rootId":"wyistkxxye66o1z","id":"wyistkxxye66o1z"},"id":"7e5pkymkl7s2ozk","previousOperationId":"lgs4gx37cwofs87"}
{"type":"log","timestamp":1676303601114,"level":"debug","message":"(console:log) 3","meta":{"userLevel":true,"rootId":"wyistkxxye66o1z","id":"wyistkxxye66o1z"},"id":"n5yxtbhbzjc46j8","previousOperationId":"lgs4gx37cwofs87"}
{"type":"log","timestamp":1676303601115,"level":"debug","message":"(console:log) 1","meta":{"userLevel":true,"rootId":"wyistkxxye66o1z","id":"wyistkxxye66o1z"},"id":"l5yz48tpyqwfyty","previousOperationId":"lgs4gx37cwofs87"}
{"type":"log","timestamp":1676303601115,"level":"debug","message":"(console:log) 1","meta":{"userLevel":true,"rootId":"wyistkxxye66o1z","id":"wyistkxxye66o1z"},"id":"dzc8rrtokefi1cp","previousOperationId":"lgs4gx37cwofs87"}
{"type":"log","timestamp":1676303601115,"level":"debug","message":"(console:error) Invalid scale configuration for scale: yAxes","meta":{"userLevel":true,"rootId":"wyistkxxye66o1z","id":"wyistkxxye66o1z"},"id":"c3jj8tu7we0cy46","previousOperationId":"lgs4gx37cwofs87"}
{"type":"log","timestamp":1676303601230,"level":"debug","message":"Running chrome with params {\"printBackground\":true,\"timeout\":59794,\"margin\":{}}","meta":{"rootId":"wyistkxxye66o1z","id":"wyistkxxye66o1z"},"id":"1oim91lnfxhqnc7","previousOperationId":"lgs4gx37cwofs87"}
{"type":"operationEnd","operationId":"lgs4gx37cwofs87","timestamp":1676303601305,"id":"hodfer7379lyihk","previousEventId":"rf3hfpjvn7k480n","previousOperationId":"lgs4gx37cwofs87"}
{"type":"log","timestamp":1676303601305,"level":"debug","message":"Skipping storing report.","meta":{"rootId":"wyistkxxye66o1z","id":"wyistkxxye66o1z"},"id":"mkpwe8b9fb7ctmh","previousOperationId":"lgs4gx37cwofs87"}
{"type":"log","timestamp":1676303601305,"level":"info","message":"Rendering request 2 finished in 848 ms","meta":{"rootId":"wyistkxxye66o1z","id":"wyistkxxye66o1z"},"id":"ihojeek73dof2m3","previousOperationId":"lgs4gx37cwofs87"}
{"type":"operationEnd","subtype":"render","operationId":"5jcf4jmaq37lwhx","timestamp":1676303601305,"id":"tza8texapjrw2c7","previousEventId":"hodfer7379lyihk","previousOperationId":"lgs4gx37cwofs87"}
{"type":"operationEnd","doDiffs":false,"previousEventId":"osmocshxp5ao65b","previousOperationId":"eeuynqndt0r61cv","operationId":"eeuynqndt0r61cv","timestamp":1676303601307,"id":"m0cxeui9rnuhwc8"}
