{"type":"operationStart","subtype":"profile","data":{"_id":"1WIbUFLg2XCPHBl9","timestamp":"2023-02-13T16:00:00.535Z","state":"queued","mode":"standard","creationDate":"2023-02-13T16:00:00.538Z","modificationDate":"2023-02-13T16:00:00.538Z","shortid":"O7_W7IE","$entitySet":"profiles"},"doDiffs":false,"timestamp":1676304000536,"id":"mjr9oue71kjwodd","previousOperationId":null,"operationId":"sgwtcv59p6r0z9o"}
{"type":"log","level":"info","message":"Render request 8 queued for execution and waiting for available worker","previousOperationId":"sgwtcv59p6r0z9o","timestamp":1676304000536,"id":"hauh7mv06h1yeug"}
{"type":"operationStart","subtype":"render","name":"prueba","previousOperationId":"sgwtcv59p6r0z9o","timestamp":1676304000546,"id":"np0o1johhso0s9k","previousEventId":"mjr9oue71kjwodd","operationId":"5r1lekm3mdlii4p"}
{"type":"log","timestamp":1676304000546,"level":"info","message":"Starting rendering request 8","meta":{"rootId":"xxun56kv5gss6tb","id":"xxun56kv5gss6tb"},"id":"322xtn2oflmhq1h","previousOperationId":"5r1lekm3mdlii4p"}
{"type":"log","timestamp":1676304000546,"level":"info","message":"Rendering template { name: prueba, recipe: chrome-pdf, engine: handlebars, preview: true }","meta":{"rootId":"xxun56kv5gss6tb","id":"xxun56kv5gss6tb"},"id":"izlgbkkvjah0v4s","previousOperationId":"5r1lekm3mdlii4p"}
{"type":"log","timestamp":1676304000547,"level":"debug","message":"Data item not defined for this template.","meta":{"rootId":"xxun56kv5gss6tb","id":"xxun56kv5gss6tb"},"id":"27miqmhg1z5b02w","previousOperationId":"5r1lekm3mdlii4p"}
{"type":"log","timestamp":1676304000553,"level":"debug","message":"Executing script script (beforeRender)","meta":{"rootId":"xxun56kv5gss6tb","id":"xxun56kv5gss6tb"},"id":"adll02ou9k6em87","previousOperationId":"5r1lekm3mdlii4p"}
{"type":"operationStart","subtype":"scriptsBeforeRender","name":"scripts beforeRender","timestamp":1676304000574,"id":"roxlxvughxi61ac","previousEventId":"np0o1johhso0s9k","operationId":"2cxzn91zucmxb8d","previousOperationId":"5r1lekm3mdlii4p"}
{"type":"operationStart","subtype":"script","name":"scripts script","previousOperationId":"2cxzn91zucmxb8d","timestamp":1676304000574,"id":"ouhhmi75x1otcl9","previousEventId":"roxlxvughxi61ac","operationId":"56whtkxb1tjlt1j"}
{"type":"operationEnd","operationId":"56whtkxb1tjlt1j","timestamp":1676304000760,"id":"vqpbdmxx8hns9z6","previousEventId":"np0o1johhso0s9k","previousOperationId":"5r1lekm3mdlii4p"}
{"type":"operationEnd","operationId":"2cxzn91zucmxb8d","timestamp":1676304000760,"id":"2wf37vu6zy88r9j","previousEventId":"vqpbdmxx8hns9z6","previousOperationId":"5r1lekm3mdlii4p"}
{"type":"log","timestamp":1676304000760,"level":"debug","message":"Base url not specified, skipping its injection.","meta":{"rootId":"xxun56kv5gss6tb","id":"xxun56kv5gss6tb"},"id":"lvxtyqbgnzigsy0","previousOperationId":"2cxzn91zucmxb8d"}
{"type":"operationStart","subtype":"engine","name":"handlebars","timestamp":1676304000760,"id":"wdykt10qzjon9gc","previousEventId":"2wf37vu6zy88r9j","operationId":"52jwpijf4m69dfd","previousOperationId":"2cxzn91zucmxb8d"}
{"type":"log","timestamp":1676304000760,"level":"debug","message":"Rendering engine handlebars","meta":{"rootId":"xxun56kv5gss6tb","id":"xxun56kv5gss6tb"},"id":"cao4a2dw5cw9cr9","previousOperationId":"52jwpijf4m69dfd"}
{"type":"operationEnd","operationId":"52jwpijf4m69dfd","timestamp":1676304000779,"id":"p7mwe9pwvmtmkzk","previousEventId":"wdykt10qzjon9gc","previousOperationId":"52jwpijf4m69dfd"}
{"type":"operationStart","subtype":"recipe","name":"chrome-pdf","timestamp":1676304000780,"id":"leierrf61cnhxap","previousEventId":"p7mwe9pwvmtmkzk","operationId":"twlhowrl6p73iiv","previousOperationId":"52jwpijf4m69dfd"}
{"type":"log","timestamp":1676304000780,"level":"debug","message":"Executing recipe chrome-pdf","meta":{"rootId":"xxun56kv5gss6tb","id":"xxun56kv5gss6tb"},"id":"53v0pe2q9k3qb86","previousOperationId":"twlhowrl6p73iiv"}
{"type":"log","timestamp":1676304000782,"level":"debug","message":"Converting with chrome HeadlessChrome/105.0.5173.0 using chrome-pool strategy","meta":{"rootId":"xxun56kv5gss6tb","id":"xxun56kv5gss6tb"},"id":"1839vy93wlizmyl","previousOperationId":"twlhowrl6p73iiv"}
{"type":"log","timestamp":1676304000904,"level":"debug","message":"Page request: GET (document) file:///C:/Users/josei/AppData/Local/Temp/jsreport/autocleanup/ba5f7550-0344-459c-bbe2-15b66fcf795a-chrome-pdf.html","meta":{"rootId":"xxun56kv5gss6tb","id":"xxun56kv5gss6tb"},"id":"ach9tfxwt8udo5r","previousOperationId":"twlhowrl6p73iiv"}
{"type":"log","timestamp":1676304000918,"level":"debug","message":"Page request finished: GET (document) 200 file:///C:/Users/josei/AppData/Local/Temp/jsreport/autocleanup/ba5f7550-0344-459c-bbe2-15b66fcf795a-chrome-pdf.html","meta":{"rootId":"xxun56kv5gss6tb","id":"xxun56kv5gss6tb"},"id":"ohx58t2yba3dt9b","previousOperationId":"twlhowrl6p73iiv"}
{"type":"log","timestamp":1676304000919,"level":"debug","message":"Page request: GET (stylesheet) https://cdnjs.cloudflare.com/ajax/libs/metro/4.1.5/css/metro.min.css","meta":{"rootId":"xxun56kv5gss6tb","id":"xxun56kv5gss6tb"},"id":"qbjon35mgq1ulup","previousOperationId":"twlhowrl6p73iiv"}
{"type":"log","timestamp":1676304000921,"level":"debug","message":"Page request: GET (script) https://cdn.jsdelivr.net/npm/chart.js","meta":{"rootId":"xxun56kv5gss6tb","id":"xxun56kv5gss6tb"},"id":"bwj093f7bkeurw2","previousOperationId":"twlhowrl6p73iiv"}
{"type":"log","timestamp":1676304000931,"level":"debug","message":"Page request finished: GET (script) 200 https://cdn.jsdelivr.net/npm/chart.js","meta":{"rootId":"xxun56kv5gss6tb","id":"xxun56kv5gss6tb"},"id":"s14jeh17rretviy","previousOperationId":"twlhowrl6p73iiv"}
{"type":"log","timestamp":1676304000950,"level":"debug","message":"Page request finished: GET (stylesheet) 200 https://cdnjs.cloudflare.com/ajax/libs/metro/4.1.5/css/metro.min.css","meta":{"rootId":"xxun56kv5gss6tb","id":"xxun56kv5gss6tb"},"id":"l5ejnoqvfqnw88b","previousOperationId":"twlhowrl6p73iiv"}
{"type":"log","timestamp":1676304000960,"level":"debug","message":"(console:error) Invalid scale configuration for scale: yAxes","meta":{"userLevel":true,"rootId":"xxun56kv5gss6tb","id":"xxun56kv5gss6tb"},"id":"jk5ny8feusirsz1","previousOperationId":"twlhowrl6p73iiv"}
{"type":"log","timestamp":1676304001071,"level":"debug","message":"Running chrome with params {\"printBackground\":true,\"timeout\":59753,\"margin\":{}}","meta":{"rootId":"xxun56kv5gss6tb","id":"xxun56kv5gss6tb"},"id":"yz5yej2w9pvf29n","previousOperationId":"twlhowrl6p73iiv"}
{"type":"operationEnd","operationId":"twlhowrl6p73iiv","timestamp":1676304001153,"id":"e9r5kt73ekqt4m6","previousEventId":"leierrf61cnhxap","previousOperationId":"twlhowrl6p73iiv"}
{"type":"log","timestamp":1676304001153,"level":"debug","message":"Skipping storing report.","meta":{"rootId":"xxun56kv5gss6tb","id":"xxun56kv5gss6tb"},"id":"hvo3afrm5exmaj2","previousOperationId":"twlhowrl6p73iiv"}
{"type":"log","timestamp":1676304001154,"level":"info","message":"Rendering request 8 finished in 620 ms","meta":{"rootId":"xxun56kv5gss6tb","id":"xxun56kv5gss6tb"},"id":"2kzwcal7bgfo7xp","previousOperationId":"twlhowrl6p73iiv"}
{"type":"operationEnd","subtype":"render","operationId":"5r1lekm3mdlii4p","timestamp":1676304001155,"id":"e41qm82runxrl7o","previousEventId":"e9r5kt73ekqt4m6","previousOperationId":"twlhowrl6p73iiv"}
{"type":"operationEnd","doDiffs":false,"previousEventId":"mjr9oue71kjwodd","previousOperationId":"sgwtcv59p6r0z9o","operationId":"sgwtcv59p6r0z9o","timestamp":1676304001160,"id":"4rkzw8vpquxccu0"}
