{"type":"operationStart","subtype":"profile","data":{"_id":"ql4dEHWHbILKfC3R","timestamp":"2023-02-13T16:43:03.692Z","state":"queued","mode":"standard","creationDate":"2023-02-13T16:43:03.694Z","modificationDate":"2023-02-13T16:43:03.694Z","shortid":"aLeqqSA","$entitySet":"profiles"},"doDiffs":false,"timestamp":1676306583693,"id":"axfld17aoz493et","previousOperationId":null,"operationId":"ggr87ogmztnxpuz"}
{"type":"log","level":"info","message":"Render request 70 queued for execution and waiting for available worker","previousOperationId":"ggr87ogmztnxpuz","timestamp":1676306583693,"id":"0tqja7huh6i2km9"}
{"type":"operationStart","subtype":"render","name":"prueba","previousOperationId":"ggr87ogmztnxpuz","timestamp":1676306583705,"id":"fmdgfvtou2fdmos","previousEventId":"axfld17aoz493et","operationId":"drb0cw51k9lwv33"}
{"type":"log","timestamp":1676306583705,"level":"info","message":"Starting rendering request 70","meta":{"rootId":"ybehwwbe70gfmli","id":"ybehwwbe70gfmli"},"id":"0rt2ydmqlnztawg","previousOperationId":"drb0cw51k9lwv33"}
{"type":"log","timestamp":1676306583705,"level":"info","message":"Rendering template { name: prueba, recipe: chrome-pdf, engine: handlebars, preview: true }","meta":{"rootId":"ybehwwbe70gfmli","id":"ybehwwbe70gfmli"},"id":"2yhuu04xz0lavzc","previousOperationId":"drb0cw51k9lwv33"}
{"type":"log","timestamp":1676306583706,"level":"debug","message":"Data item not defined for this template.","meta":{"rootId":"ybehwwbe70gfmli","id":"ybehwwbe70gfmli"},"id":"i0gb0p38guhiqhq","previousOperationId":"drb0cw51k9lwv33"}
{"type":"log","timestamp":1676306583708,"level":"debug","message":"Executing script script (beforeRender)","meta":{"rootId":"ybehwwbe70gfmli","id":"ybehwwbe70gfmli"},"id":"1n4kil3tilyfcpi","previousOperationId":"drb0cw51k9lwv33"}
{"type":"operationStart","subtype":"scriptsBeforeRender","name":"scripts beforeRender","timestamp":1676306583729,"id":"4l0u74no7slavog","previousEventId":"fmdgfvtou2fdmos","operationId":"h35m94dgxuzt9cq","previousOperationId":"drb0cw51k9lwv33"}
{"type":"operationStart","subtype":"script","name":"scripts script","previousOperationId":"h35m94dgxuzt9cq","timestamp":1676306583729,"id":"udj6gjt3l0e63my","previousEventId":"4l0u74no7slavog","operationId":"dz11ajm1oc78e3p"}
{"type":"operationEnd","operationId":"dz11ajm1oc78e3p","timestamp":1676306583950,"id":"330pcficspflm2d","previousEventId":"fmdgfvtou2fdmos","previousOperationId":"drb0cw51k9lwv33"}
{"type":"operationEnd","operationId":"h35m94dgxuzt9cq","timestamp":1676306583950,"id":"x1xramvy8lb6a66","previousEventId":"330pcficspflm2d","previousOperationId":"drb0cw51k9lwv33"}
{"type":"log","timestamp":1676306583950,"level":"debug","message":"Base url not specified, skipping its injection.","meta":{"rootId":"ybehwwbe70gfmli","id":"ybehwwbe70gfmli"},"id":"az771u9w3vt04lz","previousOperationId":"h35m94dgxuzt9cq"}
{"type":"operationStart","subtype":"engine","name":"handlebars","timestamp":1676306583950,"id":"dcq6al2pht4pxu5","previousEventId":"x1xramvy8lb6a66","operationId":"fkqpu7h691rt8ys","previousOperationId":"h35m94dgxuzt9cq"}
{"type":"log","timestamp":1676306583950,"level":"debug","message":"Rendering engine handlebars","meta":{"rootId":"ybehwwbe70gfmli","id":"ybehwwbe70gfmli"},"id":"66db1c2vdrv8z74","previousOperationId":"fkqpu7h691rt8ys"}
{"type":"operationEnd","operationId":"fkqpu7h691rt8ys","timestamp":1676306583964,"id":"1au75ciixe5hjeh","previousEventId":"dcq6al2pht4pxu5","previousOperationId":"fkqpu7h691rt8ys"}
{"type":"operationStart","subtype":"recipe","name":"chrome-pdf","timestamp":1676306583964,"id":"wrviqsopu3jexfj","previousEventId":"1au75ciixe5hjeh","operationId":"mrty24vs7yyc7b7","previousOperationId":"fkqpu7h691rt8ys"}
{"type":"log","timestamp":1676306583964,"level":"debug","message":"Executing recipe chrome-pdf","meta":{"rootId":"ybehwwbe70gfmli","id":"ybehwwbe70gfmli"},"id":"jgc4tbowtbxgusn","previousOperationId":"mrty24vs7yyc7b7"}
{"type":"log","timestamp":1676306583966,"level":"debug","message":"Converting with chrome HeadlessChrome/105.0.5173.0 using chrome-pool strategy","meta":{"rootId":"ybehwwbe70gfmli","id":"ybehwwbe70gfmli"},"id":"x6yxbisg0qtra4k","previousOperationId":"mrty24vs7yyc7b7"}
{"type":"log","timestamp":1676306584081,"level":"debug","message":"Page request: GET (document) file:///C:/Users/josei/AppData/Local/Temp/jsreport/autocleanup/c468edb2-2c9e-4622-af88-9adc4b6d0dd0-chrome-pdf.html","meta":{"rootId":"ybehwwbe70gfmli","id":"ybehwwbe70gfmli"},"id":"pq7tm18p8mfbj2s","previousOperationId":"mrty24vs7yyc7b7"}
{"type":"log","timestamp":1676306584102,"level":"debug","message":"Page request: GET (stylesheet) https://cdnjs.cloudflare.com/ajax/libs/metro/4.1.5/css/metro.min.css","meta":{"rootId":"ybehwwbe70gfmli","id":"ybehwwbe70gfmli"},"id":"dn9pxz52xyoqar1","previousOperationId":"mrty24vs7yyc7b7"}
{"type":"log","timestamp":1676306584102,"level":"debug","message":"Page request: GET (script) https://cdn.jsdelivr.net/npm/chart.js","meta":{"rootId":"ybehwwbe70gfmli","id":"ybehwwbe70gfmli"},"id":"mre91pufetxawv7","previousOperationId":"mrty24vs7yyc7b7"}
{"type":"log","timestamp":1676306584103,"level":"debug","message":"Page request finished: GET (document) 200 file:///C:/Users/josei/AppData/Local/Temp/jsreport/autocleanup/c468edb2-2c9e-4622-af88-9adc4b6d0dd0-chrome-pdf.html","meta":{"rootId":"ybehwwbe70gfmli","id":"ybehwwbe70gfmli"},"id":"jxsdcmkm7e2i9bh","previousOperationId":"mrty24vs7yyc7b7"}
{"type":"log","timestamp":1676306584131,"level":"debug","message":"Page request finished: GET (stylesheet) 200 https://cdnjs.cloudflare.com/ajax/libs/metro/4.1.5/css/metro.min.css","meta":{"rootId":"ybehwwbe70gfmli","id":"ybehwwbe70gfmli"},"id":"pb94ogzo8hmjilp","previousOperationId":"mrty24vs7yyc7b7"}
{"type":"log","timestamp":1676306584132,"level":"debug","message":"Page request finished: GET (script) 200 https://cdn.jsdelivr.net/npm/chart.js","meta":{"rootId":"ybehwwbe70gfmli","id":"ybehwwbe70gfmli"},"id":"id0xw028ld6q9bt","previousOperationId":"mrty24vs7yyc7b7"}
{"type":"log","timestamp":1676306584140,"level":"debug","message":"(console:error) Invalid scale configuration for scale: yAxes","meta":{"userLevel":true,"rootId":"ybehwwbe70gfmli","id":"ybehwwbe70gfmli"},"id":"jbe30asphamgr7r","previousOperationId":"mrty24vs7yyc7b7"}
{"type":"log","timestamp":1676306584265,"level":"debug","message":"Running chrome with params {\"printBackground\":true,\"timeout\":59727,\"margin\":{}}","meta":{"rootId":"ybehwwbe70gfmli","id":"ybehwwbe70gfmli"},"id":"d5ox12gblkffxyu","previousOperationId":"mrty24vs7yyc7b7"}
{"type":"operationEnd","operationId":"mrty24vs7yyc7b7","timestamp":1676306584392,"id":"5rd9e0biij9sn9k","previousEventId":"wrviqsopu3jexfj","previousOperationId":"mrty24vs7yyc7b7"}
{"type":"log","timestamp":1676306584392,"level":"debug","message":"Skipping storing report.","meta":{"rootId":"ybehwwbe70gfmli","id":"ybehwwbe70gfmli"},"id":"y77v4ns51xd0jh3","previousOperationId":"mrty24vs7yyc7b7"}
{"type":"log","timestamp":1676306584392,"level":"info","message":"Rendering request 70 finished in 700 ms","meta":{"rootId":"ybehwwbe70gfmli","id":"ybehwwbe70gfmli"},"id":"rn9u2whk01fkonu","previousOperationId":"mrty24vs7yyc7b7"}
{"type":"operationEnd","subtype":"render","operationId":"drb0cw51k9lwv33","timestamp":1676306584392,"id":"8j6eykzrvwcx2pl","previousEventId":"5rd9e0biij9sn9k","previousOperationId":"mrty24vs7yyc7b7"}
{"type":"operationEnd","doDiffs":false,"previousEventId":"axfld17aoz493et","previousOperationId":"ggr87ogmztnxpuz","operationId":"ggr87ogmztnxpuz","timestamp":1676306584396,"id":"gkw25mqpldiiljh"}
