{"type":"operationStart","subtype":"profile","data":{"_id":"0ceUM3sq1yuQS9KT","timestamp":"2023-02-13T16:51:03.686Z","state":"queued","mode":"standard","creationDate":"2023-02-13T16:51:03.692Z","modificationDate":"2023-02-13T16:51:03.692Z","shortid":"5n8eJfr","$entitySet":"profiles"},"doDiffs":false,"timestamp":1676307063687,"id":"ovsb8npj6z4jaol","previousOperationId":null,"operationId":"fs9txqamg4jv080"}
{"type":"log","level":"info","message":"Render request 96 queued for execution and waiting for available worker","previousOperationId":"fs9txqamg4jv080","timestamp":1676307063687,"id":"vqio11hhsayvja6"}
{"type":"operationStart","subtype":"render","name":"prueba","previousOperationId":"fs9txqamg4jv080","timestamp":1676307063703,"id":"xjqn2iftjzpm0g3","previousEventId":"ovsb8npj6z4jaol","operationId":"vitwi4s2kdnkrda"}
{"type":"log","timestamp":1676307063703,"level":"info","message":"Starting rendering request 96","meta":{"rootId":"z1m7irt82u79fxo","id":"z1m7irt82u79fxo"},"id":"e2tx29lmdyduewy","previousOperationId":"vitwi4s2kdnkrda"}
{"type":"log","timestamp":1676307063703,"level":"info","message":"Rendering template { name: prueba, recipe: chrome-pdf, engine: handlebars, preview: true }","meta":{"rootId":"z1m7irt82u79fxo","id":"z1m7irt82u79fxo"},"id":"2v5wp49kx8xc3q4","previousOperationId":"vitwi4s2kdnkrda"}
{"type":"log","timestamp":1676307063703,"level":"debug","message":"Data item not defined for this template.","meta":{"rootId":"z1m7irt82u79fxo","id":"z1m7irt82u79fxo"},"id":"c8bmumsj0vbtrbj","previousOperationId":"vitwi4s2kdnkrda"}
{"type":"log","timestamp":1676307063705,"level":"debug","message":"Executing script script (beforeRender)","meta":{"rootId":"z1m7irt82u79fxo","id":"z1m7irt82u79fxo"},"id":"p0xr1ixfylzb46w","previousOperationId":"vitwi4s2kdnkrda"}
{"type":"operationStart","subtype":"scriptsBeforeRender","name":"scripts beforeRender","timestamp":1676307063751,"id":"3orpm9cdynwue8b","previousEventId":"xjqn2iftjzpm0g3","operationId":"3vhl1cvvoj9ntfo","previousOperationId":"vitwi4s2kdnkrda"}
{"type":"operationStart","subtype":"script","name":"scripts script","previousOperationId":"3vhl1cvvoj9ntfo","timestamp":1676307063751,"id":"ipc26usqzgzvdiy","previousEventId":"3orpm9cdynwue8b","operationId":"gx6pz011tbph2mi"}
{"type":"operationEnd","operationId":"gx6pz011tbph2mi","timestamp":1676307063956,"id":"o9kwuttqy27ayvq","previousEventId":"xjqn2iftjzpm0g3","previousOperationId":"vitwi4s2kdnkrda"}
{"type":"operationEnd","operationId":"3vhl1cvvoj9ntfo","timestamp":1676307063956,"id":"ifyplxkx2x2pc1d","previousEventId":"o9kwuttqy27ayvq","previousOperationId":"vitwi4s2kdnkrda"}
{"type":"log","timestamp":1676307063956,"level":"debug","message":"Base url not specified, skipping its injection.","meta":{"rootId":"z1m7irt82u79fxo","id":"z1m7irt82u79fxo"},"id":"uth5x05m9cgzc0r","previousOperationId":"3vhl1cvvoj9ntfo"}
{"type":"operationStart","subtype":"engine","name":"handlebars","timestamp":1676307063956,"id":"bh9rva3obx1nlrm","previousEventId":"ifyplxkx2x2pc1d","operationId":"1xtbzgo7ijed4zc","previousOperationId":"3vhl1cvvoj9ntfo"}
{"type":"log","timestamp":1676307063956,"level":"debug","message":"Rendering engine handlebars","meta":{"rootId":"z1m7irt82u79fxo","id":"z1m7irt82u79fxo"},"id":"vt5v8m89boqcvhy","previousOperationId":"1xtbzgo7ijed4zc"}
{"type":"operationEnd","operationId":"1xtbzgo7ijed4zc","timestamp":1676307063971,"id":"u79kqi2r2ffim8r","previousEventId":"bh9rva3obx1nlrm","previousOperationId":"1xtbzgo7ijed4zc"}
{"type":"operationStart","subtype":"recipe","name":"chrome-pdf","timestamp":1676307063971,"id":"d68l4s14qd9jr5b","previousEventId":"u79kqi2r2ffim8r","operationId":"g59o00cu17kedia","previousOperationId":"1xtbzgo7ijed4zc"}
{"type":"log","timestamp":1676307063971,"level":"debug","message":"Executing recipe chrome-pdf","meta":{"rootId":"z1m7irt82u79fxo","id":"z1m7irt82u79fxo"},"id":"mrnmjgphwlhwwkh","previousOperationId":"g59o00cu17kedia"}
{"type":"log","timestamp":1676307063975,"level":"debug","message":"Converting with chrome HeadlessChrome/105.0.5173.0 using chrome-pool strategy","meta":{"rootId":"z1m7irt82u79fxo","id":"z1m7irt82u79fxo"},"id":"wt94ci7jmy1hfok","previousOperationId":"g59o00cu17kedia"}
{"type":"log","timestamp":1676307064079,"level":"debug","message":"Page request: GET (document) file:///C:/Users/josei/AppData/Local/Temp/jsreport/autocleanup/fb70824e-fdd8-4897-b547-5a2bacc556d6-chrome-pdf.html","meta":{"rootId":"z1m7irt82u79fxo","id":"z1m7irt82u79fxo"},"id":"pucy5mcviuugd7s","previousOperationId":"g59o00cu17kedia"}
{"type":"log","timestamp":1676307064091,"level":"debug","message":"Page request finished: GET (document) 200 file:///C:/Users/josei/AppData/Local/Temp/jsreport/autocleanup/fb70824e-fdd8-4897-b547-5a2bacc556d6-chrome-pdf.html","meta":{"rootId":"z1m7irt82u79fxo","id":"z1m7irt82u79fxo"},"id":"lvwfr5a5coe7gge","previousOperationId":"g59o00cu17kedia"}
{"type":"log","timestamp":1676307064091,"level":"debug","message":"Page request: GET (stylesheet) https://cdnjs.cloudflare.com/ajax/libs/metro/4.1.5/css/metro.min.css","meta":{"rootId":"z1m7irt82u79fxo","id":"z1m7irt82u79fxo"},"id":"h689mzw1e6h9r6f","previousOperationId":"g59o00cu17kedia"}
{"type":"log","timestamp":1676307064091,"level":"debug","message":"Page request: GET (script) https://cdn.jsdelivr.net/npm/chart.js","meta":{"rootId":"z1m7irt82u79fxo","id":"z1m7irt82u79fxo"},"id":"c8ucgfsyvk81b8l","previousOperationId":"g59o00cu17kedia"}
{"type":"log","timestamp":1676307064098,"level":"debug","message":"Page request finished: GET (script) 200 https://cdn.jsdelivr.net/npm/chart.js","meta":{"rootId":"z1m7irt82u79fxo","id":"z1m7irt82u79fxo"},"id":"w1ttel1apq2aksq","previousOperationId":"g59o00cu17kedia"}
{"type":"log","timestamp":1676307064116,"level":"debug","message":"Page request finished: GET (stylesheet) 200 https://cdnjs.cloudflare.com/ajax/libs/metro/4.1.5/css/metro.min.css","meta":{"rootId":"z1m7irt82u79fxo","id":"z1m7irt82u79fxo"},"id":"vno4g934wy03enx","previousOperationId":"g59o00cu17kedia"}
{"type":"log","timestamp":1676307064122,"level":"debug","message":"(console:error) Invalid scale configuration for scale: yAxes","meta":{"userLevel":true,"rootId":"z1m7irt82u79fxo","id":"z1m7irt82u79fxo"},"id":"kj3k9hp1l0apjlp","previousOperationId":"g59o00cu17kedia"}
{"type":"log","timestamp":1676307064234,"level":"debug","message":"Running chrome with params {\"printBackground\":true,\"timeout\":59713,\"margin\":{}}","meta":{"rootId":"z1m7irt82u79fxo","id":"z1m7irt82u79fxo"},"id":"jusm3rgmhzloklb","previousOperationId":"g59o00cu17kedia"}
{"type":"operationEnd","operationId":"g59o00cu17kedia","timestamp":1676307064333,"id":"pi1dx4hr270rd3p","previousEventId":"d68l4s14qd9jr5b","previousOperationId":"g59o00cu17kedia"}
{"type":"log","timestamp":1676307064333,"level":"debug","message":"Skipping storing report.","meta":{"rootId":"z1m7irt82u79fxo","id":"z1m7irt82u79fxo"},"id":"h9q6w7yagnc3ijb","previousOperationId":"g59o00cu17kedia"}
{"type":"log","timestamp":1676307064333,"level":"info","message":"Rendering request 96 finished in 647 ms","meta":{"rootId":"z1m7irt82u79fxo","id":"z1m7irt82u79fxo"},"id":"4nclxcm0syajwsm","previousOperationId":"g59o00cu17kedia"}
{"type":"operationEnd","subtype":"render","operationId":"vitwi4s2kdnkrda","timestamp":1676307064333,"id":"66kewsok49yw7x5","previousEventId":"pi1dx4hr270rd3p","previousOperationId":"g59o00cu17kedia"}
{"type":"operationEnd","doDiffs":false,"previousEventId":"ovsb8npj6z4jaol","previousOperationId":"fs9txqamg4jv080","operationId":"fs9txqamg4jv080","timestamp":1676307064337,"id":"65uizf1ukpyccw0"}
