{"type":"operationStart","subtype":"profile","data":{"_id":"nGfb3SA0edFTMF4L","timestamp":"2023-02-13T16:45:44.201Z","state":"queued","mode":"standard","creationDate":"2023-02-13T16:45:44.204Z","modificationDate":"2023-02-13T16:45:44.204Z","shortid":"zYcJBsJ","$entitySet":"profiles"},"doDiffs":false,"timestamp":1676306744202,"id":"lrl7gs0u4mxbo25","previousOperationId":null,"operationId":"w1pir174i4tdfni"}
{"type":"log","level":"info","message":"Render request 87 queued for execution and waiting for available worker","previousOperationId":"w1pir174i4tdfni","timestamp":1676306744202,"id":"dushuz78gmv2xu0"}
{"type":"operationStart","subtype":"render","name":"prueba","previousOperationId":"w1pir174i4tdfni","timestamp":1676306744211,"id":"ni00ipazyi2efj3","previousEventId":"lrl7gs0u4mxbo25","operationId":"n5zm7sci8rzlja1"}
{"type":"log","timestamp":1676306744211,"level":"info","message":"Starting rendering request 87","meta":{"rootId":"z4onh1muu1jz2ow","id":"z4onh1muu1jz2ow"},"id":"72qkoz9jvumzf78","previousOperationId":"n5zm7sci8rzlja1"}
{"type":"log","timestamp":1676306744211,"level":"info","message":"Rendering template { name: prueba, recipe: chrome-pdf, engine: handlebars, preview: true }","meta":{"rootId":"z4onh1muu1jz2ow","id":"z4onh1muu1jz2ow"},"id":"fjpedjjupikrtsu","previousOperationId":"n5zm7sci8rzlja1"}
{"type":"log","timestamp":1676306744211,"level":"debug","message":"Data item not defined for this template.","meta":{"rootId":"z4onh1muu1jz2ow","id":"z4onh1muu1jz2ow"},"id":"7i9kzkmb9dvoavz","previousOperationId":"n5zm7sci8rzlja1"}
{"type":"log","timestamp":1676306744214,"level":"debug","message":"Executing script script (beforeRender)","meta":{"rootId":"z4onh1muu1jz2ow","id":"z4onh1muu1jz2ow"},"id":"fy1remxr1adr47d","previousOperationId":"n5zm7sci8rzlja1"}
{"type":"operationStart","subtype":"scriptsBeforeRender","name":"scripts beforeRender","timestamp":1676306744231,"id":"1c3s6gim57yqs2q","previousEventId":"ni00ipazyi2efj3","operationId":"qchy7n7y65lmhy6","previousOperationId":"n5zm7sci8rzlja1"}
{"type":"operationStart","subtype":"script","name":"scripts script","previousOperationId":"qchy7n7y65lmhy6","timestamp":1676306744231,"id":"gozs3vi99tcfl9t","previousEventId":"1c3s6gim57yqs2q","operationId":"cmcayh4xii5amsq"}
{"type":"operationEnd","operationId":"cmcayh4xii5amsq","timestamp":1676306744399,"id":"k4uke7e3j0aot1t","previousEventId":"ni00ipazyi2efj3","previousOperationId":"n5zm7sci8rzlja1"}
{"type":"operationEnd","operationId":"qchy7n7y65lmhy6","timestamp":1676306744399,"id":"mphd3vzxmokv0kk","previousEventId":"k4uke7e3j0aot1t","previousOperationId":"n5zm7sci8rzlja1"}
{"type":"log","timestamp":1676306744399,"level":"debug","message":"Base url not specified, skipping its injection.","meta":{"rootId":"z4onh1muu1jz2ow","id":"z4onh1muu1jz2ow"},"id":"jr8jqs2idd11z0l","previousOperationId":"qchy7n7y65lmhy6"}
{"type":"operationStart","subtype":"engine","name":"handlebars","timestamp":1676306744399,"id":"wc2f3qb95ns83p0","previousEventId":"mphd3vzxmokv0kk","operationId":"10iqvfi56nr1jzb","previousOperationId":"qchy7n7y65lmhy6"}
{"type":"log","timestamp":1676306744399,"level":"debug","message":"Rendering engine handlebars","meta":{"rootId":"z4onh1muu1jz2ow","id":"z4onh1muu1jz2ow"},"id":"9moyir9inxftfnx","previousOperationId":"10iqvfi56nr1jzb"}
{"type":"operationEnd","operationId":"10iqvfi56nr1jzb","timestamp":1676306744409,"id":"69os8x21v8zxjzk","previousEventId":"wc2f3qb95ns83p0","previousOperationId":"10iqvfi56nr1jzb"}
{"type":"operationStart","subtype":"recipe","name":"chrome-pdf","timestamp":1676306744409,"id":"71i1hu6vgw18hyr","previousEventId":"69os8x21v8zxjzk","operationId":"drt4tkds8o0sm5r","previousOperationId":"10iqvfi56nr1jzb"}
{"type":"log","timestamp":1676306744409,"level":"debug","message":"Executing recipe chrome-pdf","meta":{"rootId":"z4onh1muu1jz2ow","id":"z4onh1muu1jz2ow"},"id":"dhufseekw8jmhvx","previousOperationId":"drt4tkds8o0sm5r"}
{"type":"log","timestamp":1676306744411,"level":"debug","message":"Converting with chrome HeadlessChrome/105.0.5173.0 using chrome-pool strategy","meta":{"rootId":"z4onh1muu1jz2ow","id":"z4onh1muu1jz2ow"},"id":"1qiepmvajbnmvq6","previousOperationId":"drt4tkds8o0sm5r"}
{"type":"log","timestamp":1676306744512,"level":"debug","message":"Page request: GET (document) file:///C:/Users/josei/AppData/Local/Temp/jsreport/autocleanup/3931f922-3267-40b2-ad7f-f581774bab94-chrome-pdf.html","meta":{"rootId":"z4onh1muu1jz2ow","id":"z4onh1muu1jz2ow"},"id":"of88a5dcrbockbh","previousOperationId":"drt4tkds8o0sm5r"}
{"type":"log","timestamp":1676306744525,"level":"debug","message":"Page request: GET (stylesheet) https://cdnjs.cloudflare.com/ajax/libs/metro/4.1.5/css/metro.min.css","meta":{"rootId":"z4onh1muu1jz2ow","id":"z4onh1muu1jz2ow"},"id":"xotpekod0qxvyha","previousOperationId":"drt4tkds8o0sm5r"}
{"type":"log","timestamp":1676306744525,"level":"debug","message":"Page request: GET (script) https://cdn.jsdelivr.net/npm/chart.js","meta":{"rootId":"z4onh1muu1jz2ow","id":"z4onh1muu1jz2ow"},"id":"6fty2e1lzqou9ac","previousOperationId":"drt4tkds8o0sm5r"}
{"type":"log","timestamp":1676306744525,"level":"debug","message":"Page request finished: GET (document) 200 file:///C:/Users/josei/AppData/Local/Temp/jsreport/autocleanup/3931f922-3267-40b2-ad7f-f581774bab94-chrome-pdf.html","meta":{"rootId":"z4onh1muu1jz2ow","id":"z4onh1muu1jz2ow"},"id":"64uhm8hf4a0dgma","previousOperationId":"drt4tkds8o0sm5r"}
{"type":"log","timestamp":1676306744531,"level":"debug","message":"Page request finished: GET (script) 200 https://cdn.jsdelivr.net/npm/chart.js","meta":{"rootId":"z4onh1muu1jz2ow","id":"z4onh1muu1jz2ow"},"id":"910i89hfm0x5qal","previousOperationId":"drt4tkds8o0sm5r"}
{"type":"log","timestamp":1676306744548,"level":"debug","message":"Page request finished: GET (stylesheet) 200 https://cdnjs.cloudflare.com/ajax/libs/metro/4.1.5/css/metro.min.css","meta":{"rootId":"z4onh1muu1jz2ow","id":"z4onh1muu1jz2ow"},"id":"krj9qhefpvvaw60","previousOperationId":"drt4tkds8o0sm5r"}
{"type":"log","timestamp":1676306744556,"level":"debug","message":"(console:error) Invalid scale configuration for scale: yAxes","meta":{"userLevel":true,"rootId":"z4onh1muu1jz2ow","id":"z4onh1muu1jz2ow"},"id":"d5i2lyklds6js8q","previousOperationId":"drt4tkds8o0sm5r"}
{"type":"log","timestamp":1676306744662,"level":"debug","message":"Running chrome with params {\"printBackground\":true,\"timeout\":59790,\"margin\":{}}","meta":{"rootId":"z4onh1muu1jz2ow","id":"z4onh1muu1jz2ow"},"id":"ikbs4qfq2xohv2d","previousOperationId":"drt4tkds8o0sm5r"}
{"type":"operationEnd","operationId":"drt4tkds8o0sm5r","timestamp":1676306744755,"id":"fsnzmey50lfx74i","previousEventId":"71i1hu6vgw18hyr","previousOperationId":"drt4tkds8o0sm5r"}
{"type":"log","timestamp":1676306744755,"level":"debug","message":"Skipping storing report.","meta":{"rootId":"z4onh1muu1jz2ow","id":"z4onh1muu1jz2ow"},"id":"ux2n5ix75l175qz","previousOperationId":"drt4tkds8o0sm5r"}
{"type":"log","timestamp":1676306744755,"level":"info","message":"Rendering request 87 finished in 554 ms","meta":{"rootId":"z4onh1muu1jz2ow","id":"z4onh1muu1jz2ow"},"id":"ccdpf4qh0fm3js1","previousOperationId":"drt4tkds8o0sm5r"}
{"type":"operationEnd","subtype":"render","operationId":"n5zm7sci8rzlja1","timestamp":1676306744755,"id":"8glo6inyw7v2j64","previousEventId":"fsnzmey50lfx74i","previousOperationId":"drt4tkds8o0sm5r"}
{"type":"operationEnd","doDiffs":false,"previousEventId":"lrl7gs0u4mxbo25","previousOperationId":"w1pir174i4tdfni","operationId":"w1pir174i4tdfni","timestamp":1676306744759,"id":"k9hthlqxmcnq207"}
