{"type":"operationStart","subtype":"profile","data":{"_id":"hM7RwocVVznCQhyJ","timestamp":"2023-02-13T16:11:58.518Z","state":"queued","mode":"standard","creationDate":"2023-02-13T16:11:58.521Z","modificationDate":"2023-02-13T16:11:58.521Z","shortid":"R39GokS","$entitySet":"profiles"},"doDiffs":false,"timestamp":1676304718519,"id":"rxlbkag2sq93jbi","previousOperationId":null,"operationId":"uqz8gesen417gwj"}
{"type":"log","level":"info","message":"Render request 25 queued for execution and waiting for available worker","previousOperationId":"uqz8gesen417gwj","timestamp":1676304718520,"id":"l8eq8ojdc3qooen"}
{"type":"operationStart","subtype":"render","name":"prueba","previousOperationId":"uqz8gesen417gwj","timestamp":1676304718528,"id":"q7x9pkja0fihcrp","previousEventId":"rxlbkag2sq93jbi","operationId":"z24e92vf8b7h4s5"}
{"type":"log","timestamp":1676304718528,"level":"info","message":"Starting rendering request 25","meta":{"rootId":"z7fiifplplyw0vh","id":"z7fiifplplyw0vh"},"id":"a31o6rohbe76uxv","previousOperationId":"z24e92vf8b7h4s5"}
{"type":"log","timestamp":1676304718528,"level":"info","message":"Rendering template { name: prueba, recipe: chrome-pdf, engine: handlebars, preview: true }","meta":{"rootId":"z7fiifplplyw0vh","id":"z7fiifplplyw0vh"},"id":"25bpoay520tp2cf","previousOperationId":"z24e92vf8b7h4s5"}
{"type":"log","timestamp":1676304718529,"level":"debug","message":"Data item not defined for this template.","meta":{"rootId":"z7fiifplplyw0vh","id":"z7fiifplplyw0vh"},"id":"pkme18rq1y0vkhm","previousOperationId":"z24e92vf8b7h4s5"}
{"type":"log","timestamp":1676304718532,"level":"debug","message":"Executing script script (beforeRender)","meta":{"rootId":"z7fiifplplyw0vh","id":"z7fiifplplyw0vh"},"id":"gdctt0z6rp6kknx","previousOperationId":"z24e92vf8b7h4s5"}
{"type":"operationStart","subtype":"scriptsBeforeRender","name":"scripts beforeRender","timestamp":1676304718550,"id":"2oivnpvol4l9i62","previousEventId":"q7x9pkja0fihcrp","operationId":"t6aedfilrpl1rwj","previousOperationId":"z24e92vf8b7h4s5"}
{"type":"operationStart","subtype":"script","name":"scripts script","previousOperationId":"t6aedfilrpl1rwj","timestamp":1676304718550,"id":"c3raji8ipq69321","previousEventId":"2oivnpvol4l9i62","operationId":"v0s2jnkwyz4jf8q"}
{"type":"operationEnd","operationId":"v0s2jnkwyz4jf8q","timestamp":1676304718774,"id":"5tp4joo4e6i4eoa","previousEventId":"q7x9pkja0fihcrp","previousOperationId":"z24e92vf8b7h4s5"}
{"type":"operationEnd","operationId":"t6aedfilrpl1rwj","timestamp":1676304718774,"id":"crl1r7nosdhl4hp","previousEventId":"5tp4joo4e6i4eoa","previousOperationId":"z24e92vf8b7h4s5"}
{"type":"log","timestamp":1676304718774,"level":"debug","message":"Base url not specified, skipping its injection.","meta":{"rootId":"z7fiifplplyw0vh","id":"z7fiifplplyw0vh"},"id":"rs18r287mj1bzol","previousOperationId":"t6aedfilrpl1rwj"}
{"type":"operationStart","subtype":"engine","name":"handlebars","timestamp":1676304718774,"id":"xtg8qlixrsuur04","previousEventId":"crl1r7nosdhl4hp","operationId":"4ihrflgkhe7xc5l","previousOperationId":"t6aedfilrpl1rwj"}
{"type":"log","timestamp":1676304718774,"level":"debug","message":"Rendering engine handlebars","meta":{"rootId":"z7fiifplplyw0vh","id":"z7fiifplplyw0vh"},"id":"j6rzu9edwc49jxy","previousOperationId":"4ihrflgkhe7xc5l"}
{"type":"operationEnd","operationId":"4ihrflgkhe7xc5l","timestamp":1676304718788,"id":"7ljugip9hrwkos4","previousEventId":"xtg8qlixrsuur04","previousOperationId":"4ihrflgkhe7xc5l"}
{"type":"operationStart","subtype":"recipe","name":"chrome-pdf","timestamp":1676304718788,"id":"dkjd4lecnvzg9va","previousEventId":"7ljugip9hrwkos4","operationId":"c7qdsqy94kp5ujt","previousOperationId":"4ihrflgkhe7xc5l"}
{"type":"log","timestamp":1676304718788,"level":"debug","message":"Executing recipe chrome-pdf","meta":{"rootId":"z7fiifplplyw0vh","id":"z7fiifplplyw0vh"},"id":"a4ts67cxf3map8v","previousOperationId":"c7qdsqy94kp5ujt"}
{"type":"log","timestamp":1676304718792,"level":"debug","message":"Converting with chrome HeadlessChrome/105.0.5173.0 using chrome-pool strategy","meta":{"rootId":"z7fiifplplyw0vh","id":"z7fiifplplyw0vh"},"id":"jwpvicxlmtnjfvv","previousOperationId":"c7qdsqy94kp5ujt"}
{"type":"log","timestamp":1676304718906,"level":"debug","message":"Page request: GET (document) file:///C:/Users/josei/AppData/Local/Temp/jsreport/autocleanup/aac0a270-75e9-45a5-89db-1b993b9d16fc-chrome-pdf.html","meta":{"rootId":"z7fiifplplyw0vh","id":"z7fiifplplyw0vh"},"id":"mc173ksya5ycthw","previousOperationId":"c7qdsqy94kp5ujt"}
{"type":"log","timestamp":1676304718933,"level":"debug","message":"Page request finished: GET (document) 200 file:///C:/Users/josei/AppData/Local/Temp/jsreport/autocleanup/aac0a270-75e9-45a5-89db-1b993b9d16fc-chrome-pdf.html","meta":{"rootId":"z7fiifplplyw0vh","id":"z7fiifplplyw0vh"},"id":"hr5flb308w9vsag","previousOperationId":"c7qdsqy94kp5ujt"}
{"type":"log","timestamp":1676304718933,"level":"debug","message":"Page request: GET (stylesheet) https://cdnjs.cloudflare.com/ajax/libs/metro/4.1.5/css/metro.min.css","meta":{"rootId":"z7fiifplplyw0vh","id":"z7fiifplplyw0vh"},"id":"lv3nqi7v8kg5slw","previousOperationId":"c7qdsqy94kp5ujt"}
{"type":"log","timestamp":1676304718934,"level":"debug","message":"Page request: GET (script) https://cdn.jsdelivr.net/npm/chart.js","meta":{"rootId":"z7fiifplplyw0vh","id":"z7fiifplplyw0vh"},"id":"x8seo00vjoy7yu2","previousOperationId":"c7qdsqy94kp5ujt"}
{"type":"log","timestamp":1676304718962,"level":"debug","message":"Page request finished: GET (stylesheet) 200 https://cdnjs.cloudflare.com/ajax/libs/metro/4.1.5/css/metro.min.css","meta":{"rootId":"z7fiifplplyw0vh","id":"z7fiifplplyw0vh"},"id":"9a4jki8231brt82","previousOperationId":"c7qdsqy94kp5ujt"}
{"type":"log","timestamp":1676304718963,"level":"debug","message":"Page request finished: GET (script) 200 https://cdn.jsdelivr.net/npm/chart.js","meta":{"rootId":"z7fiifplplyw0vh","id":"z7fiifplplyw0vh"},"id":"w57itjbvkm0lpgf","previousOperationId":"c7qdsqy94kp5ujt"}
{"type":"log","timestamp":1676304718974,"level":"debug","message":"Page request: GET (document) file:///C:/Users/josei/AppData/Local/Temp/jsreport/autocleanup/aa","meta":{"rootId":"z7fiifplplyw0vh","id":"z7fiifplplyw0vh"},"id":"97blzju7y0ccynt","previousOperationId":"c7qdsqy94kp5ujt"}
{"type":"log","timestamp":1676304718979,"level":"debug","message":"Page request: GET (document) file:///C:/Users/josei/AppData/Local/Temp/jsreport/autocleanup/bb","meta":{"rootId":"z7fiifplplyw0vh","id":"z7fiifplplyw0vh"},"id":"xkk50odtjqa08bm","previousOperationId":"c7qdsqy94kp5ujt"}
{"type":"log","timestamp":1676304718981,"level":"warn","message":"Page request failed: GET (document) file:///C:/Users/josei/AppData/Local/Temp/jsreport/autocleanup/bb, failure: net::ERR_FILE_NOT_FOUND","meta":{"rootId":"z7fiifplplyw0vh","id":"z7fiifplplyw0vh"},"id":"l4buri8gunbgxwi","previousOperationId":"c7qdsqy94kp5ujt"}
{"type":"log","timestamp":1676304719062,"level":"debug","message":"Running chrome with params {\"printBackground\":true,\"timeout\":59729,\"margin\":{}}","meta":{"rootId":"z7fiifplplyw0vh","id":"z7fiifplplyw0vh"},"id":"rawtqhwoir7vqjn","previousOperationId":"c7qdsqy94kp5ujt"}
{"type":"operationEnd","operationId":"c7qdsqy94kp5ujt","timestamp":1676304719106,"id":"l4r7wr4u9b81xzv","previousEventId":"dkjd4lecnvzg9va","previousOperationId":"c7qdsqy94kp5ujt"}
{"type":"log","timestamp":1676304719106,"level":"debug","message":"Skipping storing report.","meta":{"rootId":"z7fiifplplyw0vh","id":"z7fiifplplyw0vh"},"id":"qpx9y2xfxwtjhc4","previousOperationId":"c7qdsqy94kp5ujt"}
{"type":"log","timestamp":1676304719106,"level":"info","message":"Rendering request 25 finished in 588 ms","meta":{"rootId":"z7fiifplplyw0vh","id":"z7fiifplplyw0vh"},"id":"g699xrq1ss4qu25","previousOperationId":"c7qdsqy94kp5ujt"}
{"type":"operationEnd","subtype":"render","operationId":"z24e92vf8b7h4s5","timestamp":1676304719106,"id":"lfs4qgvdwv28ehe","previousEventId":"l4r7wr4u9b81xzv","previousOperationId":"c7qdsqy94kp5ujt"}
{"type":"operationEnd","doDiffs":false,"previousEventId":"rxlbkag2sq93jbi","previousOperationId":"uqz8gesen417gwj","operationId":"uqz8gesen417gwj","timestamp":1676304719113,"id":"6rbbzydeoul3tby"}
