{"type":"operationStart","subtype":"profile","data":{"_id":"w8ejzxhVhubPWKr7","timestamp":"2023-02-13T16:48:08.734Z","state":"queued","mode":"standard","creationDate":"2023-02-13T16:48:08.737Z","modificationDate":"2023-02-13T16:48:08.737Z","shortid":"w4lFzgk","$entitySet":"profiles"},"doDiffs":false,"timestamp":1676306888736,"id":"mpp5ysb5m03f981","previousOperationId":null,"operationId":"vr1opbqr8aoy2f4"}
{"type":"log","level":"info","message":"Render request 88 queued for execution and waiting for available worker","previousOperationId":"vr1opbqr8aoy2f4","timestamp":1676306888736,"id":"36my05ldbpneze7"}
{"type":"operationStart","subtype":"render","name":"prueba","previousOperationId":"vr1opbqr8aoy2f4","timestamp":1676306888744,"id":"xnsexsvvufgt71x","previousEventId":"mpp5ysb5m03f981","operationId":"410zt4rdyxg8fgm"}
{"type":"log","timestamp":1676306888744,"level":"info","message":"Starting rendering request 88","meta":{"rootId":"zqggp0qm77wdj5m","id":"zqggp0qm77wdj5m"},"id":"bmljt2p9n1lrwwc","previousOperationId":"410zt4rdyxg8fgm"}
{"type":"log","timestamp":1676306888744,"level":"info","message":"Rendering template { name: prueba, recipe: chrome-pdf, engine: handlebars, preview: true }","meta":{"rootId":"zqggp0qm77wdj5m","id":"zqggp0qm77wdj5m"},"id":"uu4l3tyhyotflwe","previousOperationId":"410zt4rdyxg8fgm"}
{"type":"log","timestamp":1676306888745,"level":"debug","message":"Data item not defined for this template.","meta":{"rootId":"zqggp0qm77wdj5m","id":"zqggp0qm77wdj5m"},"id":"86ao79lrtzj0ue4","previousOperationId":"410zt4rdyxg8fgm"}
{"type":"log","timestamp":1676306888748,"level":"debug","message":"Executing script script (beforeRender)","meta":{"rootId":"zqggp0qm77wdj5m","id":"zqggp0qm77wdj5m"},"id":"at3lnyptyrorpqo","previousOperationId":"410zt4rdyxg8fgm"}
{"type":"operationStart","subtype":"scriptsBeforeRender","name":"scripts beforeRender","timestamp":1676306888766,"id":"naa2kifwdtvywxx","previousEventId":"xnsexsvvufgt71x","operationId":"12q2u49koz0jsq5","previousOperationId":"410zt4rdyxg8fgm"}
{"type":"operationStart","subtype":"script","name":"scripts script","previousOperationId":"12q2u49koz0jsq5","timestamp":1676306888766,"id":"al8nuq4n4xnwzbc","previousEventId":"naa2kifwdtvywxx","operationId":"aae3eep4kpzzugt"}
{"type":"operationEnd","operationId":"aae3eep4kpzzugt","timestamp":1676306889011,"id":"b40s6phzgbzf0ij","previousEventId":"xnsexsvvufgt71x","previousOperationId":"410zt4rdyxg8fgm"}
{"type":"operationEnd","operationId":"12q2u49koz0jsq5","timestamp":1676306889011,"id":"l7hospof56k384v","previousEventId":"b40s6phzgbzf0ij","previousOperationId":"410zt4rdyxg8fgm"}
{"type":"log","timestamp":1676306889011,"level":"debug","message":"Base url not specified, skipping its injection.","meta":{"rootId":"zqggp0qm77wdj5m","id":"zqggp0qm77wdj5m"},"id":"o8bx13f4ggn4os3","previousOperationId":"12q2u49koz0jsq5"}
{"type":"operationStart","subtype":"engine","name":"handlebars","timestamp":1676306889011,"id":"3squcsfiobrc1ft","previousEventId":"l7hospof56k384v","operationId":"nfzbjtdglb4gqa8","previousOperationId":"12q2u49koz0jsq5"}
{"type":"log","timestamp":1676306889011,"level":"debug","message":"Rendering engine handlebars","meta":{"rootId":"zqggp0qm77wdj5m","id":"zqggp0qm77wdj5m"},"id":"x5y2ff87sfep3w5","previousOperationId":"nfzbjtdglb4gqa8"}
{"type":"operationEnd","operationId":"nfzbjtdglb4gqa8","timestamp":1676306889026,"id":"r1wgz1bk8g418m2","previousEventId":"3squcsfiobrc1ft","previousOperationId":"nfzbjtdglb4gqa8"}
{"type":"operationStart","subtype":"recipe","name":"chrome-pdf","timestamp":1676306889026,"id":"gx5awpmgrl5zkrs","previousEventId":"r1wgz1bk8g418m2","operationId":"qek3xid2c0z7qfh","previousOperationId":"nfzbjtdglb4gqa8"}
{"type":"log","timestamp":1676306889026,"level":"debug","message":"Executing recipe chrome-pdf","meta":{"rootId":"zqggp0qm77wdj5m","id":"zqggp0qm77wdj5m"},"id":"my0oe9csxx3so47","previousOperationId":"qek3xid2c0z7qfh"}
{"type":"log","timestamp":1676306889029,"level":"debug","message":"Converting with chrome HeadlessChrome/105.0.5173.0 using chrome-pool strategy","meta":{"rootId":"zqggp0qm77wdj5m","id":"zqggp0qm77wdj5m"},"id":"kbqgm3k8u858gqq","previousOperationId":"qek3xid2c0z7qfh"}
{"type":"log","timestamp":1676306889137,"level":"debug","message":"Page request: GET (document) file:///C:/Users/josei/AppData/Local/Temp/jsreport/autocleanup/83b4357e-a77f-4838-875e-55bef540ba79-chrome-pdf.html","meta":{"rootId":"zqggp0qm77wdj5m","id":"zqggp0qm77wdj5m"},"id":"nvm99xtoupct889","previousOperationId":"qek3xid2c0z7qfh"}
{"type":"log","timestamp":1676306889162,"level":"debug","message":"Page request finished: GET (document) 200 file:///C:/Users/josei/AppData/Local/Temp/jsreport/autocleanup/83b4357e-a77f-4838-875e-55bef540ba79-chrome-pdf.html","meta":{"rootId":"zqggp0qm77wdj5m","id":"zqggp0qm77wdj5m"},"id":"5ls86ymxtfwx87f","previousOperationId":"qek3xid2c0z7qfh"}
{"type":"log","timestamp":1676306889162,"level":"debug","message":"Page request: GET (stylesheet) https://cdnjs.cloudflare.com/ajax/libs/metro/4.1.5/css/metro.min.css","meta":{"rootId":"zqggp0qm77wdj5m","id":"zqggp0qm77wdj5m"},"id":"v9ggkohr3q0dnt7","previousOperationId":"qek3xid2c0z7qfh"}
{"type":"log","timestamp":1676306889163,"level":"debug","message":"Page request: GET (script) https://cdn.jsdelivr.net/npm/chart.js","meta":{"rootId":"zqggp0qm77wdj5m","id":"zqggp0qm77wdj5m"},"id":"rj6j8s0op1imxht","previousOperationId":"qek3xid2c0z7qfh"}
{"type":"log","timestamp":1676306889190,"level":"debug","message":"Page request finished: GET (stylesheet) 200 https://cdnjs.cloudflare.com/ajax/libs/metro/4.1.5/css/metro.min.css","meta":{"rootId":"zqggp0qm77wdj5m","id":"zqggp0qm77wdj5m"},"id":"h6esbzehuf9mkpb","previousOperationId":"qek3xid2c0z7qfh"}
{"type":"log","timestamp":1676306889190,"level":"debug","message":"Page request finished: GET (script) 200 https://cdn.jsdelivr.net/npm/chart.js","meta":{"rootId":"zqggp0qm77wdj5m","id":"zqggp0qm77wdj5m"},"id":"9eu6nsy1uwh9uu0","previousOperationId":"qek3xid2c0z7qfh"}
{"type":"log","timestamp":1676306889197,"level":"debug","message":"(console:error) Invalid scale configuration for scale: yAxes","meta":{"userLevel":true,"rootId":"zqggp0qm77wdj5m","id":"zqggp0qm77wdj5m"},"id":"tgsar7lll9ussrw","previousOperationId":"qek3xid2c0z7qfh"}
{"type":"log","timestamp":1676306889290,"level":"debug","message":"Running chrome with params {\"printBackground\":true,\"timeout\":59706,\"margin\":{}}","meta":{"rootId":"zqggp0qm77wdj5m","id":"zqggp0qm77wdj5m"},"id":"bf213ooa7hhondv","previousOperationId":"qek3xid2c0z7qfh"}
{"type":"operationEnd","operationId":"qek3xid2c0z7qfh","timestamp":1676306889369,"id":"l8oyjr3gqfw3eoh","previousEventId":"gx5awpmgrl5zkrs","previousOperationId":"qek3xid2c0z7qfh"}
{"type":"log","timestamp":1676306889369,"level":"debug","message":"Skipping storing report.","meta":{"rootId":"zqggp0qm77wdj5m","id":"zqggp0qm77wdj5m"},"id":"8d7y47tue5f37mk","previousOperationId":"qek3xid2c0z7qfh"}
{"type":"log","timestamp":1676306889369,"level":"info","message":"Rendering request 88 finished in 635 ms","meta":{"rootId":"zqggp0qm77wdj5m","id":"zqggp0qm77wdj5m"},"id":"l5w7x3untxwo2kv","previousOperationId":"qek3xid2c0z7qfh"}
{"type":"operationEnd","subtype":"render","operationId":"410zt4rdyxg8fgm","timestamp":1676306889369,"id":"yjabbzjj3qwb8jo","previousEventId":"l8oyjr3gqfw3eoh","previousOperationId":"qek3xid2c0z7qfh"}
{"type":"operationEnd","doDiffs":false,"previousEventId":"mpp5ysb5m03f981","previousOperationId":"vr1opbqr8aoy2f4","operationId":"vr1opbqr8aoy2f4","timestamp":1676306889373,"id":"lxgio4g1fx3wbmk"}
